<?xml version="1.0" encoding="UTF-8"?>
<testsuite xmlns:xsi="http://www.w3.org/2001/XMLSchema-instance" xsi:noNamespaceSchemaLocation="https://maven.apache.org/surefire/maven-surefire-plugin/xsd/surefire-test-report-3.0.xsd" version="3.0" name="hr.winary.webshop.jwpwinary.JwpWinaryApplicationTests" time="7.806" tests="1" errors="0" skipped="0" failures="0">
  <properties>
    <property name="java.specification.version" value="21"/>
    <property name="sun.cpu.isalist" value="amd64"/>
    <property name="sun.jnu.encoding" value="Cp1252"/>
    <property name="java.class.path" value="C:\Users\Isabelle\Desktop\VUA\Semestar6\JWP\JWP-Winary\target\test-classes;C:\Users\Isabelle\Desktop\VUA\Semestar6\JWP\JWP-Winary\target\classes;C:\Users\Isabelle\.m2\repository\org\springframework\boot\spring-boot-starter-data-jpa\3.2.5\spring-boot-starter-data-jpa-3.2.5.jar;C:\Users\Isabelle\.m2\repository\org\springframework\boot\spring-boot-starter-aop\3.2.5\spring-boot-starter-aop-3.2.5.jar;C:\Users\Isabelle\.m2\repository\org\aspectj\aspectjweaver\1.9.22\aspectjweaver-1.9.22.jar;C:\Users\Isabelle\.m2\repository\org\hibernate\orm\hibernate-core\6.4.4.Final\hibernate-core-6.4.4.Final.jar;C:\Users\Isabelle\.m2\repository\jakarta\persistence\jakarta.persistence-api\3.1.0\jakarta.persistence-api-3.1.0.jar;C:\Users\Isabelle\.m2\repository\jakarta\transaction\jakarta.transaction-api\2.0.1\jakarta.transaction-api-2.0.1.jar;C:\Users\Isabelle\.m2\repository\org\jboss\logging\jboss-logging\3.5.3.Final\jboss-logging-3.5.3.Final.jar;C:\Users\Isabelle\.m2\repository\org\hibernate\common\hibernate-commons-annotations\6.0.6.Final\hibernate-commons-annotations-6.0.6.Final.jar;C:\Users\Isabelle\.m2\repository\io\smallrye\jandex\3.1.2\jandex-3.1.2.jar;C:\Users\Isabelle\.m2\repository\com\fasterxml\classmate\1.6.0\classmate-1.6.0.jar;C:\Users\Isabelle\.m2\repository\net\bytebuddy\byte-buddy\1.14.13\byte-buddy-1.14.13.jar;C:\Users\Isabelle\.m2\repository\org\glassfish\jaxb\jaxb-runtime\4.0.5\jaxb-runtime-4.0.5.jar;C:\Users\Isabelle\.m2\repository\org\glassfish\jaxb\jaxb-core\4.0.5\jaxb-core-4.0.5.jar;C:\Users\Isabelle\.m2\repository\org\eclipse\angus\angus-activation\2.0.2\angus-activation-2.0.2.jar;C:\Users\Isabelle\.m2\repository\org\glassfish\jaxb\txw2\4.0.5\txw2-4.0.5.jar;C:\Users\Isabelle\.m2\repository\com\sun\istack\istack-commons-runtime\4.1.2\istack-commons-runtime-4.1.2.jar;C:\Users\Isabelle\.m2\repository\jakarta\inject\jakarta.inject-api\2.0.1\jakarta.inject-api-2.0.1.jar;C:\Users\Isabelle\.m2\repository\org\antlr\antlr4-runtime\4.13.0\antlr4-runtime-4.13.0.jar;C:\Users\Isabelle\.m2\repository\org\springframework\data\spring-data-jpa\3.2.5\spring-data-jpa-3.2.5.jar;C:\Users\Isabelle\.m2\repository\org\springframework\data\spring-data-commons\3.2.5\spring-data-commons-3.2.5.jar;C:\Users\Isabelle\.m2\repository\org\springframework\spring-orm\6.1.6\spring-orm-6.1.6.jar;C:\Users\Isabelle\.m2\repository\org\springframework\spring-tx\6.1.6\spring-tx-6.1.6.jar;C:\Users\Isabelle\.m2\repository\jakarta\annotation\jakarta.annotation-api\2.1.1\jakarta.annotation-api-2.1.1.jar;C:\Users\Isabelle\.m2\repository\org\springframework\spring-aspects\6.1.6\spring-aspects-6.1.6.jar;C:\Users\Isabelle\.m2\repository\org\springframework\boot\spring-boot-starter-jdbc\3.2.5\spring-boot-starter-jdbc-3.2.5.jar;C:\Users\Isabelle\.m2\repository\org\springframework\boot\spring-boot-starter\3.2.5\spring-boot-starter-3.2.5.jar;C:\Users\Isabelle\.m2\repository\org\springframework\boot\spring-boot-starter-logging\3.2.5\spring-boot-starter-logging-3.2.5.jar;C:\Users\Isabelle\.m2\repository\ch\qos\logback\logback-classic\1.4.14\logback-classic-1.4.14.jar;C:\Users\Isabelle\.m2\repository\ch\qos\logback\logback-core\1.4.14\logback-core-1.4.14.jar;C:\Users\Isabelle\.m2\repository\org\apache\logging\log4j\log4j-to-slf4j\2.21.1\log4j-to-slf4j-2.21.1.jar;C:\Users\Isabelle\.m2\repository\org\apache\logging\log4j\log4j-api\2.21.1\log4j-api-2.21.1.jar;C:\Users\Isabelle\.m2\repository\org\slf4j\jul-to-slf4j\2.0.13\jul-to-slf4j-2.0.13.jar;C:\Users\Isabelle\.m2\repository\org\yaml\snakeyaml\2.2\snakeyaml-2.2.jar;C:\Users\Isabelle\.m2\repository\com\zaxxer\HikariCP\5.0.1\HikariCP-5.0.1.jar;C:\Users\Isabelle\.m2\repository\org\springframework\spring-jdbc\6.1.6\spring-jdbc-6.1.6.jar;C:\Users\Isabelle\.m2\repository\org\springframework\boot\spring-boot-starter-thymeleaf\3.2.5\spring-boot-starter-thymeleaf-3.2.5.jar;C:\Users\Isabelle\.m2\repository\org\thymeleaf\thymeleaf-spring6\3.1.2.RELEASE\thymeleaf-spring6-3.1.2.RELEASE.jar;C:\Users\Isabelle\.m2\repository\org\thymeleaf\thymeleaf\3.1.2.RELEASE\thymeleaf-3.1.2.RELEASE.jar;C:\Users\Isabelle\.m2\repository\org\attoparser\attoparser\2.0.7.RELEASE\attoparser-2.0.7.RELEASE.jar;C:\Users\Isabelle\.m2\repository\org\unbescape\unbescape\1.1.6.RELEASE\unbescape-1.1.6.RELEASE.jar;C:\Users\Isabelle\.m2\repository\org\springframework\boot\spring-boot-starter-web\3.2.5\spring-boot-starter-web-3.2.5.jar;C:\Users\Isabelle\.m2\repository\org\springframework\boot\spring-boot-starter-json\3.2.5\spring-boot-starter-json-3.2.5.jar;C:\Users\Isabelle\.m2\repository\com\fasterxml\jackson\core\jackson-databind\2.15.4\jackson-databind-2.15.4.jar;C:\Users\Isabelle\.m2\repository\com\fasterxml\jackson\core\jackson-annotations\2.15.4\jackson-annotations-2.15.4.jar;C:\Users\Isabelle\.m2\repository\com\fasterxml\jackson\core\jackson-core\2.15.4\jackson-core-2.15.4.jar;C:\Users\Isabelle\.m2\repository\com\fasterxml\jackson\datatype\jackson-datatype-jdk8\2.15.4\jackson-datatype-jdk8-2.15.4.jar;C:\Users\Isabelle\.m2\repository\com\fasterxml\jackson\datatype\jackson-datatype-jsr310\2.15.4\jackson-datatype-jsr310-2.15.4.jar;C:\Users\Isabelle\.m2\repository\com\fasterxml\jackson\module\jackson-module-parameter-names\2.15.4\jackson-module-parameter-names-2.15.4.jar;C:\Users\Isabelle\.m2\repository\org\springframework\boot\spring-boot-starter-tomcat\3.2.5\spring-boot-starter-tomcat-3.2.5.jar;C:\Users\Isabelle\.m2\repository\org\apache\tomcat\embed\tomcat-embed-core\10.1.20\tomcat-embed-core-10.1.20.jar;C:\Users\Isabelle\.m2\repository\org\apache\tomcat\embed\tomcat-embed-el\10.1.20\tomcat-embed-el-10.1.20.jar;C:\Users\Isabelle\.m2\repository\org\apache\tomcat\embed\tomcat-embed-websocket\10.1.20\tomcat-embed-websocket-10.1.20.jar;C:\Users\Isabelle\.m2\repository\org\springframework\spring-web\6.1.6\spring-web-6.1.6.jar;C:\Users\Isabelle\.m2\repository\io\micrometer\micrometer-observation\1.12.5\micrometer-observation-1.12.5.jar;C:\Users\Isabelle\.m2\repository\io\micrometer\micrometer-commons\1.12.5\micrometer-commons-1.12.5.jar;C:\Users\Isabelle\.m2\repository\org\springframework\spring-webmvc\6.1.6\spring-webmvc-6.1.6.jar;C:\Users\Isabelle\.m2\repository\org\springframework\spring-expression\6.1.6\spring-expression-6.1.6.jar;C:\Users\Isabelle\.m2\repository\org\springframework\boot\spring-boot-starter-oauth2-client\3.2.5\spring-boot-starter-oauth2-client-3.2.5.jar;C:\Users\Isabelle\.m2\repository\org\springframework\security\spring-security-core\6.2.4\spring-security-core-6.2.4.jar;C:\Users\Isabelle\.m2\repository\org\springframework\security\spring-security-crypto\6.2.4\spring-security-crypto-6.2.4.jar;C:\Users\Isabelle\.m2\repository\org\springframework\security\spring-security-oauth2-client\6.2.4\spring-security-oauth2-client-6.2.4.jar;C:\Users\Isabelle\.m2\repository\org\springframework\security\spring-security-oauth2-core\6.2.4\spring-security-oauth2-core-6.2.4.jar;C:\Users\Isabelle\.m2\repository\com\nimbusds\oauth2-oidc-sdk\9.43.3\oauth2-oidc-sdk-9.43.3.jar;C:\Users\Isabelle\.m2\repository\com\github\stephenc\jcip\jcip-annotations\1.0-1\jcip-annotations-1.0-1.jar;C:\Users\Isabelle\.m2\repository\com\nimbusds\content-type\2.2\content-type-2.2.jar;C:\Users\Isabelle\.m2\repository\com\nimbusds\lang-tag\1.7\lang-tag-1.7.jar;C:\Users\Isabelle\.m2\repository\org\springframework\security\spring-security-oauth2-jose\6.2.4\spring-security-oauth2-jose-6.2.4.jar;C:\Users\Isabelle\.m2\repository\com\nimbusds\nimbus-jose-jwt\9.24.4\nimbus-jose-jwt-9.24.4.jar;C:\Users\Isabelle\.m2\repository\org\springframework\boot\spring-boot-starter-security\3.2.5\spring-boot-starter-security-3.2.5.jar;C:\Users\Isabelle\.m2\repository\org\springframework\spring-aop\6.1.6\spring-aop-6.1.6.jar;C:\Users\Isabelle\.m2\repository\org\springframework\security\spring-security-web\6.2.4\spring-security-web-6.2.4.jar;C:\Users\Isabelle\.m2\repository\org\thymeleaf\extras\thymeleaf-extras-springsecurity6\3.1.2.RELEASE\thymeleaf-extras-springsecurity6-3.1.2.RELEASE.jar;C:\Users\Isabelle\.m2\repository\org\slf4j\slf4j-api\2.0.13\slf4j-api-2.0.13.jar;C:\Users\Isabelle\.m2\repository\org\springframework\security\spring-security-test\6.2.4\spring-security-test-6.2.4.jar;C:\Users\Isabelle\.m2\repository\org\springframework\spring-core\6.1.6\spring-core-6.1.6.jar;C:\Users\Isabelle\.m2\repository\org\springframework\spring-jcl\6.1.6\spring-jcl-6.1.6.jar;C:\Users\Isabelle\.m2\repository\org\springframework\spring-test\6.1.6\spring-test-6.1.6.jar;C:\Users\Isabelle\.m2\repository\org\springframework\security\spring-security-config\6.2.4\spring-security-config-6.2.4.jar;C:\Users\Isabelle\.m2\repository\org\springframework\spring-beans\6.1.6\spring-beans-6.1.6.jar;C:\Users\Isabelle\.m2\repository\org\springframework\spring-context\6.1.6\spring-context-6.1.6.jar;C:\Users\Isabelle\.m2\repository\com\paypal\sdk\checkout-sdk\2.0.0\checkout-sdk-2.0.0.jar;C:\Users\Isabelle\.m2\repository\com\paypal\paypalhttp\2.0.0\paypalhttp-2.0.0.jar;C:\Users\Isabelle\.m2\repository\com\paypal\sdk\paypal-core\1.7.2\paypal-core-1.7.2.jar;C:\Users\Isabelle\.m2\repository\com\google\code\gson\gson\2.10.1\gson-2.10.1.jar;C:\Users\Isabelle\.m2\repository\com\paypal\sdk\rest-api-sdk\1.14.0\rest-api-sdk-1.14.0.jar;C:\Users\Isabelle\.m2\repository\org\springframework\boot\spring-boot-devtools\3.2.5\spring-boot-devtools-3.2.5.jar;C:\Users\Isabelle\.m2\repository\org\springframework\boot\spring-boot\3.2.5\spring-boot-3.2.5.jar;C:\Users\Isabelle\.m2\repository\org\springframework\boot\spring-boot-autoconfigure\3.2.5\spring-boot-autoconfigure-3.2.5.jar;C:\Users\Isabelle\.m2\repository\com\h2database\h2\2.2.224\h2-2.2.224.jar;C:\Users\Isabelle\.m2\repository\org\projectlombok\lombok\1.18.32\lombok-1.18.32.jar;C:\Users\Isabelle\.m2\repository\org\springframework\boot\spring-boot-starter-test\3.2.5\spring-boot-starter-test-3.2.5.jar;C:\Users\Isabelle\.m2\repository\org\springframework\boot\spring-boot-test\3.2.5\spring-boot-test-3.2.5.jar;C:\Users\Isabelle\.m2\repository\org\springframework\boot\spring-boot-test-autoconfigure\3.2.5\spring-boot-test-autoconfigure-3.2.5.jar;C:\Users\Isabelle\.m2\repository\com\jayway\jsonpath\json-path\2.9.0\json-path-2.9.0.jar;C:\Users\Isabelle\.m2\repository\jakarta\xml\bind\jakarta.xml.bind-api\4.0.2\jakarta.xml.bind-api-4.0.2.jar;C:\Users\Isabelle\.m2\repository\jakarta\activation\jakarta.activation-api\2.1.3\jakarta.activation-api-2.1.3.jar;C:\Users\Isabelle\.m2\repository\net\minidev\json-smart\2.5.1\json-smart-2.5.1.jar;C:\Users\Isabelle\.m2\repository\net\minidev\accessors-smart\2.5.1\accessors-smart-2.5.1.jar;C:\Users\Isabelle\.m2\repository\org\ow2\asm\asm\9.6\asm-9.6.jar;C:\Users\Isabelle\.m2\repository\org\assertj\assertj-core\3.24.2\assertj-core-3.24.2.jar;C:\Users\Isabelle\.m2\repository\org\awaitility\awaitility\4.2.1\awaitility-4.2.1.jar;C:\Users\Isabelle\.m2\repository\org\hamcrest\hamcrest\2.2\hamcrest-2.2.jar;C:\Users\Isabelle\.m2\repository\org\junit\jupiter\junit-jupiter\5.10.2\junit-jupiter-5.10.2.jar;C:\Users\Isabelle\.m2\repository\org\junit\jupiter\junit-jupiter-api\5.10.2\junit-jupiter-api-5.10.2.jar;C:\Users\Isabelle\.m2\repository\org\opentest4j\opentest4j\1.3.0\opentest4j-1.3.0.jar;C:\Users\Isabelle\.m2\repository\org\junit\platform\junit-platform-commons\1.10.2\junit-platform-commons-1.10.2.jar;C:\Users\Isabelle\.m2\repository\org\apiguardian\apiguardian-api\1.1.2\apiguardian-api-1.1.2.jar;C:\Users\Isabelle\.m2\repository\org\junit\jupiter\junit-jupiter-params\5.10.2\junit-jupiter-params-5.10.2.jar;C:\Users\Isabelle\.m2\repository\org\junit\jupiter\junit-jupiter-engine\5.10.2\junit-jupiter-engine-5.10.2.jar;C:\Users\Isabelle\.m2\repository\org\junit\platform\junit-platform-engine\1.10.2\junit-platform-engine-1.10.2.jar;C:\Users\Isabelle\.m2\repository\org\mockito\mockito-core\5.7.0\mockito-core-5.7.0.jar;C:\Users\Isabelle\.m2\repository\net\bytebuddy\byte-buddy-agent\1.14.13\byte-buddy-agent-1.14.13.jar;C:\Users\Isabelle\.m2\repository\org\objenesis\objenesis\3.3\objenesis-3.3.jar;C:\Users\Isabelle\.m2\repository\org\mockito\mockito-junit-jupiter\5.7.0\mockito-junit-jupiter-5.7.0.jar;C:\Users\Isabelle\.m2\repository\org\skyscreamer\jsonassert\1.5.1\jsonassert-1.5.1.jar;C:\Users\Isabelle\.m2\repository\com\vaadin\external\google\android-json\0.0.20131108.vaadin1\android-json-0.0.20131108.vaadin1.jar;C:\Users\Isabelle\.m2\repository\org\xmlunit\xmlunit-core\2.9.1\xmlunit-core-2.9.1.jar;"/>
    <property name="java.vm.vendor" value="Oracle Corporation"/>
    <property name="sun.arch.data.model" value="64"/>
    <property name="user.variant" value=""/>
    <property name="java.vendor.url" value="https://java.oracle.com/"/>
    <property name="user.timezone" value="Europe/Zagreb"/>
    <property name="org.jboss.logging.provider" value="slf4j"/>
    <property name="user.country.format" value="HR"/>
    <property name="os.name" value="Windows 10"/>
    <property name="java.vm.specification.version" value="21"/>
    <property name="sun.java.launcher" value="SUN_STANDARD"/>
    <property name="user.country" value="US"/>
    <property name="sun.boot.library.path" value="C:\Users\Isabelle\.jdks\openjdk-21\bin"/>
    <property name="sun.java.command" value="C:\Users\Isabelle\AppData\Local\Temp\surefire5262658079842308986\surefirebooter-20240526235316102_3.jar C:\Users\Isabelle\AppData\Local\Temp\surefire5262658079842308986 2024-05-26T23-53-15_882-jvmRun1 surefire-20240526235316102_1tmp surefire_0-20240526235316102_2tmp"/>
    <property name="jdk.debug" value="release"/>
    <property name="surefire.test.class.path" value="C:\Users\Isabelle\Desktop\VUA\Semestar6\JWP\JWP-Winary\target\test-classes;C:\Users\Isabelle\Desktop\VUA\Semestar6\JWP\JWP-Winary\target\classes;C:\Users\Isabelle\.m2\repository\org\springframework\boot\spring-boot-starter-data-jpa\3.2.5\spring-boot-starter-data-jpa-3.2.5.jar;C:\Users\Isabelle\.m2\repository\org\springframework\boot\spring-boot-starter-aop\3.2.5\spring-boot-starter-aop-3.2.5.jar;C:\Users\Isabelle\.m2\repository\org\aspectj\aspectjweaver\1.9.22\aspectjweaver-1.9.22.jar;C:\Users\Isabelle\.m2\repository\org\hibernate\orm\hibernate-core\6.4.4.Final\hibernate-core-6.4.4.Final.jar;C:\Users\Isabelle\.m2\repository\jakarta\persistence\jakarta.persistence-api\3.1.0\jakarta.persistence-api-3.1.0.jar;C:\Users\Isabelle\.m2\repository\jakarta\transaction\jakarta.transaction-api\2.0.1\jakarta.transaction-api-2.0.1.jar;C:\Users\Isabelle\.m2\repository\org\jboss\logging\jboss-logging\3.5.3.Final\jboss-logging-3.5.3.Final.jar;C:\Users\Isabelle\.m2\repository\org\hibernate\common\hibernate-commons-annotations\6.0.6.Final\hibernate-commons-annotations-6.0.6.Final.jar;C:\Users\Isabelle\.m2\repository\io\smallrye\jandex\3.1.2\jandex-3.1.2.jar;C:\Users\Isabelle\.m2\repository\com\fasterxml\classmate\1.6.0\classmate-1.6.0.jar;C:\Users\Isabelle\.m2\repository\net\bytebuddy\byte-buddy\1.14.13\byte-buddy-1.14.13.jar;C:\Users\Isabelle\.m2\repository\org\glassfish\jaxb\jaxb-runtime\4.0.5\jaxb-runtime-4.0.5.jar;C:\Users\Isabelle\.m2\repository\org\glassfish\jaxb\jaxb-core\4.0.5\jaxb-core-4.0.5.jar;C:\Users\Isabelle\.m2\repository\org\eclipse\angus\angus-activation\2.0.2\angus-activation-2.0.2.jar;C:\Users\Isabelle\.m2\repository\org\glassfish\jaxb\txw2\4.0.5\txw2-4.0.5.jar;C:\Users\Isabelle\.m2\repository\com\sun\istack\istack-commons-runtime\4.1.2\istack-commons-runtime-4.1.2.jar;C:\Users\Isabelle\.m2\repository\jakarta\inject\jakarta.inject-api\2.0.1\jakarta.inject-api-2.0.1.jar;C:\Users\Isabelle\.m2\repository\org\antlr\antlr4-runtime\4.13.0\antlr4-runtime-4.13.0.jar;C:\Users\Isabelle\.m2\repository\org\springframework\data\spring-data-jpa\3.2.5\spring-data-jpa-3.2.5.jar;C:\Users\Isabelle\.m2\repository\org\springframework\data\spring-data-commons\3.2.5\spring-data-commons-3.2.5.jar;C:\Users\Isabelle\.m2\repository\org\springframework\spring-orm\6.1.6\spring-orm-6.1.6.jar;C:\Users\Isabelle\.m2\repository\org\springframework\spring-tx\6.1.6\spring-tx-6.1.6.jar;C:\Users\Isabelle\.m2\repository\jakarta\annotation\jakarta.annotation-api\2.1.1\jakarta.annotation-api-2.1.1.jar;C:\Users\Isabelle\.m2\repository\org\springframework\spring-aspects\6.1.6\spring-aspects-6.1.6.jar;C:\Users\Isabelle\.m2\repository\org\springframework\boot\spring-boot-starter-jdbc\3.2.5\spring-boot-starter-jdbc-3.2.5.jar;C:\Users\Isabelle\.m2\repository\org\springframework\boot\spring-boot-starter\3.2.5\spring-boot-starter-3.2.5.jar;C:\Users\Isabelle\.m2\repository\org\springframework\boot\spring-boot-starter-logging\3.2.5\spring-boot-starter-logging-3.2.5.jar;C:\Users\Isabelle\.m2\repository\ch\qos\logback\logback-classic\1.4.14\logback-classic-1.4.14.jar;C:\Users\Isabelle\.m2\repository\ch\qos\logback\logback-core\1.4.14\logback-core-1.4.14.jar;C:\Users\Isabelle\.m2\repository\org\apache\logging\log4j\log4j-to-slf4j\2.21.1\log4j-to-slf4j-2.21.1.jar;C:\Users\Isabelle\.m2\repository\org\apache\logging\log4j\log4j-api\2.21.1\log4j-api-2.21.1.jar;C:\Users\Isabelle\.m2\repository\org\slf4j\jul-to-slf4j\2.0.13\jul-to-slf4j-2.0.13.jar;C:\Users\Isabelle\.m2\repository\org\yaml\snakeyaml\2.2\snakeyaml-2.2.jar;C:\Users\Isabelle\.m2\repository\com\zaxxer\HikariCP\5.0.1\HikariCP-5.0.1.jar;C:\Users\Isabelle\.m2\repository\org\springframework\spring-jdbc\6.1.6\spring-jdbc-6.1.6.jar;C:\Users\Isabelle\.m2\repository\org\springframework\boot\spring-boot-starter-thymeleaf\3.2.5\spring-boot-starter-thymeleaf-3.2.5.jar;C:\Users\Isabelle\.m2\repository\org\thymeleaf\thymeleaf-spring6\3.1.2.RELEASE\thymeleaf-spring6-3.1.2.RELEASE.jar;C:\Users\Isabelle\.m2\repository\org\thymeleaf\thymeleaf\3.1.2.RELEASE\thymeleaf-3.1.2.RELEASE.jar;C:\Users\Isabelle\.m2\repository\org\attoparser\attoparser\2.0.7.RELEASE\attoparser-2.0.7.RELEASE.jar;C:\Users\Isabelle\.m2\repository\org\unbescape\unbescape\1.1.6.RELEASE\unbescape-1.1.6.RELEASE.jar;C:\Users\Isabelle\.m2\repository\org\springframework\boot\spring-boot-starter-web\3.2.5\spring-boot-starter-web-3.2.5.jar;C:\Users\Isabelle\.m2\repository\org\springframework\boot\spring-boot-starter-json\3.2.5\spring-boot-starter-json-3.2.5.jar;C:\Users\Isabelle\.m2\repository\com\fasterxml\jackson\core\jackson-databind\2.15.4\jackson-databind-2.15.4.jar;C:\Users\Isabelle\.m2\repository\com\fasterxml\jackson\core\jackson-annotations\2.15.4\jackson-annotations-2.15.4.jar;C:\Users\Isabelle\.m2\repository\com\fasterxml\jackson\core\jackson-core\2.15.4\jackson-core-2.15.4.jar;C:\Users\Isabelle\.m2\repository\com\fasterxml\jackson\datatype\jackson-datatype-jdk8\2.15.4\jackson-datatype-jdk8-2.15.4.jar;C:\Users\Isabelle\.m2\repository\com\fasterxml\jackson\datatype\jackson-datatype-jsr310\2.15.4\jackson-datatype-jsr310-2.15.4.jar;C:\Users\Isabelle\.m2\repository\com\fasterxml\jackson\module\jackson-module-parameter-names\2.15.4\jackson-module-parameter-names-2.15.4.jar;C:\Users\Isabelle\.m2\repository\org\springframework\boot\spring-boot-starter-tomcat\3.2.5\spring-boot-starter-tomcat-3.2.5.jar;C:\Users\Isabelle\.m2\repository\org\apache\tomcat\embed\tomcat-embed-core\10.1.20\tomcat-embed-core-10.1.20.jar;C:\Users\Isabelle\.m2\repository\org\apache\tomcat\embed\tomcat-embed-el\10.1.20\tomcat-embed-el-10.1.20.jar;C:\Users\Isabelle\.m2\repository\org\apache\tomcat\embed\tomcat-embed-websocket\10.1.20\tomcat-embed-websocket-10.1.20.jar;C:\Users\Isabelle\.m2\repository\org\springframework\spring-web\6.1.6\spring-web-6.1.6.jar;C:\Users\Isabelle\.m2\repository\io\micrometer\micrometer-observation\1.12.5\micrometer-observation-1.12.5.jar;C:\Users\Isabelle\.m2\repository\io\micrometer\micrometer-commons\1.12.5\micrometer-commons-1.12.5.jar;C:\Users\Isabelle\.m2\repository\org\springframework\spring-webmvc\6.1.6\spring-webmvc-6.1.6.jar;C:\Users\Isabelle\.m2\repository\org\springframework\spring-expression\6.1.6\spring-expression-6.1.6.jar;C:\Users\Isabelle\.m2\repository\org\springframework\boot\spring-boot-starter-oauth2-client\3.2.5\spring-boot-starter-oauth2-client-3.2.5.jar;C:\Users\Isabelle\.m2\repository\org\springframework\security\spring-security-core\6.2.4\spring-security-core-6.2.4.jar;C:\Users\Isabelle\.m2\repository\org\springframework\security\spring-security-crypto\6.2.4\spring-security-crypto-6.2.4.jar;C:\Users\Isabelle\.m2\repository\org\springframework\security\spring-security-oauth2-client\6.2.4\spring-security-oauth2-client-6.2.4.jar;C:\Users\Isabelle\.m2\repository\org\springframework\security\spring-security-oauth2-core\6.2.4\spring-security-oauth2-core-6.2.4.jar;C:\Users\Isabelle\.m2\repository\com\nimbusds\oauth2-oidc-sdk\9.43.3\oauth2-oidc-sdk-9.43.3.jar;C:\Users\Isabelle\.m2\repository\com\github\stephenc\jcip\jcip-annotations\1.0-1\jcip-annotations-1.0-1.jar;C:\Users\Isabelle\.m2\repository\com\nimbusds\content-type\2.2\content-type-2.2.jar;C:\Users\Isabelle\.m2\repository\com\nimbusds\lang-tag\1.7\lang-tag-1.7.jar;C:\Users\Isabelle\.m2\repository\org\springframework\security\spring-security-oauth2-jose\6.2.4\spring-security-oauth2-jose-6.2.4.jar;C:\Users\Isabelle\.m2\repository\com\nimbusds\nimbus-jose-jwt\9.24.4\nimbus-jose-jwt-9.24.4.jar;C:\Users\Isabelle\.m2\repository\org\springframework\boot\spring-boot-starter-security\3.2.5\spring-boot-starter-security-3.2.5.jar;C:\Users\Isabelle\.m2\repository\org\springframework\spring-aop\6.1.6\spring-aop-6.1.6.jar;C:\Users\Isabelle\.m2\repository\org\springframework\security\spring-security-web\6.2.4\spring-security-web-6.2.4.jar;C:\Users\Isabelle\.m2\repository\org\thymeleaf\extras\thymeleaf-extras-springsecurity6\3.1.2.RELEASE\thymeleaf-extras-springsecurity6-3.1.2.RELEASE.jar;C:\Users\Isabelle\.m2\repository\org\slf4j\slf4j-api\2.0.13\slf4j-api-2.0.13.jar;C:\Users\Isabelle\.m2\repository\org\springframework\security\spring-security-test\6.2.4\spring-security-test-6.2.4.jar;C:\Users\Isabelle\.m2\repository\org\springframework\spring-core\6.1.6\spring-core-6.1.6.jar;C:\Users\Isabelle\.m2\repository\org\springframework\spring-jcl\6.1.6\spring-jcl-6.1.6.jar;C:\Users\Isabelle\.m2\repository\org\springframework\spring-test\6.1.6\spring-test-6.1.6.jar;C:\Users\Isabelle\.m2\repository\org\springframework\security\spring-security-config\6.2.4\spring-security-config-6.2.4.jar;C:\Users\Isabelle\.m2\repository\org\springframework\spring-beans\6.1.6\spring-beans-6.1.6.jar;C:\Users\Isabelle\.m2\repository\org\springframework\spring-context\6.1.6\spring-context-6.1.6.jar;C:\Users\Isabelle\.m2\repository\com\paypal\sdk\checkout-sdk\2.0.0\checkout-sdk-2.0.0.jar;C:\Users\Isabelle\.m2\repository\com\paypal\paypalhttp\2.0.0\paypalhttp-2.0.0.jar;C:\Users\Isabelle\.m2\repository\com\paypal\sdk\paypal-core\1.7.2\paypal-core-1.7.2.jar;C:\Users\Isabelle\.m2\repository\com\google\code\gson\gson\2.10.1\gson-2.10.1.jar;C:\Users\Isabelle\.m2\repository\com\paypal\sdk\rest-api-sdk\1.14.0\rest-api-sdk-1.14.0.jar;C:\Users\Isabelle\.m2\repository\org\springframework\boot\spring-boot-devtools\3.2.5\spring-boot-devtools-3.2.5.jar;C:\Users\Isabelle\.m2\repository\org\springframework\boot\spring-boot\3.2.5\spring-boot-3.2.5.jar;C:\Users\Isabelle\.m2\repository\org\springframework\boot\spring-boot-autoconfigure\3.2.5\spring-boot-autoconfigure-3.2.5.jar;C:\Users\Isabelle\.m2\repository\com\h2database\h2\2.2.224\h2-2.2.224.jar;C:\Users\Isabelle\.m2\repository\org\projectlombok\lombok\1.18.32\lombok-1.18.32.jar;C:\Users\Isabelle\.m2\repository\org\springframework\boot\spring-boot-starter-test\3.2.5\spring-boot-starter-test-3.2.5.jar;C:\Users\Isabelle\.m2\repository\org\springframework\boot\spring-boot-test\3.2.5\spring-boot-test-3.2.5.jar;C:\Users\Isabelle\.m2\repository\org\springframework\boot\spring-boot-test-autoconfigure\3.2.5\spring-boot-test-autoconfigure-3.2.5.jar;C:\Users\Isabelle\.m2\repository\com\jayway\jsonpath\json-path\2.9.0\json-path-2.9.0.jar;C:\Users\Isabelle\.m2\repository\jakarta\xml\bind\jakarta.xml.bind-api\4.0.2\jakarta.xml.bind-api-4.0.2.jar;C:\Users\Isabelle\.m2\repository\jakarta\activation\jakarta.activation-api\2.1.3\jakarta.activation-api-2.1.3.jar;C:\Users\Isabelle\.m2\repository\net\minidev\json-smart\2.5.1\json-smart-2.5.1.jar;C:\Users\Isabelle\.m2\repository\net\minidev\accessors-smart\2.5.1\accessors-smart-2.5.1.jar;C:\Users\Isabelle\.m2\repository\org\ow2\asm\asm\9.6\asm-9.6.jar;C:\Users\Isabelle\.m2\repository\org\assertj\assertj-core\3.24.2\assertj-core-3.24.2.jar;C:\Users\Isabelle\.m2\repository\org\awaitility\awaitility\4.2.1\awaitility-4.2.1.jar;C:\Users\Isabelle\.m2\repository\org\hamcrest\hamcrest\2.2\hamcrest-2.2.jar;C:\Users\Isabelle\.m2\repository\org\junit\jupiter\junit-jupiter\5.10.2\junit-jupiter-5.10.2.jar;C:\Users\Isabelle\.m2\repository\org\junit\jupiter\junit-jupiter-api\5.10.2\junit-jupiter-api-5.10.2.jar;C:\Users\Isabelle\.m2\repository\org\opentest4j\opentest4j\1.3.0\opentest4j-1.3.0.jar;C:\Users\Isabelle\.m2\repository\org\junit\platform\junit-platform-commons\1.10.2\junit-platform-commons-1.10.2.jar;C:\Users\Isabelle\.m2\repository\org\apiguardian\apiguardian-api\1.1.2\apiguardian-api-1.1.2.jar;C:\Users\Isabelle\.m2\repository\org\junit\jupiter\junit-jupiter-params\5.10.2\junit-jupiter-params-5.10.2.jar;C:\Users\Isabelle\.m2\repository\org\junit\jupiter\junit-jupiter-engine\5.10.2\junit-jupiter-engine-5.10.2.jar;C:\Users\Isabelle\.m2\repository\org\junit\platform\junit-platform-engine\1.10.2\junit-platform-engine-1.10.2.jar;C:\Users\Isabelle\.m2\repository\org\mockito\mockito-core\5.7.0\mockito-core-5.7.0.jar;C:\Users\Isabelle\.m2\repository\net\bytebuddy\byte-buddy-agent\1.14.13\byte-buddy-agent-1.14.13.jar;C:\Users\Isabelle\.m2\repository\org\objenesis\objenesis\3.3\objenesis-3.3.jar;C:\Users\Isabelle\.m2\repository\org\mockito\mockito-junit-jupiter\5.7.0\mockito-junit-jupiter-5.7.0.jar;C:\Users\Isabelle\.m2\repository\org\skyscreamer\jsonassert\1.5.1\jsonassert-1.5.1.jar;C:\Users\Isabelle\.m2\repository\com\vaadin\external\google\android-json\0.0.20131108.vaadin1\android-json-0.0.20131108.vaadin1.jar;C:\Users\Isabelle\.m2\repository\org\xmlunit\xmlunit-core\2.9.1\xmlunit-core-2.9.1.jar;"/>
    <property name="sun.cpu.endian" value="little"/>
    <property name="user.home" value="C:\Users\Isabelle"/>
    <property name="user.language" value="en"/>
    <property name="java.specification.vendor" value="Oracle Corporation"/>
    <property name="java.version.date" value="2023-09-19"/>
    <property name="java.home" value="C:\Users\Isabelle\.jdks\openjdk-21"/>
    <property name="file.separator" value="\"/>
    <property name="basedir" value="C:\Users\Isabelle\Desktop\VUA\Semestar6\JWP\JWP-Winary"/>
    <property name="java.vm.compressedOopsMode" value="Zero based"/>
    <property name="line.separator" value="&#10;"/>
    <property name="java.vm.specification.vendor" value="Oracle Corporation"/>
    <property name="java.specification.name" value="Java Platform API Specification"/>
    <property name="FILE_LOG_CHARSET" value="UTF-8"/>
    <property name="java.awt.headless" value="true"/>
    <property name="surefire.real.class.path" value="C:\Users\Isabelle\AppData\Local\Temp\surefire5262658079842308986\surefirebooter-20240526235316102_3.jar"/>
    <property name="user.script" value=""/>
    <property name="sun.management.compiler" value="HotSpot 64-Bit Tiered Compilers"/>
    <property name="java.runtime.version" value="21+35-2513"/>
    <property name="user.name" value="Isabelle"/>
    <property name="stdout.encoding" value="Cp1252"/>
    <property name="path.separator" value=";"/>
    <property name="os.version" value="10.0"/>
    <property name="java.runtime.name" value="OpenJDK Runtime Environment"/>
    <property name="file.encoding" value="UTF-8"/>
    <property name="java.vm.name" value="OpenJDK 64-Bit Server VM"/>
    <property name="localRepository" value="C:\Users\Isabelle\.m2\repository"/>
    <property name="java.vendor.url.bug" value="https://bugreport.java.com/bugreport/"/>
    <property name="java.io.tmpdir" value="C:\Users\Isabelle\AppData\Local\Temp\"/>
    <property name="idea.version" value="2023.3.2"/>
    <property name="com.zaxxer.hikari.pool_number" value="1"/>
    <property name="java.version" value="21"/>
    <property name="user.dir" value="C:\Users\Isabelle\Desktop\VUA\Semestar6\JWP\JWP-Winary"/>
    <property name="os.arch" value="amd64"/>
    <property name="java.vm.specification.name" value="Java Virtual Machine Specification"/>
    <property name="PID" value="3612"/>
    <property name="user.language.format" value="hr"/>
    <property name="sun.os.patch.level" value=""/>
    <property name="CONSOLE_LOG_CHARSET" value="UTF-8"/>
    <property name="native.encoding" value="Cp1252"/>
    <property name="java.library.path" value="C:\Users\Isabelle\.jdks\openjdk-21\bin;C:\Windows\Sun\Java\bin;C:\Windows\system32;C:\Windows;C:\Program Files\Common Files\Oracle\Java\javapath;C:\Program Files\Microsoft\jdk-11.0.12.7-hotspot\bin;C:\Program Files\Eclipse Foundation\jdk-8.0.302.8-hotspot\bin;C:\Windows\system32;C:\Windows;C:\Windows\System32\Wbem;C:\Windows\System32\WindowsPowerShell\v1.0\;C:\Windows\System32\OpenSSH\;C:\Program Files\dotnet\;C:\Program Files\Microsoft SQL Server\130\Tools\Binn\;C:\Program Files\Microsoft SQL Server\Client SDK\ODBC\170\Tools\Binn\;C:\Program Files\Microsoft SQL Server\150\Tools\Binn\;C:\Program Files\Microsoft SQL Server\Client SDK\ODBC\130\Tools\Binn\;C:\Program Files (x86)\Microsoft SQL Server\140\Tools\Binn\;C:\Program Files\Microsoft SQL Server\140\Tools\Binn\;C:\Program Files\Microsoft SQL Server\140\DTS\Binn\;C:\Program Files (x86)\Microsoft SQL Server\150\DTS\Binn\;C:\Program Files\Azure Data Studio\bin;C:\Program Files\Git\cmd;C:\Program Files (x86)\dotnet\;C:\Users\Isabelle\AppData\Local\Microsoft\WindowsApps;C:\Users\Isabelle\.dotnet\tools;C:\Program Files\Azure Data Studio\bin;C:\Users\Isabelle\AppData\Local\Programs\Microsoft VS Code\bin;."/>
    <property name="java.vm.info" value="mixed mode, sharing"/>
    <property name="stderr.encoding" value="Cp1252"/>
    <property name="java.vendor" value="Oracle Corporation"/>
    <property name="java.vm.version" value="21+35-2513"/>
    <property name="sun.io.unicode.encoding" value="UnicodeLittle"/>
    <property name="java.class.version" value="65.0"/>
    <property name="LOGGED_APPLICATION_NAME" value="[JWP-Winary] "/>
  </properties>
  <testcase name="contextLoads" classname="hr.winary.webshop.jwpwinary.JwpWinaryApplicationTests" time="0.678">
    <system-out><![CDATA[23:53:17.345 [main] INFO org.springframework.test.context.support.AnnotationConfigContextLoaderUtils -- Could not detect default configuration classes for test class [hr.winary.webshop.jwpwinary.JwpWinaryApplicationTests]: JwpWinaryApplicationTests does not declare any static, non-private, non-final, nested classes annotated with @Configuration.
23:53:17.505 [main] INFO org.springframework.boot.test.context.SpringBootTestContextBootstrapper -- Found @SpringBootConfiguration hr.winary.webshop.jwpwinary.JwpWinaryApplication for test class hr.winary.webshop.jwpwinary.JwpWinaryApplicationTests
23:53:17.743 [main] INFO org.springframework.boot.devtools.restart.RestartApplicationListener -- Restart disabled due to context in which it is running

  .   ____          _            __ _ _
 /\\ / ___'_ __ _ _(_)_ __  __ _ \ \ \ \
( ( )\___ | '_ | '_| | '_ \/ _` | \ \ \ \
 \\/  ___)| |_)| | | | | || (_| |  ) ) ) )
  '  |____| .__|_| |_|_| |_\__, | / / / /
 =========|_|==============|___/=/_/_/_/
 :: Spring Boot ::                (v3.2.5)

2024-05-26T23:53:18.045+02:00  INFO 3612 --- [JWP-Winary] [           main] h.w.w.j.JwpWinaryApplicationTests        : Starting JwpWinaryApplicationTests using Java 21 with PID 3612 (started by Isabelle in C:\Users\Isabelle\Desktop\VUA\Semestar6\JWP\JWP-Winary)
2024-05-26T23:53:18.046+02:00 DEBUG 3612 --- [JWP-Winary] [           main] h.w.w.j.JwpWinaryApplicationTests        : Running with Spring Boot v3.2.5, Spring v6.1.6
2024-05-26T23:53:18.047+02:00  INFO 3612 --- [JWP-Winary] [           main] h.w.w.j.JwpWinaryApplicationTests        : No active profile set, falling back to 1 default profile: "default"
2024-05-26T23:53:18.047+02:00 DEBUG 3612 --- [JWP-Winary] [           main] o.s.boot.SpringApplication               : Loading source class hr.winary.webshop.jwpwinary.JwpWinaryApplication
2024-05-26T23:53:18.090+02:00 DEBUG 3612 --- [JWP-Winary] [           main] o.s.w.c.s.GenericWebApplicationContext   : Refreshing org.springframework.web.context.support.GenericWebApplicationContext@33c2bd
2024-05-26T23:53:18.116+02:00 DEBUG 3612 --- [JWP-Winary] [           main] o.s.b.f.s.DefaultListableBeanFactory     : Creating shared instance of singleton bean 'org.springframework.context.annotation.internalConfigurationAnnotationProcessor'
2024-05-26T23:53:18.134+02:00 DEBUG 3612 --- [JWP-Winary] [           main] o.s.b.f.s.DefaultListableBeanFactory     : Creating shared instance of singleton bean 'org.springframework.boot.autoconfigure.internalCachingMetadataReaderFactory'
2024-05-26T23:53:18.179+02:00 DEBUG 3612 --- [JWP-Winary] [           main] o.s.c.a.ClassPathBeanDefinitionScanner   : Identified candidate component class: file [C:\Users\Isabelle\Desktop\VUA\Semestar6\JWP\JWP-Winary\target\classes\hr\winary\webshop\jwpwinary\configuration\CustomAuthenticationSuccessHandler.class]
2024-05-26T23:53:18.188+02:00 DEBUG 3612 --- [JWP-Winary] [           main] o.s.c.a.ClassPathBeanDefinitionScanner   : Identified candidate component class: file [C:\Users\Isabelle\Desktop\VUA\Semestar6\JWP\JWP-Winary\target\classes\hr\winary\webshop\jwpwinary\configuration\ImageConfig.class]
2024-05-26T23:53:18.196+02:00 DEBUG 3612 --- [JWP-Winary] [           main] o.s.c.a.ClassPathBeanDefinitionScanner   : Identified candidate component class: file [C:\Users\Isabelle\Desktop\VUA\Semestar6\JWP\JWP-Winary\target\classes\hr\winary\webshop\jwpwinary\configuration\PayPalConfiguration.class]
2024-05-26T23:53:18.211+02:00 DEBUG 3612 --- [JWP-Winary] [           main] o.s.c.a.ClassPathBeanDefinitionScanner   : Identified candidate component class: file [C:\Users\Isabelle\Desktop\VUA\Semestar6\JWP\JWP-Winary\target\classes\hr\winary\webshop\jwpwinary\configuration\SecurityConfig.class]
2024-05-26T23:53:18.253+02:00 DEBUG 3612 --- [JWP-Winary] [           main] o.s.c.a.ClassPathBeanDefinitionScanner   : Identified candidate component class: file [C:\Users\Isabelle\Desktop\VUA\Semestar6\JWP\JWP-Winary\target\classes\hr\winary\webshop\jwpwinary\controller\mvc\AdminController.class]
2024-05-26T23:53:18.265+02:00 DEBUG 3612 --- [JWP-Winary] [           main] o.s.c.a.ClassPathBeanDefinitionScanner   : Identified candidate component class: file [C:\Users\Isabelle\Desktop\VUA\Semestar6\JWP\JWP-Winary\target\classes\hr\winary\webshop\jwpwinary\controller\mvc\CartController.class]
2024-05-26T23:53:18.278+02:00 DEBUG 3612 --- [JWP-Winary] [           main] o.s.c.a.ClassPathBeanDefinitionScanner   : Identified candidate component class: file [C:\Users\Isabelle\Desktop\VUA\Semestar6\JWP\JWP-Winary\target\classes\hr\winary\webshop\jwpwinary\controller\mvc\ErrorController.class]
2024-05-26T23:53:18.293+02:00 DEBUG 3612 --- [JWP-Winary] [           main] o.s.c.a.ClassPathBeanDefinitionScanner   : Identified candidate component class: file [C:\Users\Isabelle\Desktop\VUA\Semestar6\JWP\JWP-Winary\target\classes\hr\winary\webshop\jwpwinary\controller\mvc\HomeController.class]
2024-05-26T23:53:18.313+02:00 DEBUG 3612 --- [JWP-Winary] [           main] o.s.c.a.ClassPathBeanDefinitionScanner   : Identified candidate component class: file [C:\Users\Isabelle\Desktop\VUA\Semestar6\JWP\JWP-Winary\target\classes\hr\winary\webshop\jwpwinary\controller\mvc\PaymentController.class]
2024-05-26T23:53:18.331+02:00 DEBUG 3612 --- [JWP-Winary] [           main] o.s.c.a.ClassPathBeanDefinitionScanner   : Identified candidate component class: file [C:\Users\Isabelle\Desktop\VUA\Semestar6\JWP\JWP-Winary\target\classes\hr\winary\webshop\jwpwinary\filter\HttpMethodeFilter.class]
2024-05-26T23:53:18.335+02:00 DEBUG 3612 --- [JWP-Winary] [           main] o.s.c.a.ClassPathBeanDefinitionScanner   : Identified candidate component class: file [C:\Users\Isabelle\Desktop\VUA\Semestar6\JWP\JWP-Winary\target\classes\hr\winary\webshop\jwpwinary\GlobalData.class]
2024-05-26T23:53:18.373+02:00 DEBUG 3612 --- [JWP-Winary] [           main] o.s.c.a.ClassPathBeanDefinitionScanner   : Identified candidate component class: file [C:\Users\Isabelle\Desktop\VUA\Semestar6\JWP\JWP-Winary\target\classes\hr\winary\webshop\jwpwinary\listeners\HttpSessionListener.class]
2024-05-26T23:53:18.459+02:00 DEBUG 3612 --- [JWP-Winary] [           main] o.s.c.a.ClassPathBeanDefinitionScanner   : Ignored because not a concrete top-level class: file [C:\Users\Isabelle\Desktop\VUA\Semestar6\JWP\JWP-Winary\target\classes\hr\winary\webshop\jwpwinary\repository\PurchaseRepository.class]
2024-05-26T23:53:18.465+02:00 DEBUG 3612 --- [JWP-Winary] [           main] o.s.c.a.ClassPathBeanDefinitionScanner   : Ignored because not a concrete top-level class: file [C:\Users\Isabelle\Desktop\VUA\Semestar6\JWP\JWP-Winary\target\classes\hr\winary\webshop\jwpwinary\repository\UserRepository.class]
2024-05-26T23:53:18.486+02:00 DEBUG 3612 --- [JWP-Winary] [           main] o.s.c.a.ClassPathBeanDefinitionScanner   : Identified candidate component class: file [C:\Users\Isabelle\Desktop\VUA\Semestar6\JWP\JWP-Winary\target\classes\hr\winary\webshop\jwpwinary\service\CategoryService.class]
2024-05-26T23:53:18.495+02:00 DEBUG 3612 --- [JWP-Winary] [           main] o.s.c.a.ClassPathBeanDefinitionScanner   : Identified candidate component class: file [C:\Users\Isabelle\Desktop\VUA\Semestar6\JWP\JWP-Winary\target\classes\hr\winary\webshop\jwpwinary\service\MyUserDetailService.class]
2024-05-26T23:53:18.505+02:00 DEBUG 3612 --- [JWP-Winary] [           main] o.s.c.a.ClassPathBeanDefinitionScanner   : Identified candidate component class: file [C:\Users\Isabelle\Desktop\VUA\Semestar6\JWP\JWP-Winary\target\classes\hr\winary\webshop\jwpwinary\service\PaypalService.class]
2024-05-26T23:53:18.520+02:00 DEBUG 3612 --- [JWP-Winary] [           main] o.s.c.a.ClassPathBeanDefinitionScanner   : Identified candidate component class: file [C:\Users\Isabelle\Desktop\VUA\Semestar6\JWP\JWP-Winary\target\classes\hr\winary\webshop\jwpwinary\service\UserLoginService.class]
2024-05-26T23:53:18.528+02:00 DEBUG 3612 --- [JWP-Winary] [           main] o.s.c.a.ClassPathBeanDefinitionScanner   : Identified candidate component class: file [C:\Users\Isabelle\Desktop\VUA\Semestar6\JWP\JWP-Winary\target\classes\hr\winary\webshop\jwpwinary\service\WineService.class]
2024-05-26T23:53:19.184+02:00  INFO 3612 --- [JWP-Winary] [           main] .s.d.r.c.RepositoryConfigurationDelegate : Bootstrapping Spring Data JPA repositories in DEFAULT mode.
2024-05-26T23:53:19.193+02:00 DEBUG 3612 --- [JWP-Winary] [           main] o.s.b.f.s.DefaultListableBeanFactory     : Creating shared instance of singleton bean 'org.springframework.boot.autoconfigure.AutoConfigurationPackages'
2024-05-26T23:53:19.201+02:00 DEBUG 3612 --- [JWP-Winary] [           main] o.s.b.a.AutoConfigurationPackages        : @EnableAutoConfiguration was declared on a class in the package 'hr.winary.webshop.jwpwinary'. Automatic @Repository and @Entity scanning is enabled.
2024-05-26T23:53:19.202+02:00 DEBUG 3612 --- [JWP-Winary] [           main] .s.d.r.c.RepositoryConfigurationDelegate : Scanning for JPA repositories in packages hr.winary.webshop.jwpwinary.
2024-05-26T23:53:19.214+02:00 DEBUG 3612 --- [JWP-Winary] [           main] o.s.d.r.c.RepositoryComponentProvider    : Identified candidate component class: file [C:\Users\Isabelle\Desktop\VUA\Semestar6\JWP\JWP-Winary\target\classes\hr\winary\webshop\jwpwinary\repository\CategoryRepository.class]
2024-05-26T23:53:19.214+02:00 DEBUG 3612 --- [JWP-Winary] [           main] o.s.d.r.c.RepositoryComponentProvider    : Identified candidate component class: file [C:\Users\Isabelle\Desktop\VUA\Semestar6\JWP\JWP-Winary\target\classes\hr\winary\webshop\jwpwinary\repository\PurchaseRepository.class]
2024-05-26T23:53:19.214+02:00 DEBUG 3612 --- [JWP-Winary] [           main] o.s.d.r.c.RepositoryComponentProvider    : Identified candidate component class: file [C:\Users\Isabelle\Desktop\VUA\Semestar6\JWP\JWP-Winary\target\classes\hr\winary\webshop\jwpwinary\repository\UserRepository.class]
2024-05-26T23:53:19.214+02:00 DEBUG 3612 --- [JWP-Winary] [           main] o.s.d.r.c.RepositoryComponentProvider    : Identified candidate component class: file [C:\Users\Isabelle\Desktop\VUA\Semestar6\JWP\JWP-Winary\target\classes\hr\winary\webshop\jwpwinary\repository\WineRepository.class]
2024-05-26T23:53:19.259+02:00  INFO 3612 --- [JWP-Winary] [           main] .s.d.r.c.RepositoryConfigurationDelegate : Finished Spring Data repository scanning in 55 ms. Found 4 JPA repository interfaces.
2024-05-26T23:53:19.385+02:00 DEBUG 3612 --- [JWP-Winary] [           main] o.s.b.f.s.DefaultListableBeanFactory     : Creating shared instance of singleton bean 'springSecurityHandlerMappingIntrospectorBeanDefinitionRegistryPostProcessor'
2024-05-26T23:53:19.386+02:00 DEBUG 3612 --- [JWP-Winary] [           main] o.s.b.f.s.DefaultListableBeanFactory     : Creating shared instance of singleton bean 'authorizedClientManagerRegistrar'
2024-05-26T23:53:19.387+02:00 DEBUG 3612 --- [JWP-Winary] [           main] o.s.b.f.s.DefaultListableBeanFactory     : Creating shared instance of singleton bean 'org.springframework.security.config.annotation.web.configuration.OAuth2ClientConfiguration$OAuth2AuthorizedClientManagerConfiguration'
2024-05-26T23:53:19.536+02:00 DEBUG 3612 --- [JWP-Winary] [           main] o.s.b.f.s.DefaultListableBeanFactory     : Creating shared instance of singleton bean 'propertySourcesPlaceholderConfigurer'
2024-05-26T23:53:19.540+02:00 DEBUG 3612 --- [JWP-Winary] [           main] o.s.b.f.s.DefaultListableBeanFactory     : Creating shared instance of singleton bean 'org.springframework.boot.test.mock.mockito.MockitoPostProcessor'
2024-05-26T23:53:19.541+02:00 DEBUG 3612 --- [JWP-Winary] [           main] o.s.b.f.s.DefaultListableBeanFactory     : Creating shared instance of singleton bean 'emBeanDefinitionRegistrarPostProcessor'
2024-05-26T23:53:19.541+02:00 DEBUG 3612 --- [JWP-Winary] [           main] o.s.b.f.s.DefaultListableBeanFactory     : Creating shared instance of singleton bean 'org.springframework.boot.sql.init.dependency.DatabaseInitializationDependencyConfigurer$DependsOnDatabaseInitializationPostProcessor'
2024-05-26T23:53:19.592+02:00 DEBUG 3612 --- [JWP-Winary] [           main] o.s.b.f.s.DefaultListableBeanFactory     : Creating shared instance of singleton bean 'org.springframework.context.event.internalEventListenerProcessor'
2024-05-26T23:53:19.594+02:00 DEBUG 3612 --- [JWP-Winary] [           main] o.s.b.f.s.DefaultListableBeanFactory     : Creating shared instance of singleton bean 'conversionServicePostProcessor'
2024-05-26T23:53:19.603+02:00 DEBUG 3612 --- [JWP-Winary] [           main] o.s.b.f.s.DefaultListableBeanFactory     : Creating shared instance of singleton bean 'preserveErrorControllerTargetClassPostProcessor'
2024-05-26T23:53:19.604+02:00 DEBUG 3612 --- [JWP-Winary] [           main] o.s.b.f.s.DefaultListableBeanFactory     : Creating shared instance of singleton bean 'org.springframework.context.event.internalEventListenerFactory'
2024-05-26T23:53:19.605+02:00 DEBUG 3612 --- [JWP-Winary] [           main] o.s.b.f.s.DefaultListableBeanFactory     : Creating shared instance of singleton bean 'org.springframework.transaction.config.internalTransactionalEventListenerFactory'
2024-05-26T23:53:19.608+02:00 DEBUG 3612 --- [JWP-Winary] [           main] o.s.b.f.s.DefaultListableBeanFactory     : Creating shared instance of singleton bean 'org.springframework.boot.test.mock.mockito.MockitoPostProcessor$SpyPostProcessor'
2024-05-26T23:53:19.610+02:00 DEBUG 3612 --- [JWP-Winary] [           main] o.s.b.f.s.DefaultListableBeanFactory     : Creating shared instance of singleton bean 'org.springframework.context.annotation.internalAutowiredAnnotationProcessor'
2024-05-26T23:53:19.612+02:00 DEBUG 3612 --- [JWP-Winary] [           main] o.s.b.f.s.DefaultListableBeanFactory     : Creating shared instance of singleton bean 'org.springframework.context.annotation.internalCommonAnnotationProcessor'
2024-05-26T23:53:19.617+02:00 DEBUG 3612 --- [JWP-Winary] [           main] o.s.b.f.s.DefaultListableBeanFactory     : Creating shared instance of singleton bean 'org.springframework.context.annotation.internalPersistenceAnnotationProcessor'
2024-05-26T23:53:19.618+02:00 DEBUG 3612 --- [JWP-Winary] [           main] o.s.b.f.s.DefaultListableBeanFactory     : Creating shared instance of singleton bean 'org.springframework.boot.context.properties.ConfigurationPropertiesBindingPostProcessor'
2024-05-26T23:53:19.618+02:00 DEBUG 3612 --- [JWP-Winary] [           main] o.s.b.f.s.DefaultListableBeanFactory     : Creating shared instance of singleton bean 'org.springframework.boot.context.internalConfigurationPropertiesBinder'
2024-05-26T23:53:19.621+02:00 DEBUG 3612 --- [JWP-Winary] [           main] o.s.b.f.s.DefaultListableBeanFactory     : Creating shared instance of singleton bean 'jdbcConnectionDetailsHikariBeanPostProcessor'
2024-05-26T23:53:19.624+02:00 DEBUG 3612 --- [JWP-Winary] [           main] o.s.b.f.s.DefaultListableBeanFactory     : Creating shared instance of singleton bean 'org.springframework.aop.config.internalAutoProxyCreator'
2024-05-26T23:53:19.648+02:00 DEBUG 3612 --- [JWP-Winary] [           main] o.s.b.f.s.DefaultListableBeanFactory     : Creating shared instance of singleton bean 'persistenceExceptionTranslationPostProcessor'
2024-05-26T23:53:19.651+02:00 DEBUG 3612 --- [JWP-Winary] [           main] o.s.b.f.s.DefaultListableBeanFactory     : Autowiring by type from bean name 'persistenceExceptionTranslationPostProcessor' via factory method to bean named 'environment'
2024-05-26T23:53:19.655+02:00 DEBUG 3612 --- [JWP-Winary] [           main] o.s.b.f.s.DefaultListableBeanFactory     : Creating shared instance of singleton bean 'webServerFactoryCustomizerBeanPostProcessor'
2024-05-26T23:53:19.656+02:00 DEBUG 3612 --- [JWP-Winary] [           main] o.s.b.f.s.DefaultListableBeanFactory     : Creating shared instance of singleton bean 'errorPageRegistrarBeanPostProcessor'
2024-05-26T23:53:19.656+02:00 DEBUG 3612 --- [JWP-Winary] [           main] o.s.b.f.s.DefaultListableBeanFactory     : Creating shared instance of singleton bean 'projectingArgumentResolverBeanPostProcessor'
2024-05-26T23:53:19.657+02:00 DEBUG 3612 --- [JWP-Winary] [           main] o.s.b.f.s.DefaultListableBeanFactory     : Creating shared instance of singleton bean 'org.springframework.transaction.config.internalTransactionAdvisor'
2024-05-26T23:53:19.657+02:00 DEBUG 3612 --- [JWP-Winary] [           main] o.s.b.f.s.DefaultListableBeanFactory     : Creating shared instance of singleton bean 'org.springframework.transaction.annotation.ProxyTransactionManagementConfiguration'
2024-05-26T23:53:19.668+02:00 DEBUG 3612 --- [JWP-Winary] [           main] o.s.b.f.s.DefaultListableBeanFactory     : Creating shared instance of singleton bean 'transactionAttributeSource'
2024-05-26T23:53:19.669+02:00 DEBUG 3612 --- [JWP-Winary] [           main] o.s.b.f.s.DefaultListableBeanFactory     : Creating shared instance of singleton bean 'transactionInterceptor'
2024-05-26T23:53:19.670+02:00 DEBUG 3612 --- [JWP-Winary] [           main] o.s.b.f.s.DefaultListableBeanFactory     : Autowiring by type from bean name 'transactionInterceptor' via factory method to bean named 'transactionAttributeSource'
2024-05-26T23:53:19.676+02:00 DEBUG 3612 --- [JWP-Winary] [           main] o.s.b.f.s.DefaultListableBeanFactory     : Autowiring by type from bean name 'org.springframework.transaction.config.internalTransactionAdvisor' via factory method to bean named 'transactionAttributeSource'
2024-05-26T23:53:19.677+02:00 DEBUG 3612 --- [JWP-Winary] [           main] o.s.b.f.s.DefaultListableBeanFactory     : Autowiring by type from bean name 'org.springframework.transaction.config.internalTransactionAdvisor' via factory method to bean named 'transactionInterceptor'
2024-05-26T23:53:19.718+02:00 DEBUG 3612 --- [JWP-Winary] [           main] o.s.u.c.s.UiApplicationContextUtils      : Unable to locate ThemeSource with name 'themeSource': using default [org.springframework.ui.context.support.ResourceBundleThemeSource@220c9a63]
2024-05-26T23:53:19.721+02:00 DEBUG 3612 --- [JWP-Winary] [           main] o.s.b.f.s.DefaultListableBeanFactory     : Creating shared instance of singleton bean 'entityManagerFactory'
2024-05-26T23:53:19.724+02:00 DEBUG 3612 --- [JWP-Winary] [           main] o.s.b.f.s.DefaultListableBeanFactory     : Creating shared instance of singleton bean 'org.springframework.boot.autoconfigure.orm.jpa.HibernateJpaConfiguration'
2024-05-26T23:53:19.725+02:00 DEBUG 3612 --- [JWP-Winary] [           main] o.s.b.f.s.DefaultListableBeanFactory     : Creating shared instance of singleton bean 'dataSource'
2024-05-26T23:53:19.726+02:00 DEBUG 3612 --- [JWP-Winary] [           main] o.s.b.f.s.DefaultListableBeanFactory     : Creating shared instance of singleton bean 'org.springframework.boot.autoconfigure.jdbc.DataSourceConfiguration$Hikari'
2024-05-26T23:53:19.727+02:00 DEBUG 3612 --- [JWP-Winary] [           main] o.s.b.f.s.DefaultListableBeanFactory     : Creating shared instance of singleton bean 'spring.datasource-org.springframework.boot.autoconfigure.jdbc.DataSourceProperties'
2024-05-26T23:53:19.734+02:00 DEBUG 3612 --- [JWP-Winary] [           main] o.s.b.f.s.DefaultListableBeanFactory     : Creating shared instance of singleton bean 'org.springframework.boot.context.properties.BoundConfigurationProperties'
2024-05-26T23:53:19.773+02:00 DEBUG 3612 --- [JWP-Winary] [           main] o.s.b.f.s.DefaultListableBeanFactory     : Creating shared instance of singleton bean 'jdbcConnectionDetails'
2024-05-26T23:53:19.774+02:00 DEBUG 3612 --- [JWP-Winary] [           main] o.s.b.f.s.DefaultListableBeanFactory     : Creating shared instance of singleton bean 'org.springframework.boot.autoconfigure.jdbc.DataSourceAutoConfiguration$PooledDataSourceConfiguration'
2024-05-26T23:53:19.775+02:00 DEBUG 3612 --- [JWP-Winary] [           main] o.s.b.f.s.DefaultListableBeanFactory     : Autowiring by type from bean name 'jdbcConnectionDetails' via factory method to bean named 'spring.datasource-org.springframework.boot.autoconfigure.jdbc.DataSourceProperties'
2024-05-26T23:53:19.776+02:00 DEBUG 3612 --- [JWP-Winary] [           main] o.s.b.f.s.DefaultListableBeanFactory     : Autowiring by type from bean name 'dataSource' via factory method to bean named 'spring.datasource-org.springframework.boot.autoconfigure.jdbc.DataSourceProperties'
2024-05-26T23:53:19.776+02:00 DEBUG 3612 --- [JWP-Winary] [           main] o.s.b.f.s.DefaultListableBeanFactory     : Autowiring by type from bean name 'dataSource' via factory method to bean named 'jdbcConnectionDetails'
2024-05-26T23:53:19.779+02:00 DEBUG 3612 --- [JWP-Winary] [           main] com.zaxxer.hikari.HikariConfig           : Driver class org.h2.Driver found in Thread context class loader jdk.internal.loader.ClassLoaders$AppClassLoader@70dea4e
2024-05-26T23:53:19.800+02:00 DEBUG 3612 --- [JWP-Winary] [           main] o.s.b.f.s.DefaultListableBeanFactory     : Creating shared instance of singleton bean 'spring.jpa-org.springframework.boot.autoconfigure.orm.jpa.JpaProperties'
2024-05-26T23:53:19.804+02:00 DEBUG 3612 --- [JWP-Winary] [           main] o.s.b.f.s.DefaultListableBeanFactory     : Creating shared instance of singleton bean 'spring.jpa.hibernate-org.springframework.boot.autoconfigure.orm.jpa.HibernateProperties'
2024-05-26T23:53:19.806+02:00 DEBUG 3612 --- [JWP-Winary] [           main] o.s.b.f.s.DefaultListableBeanFactory     : Autowiring by type from bean name 'org.springframework.boot.autoconfigure.orm.jpa.HibernateJpaConfiguration' via constructor to bean named 'dataSource'
2024-05-26T23:53:19.806+02:00 DEBUG 3612 --- [JWP-Winary] [           main] o.s.b.f.s.DefaultListableBeanFactory     : Autowiring by type from bean name 'org.springframework.boot.autoconfigure.orm.jpa.HibernateJpaConfiguration' via constructor to bean named 'spring.jpa-org.springframework.boot.autoconfigure.orm.jpa.JpaProperties'
2024-05-26T23:53:19.806+02:00 DEBUG 3612 --- [JWP-Winary] [           main] o.s.b.f.s.DefaultListableBeanFactory     : Autowiring by type from bean name 'org.springframework.boot.autoconfigure.orm.jpa.HibernateJpaConfiguration' via constructor to bean named 'org.springframework.beans.factory.support.DefaultListableBeanFactory@46baf579'
2024-05-26T23:53:19.806+02:00 DEBUG 3612 --- [JWP-Winary] [           main] o.s.b.f.s.DefaultListableBeanFactory     : Autowiring by type from bean name 'org.springframework.boot.autoconfigure.orm.jpa.HibernateJpaConfiguration' via constructor to bean named 'spring.jpa.hibernate-org.springframework.boot.autoconfigure.orm.jpa.HibernateProperties'
2024-05-26T23:53:19.810+02:00 DEBUG 3612 --- [JWP-Winary] [           main] o.s.b.f.s.DefaultListableBeanFactory     : Creating shared instance of singleton bean 'hikariPoolDataSourceMetadataProvider'
2024-05-26T23:53:19.810+02:00 DEBUG 3612 --- [JWP-Winary] [           main] o.s.b.f.s.DefaultListableBeanFactory     : Creating shared instance of singleton bean 'org.springframework.boot.autoconfigure.jdbc.metadata.DataSourcePoolMetadataProvidersConfiguration$HikariPoolDataSourceMetadataProviderConfiguration'
2024-05-26T23:53:19.817+02:00 DEBUG 3612 --- [JWP-Winary] [           main] o.s.b.f.s.DefaultListableBeanFactory     : Creating shared instance of singleton bean 'entityManagerFactoryBuilder'
2024-05-26T23:53:19.818+02:00 DEBUG 3612 --- [JWP-Winary] [           main] o.s.b.f.s.DefaultListableBeanFactory     : Creating shared instance of singleton bean 'jpaVendorAdapter'
2024-05-26T23:53:19.835+02:00 DEBUG 3612 --- [JWP-Winary] [           main] org.jboss.logging                        : Logging Provider: org.jboss.logging.Slf4jLoggerProvider found via system property
2024-05-26T23:53:19.839+02:00 DEBUG 3612 --- [JWP-Winary] [           main] o.s.b.f.s.DefaultListableBeanFactory     : Autowiring by type from bean name 'entityManagerFactoryBuilder' via factory method to bean named 'jpaVendorAdapter'
2024-05-26T23:53:19.843+02:00 DEBUG 3612 --- [JWP-Winary] [           main] o.s.b.f.s.DefaultListableBeanFactory     : Creating shared instance of singleton bean 'persistenceManagedTypes'
2024-05-26T23:53:19.844+02:00 DEBUG 3612 --- [JWP-Winary] [           main] o.s.b.f.s.DefaultListableBeanFactory     : Autowiring by type from bean name 'persistenceManagedTypes' via factory method to bean named 'org.springframework.beans.factory.support.DefaultListableBeanFactory@46baf579'
2024-05-26T23:53:19.845+02:00 DEBUG 3612 --- [JWP-Winary] [           main] o.s.b.f.s.DefaultListableBeanFactory     : Autowiring by type from bean name 'persistenceManagedTypes' via factory method to bean named 'org.springframework.web.context.support.GenericWebApplicationContext@33c2bd'
2024-05-26T23:53:19.855+02:00 DEBUG 3612 --- [JWP-Winary] [           main] o.s.b.f.s.DefaultListableBeanFactory     : Autowiring by type from bean name 'entityManagerFactory' via factory method to bean named 'entityManagerFactoryBuilder'
2024-05-26T23:53:19.856+02:00 DEBUG 3612 --- [JWP-Winary] [           main] o.s.b.f.s.DefaultListableBeanFactory     : Autowiring by type from bean name 'entityManagerFactory' via factory method to bean named 'persistenceManagedTypes'
2024-05-26T23:53:19.878+02:00 DEBUG 3612 --- [JWP-Winary] [           main] j.LocalContainerEntityManagerFactoryBean : Building JPA container EntityManagerFactory for persistence unit 'default'
2024-05-26T23:53:19.907+02:00 DEBUG 3612 --- [JWP-Winary] [           main] o.hibernate.jpa.internal.util.LogHelper  : PersistenceUnitInfo [
	name: default
	persistence provider classname: null
	classloader: jdk.internal.loader.ClassLoaders$AppClassLoader@70dea4e
	excludeUnlistedClasses: true
	JTA datasource: null
	Non JTA datasource: HikariDataSource (null)
	Transaction type: RESOURCE_LOCAL
	PU root URL: file:/C:/Users/Isabelle/Desktop/VUA/Semestar6/JWP/JWP-Winary/target/test-classes/
	Shared Cache Mode: UNSPECIFIED
	Validation Mode: AUTO
	Jar files URLs []
	Managed classes names [
		hr.winary.webshop.jwpwinary.model.Category
		hr.winary.webshop.jwpwinary.model.Purchase
		hr.winary.webshop.jwpwinary.model.User
		hr.winary.webshop.jwpwinary.model.UserRole
		hr.winary.webshop.jwpwinary.model.Wine]
	Mapping files names []
	Properties []
2024-05-26T23:53:19.931+02:00 DEBUG 3612 --- [JWP-Winary] [           main] o.h.i.internal.IntegratorServiceImpl     : Adding Integrator [org.hibernate.boot.beanvalidation.BeanValidationIntegrator].
2024-05-26T23:53:19.933+02:00 DEBUG 3612 --- [JWP-Winary] [           main] o.h.i.internal.IntegratorServiceImpl     : Adding Integrator [org.hibernate.cache.internal.CollectionCacheInvalidator].
2024-05-26T23:53:20.017+02:00  INFO 3612 --- [JWP-Winary] [           main] org.hibernate.Version                    : HHH000412: Hibernate ORM core version 6.4.4.Final
2024-05-26T23:53:20.019+02:00 DEBUG 3612 --- [JWP-Winary] [           main] org.hibernate.cfg.Environment            : HHH000206: 'hibernate.properties' not found
2024-05-26T23:53:20.057+02:00 DEBUG 3612 --- [JWP-Winary] [           main] org.hibernate.orm.idgen.factory          : Registering IdentifierGenerator strategy [uuid2] -> [org.hibernate.id.UUIDGenerator]
2024-05-26T23:53:20.057+02:00 DEBUG 3612 --- [JWP-Winary] [           main] org.hibernate.orm.idgen.factory          : Registering IdentifierGenerator strategy [guid] -> [org.hibernate.id.GUIDGenerator]
2024-05-26T23:53:20.058+02:00 DEBUG 3612 --- [JWP-Winary] [           main] org.hibernate.orm.idgen.factory          : Registering IdentifierGenerator strategy [uuid] -> [org.hibernate.id.UUIDHexGenerator]
2024-05-26T23:53:20.058+02:00 DEBUG 3612 --- [JWP-Winary] [           main] org.hibernate.orm.idgen.factory          : Registering IdentifierGenerator strategy [uuid.hex] -> [org.hibernate.id.UUIDHexGenerator]
2024-05-26T23:53:20.059+02:00 DEBUG 3612 --- [JWP-Winary] [           main] org.hibernate.orm.idgen.factory          : Registering IdentifierGenerator strategy [assigned] -> [org.hibernate.id.Assigned]
2024-05-26T23:53:20.061+02:00 DEBUG 3612 --- [JWP-Winary] [           main] org.hibernate.orm.idgen.factory          : Registering IdentifierGenerator strategy [identity] -> [org.hibernate.id.IdentityGenerator]
2024-05-26T23:53:20.061+02:00 DEBUG 3612 --- [JWP-Winary] [           main] org.hibernate.orm.idgen.factory          : Registering IdentifierGenerator strategy [select] -> [org.hibernate.id.SelectGenerator]
2024-05-26T23:53:20.062+02:00 DEBUG 3612 --- [JWP-Winary] [           main] org.hibernate.orm.idgen.factory          : Registering IdentifierGenerator strategy [sequence] -> [org.hibernate.id.enhanced.SequenceStyleGenerator]
2024-05-26T23:53:20.063+02:00 DEBUG 3612 --- [JWP-Winary] [           main] org.hibernate.orm.idgen.factory          : Registering IdentifierGenerator strategy [increment] -> [org.hibernate.id.IncrementGenerator]
2024-05-26T23:53:20.064+02:00 DEBUG 3612 --- [JWP-Winary] [           main] org.hibernate.orm.idgen.factory          : Registering IdentifierGenerator strategy [foreign] -> [org.hibernate.id.ForeignGenerator]
2024-05-26T23:53:20.064+02:00 DEBUG 3612 --- [JWP-Winary] [           main] org.hibernate.orm.idgen.factory          : Registering IdentifierGenerator strategy [enhanced-sequence] -> [org.hibernate.id.enhanced.SequenceStyleGenerator]
2024-05-26T23:53:20.065+02:00 DEBUG 3612 --- [JWP-Winary] [           main] org.hibernate.orm.idgen.factory          : Registering IdentifierGenerator strategy [enhanced-table] -> [org.hibernate.id.enhanced.TableGenerator]
2024-05-26T23:53:20.076+02:00 DEBUG 3612 --- [JWP-Winary] [           main] o.h.c.internal.RegionFactoryInitiator    : Cannot default RegionFactory based on registered strategies as `[]` RegionFactory strategies were registered
2024-05-26T23:53:20.077+02:00  INFO 3612 --- [JWP-Winary] [           main] o.h.c.internal.RegionFactoryInitiator    : HHH000026: Second-level cache disabled
2024-05-26T23:53:20.209+02:00 DEBUG 3612 --- [JWP-Winary] [           main] org.hibernate.type.BasicTypeRegistry     : Adding type registration boolean -> org.hibernate.type.BasicTypeReference@8e99809
2024-05-26T23:53:20.209+02:00 DEBUG 3612 --- [JWP-Winary] [           main] org.hibernate.type.BasicTypeRegistry     : Adding type registration boolean -> org.hibernate.type.BasicTypeReference@8e99809
2024-05-26T23:53:20.209+02:00 DEBUG 3612 --- [JWP-Winary] [           main] org.hibernate.type.BasicTypeRegistry     : Adding type registration java.lang.Boolean -> org.hibernate.type.BasicTypeReference@8e99809
2024-05-26T23:53:20.209+02:00 DEBUG 3612 --- [JWP-Winary] [           main] org.hibernate.type.BasicTypeRegistry     : Adding type registration numeric_boolean -> org.hibernate.type.BasicTypeReference@e62319f
2024-05-26T23:53:20.209+02:00 DEBUG 3612 --- [JWP-Winary] [           main] org.hibernate.type.BasicTypeRegistry     : Adding type registration org.hibernate.type.NumericBooleanConverter -> org.hibernate.type.BasicTypeReference@e62319f
2024-05-26T23:53:20.210+02:00 DEBUG 3612 --- [JWP-Winary] [           main] org.hibernate.type.BasicTypeRegistry     : Adding type registration true_false -> org.hibernate.type.BasicTypeReference@4d354a3e
2024-05-26T23:53:20.210+02:00 DEBUG 3612 --- [JWP-Winary] [           main] org.hibernate.type.BasicTypeRegistry     : Adding type registration org.hibernate.type.TrueFalseConverter -> org.hibernate.type.BasicTypeReference@4d354a3e
2024-05-26T23:53:20.210+02:00 DEBUG 3612 --- [JWP-Winary] [           main] org.hibernate.type.BasicTypeRegistry     : Adding type registration yes_no -> org.hibernate.type.BasicTypeReference@24a0c58b
2024-05-26T23:53:20.211+02:00 DEBUG 3612 --- [JWP-Winary] [           main] org.hibernate.type.BasicTypeRegistry     : Adding type registration org.hibernate.type.YesNoConverter -> org.hibernate.type.BasicTypeReference@24a0c58b
2024-05-26T23:53:20.211+02:00 DEBUG 3612 --- [JWP-Winary] [           main] org.hibernate.type.BasicTypeRegistry     : Adding type registration byte -> org.hibernate.type.BasicTypeReference@604d28c6
2024-05-26T23:53:20.211+02:00 DEBUG 3612 --- [JWP-Winary] [           main] org.hibernate.type.BasicTypeRegistry     : Adding type registration byte -> org.hibernate.type.BasicTypeReference@604d28c6
2024-05-26T23:53:20.211+02:00 DEBUG 3612 --- [JWP-Winary] [           main] org.hibernate.type.BasicTypeRegistry     : Adding type registration java.lang.Byte -> org.hibernate.type.BasicTypeReference@604d28c6
2024-05-26T23:53:20.211+02:00 DEBUG 3612 --- [JWP-Winary] [           main] org.hibernate.type.BasicTypeRegistry     : Adding type registration binary -> org.hibernate.type.BasicTypeReference@7f3c0399
2024-05-26T23:53:20.211+02:00 DEBUG 3612 --- [JWP-Winary] [           main] org.hibernate.type.BasicTypeRegistry     : Adding type registration byte[] -> org.hibernate.type.BasicTypeReference@7f3c0399
2024-05-26T23:53:20.211+02:00 DEBUG 3612 --- [JWP-Winary] [           main] org.hibernate.type.BasicTypeRegistry     : Adding type registration [B -> org.hibernate.type.BasicTypeReference@7f3c0399
2024-05-26T23:53:20.212+02:00 DEBUG 3612 --- [JWP-Winary] [           main] org.hibernate.type.BasicTypeRegistry     : Adding type registration binary_wrapper -> org.hibernate.type.BasicTypeReference@183fc2fa
2024-05-26T23:53:20.212+02:00 DEBUG 3612 --- [JWP-Winary] [           main] org.hibernate.type.BasicTypeRegistry     : Adding type registration wrapper-binary -> org.hibernate.type.BasicTypeReference@183fc2fa
2024-05-26T23:53:20.212+02:00 DEBUG 3612 --- [JWP-Winary] [           main] org.hibernate.type.BasicTypeRegistry     : Adding type registration image -> org.hibernate.type.BasicTypeReference@3a11c0eb
2024-05-26T23:53:20.212+02:00 DEBUG 3612 --- [JWP-Winary] [           main] org.hibernate.type.BasicTypeRegistry     : Adding type registration blob -> org.hibernate.type.BasicTypeReference@3313d477
2024-05-26T23:53:20.212+02:00 DEBUG 3612 --- [JWP-Winary] [           main] org.hibernate.type.BasicTypeRegistry     : Adding type registration java.sql.Blob -> org.hibernate.type.BasicTypeReference@3313d477
2024-05-26T23:53:20.212+02:00 DEBUG 3612 --- [JWP-Winary] [           main] org.hibernate.type.BasicTypeRegistry     : Adding type registration materialized_blob -> org.hibernate.type.BasicTypeReference@2c2c3947
2024-05-26T23:53:20.212+02:00 DEBUG 3612 --- [JWP-Winary] [           main] org.hibernate.type.BasicTypeRegistry     : Adding type registration materialized_blob_wrapper -> org.hibernate.type.BasicTypeReference@4a62062a
2024-05-26T23:53:20.212+02:00 DEBUG 3612 --- [JWP-Winary] [           main] org.hibernate.type.BasicTypeRegistry     : Adding type registration short -> org.hibernate.type.BasicTypeReference@7ec08115
2024-05-26T23:53:20.212+02:00 DEBUG 3612 --- [JWP-Winary] [           main] org.hibernate.type.BasicTypeRegistry     : Adding type registration short -> org.hibernate.type.BasicTypeReference@7ec08115
2024-05-26T23:53:20.213+02:00 DEBUG 3612 --- [JWP-Winary] [           main] org.hibernate.type.BasicTypeRegistry     : Adding type registration java.lang.Short -> org.hibernate.type.BasicTypeReference@7ec08115
2024-05-26T23:53:20.213+02:00 DEBUG 3612 --- [JWP-Winary] [           main] org.hibernate.type.BasicTypeRegistry     : Adding type registration integer -> org.hibernate.type.BasicTypeReference@53dd42d6
2024-05-26T23:53:20.213+02:00 DEBUG 3612 --- [JWP-Winary] [           main] org.hibernate.type.BasicTypeRegistry     : Adding type registration int -> org.hibernate.type.BasicTypeReference@53dd42d6
2024-05-26T23:53:20.214+02:00 DEBUG 3612 --- [JWP-Winary] [           main] org.hibernate.type.BasicTypeRegistry     : Adding type registration java.lang.Integer -> org.hibernate.type.BasicTypeReference@53dd42d6
2024-05-26T23:53:20.214+02:00 DEBUG 3612 --- [JWP-Winary] [           main] org.hibernate.type.BasicTypeRegistry     : Adding type registration long -> org.hibernate.type.BasicTypeReference@1e76afeb
2024-05-26T23:53:20.214+02:00 DEBUG 3612 --- [JWP-Winary] [           main] org.hibernate.type.BasicTypeRegistry     : Adding type registration long -> org.hibernate.type.BasicTypeReference@1e76afeb
2024-05-26T23:53:20.214+02:00 DEBUG 3612 --- [JWP-Winary] [           main] org.hibernate.type.BasicTypeRegistry     : Adding type registration java.lang.Long -> org.hibernate.type.BasicTypeReference@1e76afeb
2024-05-26T23:53:20.214+02:00 DEBUG 3612 --- [JWP-Winary] [           main] org.hibernate.type.BasicTypeRegistry     : Adding type registration float -> org.hibernate.type.BasicTypeReference@447fa959
2024-05-26T23:53:20.215+02:00 DEBUG 3612 --- [JWP-Winary] [           main] org.hibernate.type.BasicTypeRegistry     : Adding type registration float -> org.hibernate.type.BasicTypeReference@447fa959
2024-05-26T23:53:20.215+02:00 DEBUG 3612 --- [JWP-Winary] [           main] org.hibernate.type.BasicTypeRegistry     : Adding type registration java.lang.Float -> org.hibernate.type.BasicTypeReference@447fa959
2024-05-26T23:53:20.215+02:00 DEBUG 3612 --- [JWP-Winary] [           main] org.hibernate.type.BasicTypeRegistry     : Adding type registration double -> org.hibernate.type.BasicTypeReference@3e4d40ea
2024-05-26T23:53:20.215+02:00 DEBUG 3612 --- [JWP-Winary] [           main] org.hibernate.type.BasicTypeRegistry     : Adding type registration double -> org.hibernate.type.BasicTypeReference@3e4d40ea
2024-05-26T23:53:20.215+02:00 DEBUG 3612 --- [JWP-Winary] [           main] org.hibernate.type.BasicTypeRegistry     : Adding type registration java.lang.Double -> org.hibernate.type.BasicTypeReference@3e4d40ea
2024-05-26T23:53:20.216+02:00 DEBUG 3612 --- [JWP-Winary] [           main] org.hibernate.type.BasicTypeRegistry     : Adding type registration big_integer -> org.hibernate.type.BasicTypeReference@73f6e07
2024-05-26T23:53:20.216+02:00 DEBUG 3612 --- [JWP-Winary] [           main] org.hibernate.type.BasicTypeRegistry     : Adding type registration java.math.BigInteger -> org.hibernate.type.BasicTypeReference@73f6e07
2024-05-26T23:53:20.216+02:00 DEBUG 3612 --- [JWP-Winary] [           main] org.hibernate.type.BasicTypeRegistry     : Adding type registration big_decimal -> org.hibernate.type.BasicTypeReference@2c9d90fc
2024-05-26T23:53:20.216+02:00 DEBUG 3612 --- [JWP-Winary] [           main] org.hibernate.type.BasicTypeRegistry     : Adding type registration java.math.BigDecimal -> org.hibernate.type.BasicTypeReference@2c9d90fc
2024-05-26T23:53:20.216+02:00 DEBUG 3612 --- [JWP-Winary] [           main] org.hibernate.type.BasicTypeRegistry     : Adding type registration character -> org.hibernate.type.BasicTypeReference@1511d157
2024-05-26T23:53:20.217+02:00 DEBUG 3612 --- [JWP-Winary] [           main] org.hibernate.type.BasicTypeRegistry     : Adding type registration char -> org.hibernate.type.BasicTypeReference@1511d157
2024-05-26T23:53:20.217+02:00 DEBUG 3612 --- [JWP-Winary] [           main] org.hibernate.type.BasicTypeRegistry     : Adding type registration java.lang.Character -> org.hibernate.type.BasicTypeReference@1511d157
2024-05-26T23:53:20.217+02:00 DEBUG 3612 --- [JWP-Winary] [           main] org.hibernate.type.BasicTypeRegistry     : Adding type registration character_nchar -> org.hibernate.type.BasicTypeReference@418f890f
2024-05-26T23:53:20.217+02:00 DEBUG 3612 --- [JWP-Winary] [           main] org.hibernate.type.BasicTypeRegistry     : Adding type registration string -> org.hibernate.type.BasicTypeReference@3d3c886f
2024-05-26T23:53:20.217+02:00 DEBUG 3612 --- [JWP-Winary] [           main] org.hibernate.type.BasicTypeRegistry     : Adding type registration java.lang.String -> org.hibernate.type.BasicTypeReference@3d3c886f
2024-05-26T23:53:20.217+02:00 DEBUG 3612 --- [JWP-Winary] [           main] org.hibernate.type.BasicTypeRegistry     : Adding type registration nstring -> org.hibernate.type.BasicTypeReference@7d66e544
2024-05-26T23:53:20.217+02:00 DEBUG 3612 --- [JWP-Winary] [           main] org.hibernate.type.BasicTypeRegistry     : Adding type registration characters -> org.hibernate.type.BasicTypeReference@666618d6
2024-05-26T23:53:20.217+02:00 DEBUG 3612 --- [JWP-Winary] [           main] org.hibernate.type.BasicTypeRegistry     : Adding type registration char[] -> org.hibernate.type.BasicTypeReference@666618d6
2024-05-26T23:53:20.217+02:00 DEBUG 3612 --- [JWP-Winary] [           main] org.hibernate.type.BasicTypeRegistry     : Adding type registration [C -> org.hibernate.type.BasicTypeReference@666618d6
2024-05-26T23:53:20.218+02:00 DEBUG 3612 --- [JWP-Winary] [           main] org.hibernate.type.BasicTypeRegistry     : Adding type registration wrapper-characters -> org.hibernate.type.BasicTypeReference@5b1c32e4
2024-05-26T23:53:20.218+02:00 DEBUG 3612 --- [JWP-Winary] [           main] org.hibernate.type.BasicTypeRegistry     : Adding type registration text -> org.hibernate.type.BasicTypeReference@2bab618
2024-05-26T23:53:20.218+02:00 DEBUG 3612 --- [JWP-Winary] [           main] org.hibernate.type.BasicTypeRegistry     : Adding type registration ntext -> org.hibernate.type.BasicTypeReference@48bc2fce
2024-05-26T23:53:20.218+02:00 DEBUG 3612 --- [JWP-Winary] [           main] org.hibernate.type.BasicTypeRegistry     : Adding type registration clob -> org.hibernate.type.BasicTypeReference@1eca3ea7
2024-05-26T23:53:20.218+02:00 DEBUG 3612 --- [JWP-Winary] [           main] org.hibernate.type.BasicTypeRegistry     : Adding type registration java.sql.Clob -> org.hibernate.type.BasicTypeReference@1eca3ea7
2024-05-26T23:53:20.218+02:00 DEBUG 3612 --- [JWP-Winary] [           main] org.hibernate.type.BasicTypeRegistry     : Adding type registration nclob -> org.hibernate.type.BasicTypeReference@24fba488
2024-05-26T23:53:20.218+02:00 DEBUG 3612 --- [JWP-Winary] [           main] org.hibernate.type.BasicTypeRegistry     : Adding type registration java.sql.NClob -> org.hibernate.type.BasicTypeReference@24fba488
2024-05-26T23:53:20.218+02:00 DEBUG 3612 --- [JWP-Winary] [           main] org.hibernate.type.BasicTypeRegistry     : Adding type registration materialized_clob -> org.hibernate.type.BasicTypeReference@73a6cc79
2024-05-26T23:53:20.218+02:00 DEBUG 3612 --- [JWP-Winary] [           main] org.hibernate.type.BasicTypeRegistry     : Adding type registration materialized_clob_char_array -> org.hibernate.type.BasicTypeReference@5a4d4f9c
2024-05-26T23:53:20.219+02:00 DEBUG 3612 --- [JWP-Winary] [           main] org.hibernate.type.BasicTypeRegistry     : Adding type registration materialized_clob_character_array -> org.hibernate.type.BasicTypeReference@153d6d74
2024-05-26T23:53:20.219+02:00 DEBUG 3612 --- [JWP-Winary] [           main] org.hibernate.type.BasicTypeRegistry     : Adding type registration materialized_nclob -> org.hibernate.type.BasicTypeReference@6c9b44bf
2024-05-26T23:53:20.219+02:00 DEBUG 3612 --- [JWP-Winary] [           main] org.hibernate.type.BasicTypeRegistry     : Adding type registration materialized_nclob_character_array -> org.hibernate.type.BasicTypeReference@299b9851
2024-05-26T23:53:20.219+02:00 DEBUG 3612 --- [JWP-Winary] [           main] org.hibernate.type.BasicTypeRegistry     : Adding type registration materialized_nclob_char_array -> org.hibernate.type.BasicTypeReference@191a0351
2024-05-26T23:53:20.219+02:00 DEBUG 3612 --- [JWP-Winary] [           main] org.hibernate.type.BasicTypeRegistry     : Adding type registration Duration -> org.hibernate.type.BasicTypeReference@67328bcb
2024-05-26T23:53:20.219+02:00 DEBUG 3612 --- [JWP-Winary] [           main] org.hibernate.type.BasicTypeRegistry     : Adding type registration java.time.Duration -> org.hibernate.type.BasicTypeReference@67328bcb
2024-05-26T23:53:20.219+02:00 DEBUG 3612 --- [JWP-Winary] [           main] org.hibernate.type.BasicTypeRegistry     : Adding type registration LocalDateTime -> org.hibernate.type.BasicTypeReference@51ba952e
2024-05-26T23:53:20.219+02:00 DEBUG 3612 --- [JWP-Winary] [           main] org.hibernate.type.BasicTypeRegistry     : Adding type registration java.time.LocalDateTime -> org.hibernate.type.BasicTypeReference@51ba952e
2024-05-26T23:53:20.220+02:00 DEBUG 3612 --- [JWP-Winary] [           main] org.hibernate.type.BasicTypeRegistry     : Adding type registration LocalDate -> org.hibernate.type.BasicTypeReference@2416c658
2024-05-26T23:53:20.220+02:00 DEBUG 3612 --- [JWP-Winary] [           main] org.hibernate.type.BasicTypeRegistry     : Adding type registration java.time.LocalDate -> org.hibernate.type.BasicTypeReference@2416c658
2024-05-26T23:53:20.220+02:00 DEBUG 3612 --- [JWP-Winary] [           main] org.hibernate.type.BasicTypeRegistry     : Adding type registration LocalTime -> org.hibernate.type.BasicTypeReference@6d5f4900
2024-05-26T23:53:20.220+02:00 DEBUG 3612 --- [JWP-Winary] [           main] org.hibernate.type.BasicTypeRegistry     : Adding type registration java.time.LocalTime -> org.hibernate.type.BasicTypeReference@6d5f4900
2024-05-26T23:53:20.220+02:00 DEBUG 3612 --- [JWP-Winary] [           main] org.hibernate.type.BasicTypeRegistry     : Adding type registration OffsetDateTime -> org.hibernate.type.BasicTypeReference@1e40fbb3
2024-05-26T23:53:20.220+02:00 DEBUG 3612 --- [JWP-Winary] [           main] org.hibernate.type.BasicTypeRegistry     : Adding type registration java.time.OffsetDateTime -> org.hibernate.type.BasicTypeReference@1e40fbb3
2024-05-26T23:53:20.220+02:00 DEBUG 3612 --- [JWP-Winary] [           main] org.hibernate.type.BasicTypeRegistry     : Adding type registration OffsetDateTimeWithTimezone -> org.hibernate.type.BasicTypeReference@1b560eb0
2024-05-26T23:53:20.220+02:00 DEBUG 3612 --- [JWP-Winary] [           main] org.hibernate.type.BasicTypeRegistry     : Adding type registration OffsetDateTimeWithoutTimezone -> org.hibernate.type.BasicTypeReference@9e02f84
2024-05-26T23:53:20.220+02:00 DEBUG 3612 --- [JWP-Winary] [           main] org.hibernate.type.BasicTypeRegistry     : Adding type registration OffsetTime -> org.hibernate.type.BasicTypeReference@1e6060f1
2024-05-26T23:53:20.220+02:00 DEBUG 3612 --- [JWP-Winary] [           main] org.hibernate.type.BasicTypeRegistry     : Adding type registration java.time.OffsetTime -> org.hibernate.type.BasicTypeReference@1e6060f1
2024-05-26T23:53:20.221+02:00 DEBUG 3612 --- [JWP-Winary] [           main] org.hibernate.type.BasicTypeRegistry     : Adding type registration OffsetTimeUtc -> org.hibernate.type.BasicTypeReference@7e49ded
2024-05-26T23:53:20.221+02:00 DEBUG 3612 --- [JWP-Winary] [           main] org.hibernate.type.BasicTypeRegistry     : Adding type registration OffsetTimeWithTimezone -> org.hibernate.type.BasicTypeReference@2c6c302f
2024-05-26T23:53:20.221+02:00 DEBUG 3612 --- [JWP-Winary] [           main] org.hibernate.type.BasicTypeRegistry     : Adding type registration OffsetTimeWithoutTimezone -> org.hibernate.type.BasicTypeReference@2478b629
2024-05-26T23:53:20.221+02:00 DEBUG 3612 --- [JWP-Winary] [           main] org.hibernate.type.BasicTypeRegistry     : Adding type registration ZonedDateTime -> org.hibernate.type.BasicTypeReference@39023dbf
2024-05-26T23:53:20.221+02:00 DEBUG 3612 --- [JWP-Winary] [           main] org.hibernate.type.BasicTypeRegistry     : Adding type registration java.time.ZonedDateTime -> org.hibernate.type.BasicTypeReference@39023dbf
2024-05-26T23:53:20.221+02:00 DEBUG 3612 --- [JWP-Winary] [           main] org.hibernate.type.BasicTypeRegistry     : Adding type registration ZonedDateTimeWithTimezone -> org.hibernate.type.BasicTypeReference@1a2ac487
2024-05-26T23:53:20.221+02:00 DEBUG 3612 --- [JWP-Winary] [           main] org.hibernate.type.BasicTypeRegistry     : Adding type registration ZonedDateTimeWithoutTimezone -> org.hibernate.type.BasicTypeReference@570a62a5
2024-05-26T23:53:20.221+02:00 DEBUG 3612 --- [JWP-Winary] [           main] org.hibernate.type.BasicTypeRegistry     : Adding type registration date -> org.hibernate.type.BasicTypeReference@36224f93
2024-05-26T23:53:20.221+02:00 DEBUG 3612 --- [JWP-Winary] [           main] org.hibernate.type.BasicTypeRegistry     : Adding type registration java.sql.Date -> org.hibernate.type.BasicTypeReference@36224f93
2024-05-26T23:53:20.221+02:00 DEBUG 3612 --- [JWP-Winary] [           main] org.hibernate.type.BasicTypeRegistry     : Adding type registration time -> org.hibernate.type.BasicTypeReference@1ee5632d
2024-05-26T23:53:20.221+02:00 DEBUG 3612 --- [JWP-Winary] [           main] org.hibernate.type.BasicTypeRegistry     : Adding type registration java.sql.Time -> org.hibernate.type.BasicTypeReference@1ee5632d
2024-05-26T23:53:20.221+02:00 DEBUG 3612 --- [JWP-Winary] [           main] org.hibernate.type.BasicTypeRegistry     : Adding type registration timestamp -> org.hibernate.type.BasicTypeReference@52a7928a
2024-05-26T23:53:20.221+02:00 DEBUG 3612 --- [JWP-Winary] [           main] org.hibernate.type.BasicTypeRegistry     : Adding type registration java.sql.Timestamp -> org.hibernate.type.BasicTypeReference@52a7928a
2024-05-26T23:53:20.222+02:00 DEBUG 3612 --- [JWP-Winary] [           main] org.hibernate.type.BasicTypeRegistry     : Adding type registration java.util.Date -> org.hibernate.type.BasicTypeReference@52a7928a
2024-05-26T23:53:20.222+02:00 DEBUG 3612 --- [JWP-Winary] [           main] org.hibernate.type.BasicTypeRegistry     : Adding type registration calendar -> org.hibernate.type.BasicTypeReference@563ccd31
2024-05-26T23:53:20.222+02:00 DEBUG 3612 --- [JWP-Winary] [           main] org.hibernate.type.BasicTypeRegistry     : Adding type registration java.util.Calendar -> org.hibernate.type.BasicTypeReference@563ccd31
2024-05-26T23:53:20.222+02:00 DEBUG 3612 --- [JWP-Winary] [           main] org.hibernate.type.BasicTypeRegistry     : Adding type registration java.util.GregorianCalendar -> org.hibernate.type.BasicTypeReference@563ccd31
2024-05-26T23:53:20.222+02:00 DEBUG 3612 --- [JWP-Winary] [           main] org.hibernate.type.BasicTypeRegistry     : Adding type registration calendar_date -> org.hibernate.type.BasicTypeReference@72465eb2
2024-05-26T23:53:20.222+02:00 DEBUG 3612 --- [JWP-Winary] [           main] org.hibernate.type.BasicTypeRegistry     : Adding type registration calendar_time -> org.hibernate.type.BasicTypeReference@478fb7dc
2024-05-26T23:53:20.222+02:00 DEBUG 3612 --- [JWP-Winary] [           main] org.hibernate.type.BasicTypeRegistry     : Adding type registration instant -> org.hibernate.type.BasicTypeReference@29d25e65
2024-05-26T23:53:20.223+02:00 DEBUG 3612 --- [JWP-Winary] [           main] org.hibernate.type.BasicTypeRegistry     : Adding type registration java.time.Instant -> org.hibernate.type.BasicTypeReference@29d25e65
2024-05-26T23:53:20.223+02:00 DEBUG 3612 --- [JWP-Winary] [           main] org.hibernate.type.BasicTypeRegistry     : Adding type registration uuid -> org.hibernate.type.BasicTypeReference@19b75b2b
2024-05-26T23:53:20.223+02:00 DEBUG 3612 --- [JWP-Winary] [           main] org.hibernate.type.BasicTypeRegistry     : Adding type registration java.util.UUID -> org.hibernate.type.BasicTypeReference@19b75b2b
2024-05-26T23:53:20.223+02:00 DEBUG 3612 --- [JWP-Winary] [           main] org.hibernate.type.BasicTypeRegistry     : Adding type registration pg-uuid -> org.hibernate.type.BasicTypeReference@19b75b2b
2024-05-26T23:53:20.223+02:00 DEBUG 3612 --- [JWP-Winary] [           main] org.hibernate.type.BasicTypeRegistry     : Adding type registration uuid-binary -> org.hibernate.type.BasicTypeReference@59c43561
2024-05-26T23:53:20.223+02:00 DEBUG 3612 --- [JWP-Winary] [           main] org.hibernate.type.BasicTypeRegistry     : Adding type registration uuid-char -> org.hibernate.type.BasicTypeReference@634f58d2
2024-05-26T23:53:20.223+02:00 DEBUG 3612 --- [JWP-Winary] [           main] org.hibernate.type.BasicTypeRegistry     : Adding type registration class -> org.hibernate.type.BasicTypeReference@585513a8
2024-05-26T23:53:20.223+02:00 DEBUG 3612 --- [JWP-Winary] [           main] org.hibernate.type.BasicTypeRegistry     : Adding type registration java.lang.Class -> org.hibernate.type.BasicTypeReference@585513a8
2024-05-26T23:53:20.223+02:00 DEBUG 3612 --- [JWP-Winary] [           main] org.hibernate.type.BasicTypeRegistry     : Adding type registration currency -> org.hibernate.type.BasicTypeReference@7b18658a
2024-05-26T23:53:20.224+02:00 DEBUG 3612 --- [JWP-Winary] [           main] org.hibernate.type.BasicTypeRegistry     : Adding type registration Currency -> org.hibernate.type.BasicTypeReference@7b18658a
2024-05-26T23:53:20.224+02:00 DEBUG 3612 --- [JWP-Winary] [           main] org.hibernate.type.BasicTypeRegistry     : Adding type registration java.util.Currency -> org.hibernate.type.BasicTypeReference@7b18658a
2024-05-26T23:53:20.224+02:00 DEBUG 3612 --- [JWP-Winary] [           main] org.hibernate.type.BasicTypeRegistry     : Adding type registration locale -> org.hibernate.type.BasicTypeReference@1a1f79ce
2024-05-26T23:53:20.224+02:00 DEBUG 3612 --- [JWP-Winary] [           main] org.hibernate.type.BasicTypeRegistry     : Adding type registration java.util.Locale -> org.hibernate.type.BasicTypeReference@1a1f79ce
2024-05-26T23:53:20.224+02:00 DEBUG 3612 --- [JWP-Winary] [           main] org.hibernate.type.BasicTypeRegistry     : Adding type registration serializable -> org.hibernate.type.BasicTypeReference@6aa7e176
2024-05-26T23:53:20.225+02:00 DEBUG 3612 --- [JWP-Winary] [           main] org.hibernate.type.BasicTypeRegistry     : Adding type registration java.io.Serializable -> org.hibernate.type.BasicTypeReference@6aa7e176
2024-05-26T23:53:20.225+02:00 DEBUG 3612 --- [JWP-Winary] [           main] org.hibernate.type.BasicTypeRegistry     : Adding type registration timezone -> org.hibernate.type.BasicTypeReference@52abed9d
2024-05-26T23:53:20.225+02:00 DEBUG 3612 --- [JWP-Winary] [           main] org.hibernate.type.BasicTypeRegistry     : Adding type registration java.util.TimeZone -> org.hibernate.type.BasicTypeReference@52abed9d
2024-05-26T23:53:20.225+02:00 DEBUG 3612 --- [JWP-Winary] [           main] org.hibernate.type.BasicTypeRegistry     : Adding type registration ZoneOffset -> org.hibernate.type.BasicTypeReference@281b2dfd
2024-05-26T23:53:20.225+02:00 DEBUG 3612 --- [JWP-Winary] [           main] org.hibernate.type.BasicTypeRegistry     : Adding type registration java.time.ZoneOffset -> org.hibernate.type.BasicTypeReference@281b2dfd
2024-05-26T23:53:20.225+02:00 DEBUG 3612 --- [JWP-Winary] [           main] org.hibernate.type.BasicTypeRegistry     : Adding type registration url -> org.hibernate.type.BasicTypeReference@492be039
2024-05-26T23:53:20.225+02:00 DEBUG 3612 --- [JWP-Winary] [           main] org.hibernate.type.BasicTypeRegistry     : Adding type registration java.net.URL -> org.hibernate.type.BasicTypeReference@492be039
2024-05-26T23:53:20.225+02:00 DEBUG 3612 --- [JWP-Winary] [           main] org.hibernate.type.BasicTypeRegistry     : Adding type registration vector -> org.hibernate.type.BasicTypeReference@1cd2143b
2024-05-26T23:53:20.225+02:00 DEBUG 3612 --- [JWP-Winary] [           main] org.hibernate.type.BasicTypeRegistry     : Adding type registration row_version -> org.hibernate.type.BasicTypeReference@1118d539
2024-05-26T23:53:20.231+02:00 DEBUG 3612 --- [JWP-Winary] [           main] org.hibernate.type.BasicTypeRegistry     : Adding type registration object -> org.hibernate.type.JavaObjectType@637c840d
2024-05-26T23:53:20.232+02:00 DEBUG 3612 --- [JWP-Winary] [           main] org.hibernate.type.BasicTypeRegistry     : Adding type registration java.lang.Object -> org.hibernate.type.JavaObjectType@637c840d
2024-05-26T23:53:20.234+02:00 DEBUG 3612 --- [JWP-Winary] [           main] org.hibernate.type.BasicTypeRegistry     : Adding type registration null -> org.hibernate.type.NullType@512abf25
2024-05-26T23:53:20.234+02:00 DEBUG 3612 --- [JWP-Winary] [           main] org.hibernate.type.BasicTypeRegistry     : Adding type registration imm_date -> org.hibernate.type.BasicTypeReference@515ab3f2
2024-05-26T23:53:20.234+02:00 DEBUG 3612 --- [JWP-Winary] [           main] org.hibernate.type.BasicTypeRegistry     : Adding type registration imm_time -> org.hibernate.type.BasicTypeReference@6d0e45a5
2024-05-26T23:53:20.235+02:00 DEBUG 3612 --- [JWP-Winary] [           main] org.hibernate.type.BasicTypeRegistry     : Adding type registration imm_timestamp -> org.hibernate.type.BasicTypeReference@7e7740a5
2024-05-26T23:53:20.235+02:00 DEBUG 3612 --- [JWP-Winary] [           main] org.hibernate.type.BasicTypeRegistry     : Adding type registration imm_calendar -> org.hibernate.type.BasicTypeReference@7aa01bd9
2024-05-26T23:53:20.235+02:00 DEBUG 3612 --- [JWP-Winary] [           main] org.hibernate.type.BasicTypeRegistry     : Adding type registration imm_calendar_date -> org.hibernate.type.BasicTypeReference@7e61e25c
2024-05-26T23:53:20.235+02:00 DEBUG 3612 --- [JWP-Winary] [           main] org.hibernate.type.BasicTypeRegistry     : Adding type registration imm_calendar_time -> org.hibernate.type.BasicTypeReference@615db358
2024-05-26T23:53:20.235+02:00 DEBUG 3612 --- [JWP-Winary] [           main] org.hibernate.type.BasicTypeRegistry     : Adding type registration imm_binary -> org.hibernate.type.BasicTypeReference@256bb5be
2024-05-26T23:53:20.235+02:00 DEBUG 3612 --- [JWP-Winary] [           main] org.hibernate.type.BasicTypeRegistry     : Adding type registration imm_serializable -> org.hibernate.type.BasicTypeReference@5fef0c19
2024-05-26T23:53:20.241+02:00 DEBUG 3612 --- [JWP-Winary] [           main] o.h.boot.internal.BootstrapContextImpl   : Injecting JPA temp ClassLoader [org.springframework.instrument.classloading.SimpleThrowawayClassLoader@350da119] into BootstrapContext; was [null]
2024-05-26T23:53:20.241+02:00 DEBUG 3612 --- [JWP-Winary] [           main] o.h.boot.internal.ClassLoaderAccessImpl  : ClassLoaderAccessImpl#injectTempClassLoader(org.springframework.instrument.classloading.SimpleThrowawayClassLoader@350da119) [was null]
2024-05-26T23:53:20.242+02:00 DEBUG 3612 --- [JWP-Winary] [           main] o.h.boot.internal.BootstrapContextImpl   : Injecting ScanEnvironment [org.hibernate.jpa.boot.internal.StandardJpaScanEnvironmentImpl@285a4fe3] into BootstrapContext; was [null]
2024-05-26T23:53:20.242+02:00 DEBUG 3612 --- [JWP-Winary] [           main] o.h.boot.internal.BootstrapContextImpl   : Injecting ScanOptions [org.hibernate.boot.archive.scan.internal.StandardScanOptions@2589d787] into BootstrapContext; was [org.hibernate.boot.archive.scan.internal.StandardScanOptions@1788cb61]
2024-05-26T23:53:20.478+02:00  INFO 3612 --- [JWP-Winary] [           main] o.s.o.j.p.SpringPersistenceUnitInfo      : No LoadTimeWeaver setup: ignoring JPA class transformer
2024-05-26T23:53:20.478+02:00 DEBUG 3612 --- [JWP-Winary] [           main] o.h.boot.internal.BootstrapContextImpl   : Injecting JPA temp ClassLoader [null] into BootstrapContext; was [org.springframework.instrument.classloading.SimpleThrowawayClassLoader@350da119]
2024-05-26T23:53:20.478+02:00 DEBUG 3612 --- [JWP-Winary] [           main] o.h.boot.internal.ClassLoaderAccessImpl  : ClassLoaderAccessImpl#injectTempClassLoader(null) [was org.springframework.instrument.classloading.SimpleThrowawayClassLoader@350da119]
2024-05-26T23:53:20.514+02:00 DEBUG 3612 --- [JWP-Winary] [           main] com.zaxxer.hikari.HikariConfig           : HikariPool-1 - configuration:
2024-05-26T23:53:20.519+02:00 DEBUG 3612 --- [JWP-Winary] [           main] com.zaxxer.hikari.HikariConfig           : allowPoolSuspension.............false
2024-05-26T23:53:20.519+02:00 DEBUG 3612 --- [JWP-Winary] [           main] com.zaxxer.hikari.HikariConfig           : autoCommit......................true
2024-05-26T23:53:20.520+02:00 DEBUG 3612 --- [JWP-Winary] [           main] com.zaxxer.hikari.HikariConfig           : catalog.........................none
2024-05-26T23:53:20.520+02:00 DEBUG 3612 --- [JWP-Winary] [           main] com.zaxxer.hikari.HikariConfig           : connectionInitSql...............none
2024-05-26T23:53:20.520+02:00 DEBUG 3612 --- [JWP-Winary] [           main] com.zaxxer.hikari.HikariConfig           : connectionTestQuery.............none
2024-05-26T23:53:20.521+02:00 DEBUG 3612 --- [JWP-Winary] [           main] com.zaxxer.hikari.HikariConfig           : connectionTimeout...............30000
2024-05-26T23:53:20.521+02:00 DEBUG 3612 --- [JWP-Winary] [           main] com.zaxxer.hikari.HikariConfig           : dataSource......................none
2024-05-26T23:53:20.521+02:00 DEBUG 3612 --- [JWP-Winary] [           main] com.zaxxer.hikari.HikariConfig           : dataSourceClassName.............none
2024-05-26T23:53:20.521+02:00 DEBUG 3612 --- [JWP-Winary] [           main] com.zaxxer.hikari.HikariConfig           : dataSourceJNDI..................none
2024-05-26T23:53:20.522+02:00 DEBUG 3612 --- [JWP-Winary] [           main] com.zaxxer.hikari.HikariConfig           : dataSourceProperties............{password=<masked>}
2024-05-26T23:53:20.522+02:00 DEBUG 3612 --- [JWP-Winary] [           main] com.zaxxer.hikari.HikariConfig           : driverClassName................."org.h2.Driver"
2024-05-26T23:53:20.522+02:00 DEBUG 3612 --- [JWP-Winary] [           main] com.zaxxer.hikari.HikariConfig           : exceptionOverrideClassName......none
2024-05-26T23:53:20.522+02:00 DEBUG 3612 --- [JWP-Winary] [           main] com.zaxxer.hikari.HikariConfig           : healthCheckProperties...........{}
2024-05-26T23:53:20.522+02:00 DEBUG 3612 --- [JWP-Winary] [           main] com.zaxxer.hikari.HikariConfig           : healthCheckRegistry.............none
2024-05-26T23:53:20.522+02:00 DEBUG 3612 --- [JWP-Winary] [           main] com.zaxxer.hikari.HikariConfig           : idleTimeout.....................600000
2024-05-26T23:53:20.522+02:00 DEBUG 3612 --- [JWP-Winary] [           main] com.zaxxer.hikari.HikariConfig           : initializationFailTimeout.......1
2024-05-26T23:53:20.523+02:00 DEBUG 3612 --- [JWP-Winary] [           main] com.zaxxer.hikari.HikariConfig           : isolateInternalQueries..........false
2024-05-26T23:53:20.523+02:00 DEBUG 3612 --- [JWP-Winary] [           main] com.zaxxer.hikari.HikariConfig           : jdbcUrl.........................jdbc:h2:mem:winesdb
2024-05-26T23:53:20.523+02:00 DEBUG 3612 --- [JWP-Winary] [           main] com.zaxxer.hikari.HikariConfig           : keepaliveTime...................0
2024-05-26T23:53:20.523+02:00 DEBUG 3612 --- [JWP-Winary] [           main] com.zaxxer.hikari.HikariConfig           : leakDetectionThreshold..........0
2024-05-26T23:53:20.523+02:00 DEBUG 3612 --- [JWP-Winary] [           main] com.zaxxer.hikari.HikariConfig           : maxLifetime.....................1800000
2024-05-26T23:53:20.523+02:00 DEBUG 3612 --- [JWP-Winary] [           main] com.zaxxer.hikari.HikariConfig           : maximumPoolSize.................10
2024-05-26T23:53:20.523+02:00 DEBUG 3612 --- [JWP-Winary] [           main] com.zaxxer.hikari.HikariConfig           : metricRegistry..................none
2024-05-26T23:53:20.524+02:00 DEBUG 3612 --- [JWP-Winary] [           main] com.zaxxer.hikari.HikariConfig           : metricsTrackerFactory...........none
2024-05-26T23:53:20.524+02:00 DEBUG 3612 --- [JWP-Winary] [           main] com.zaxxer.hikari.HikariConfig           : minimumIdle.....................10
2024-05-26T23:53:20.524+02:00 DEBUG 3612 --- [JWP-Winary] [           main] com.zaxxer.hikari.HikariConfig           : password........................<masked>
2024-05-26T23:53:20.524+02:00 DEBUG 3612 --- [JWP-Winary] [           main] com.zaxxer.hikari.HikariConfig           : poolName........................"HikariPool-1"
2024-05-26T23:53:20.524+02:00 DEBUG 3612 --- [JWP-Winary] [           main] com.zaxxer.hikari.HikariConfig           : readOnly........................false
2024-05-26T23:53:20.524+02:00 DEBUG 3612 --- [JWP-Winary] [           main] com.zaxxer.hikari.HikariConfig           : registerMbeans..................false
2024-05-26T23:53:20.524+02:00 DEBUG 3612 --- [JWP-Winary] [           main] com.zaxxer.hikari.HikariConfig           : scheduledExecutor...............none
2024-05-26T23:53:20.524+02:00 DEBUG 3612 --- [JWP-Winary] [           main] com.zaxxer.hikari.HikariConfig           : schema..........................none
2024-05-26T23:53:20.525+02:00 DEBUG 3612 --- [JWP-Winary] [           main] com.zaxxer.hikari.HikariConfig           : threadFactory...................internal
2024-05-26T23:53:20.525+02:00 DEBUG 3612 --- [JWP-Winary] [           main] com.zaxxer.hikari.HikariConfig           : transactionIsolation............default
2024-05-26T23:53:20.525+02:00 DEBUG 3612 --- [JWP-Winary] [           main] com.zaxxer.hikari.HikariConfig           : username........................"sa"
2024-05-26T23:53:20.525+02:00 DEBUG 3612 --- [JWP-Winary] [           main] com.zaxxer.hikari.HikariConfig           : validationTimeout...............5000
2024-05-26T23:53:20.525+02:00  INFO 3612 --- [JWP-Winary] [           main] com.zaxxer.hikari.HikariDataSource       : HikariPool-1 - Starting...
2024-05-26T23:53:20.774+02:00  INFO 3612 --- [JWP-Winary] [           main] com.zaxxer.hikari.pool.HikariPool        : HikariPool-1 - Added connection conn0: url=jdbc:h2:mem:winesdb user=SA
2024-05-26T23:53:20.776+02:00  INFO 3612 --- [JWP-Winary] [           main] com.zaxxer.hikari.HikariDataSource       : HikariPool-1 - Start completed.
2024-05-26T23:53:20.785+02:00 DEBUG 3612 --- [JWP-Winary] [           main] o.h.e.j.e.i.JdbcEnvironmentInitiator     : Database ->
       name : H2
    version : 2.2.224 (2023-09-17)
      major : 2
      minor : 2
2024-05-26T23:53:20.785+02:00 DEBUG 3612 --- [JWP-Winary] [           main] o.h.e.j.e.i.JdbcEnvironmentInitiator     : Driver ->
       name : H2 JDBC Driver
    version : 2.2.224 (2023-09-17)
      major : 2
      minor : 2
2024-05-26T23:53:20.785+02:00 DEBUG 3612 --- [JWP-Winary] [           main] o.h.e.j.e.i.JdbcEnvironmentInitiator     : JDBC version : 4.2
2024-05-26T23:53:20.827+02:00 DEBUG 3612 --- [JWP-Winary] [           main] org.hibernate.orm.dialect                : HHH035001: Using dialect: org.hibernate.dialect.H2Dialect, version: 2.2.224
2024-05-26T23:53:20.836+02:00 DEBUG 3612 --- [JWP-Winary] [           main] o.h.e.j.env.spi.IdentifierHelperBuilder  : JDBC driver metadata reported database stores quoted identifiers in neither upper, lower nor mixed case
2024-05-26T23:53:20.864+02:00 DEBUG 3612 --- [JWP-Winary] [           main] o.h.t.d.jdbc.spi.JdbcTypeRegistry        : addDescriptor(NCharTypeDescriptor) replaced previous registration(CharTypeDescriptor)
2024-05-26T23:53:20.864+02:00 DEBUG 3612 --- [JWP-Winary] [           main] o.h.t.d.jdbc.spi.JdbcTypeRegistry        : addDescriptor(NVarcharTypeDescriptor) replaced previous registration(VarcharTypeDescriptor)
2024-05-26T23:53:20.864+02:00 DEBUG 3612 --- [JWP-Winary] [           main] o.h.t.d.jdbc.spi.JdbcTypeRegistry        : addDescriptor(LongNVarcharTypeDescriptor) replaced previous registration(LongVarcharTypeDescriptor)
2024-05-26T23:53:20.868+02:00 DEBUG 3612 --- [JWP-Winary] [           main] o.h.t.d.jdbc.spi.JdbcTypeRegistry        : addDescriptor(NClobTypeDescriptor(DEFAULT)) replaced previous registration(ClobTypeDescriptor(DEFAULT))
2024-05-26T23:53:20.868+02:00 DEBUG 3612 --- [JWP-Winary] [           main] o.h.t.d.jdbc.spi.JdbcTypeRegistry        : addDescriptor(2005, ClobTypeDescriptor(STREAM_BINDING)) replaced previous registration(ClobTypeDescriptor(DEFAULT))
2024-05-26T23:53:20.870+02:00 DEBUG 3612 --- [JWP-Winary] [           main] o.h.t.d.jdbc.spi.JdbcTypeRegistry        : addDescriptor(TimestampUtcDescriptor) replaced previous registration(TimestampUtcDescriptor)
2024-05-26T23:53:20.876+02:00 DEBUG 3612 --- [JWP-Winary] [           main] org.hibernate.type.BasicTypeRegistry     : Adding type registration org.hibernate.type.DurationType -> basicType@1(java.time.Duration,3015)
2024-05-26T23:53:20.876+02:00 DEBUG 3612 --- [JWP-Winary] [           main] org.hibernate.type.BasicTypeRegistry     : Adding type registration Duration -> basicType@1(java.time.Duration,3015)
2024-05-26T23:53:20.876+02:00 DEBUG 3612 --- [JWP-Winary] [           main] org.hibernate.type.BasicTypeRegistry     : Adding type registration java.time.Duration -> basicType@1(java.time.Duration,3015)
2024-05-26T23:53:20.881+02:00 DEBUG 3612 --- [JWP-Winary] [           main] o.h.type.spi.TypeConfiguration$Scope     : Scoping TypeConfiguration [org.hibernate.type.spi.TypeConfiguration@5a466dd] to MetadataBuildingContext [org.hibernate.boot.internal.MetadataBuildingContextRootImpl@1ed9d173]
2024-05-26T23:53:20.890+02:00 DEBUG 3612 --- [JWP-Winary] [l-1 housekeeper] com.zaxxer.hikari.pool.HikariPool        : HikariPool-1 - Pool stats (total=1, active=0, idle=1, waiting=0)
2024-05-26T23:53:20.892+02:00 DEBUG 3612 --- [JWP-Winary] [onnection adder] com.zaxxer.hikari.pool.HikariPool        : HikariPool-1 - Added connection conn1: url=jdbc:h2:mem:winesdb user=SA
2024-05-26T23:53:20.910+02:00 DEBUG 3612 --- [JWP-Winary] [onnection adder] com.zaxxer.hikari.pool.HikariPool        : HikariPool-1 - Added connection conn2: url=jdbc:h2:mem:winesdb user=SA
2024-05-26T23:53:20.923+02:00 DEBUG 3612 --- [JWP-Winary] [onnection adder] com.zaxxer.hikari.pool.HikariPool        : HikariPool-1 - Added connection conn3: url=jdbc:h2:mem:winesdb user=SA
2024-05-26T23:53:20.924+02:00 DEBUG 3612 --- [JWP-Winary] [           main] o.h.boot.model.relational.Namespace      : Created database namespace [logicalName=Name{catalog=null, schema=null}, physicalName=Name{catalog=null, schema=null}]
2024-05-26T23:53:20.941+02:00 DEBUG 3612 --- [JWP-Winary] [onnection adder] com.zaxxer.hikari.pool.HikariPool        : HikariPool-1 - Added connection conn4: url=jdbc:h2:mem:winesdb user=SA
2024-05-26T23:53:20.951+02:00 DEBUG 3612 --- [JWP-Winary] [           main] o.h.boot.model.internal.EntityBinder     : Binding entity from annotated class: hr.winary.webshop.jwpwinary.model.Category
2024-05-26T23:53:20.958+02:00 DEBUG 3612 --- [JWP-Winary] [onnection adder] com.zaxxer.hikari.pool.HikariPool        : HikariPool-1 - Added connection conn5: url=jdbc:h2:mem:winesdb user=SA
2024-05-26T23:53:20.963+02:00 DEBUG 3612 --- [JWP-Winary] [           main] o.h.boot.model.internal.EntityBinder     : Import with entity name Category
2024-05-26T23:53:20.972+02:00 DEBUG 3612 --- [JWP-Winary] [           main] o.h.boot.model.internal.EntityBinder     : Bind entity hr.winary.webshop.jwpwinary.model.Category on table category
2024-05-26T23:53:20.976+02:00 DEBUG 3612 --- [JWP-Winary] [onnection adder] com.zaxxer.hikari.pool.HikariPool        : HikariPool-1 - Added connection conn6: url=jdbc:h2:mem:winesdb user=SA
2024-05-26T23:53:20.986+02:00 DEBUG 3612 --- [JWP-Winary] [           main] o.h.boot.model.internal.AnnotatedColumn  : Binding column: AnnotatedDiscriminatorColumn(column='DTYPE')
2024-05-26T23:53:21.007+02:00 DEBUG 3612 --- [JWP-Winary] [onnection adder] com.zaxxer.hikari.pool.HikariPool        : HikariPool-1 - Added connection conn7: url=jdbc:h2:mem:winesdb user=SA
2024-05-26T23:53:21.020+02:00 DEBUG 3612 --- [JWP-Winary] [           main] o.h.boot.model.internal.AnnotatedColumn  : Binding column: AnnotatedColumn(column='category_id')
2024-05-26T23:53:21.024+02:00 DEBUG 3612 --- [JWP-Winary] [           main] o.h.boot.internal.ClassLoaderAccessImpl  : Not known whether passed class name [hr.winary.webshop.jwpwinary.model.Category] is safe
2024-05-26T23:53:21.024+02:00 DEBUG 3612 --- [JWP-Winary] [           main] o.h.boot.internal.ClassLoaderAccessImpl  : No temp ClassLoader provided; using live ClassLoader for loading potentially unsafe class : hr.winary.webshop.jwpwinary.model.Category
2024-05-26T23:53:21.028+02:00 DEBUG 3612 --- [JWP-Winary] [           main] o.h.boot.model.internal.PropertyBinder   : MetadataSourceProcessor property id with lazy=false
2024-05-26T23:53:21.032+02:00 DEBUG 3612 --- [JWP-Winary] [onnection adder] com.zaxxer.hikari.pool.HikariPool        : HikariPool-1 - Added connection conn8: url=jdbc:h2:mem:winesdb user=SA
2024-05-26T23:53:21.035+02:00 DEBUG 3612 --- [JWP-Winary] [           main] o.h.b.m.internal.AbstractPropertyHolder  : Attempting to locate auto-apply AttributeConverter for property [hr.winary.webshop.jwpwinary.model.Category:id]
2024-05-26T23:53:21.041+02:00 DEBUG 3612 --- [JWP-Winary] [           main] o.h.b.model.internal.BasicValueBinder    : building BasicValue for id
2024-05-26T23:53:21.044+02:00 DEBUG 3612 --- [JWP-Winary] [           main] org.hibernate.mapping.BasicValue         : Skipping column re-registration: category.category_id
2024-05-26T23:53:21.045+02:00 DEBUG 3612 --- [JWP-Winary] [           main] o.h.boot.model.internal.PropertyBinder   : Building property id
2024-05-26T23:53:21.047+02:00 DEBUG 3612 --- [JWP-Winary] [onnection adder] com.zaxxer.hikari.pool.HikariPool        : HikariPool-1 - Added connection conn9: url=jdbc:h2:mem:winesdb user=SA
2024-05-26T23:53:21.050+02:00 DEBUG 3612 --- [JWP-Winary] [           main] o.h.boot.model.internal.BinderHelper     : #makeIdGenerator(BasicValue([Column(category_id)]), id, org.hibernate.id.enhanced.SequenceStyleGenerator, , ...)
2024-05-26T23:53:21.053+02:00 DEBUG 3612 --- [JWP-Winary] [           main] o.h.boot.model.internal.AnnotatedColumn  : Binding column: AnnotatedColumn()
2024-05-26T23:53:21.054+02:00 DEBUG 3612 --- [JWP-Winary] [           main] o.h.boot.model.internal.PropertyBinder   : MetadataSourceProcessor property name with lazy=false
2024-05-26T23:53:21.054+02:00 DEBUG 3612 --- [JWP-Winary] [           main] o.h.b.m.internal.AbstractPropertyHolder  : Attempting to locate auto-apply AttributeConverter for property [hr.winary.webshop.jwpwinary.model.Category:name]
2024-05-26T23:53:21.055+02:00 DEBUG 3612 --- [JWP-Winary] [           main] o.h.b.model.internal.BasicValueBinder    : building BasicValue for name
2024-05-26T23:53:21.055+02:00 DEBUG 3612 --- [JWP-Winary] [           main] org.hibernate.mapping.BasicValue         : Skipping column re-registration: category.name
2024-05-26T23:53:21.056+02:00 DEBUG 3612 --- [JWP-Winary] [           main] o.h.boot.model.internal.PropertyBinder   : Building property name
2024-05-26T23:53:21.058+02:00 DEBUG 3612 --- [JWP-Winary] [           main] o.h.b.r.c.i.ClassLoaderServiceImpl       : HHH000194: Package not found or wo package-info.java: hr.winary.webshop.jwpwinary.model
2024-05-26T23:53:21.063+02:00 DEBUG 3612 --- [JWP-Winary] [onnection adder] com.zaxxer.hikari.pool.HikariPool        : HikariPool-1 - After adding stats (total=10, active=0, idle=10, waiting=0)
2024-05-26T23:53:21.065+02:00 DEBUG 3612 --- [JWP-Winary] [           main] o.h.boot.model.internal.EntityBinder     : Binding entity from annotated class: hr.winary.webshop.jwpwinary.model.Purchase
2024-05-26T23:53:21.066+02:00 DEBUG 3612 --- [JWP-Winary] [           main] o.h.boot.model.internal.EntityBinder     : Import with entity name Purchase
2024-05-26T23:53:21.067+02:00 DEBUG 3612 --- [JWP-Winary] [           main] o.h.boot.model.internal.EntityBinder     : Bind entity hr.winary.webshop.jwpwinary.model.Purchase on table purchase
2024-05-26T23:53:21.067+02:00 DEBUG 3612 --- [JWP-Winary] [           main] o.h.boot.model.internal.AnnotatedColumn  : Binding column: AnnotatedDiscriminatorColumn(column='DTYPE')
2024-05-26T23:53:21.084+02:00 DEBUG 3612 --- [JWP-Winary] [           main] o.h.boot.model.internal.AnnotatedColumn  : Binding column: AnnotatedColumn()
2024-05-26T23:53:21.084+02:00 DEBUG 3612 --- [JWP-Winary] [           main] o.h.boot.internal.ClassLoaderAccessImpl  : Not known whether passed class name [hr.winary.webshop.jwpwinary.model.Purchase] is safe
2024-05-26T23:53:21.084+02:00 DEBUG 3612 --- [JWP-Winary] [           main] o.h.boot.internal.ClassLoaderAccessImpl  : No temp ClassLoader provided; using live ClassLoader for loading potentially unsafe class : hr.winary.webshop.jwpwinary.model.Purchase
2024-05-26T23:53:21.085+02:00 DEBUG 3612 --- [JWP-Winary] [           main] o.h.boot.model.internal.PropertyBinder   : MetadataSourceProcessor property id with lazy=false
2024-05-26T23:53:21.085+02:00 DEBUG 3612 --- [JWP-Winary] [           main] o.h.b.m.internal.AbstractPropertyHolder  : Attempting to locate auto-apply AttributeConverter for property [hr.winary.webshop.jwpwinary.model.Purchase:id]
2024-05-26T23:53:21.085+02:00 DEBUG 3612 --- [JWP-Winary] [           main] o.h.b.model.internal.BasicValueBinder    : building BasicValue for id
2024-05-26T23:53:21.086+02:00 DEBUG 3612 --- [JWP-Winary] [           main] org.hibernate.mapping.BasicValue         : Skipping column re-registration: purchase.id
2024-05-26T23:53:21.086+02:00 DEBUG 3612 --- [JWP-Winary] [           main] o.h.boot.model.internal.PropertyBinder   : Building property id
2024-05-26T23:53:21.086+02:00 DEBUG 3612 --- [JWP-Winary] [           main] o.h.boot.model.internal.BinderHelper     : #makeIdGenerator(BasicValue([Column(id)]), id, identity, , ...)
2024-05-26T23:53:21.087+02:00 DEBUG 3612 --- [JWP-Winary] [           main] o.h.boot.model.internal.AnnotatedColumn  : Binding column: AnnotatedColumn()
2024-05-26T23:53:21.087+02:00 DEBUG 3612 --- [JWP-Winary] [           main] o.h.boot.model.internal.PropertyBinder   : MetadataSourceProcessor property paymentMethod with lazy=false
2024-05-26T23:53:21.087+02:00 DEBUG 3612 --- [JWP-Winary] [           main] o.h.b.m.internal.AbstractPropertyHolder  : Attempting to locate auto-apply AttributeConverter for property [hr.winary.webshop.jwpwinary.model.Purchase:paymentMethod]
2024-05-26T23:53:21.087+02:00 DEBUG 3612 --- [JWP-Winary] [           main] o.h.b.model.internal.BasicValueBinder    : building BasicValue for paymentMethod
2024-05-26T23:53:21.087+02:00 DEBUG 3612 --- [JWP-Winary] [           main] org.hibernate.mapping.BasicValue         : Skipping column re-registration: purchase.payment_method
2024-05-26T23:53:21.087+02:00 DEBUG 3612 --- [JWP-Winary] [           main] o.h.boot.model.internal.PropertyBinder   : Building property paymentMethod
2024-05-26T23:53:21.090+02:00 DEBUG 3612 --- [JWP-Winary] [           main] o.h.boot.model.internal.AnnotatedColumn  : Binding column: AnnotatedColumn()
2024-05-26T23:53:21.090+02:00 DEBUG 3612 --- [JWP-Winary] [           main] o.h.boot.model.internal.PropertyBinder   : MetadataSourceProcessor property purchaseTime with lazy=false
2024-05-26T23:53:21.093+02:00 DEBUG 3612 --- [JWP-Winary] [           main] o.h.b.m.internal.AbstractPropertyHolder  : Attempting to locate auto-apply AttributeConverter for property [hr.winary.webshop.jwpwinary.model.Purchase:purchaseTime]
2024-05-26T23:53:21.094+02:00 DEBUG 3612 --- [JWP-Winary] [           main] o.h.b.model.internal.BasicValueBinder    : building BasicValue for purchaseTime
2024-05-26T23:53:21.097+02:00 DEBUG 3612 --- [JWP-Winary] [           main] org.hibernate.mapping.BasicValue         : Skipping column re-registration: purchase.purchase_time
2024-05-26T23:53:21.098+02:00 DEBUG 3612 --- [JWP-Winary] [           main] o.h.boot.model.internal.PropertyBinder   : Building property purchaseTime
2024-05-26T23:53:21.102+02:00 DEBUG 3612 --- [JWP-Winary] [           main] o.h.boot.model.internal.AnnotatedColumn  : Binding column: AnnotatedColumn()
2024-05-26T23:53:21.102+02:00 DEBUG 3612 --- [JWP-Winary] [           main] o.h.boot.model.internal.PropertyBinder   : MetadataSourceProcessor property quantity with lazy=false
2024-05-26T23:53:21.103+02:00 DEBUG 3612 --- [JWP-Winary] [           main] o.h.b.m.internal.AbstractPropertyHolder  : Attempting to locate auto-apply AttributeConverter for property [hr.winary.webshop.jwpwinary.model.Purchase:quantity]
2024-05-26T23:53:21.103+02:00 DEBUG 3612 --- [JWP-Winary] [           main] o.h.b.model.internal.BasicValueBinder    : building BasicValue for quantity
2024-05-26T23:53:21.103+02:00 DEBUG 3612 --- [JWP-Winary] [           main] org.hibernate.mapping.BasicValue         : Skipping column re-registration: purchase.quantity
2024-05-26T23:53:21.103+02:00 DEBUG 3612 --- [JWP-Winary] [           main] o.h.boot.model.internal.PropertyBinder   : Building property quantity
2024-05-26T23:53:21.103+02:00 DEBUG 3612 --- [JWP-Winary] [           main] o.h.boot.model.internal.AnnotatedColumn  : Binding column: AnnotatedColumn()
2024-05-26T23:53:21.103+02:00 DEBUG 3612 --- [JWP-Winary] [           main] o.h.boot.model.internal.PropertyBinder   : MetadataSourceProcessor property totalPrice with lazy=false
2024-05-26T23:53:21.103+02:00 DEBUG 3612 --- [JWP-Winary] [           main] o.h.b.m.internal.AbstractPropertyHolder  : Attempting to locate auto-apply AttributeConverter for property [hr.winary.webshop.jwpwinary.model.Purchase:totalPrice]
2024-05-26T23:53:21.103+02:00 DEBUG 3612 --- [JWP-Winary] [           main] o.h.b.model.internal.BasicValueBinder    : building BasicValue for totalPrice
2024-05-26T23:53:21.103+02:00 DEBUG 3612 --- [JWP-Winary] [           main] org.hibernate.mapping.BasicValue         : Skipping column re-registration: purchase.total_price
2024-05-26T23:53:21.104+02:00 DEBUG 3612 --- [JWP-Winary] [           main] o.h.boot.model.internal.PropertyBinder   : Building property totalPrice
2024-05-26T23:53:21.106+02:00 DEBUG 3612 --- [JWP-Winary] [           main] o.h.boot.model.internal.AnnotatedColumn  : Binding column: AnnotatedJoinColumn(column='user_id')
2024-05-26T23:53:21.106+02:00 DEBUG 3612 --- [JWP-Winary] [           main] o.h.boot.model.internal.AnnotatedColumn  : Binding column: AnnotatedColumn()
2024-05-26T23:53:21.112+02:00 DEBUG 3612 --- [JWP-Winary] [           main] o.h.boot.model.internal.PropertyBinder   : Building property user
2024-05-26T23:53:21.112+02:00 DEBUG 3612 --- [JWP-Winary] [           main] o.h.boot.model.internal.AnnotatedColumn  : Binding column: AnnotatedJoinColumn(column='wine_id')
2024-05-26T23:53:21.113+02:00 DEBUG 3612 --- [JWP-Winary] [           main] o.h.boot.model.internal.AnnotatedColumn  : Binding column: AnnotatedColumn()
2024-05-26T23:53:21.113+02:00 DEBUG 3612 --- [JWP-Winary] [           main] o.h.boot.model.internal.PropertyBinder   : Building property wine
2024-05-26T23:53:21.114+02:00 DEBUG 3612 --- [JWP-Winary] [           main] o.h.b.r.c.i.ClassLoaderServiceImpl       : HHH000194: Package not found or wo package-info.java: hr.winary.webshop.jwpwinary.model
2024-05-26T23:53:21.114+02:00 DEBUG 3612 --- [JWP-Winary] [           main] o.h.boot.model.internal.EntityBinder     : Binding entity from annotated class: hr.winary.webshop.jwpwinary.model.User
2024-05-26T23:53:21.115+02:00 DEBUG 3612 --- [JWP-Winary] [           main] o.h.boot.model.internal.EntityBinder     : Import with entity name User
2024-05-26T23:53:21.115+02:00 DEBUG 3612 --- [JWP-Winary] [           main] o.h.boot.model.internal.EntityBinder     : Bind entity hr.winary.webshop.jwpwinary.model.User on table users
2024-05-26T23:53:21.115+02:00 DEBUG 3612 --- [JWP-Winary] [           main] o.h.boot.model.internal.AnnotatedColumn  : Binding column: AnnotatedDiscriminatorColumn(column='DTYPE')
2024-05-26T23:53:21.121+02:00 DEBUG 3612 --- [JWP-Winary] [           main] o.h.boot.model.internal.AnnotatedColumn  : Binding column: AnnotatedColumn()
2024-05-26T23:53:21.121+02:00 DEBUG 3612 --- [JWP-Winary] [           main] o.h.boot.internal.ClassLoaderAccessImpl  : Not known whether passed class name [hr.winary.webshop.jwpwinary.model.User] is safe
2024-05-26T23:53:21.121+02:00 DEBUG 3612 --- [JWP-Winary] [           main] o.h.boot.internal.ClassLoaderAccessImpl  : No temp ClassLoader provided; using live ClassLoader for loading potentially unsafe class : hr.winary.webshop.jwpwinary.model.User
2024-05-26T23:53:21.121+02:00 DEBUG 3612 --- [JWP-Winary] [           main] o.h.boot.model.internal.PropertyBinder   : MetadataSourceProcessor property id with lazy=false
2024-05-26T23:53:21.121+02:00 DEBUG 3612 --- [JWP-Winary] [           main] o.h.b.m.internal.AbstractPropertyHolder  : Attempting to locate auto-apply AttributeConverter for property [hr.winary.webshop.jwpwinary.model.User:id]
2024-05-26T23:53:21.121+02:00 DEBUG 3612 --- [JWP-Winary] [           main] o.h.b.model.internal.BasicValueBinder    : building BasicValue for id
2024-05-26T23:53:21.121+02:00 DEBUG 3612 --- [JWP-Winary] [           main] org.hibernate.mapping.BasicValue         : Skipping column re-registration: users.id
2024-05-26T23:53:21.121+02:00 DEBUG 3612 --- [JWP-Winary] [           main] o.h.boot.model.internal.PropertyBinder   : Building property id
2024-05-26T23:53:21.121+02:00 DEBUG 3612 --- [JWP-Winary] [           main] o.h.boot.model.internal.BinderHelper     : #makeIdGenerator(BasicValue([Column(id)]), id, identity, , ...)
2024-05-26T23:53:21.121+02:00 DEBUG 3612 --- [JWP-Winary] [           main] o.h.boot.model.internal.AnnotatedColumn  : Binding column: AnnotatedColumn()
2024-05-26T23:53:21.121+02:00 DEBUG 3612 --- [JWP-Winary] [           main] o.h.boot.model.internal.PropertyBinder   : MetadataSourceProcessor property password with lazy=false
2024-05-26T23:53:21.122+02:00 DEBUG 3612 --- [JWP-Winary] [           main] o.h.b.m.internal.AbstractPropertyHolder  : Attempting to locate auto-apply AttributeConverter for property [hr.winary.webshop.jwpwinary.model.User:password]
2024-05-26T23:53:21.122+02:00 DEBUG 3612 --- [JWP-Winary] [           main] o.h.b.model.internal.BasicValueBinder    : building BasicValue for password
2024-05-26T23:53:21.122+02:00 DEBUG 3612 --- [JWP-Winary] [           main] org.hibernate.mapping.BasicValue         : Skipping column re-registration: users.password
2024-05-26T23:53:21.122+02:00 DEBUG 3612 --- [JWP-Winary] [           main] o.h.boot.model.internal.PropertyBinder   : Building property password
2024-05-26T23:53:21.142+02:00 DEBUG 3612 --- [JWP-Winary] [           main] o.h.boot.model.internal.AnnotatedColumn  : Binding column: IndexColumn(column='roles_ORDER')
2024-05-26T23:53:21.144+02:00 DEBUG 3612 --- [JWP-Winary] [           main] o.h.boot.model.internal.AnnotatedColumn  : Binding column: AnnotatedColumn()
2024-05-26T23:53:21.145+02:00 DEBUG 3612 --- [JWP-Winary] [           main] o.h.boot.model.internal.AnnotatedColumn  : Binding column: AnnotatedColumn(column='roles_KEY')
2024-05-26T23:53:21.146+02:00 DEBUG 3612 --- [JWP-Winary] [           main] o.h.boot.model.internal.AnnotatedColumn  : Binding column: AnnotatedJoinColumn(column='roles_KEY')
2024-05-26T23:53:21.146+02:00 DEBUG 3612 --- [JWP-Winary] [           main] o.h.boot.model.internal.AnnotatedColumn  : Binding column: AnnotatedJoinColumn(column='user_id',referencedColumn='id')
2024-05-26T23:53:21.146+02:00 DEBUG 3612 --- [JWP-Winary] [           main] o.h.boot.model.internal.AnnotatedColumn  : Binding column: AnnotatedJoinColumn(column='role_id',referencedColumn='id')
2024-05-26T23:53:21.149+02:00 DEBUG 3612 --- [JWP-Winary] [           main] o.h.b.model.internal.CollectionBinder    : Collection role: hr.winary.webshop.jwpwinary.model.User.roles
2024-05-26T23:53:21.150+02:00 DEBUG 3612 --- [JWP-Winary] [           main] o.h.boot.model.internal.PropertyBinder   : Building property roles
2024-05-26T23:53:21.151+02:00 DEBUG 3612 --- [JWP-Winary] [           main] o.h.boot.model.internal.AnnotatedColumn  : Binding column: AnnotatedColumn()
2024-05-26T23:53:21.151+02:00 DEBUG 3612 --- [JWP-Winary] [           main] o.h.boot.model.internal.PropertyBinder   : MetadataSourceProcessor property username with lazy=false
2024-05-26T23:53:21.151+02:00 DEBUG 3612 --- [JWP-Winary] [           main] o.h.b.m.internal.AbstractPropertyHolder  : Attempting to locate auto-apply AttributeConverter for property [hr.winary.webshop.jwpwinary.model.User:username]
2024-05-26T23:53:21.151+02:00 DEBUG 3612 --- [JWP-Winary] [           main] o.h.b.model.internal.BasicValueBinder    : building BasicValue for username
2024-05-26T23:53:21.151+02:00 DEBUG 3612 --- [JWP-Winary] [           main] org.hibernate.mapping.BasicValue         : Skipping column re-registration: users.username
2024-05-26T23:53:21.151+02:00 DEBUG 3612 --- [JWP-Winary] [           main] o.h.boot.model.internal.PropertyBinder   : Building property username
2024-05-26T23:53:21.152+02:00 DEBUG 3612 --- [JWP-Winary] [           main] o.h.b.r.c.i.ClassLoaderServiceImpl       : HHH000194: Package not found or wo package-info.java: hr.winary.webshop.jwpwinary.model
2024-05-26T23:53:21.152+02:00 DEBUG 3612 --- [JWP-Winary] [           main] o.h.boot.model.internal.EntityBinder     : Binding entity from annotated class: hr.winary.webshop.jwpwinary.model.UserRole
2024-05-26T23:53:21.152+02:00 DEBUG 3612 --- [JWP-Winary] [           main] o.h.boot.model.internal.EntityBinder     : Import with entity name UserRole
2024-05-26T23:53:21.152+02:00 DEBUG 3612 --- [JWP-Winary] [           main] o.h.boot.model.internal.EntityBinder     : Bind entity hr.winary.webshop.jwpwinary.model.UserRole on table roles
2024-05-26T23:53:21.153+02:00 DEBUG 3612 --- [JWP-Winary] [           main] o.h.boot.model.internal.AnnotatedColumn  : Binding column: AnnotatedDiscriminatorColumn(column='DTYPE')
2024-05-26T23:53:21.153+02:00 DEBUG 3612 --- [JWP-Winary] [           main] o.h.boot.model.internal.AnnotatedColumn  : Binding column: AnnotatedColumn()
2024-05-26T23:53:21.153+02:00 DEBUG 3612 --- [JWP-Winary] [           main] o.h.boot.internal.ClassLoaderAccessImpl  : Not known whether passed class name [hr.winary.webshop.jwpwinary.model.UserRole] is safe
2024-05-26T23:53:21.153+02:00 DEBUG 3612 --- [JWP-Winary] [           main] o.h.boot.internal.ClassLoaderAccessImpl  : No temp ClassLoader provided; using live ClassLoader for loading potentially unsafe class : hr.winary.webshop.jwpwinary.model.UserRole
2024-05-26T23:53:21.153+02:00 DEBUG 3612 --- [JWP-Winary] [           main] o.h.boot.model.internal.PropertyBinder   : MetadataSourceProcessor property id with lazy=false
2024-05-26T23:53:21.153+02:00 DEBUG 3612 --- [JWP-Winary] [           main] o.h.b.m.internal.AbstractPropertyHolder  : Attempting to locate auto-apply AttributeConverter for property [hr.winary.webshop.jwpwinary.model.UserRole:id]
2024-05-26T23:53:21.153+02:00 DEBUG 3612 --- [JWP-Winary] [           main] o.h.b.model.internal.BasicValueBinder    : building BasicValue for id
2024-05-26T23:53:21.153+02:00 DEBUG 3612 --- [JWP-Winary] [           main] org.hibernate.mapping.BasicValue         : Skipping column re-registration: roles.id
2024-05-26T23:53:21.154+02:00 DEBUG 3612 --- [JWP-Winary] [           main] o.h.boot.model.internal.PropertyBinder   : Building property id
2024-05-26T23:53:21.154+02:00 DEBUG 3612 --- [JWP-Winary] [           main] o.h.boot.model.internal.BinderHelper     : #makeIdGenerator(BasicValue([Column(id)]), id, identity, , ...)
2024-05-26T23:53:21.154+02:00 DEBUG 3612 --- [JWP-Winary] [           main] o.h.boot.model.internal.AnnotatedColumn  : Binding column: AnnotatedColumn()
2024-05-26T23:53:21.154+02:00 DEBUG 3612 --- [JWP-Winary] [           main] o.h.boot.model.internal.PropertyBinder   : MetadataSourceProcessor property name with lazy=false
2024-05-26T23:53:21.154+02:00 DEBUG 3612 --- [JWP-Winary] [           main] o.h.b.m.internal.AbstractPropertyHolder  : Attempting to locate auto-apply AttributeConverter for property [hr.winary.webshop.jwpwinary.model.UserRole:name]
2024-05-26T23:53:21.154+02:00 DEBUG 3612 --- [JWP-Winary] [           main] o.h.b.model.internal.BasicValueBinder    : building BasicValue for name
2024-05-26T23:53:21.154+02:00 DEBUG 3612 --- [JWP-Winary] [           main] org.hibernate.mapping.BasicValue         : Skipping column re-registration: roles.name
2024-05-26T23:53:21.154+02:00 DEBUG 3612 --- [JWP-Winary] [           main] o.h.boot.model.internal.PropertyBinder   : Building property name
2024-05-26T23:53:21.155+02:00 DEBUG 3612 --- [JWP-Winary] [           main] o.h.b.r.c.i.ClassLoaderServiceImpl       : HHH000194: Package not found or wo package-info.java: hr.winary.webshop.jwpwinary.model
2024-05-26T23:53:21.155+02:00 DEBUG 3612 --- [JWP-Winary] [           main] o.h.boot.model.internal.EntityBinder     : Binding entity from annotated class: hr.winary.webshop.jwpwinary.model.Wine
2024-05-26T23:53:21.155+02:00 DEBUG 3612 --- [JWP-Winary] [           main] o.h.boot.model.internal.EntityBinder     : Import with entity name Wine
2024-05-26T23:53:21.156+02:00 DEBUG 3612 --- [JWP-Winary] [           main] o.h.boot.model.internal.EntityBinder     : Bind entity hr.winary.webshop.jwpwinary.model.Wine on table wine
2024-05-26T23:53:21.156+02:00 DEBUG 3612 --- [JWP-Winary] [           main] o.h.boot.model.internal.AnnotatedColumn  : Binding column: AnnotatedDiscriminatorColumn(column='DTYPE')
2024-05-26T23:53:21.156+02:00 DEBUG 3612 --- [JWP-Winary] [           main] o.h.boot.model.internal.AnnotatedColumn  : Binding column: AnnotatedColumn()
2024-05-26T23:53:21.156+02:00 DEBUG 3612 --- [JWP-Winary] [           main] o.h.boot.internal.ClassLoaderAccessImpl  : Not known whether passed class name [hr.winary.webshop.jwpwinary.model.Wine] is safe
2024-05-26T23:53:21.157+02:00 DEBUG 3612 --- [JWP-Winary] [           main] o.h.boot.internal.ClassLoaderAccessImpl  : No temp ClassLoader provided; using live ClassLoader for loading potentially unsafe class : hr.winary.webshop.jwpwinary.model.Wine
2024-05-26T23:53:21.157+02:00 DEBUG 3612 --- [JWP-Winary] [           main] o.h.boot.model.internal.PropertyBinder   : MetadataSourceProcessor property id with lazy=false
2024-05-26T23:53:21.157+02:00 DEBUG 3612 --- [JWP-Winary] [           main] o.h.b.m.internal.AbstractPropertyHolder  : Attempting to locate auto-apply AttributeConverter for property [hr.winary.webshop.jwpwinary.model.Wine:id]
2024-05-26T23:53:21.157+02:00 DEBUG 3612 --- [JWP-Winary] [           main] o.h.b.model.internal.BasicValueBinder    : building BasicValue for id
2024-05-26T23:53:21.157+02:00 DEBUG 3612 --- [JWP-Winary] [           main] org.hibernate.mapping.BasicValue         : Skipping column re-registration: wine.id
2024-05-26T23:53:21.157+02:00 DEBUG 3612 --- [JWP-Winary] [           main] o.h.boot.model.internal.PropertyBinder   : Building property id
2024-05-26T23:53:21.157+02:00 DEBUG 3612 --- [JWP-Winary] [           main] o.h.boot.model.internal.BinderHelper     : #makeIdGenerator(BasicValue([Column(id)]), id, org.hibernate.id.enhanced.SequenceStyleGenerator, , ...)
2024-05-26T23:53:21.157+02:00 DEBUG 3612 --- [JWP-Winary] [           main] o.h.boot.model.internal.AnnotatedColumn  : Binding column: AnnotatedJoinColumn(column='category_id',referencedColumn='category_id')
2024-05-26T23:53:21.157+02:00 DEBUG 3612 --- [JWP-Winary] [           main] o.h.boot.model.internal.AnnotatedColumn  : Binding column: AnnotatedColumn()
2024-05-26T23:53:21.157+02:00 DEBUG 3612 --- [JWP-Winary] [           main] o.h.boot.model.internal.PropertyBinder   : Building property category
2024-05-26T23:53:21.158+02:00 DEBUG 3612 --- [JWP-Winary] [           main] o.h.boot.model.internal.AnnotatedColumn  : Binding column: AnnotatedColumn()
2024-05-26T23:53:21.158+02:00 DEBUG 3612 --- [JWP-Winary] [           main] o.h.boot.model.internal.PropertyBinder   : MetadataSourceProcessor property description with lazy=false
2024-05-26T23:53:21.158+02:00 DEBUG 3612 --- [JWP-Winary] [           main] o.h.b.m.internal.AbstractPropertyHolder  : Attempting to locate auto-apply AttributeConverter for property [hr.winary.webshop.jwpwinary.model.Wine:description]
2024-05-26T23:53:21.158+02:00 DEBUG 3612 --- [JWP-Winary] [           main] o.h.b.model.internal.BasicValueBinder    : building BasicValue for description
2024-05-26T23:53:21.158+02:00 DEBUG 3612 --- [JWP-Winary] [           main] org.hibernate.mapping.BasicValue         : Skipping column re-registration: wine.description
2024-05-26T23:53:21.158+02:00 DEBUG 3612 --- [JWP-Winary] [           main] o.h.boot.model.internal.PropertyBinder   : Building property description
2024-05-26T23:53:21.158+02:00 DEBUG 3612 --- [JWP-Winary] [           main] o.h.boot.model.internal.AnnotatedColumn  : Binding column: AnnotatedColumn()
2024-05-26T23:53:21.158+02:00 DEBUG 3612 --- [JWP-Winary] [           main] o.h.boot.model.internal.PropertyBinder   : MetadataSourceProcessor property imageName with lazy=false
2024-05-26T23:53:21.158+02:00 DEBUG 3612 --- [JWP-Winary] [           main] o.h.b.m.internal.AbstractPropertyHolder  : Attempting to locate auto-apply AttributeConverter for property [hr.winary.webshop.jwpwinary.model.Wine:imageName]
2024-05-26T23:53:21.158+02:00 DEBUG 3612 --- [JWP-Winary] [           main] o.h.b.model.internal.BasicValueBinder    : building BasicValue for imageName
2024-05-26T23:53:21.158+02:00 DEBUG 3612 --- [JWP-Winary] [           main] org.hibernate.mapping.BasicValue         : Skipping column re-registration: wine.image_name
2024-05-26T23:53:21.159+02:00 DEBUG 3612 --- [JWP-Winary] [           main] o.h.boot.model.internal.PropertyBinder   : Building property imageName
2024-05-26T23:53:21.159+02:00 DEBUG 3612 --- [JWP-Winary] [           main] o.h.boot.model.internal.AnnotatedColumn  : Binding column: AnnotatedColumn()
2024-05-26T23:53:21.159+02:00 DEBUG 3612 --- [JWP-Winary] [           main] o.h.boot.model.internal.PropertyBinder   : MetadataSourceProcessor property liters with lazy=false
2024-05-26T23:53:21.159+02:00 DEBUG 3612 --- [JWP-Winary] [           main] o.h.b.m.internal.AbstractPropertyHolder  : Attempting to locate auto-apply AttributeConverter for property [hr.winary.webshop.jwpwinary.model.Wine:liters]
2024-05-26T23:53:21.159+02:00 DEBUG 3612 --- [JWP-Winary] [           main] o.h.b.model.internal.BasicValueBinder    : building BasicValue for liters
2024-05-26T23:53:21.159+02:00 DEBUG 3612 --- [JWP-Winary] [           main] org.hibernate.mapping.BasicValue         : Skipping column re-registration: wine.liters
2024-05-26T23:53:21.159+02:00 DEBUG 3612 --- [JWP-Winary] [           main] o.h.boot.model.internal.PropertyBinder   : Building property liters
2024-05-26T23:53:21.159+02:00 DEBUG 3612 --- [JWP-Winary] [           main] o.h.boot.model.internal.AnnotatedColumn  : Binding column: AnnotatedColumn()
2024-05-26T23:53:21.159+02:00 DEBUG 3612 --- [JWP-Winary] [           main] o.h.boot.model.internal.PropertyBinder   : MetadataSourceProcessor property name with lazy=false
2024-05-26T23:53:21.159+02:00 DEBUG 3612 --- [JWP-Winary] [           main] o.h.b.m.internal.AbstractPropertyHolder  : Attempting to locate auto-apply AttributeConverter for property [hr.winary.webshop.jwpwinary.model.Wine:name]
2024-05-26T23:53:21.159+02:00 DEBUG 3612 --- [JWP-Winary] [           main] o.h.b.model.internal.BasicValueBinder    : building BasicValue for name
2024-05-26T23:53:21.159+02:00 DEBUG 3612 --- [JWP-Winary] [           main] org.hibernate.mapping.BasicValue         : Skipping column re-registration: wine.name
2024-05-26T23:53:21.159+02:00 DEBUG 3612 --- [JWP-Winary] [           main] o.h.boot.model.internal.PropertyBinder   : Building property name
2024-05-26T23:53:21.159+02:00 DEBUG 3612 --- [JWP-Winary] [           main] o.h.boot.model.internal.AnnotatedColumn  : Binding column: AnnotatedColumn()
2024-05-26T23:53:21.159+02:00 DEBUG 3612 --- [JWP-Winary] [           main] o.h.boot.model.internal.PropertyBinder   : MetadataSourceProcessor property price with lazy=false
2024-05-26T23:53:21.159+02:00 DEBUG 3612 --- [JWP-Winary] [           main] o.h.b.m.internal.AbstractPropertyHolder  : Attempting to locate auto-apply AttributeConverter for property [hr.winary.webshop.jwpwinary.model.Wine:price]
2024-05-26T23:53:21.159+02:00 DEBUG 3612 --- [JWP-Winary] [           main] o.h.b.model.internal.BasicValueBinder    : building BasicValue for price
2024-05-26T23:53:21.160+02:00 DEBUG 3612 --- [JWP-Winary] [           main] org.hibernate.mapping.BasicValue         : Skipping column re-registration: wine.price
2024-05-26T23:53:21.160+02:00 DEBUG 3612 --- [JWP-Winary] [           main] o.h.boot.model.internal.PropertyBinder   : Building property price
2024-05-26T23:53:21.160+02:00 DEBUG 3612 --- [JWP-Winary] [           main] o.h.boot.model.internal.AnnotatedColumn  : Binding column: AnnotatedColumn()
2024-05-26T23:53:21.160+02:00 DEBUG 3612 --- [JWP-Winary] [           main] o.h.boot.model.internal.PropertyBinder   : MetadataSourceProcessor property yearOfHarvest with lazy=false
2024-05-26T23:53:21.160+02:00 DEBUG 3612 --- [JWP-Winary] [           main] o.h.b.m.internal.AbstractPropertyHolder  : Attempting to locate auto-apply AttributeConverter for property [hr.winary.webshop.jwpwinary.model.Wine:yearOfHarvest]
2024-05-26T23:53:21.160+02:00 DEBUG 3612 --- [JWP-Winary] [           main] o.h.b.model.internal.BasicValueBinder    : building BasicValue for yearOfHarvest
2024-05-26T23:53:21.160+02:00 DEBUG 3612 --- [JWP-Winary] [           main] org.hibernate.mapping.BasicValue         : Skipping column re-registration: wine.year_of_harvest
2024-05-26T23:53:21.160+02:00 DEBUG 3612 --- [JWP-Winary] [           main] o.h.boot.model.internal.PropertyBinder   : Building property yearOfHarvest
2024-05-26T23:53:21.161+02:00 DEBUG 3612 --- [JWP-Winary] [           main] o.h.b.r.c.i.ClassLoaderServiceImpl       : HHH000194: Package not found or wo package-info.java: hr.winary.webshop.jwpwinary.model
2024-05-26T23:53:21.162+02:00 DEBUG 3612 --- [JWP-Winary] [           main] o.h.b.model.internal.BasicValueBinder    : Starting `BasicValueBinder#fillSimpleValue` for id
2024-05-26T23:53:21.164+02:00 DEBUG 3612 --- [JWP-Winary] [           main] o.h.b.model.internal.BasicValueBinder    : Starting `BasicValueBinder#fillSimpleValue` for name
2024-05-26T23:53:21.165+02:00 DEBUG 3612 --- [JWP-Winary] [           main] o.h.b.model.internal.BasicValueBinder    : Starting `BasicValueBinder#fillSimpleValue` for id
2024-05-26T23:53:21.165+02:00 DEBUG 3612 --- [JWP-Winary] [           main] o.h.b.model.internal.BasicValueBinder    : Starting `BasicValueBinder#fillSimpleValue` for paymentMethod
2024-05-26T23:53:21.165+02:00 DEBUG 3612 --- [JWP-Winary] [           main] o.h.b.model.internal.BasicValueBinder    : Starting `BasicValueBinder#fillSimpleValue` for purchaseTime
2024-05-26T23:53:21.165+02:00 DEBUG 3612 --- [JWP-Winary] [           main] o.h.b.model.internal.BasicValueBinder    : Starting `BasicValueBinder#fillSimpleValue` for quantity
2024-05-26T23:53:21.165+02:00 DEBUG 3612 --- [JWP-Winary] [           main] o.h.b.model.internal.BasicValueBinder    : Starting `BasicValueBinder#fillSimpleValue` for totalPrice
2024-05-26T23:53:21.165+02:00 DEBUG 3612 --- [JWP-Winary] [           main] o.h.b.model.internal.BasicValueBinder    : Starting `BasicValueBinder#fillSimpleValue` for id
2024-05-26T23:53:21.165+02:00 DEBUG 3612 --- [JWP-Winary] [           main] o.h.b.model.internal.BasicValueBinder    : Starting `BasicValueBinder#fillSimpleValue` for password
2024-05-26T23:53:21.165+02:00 DEBUG 3612 --- [JWP-Winary] [           main] o.h.b.model.internal.BasicValueBinder    : Starting `BasicValueBinder#fillSimpleValue` for username
2024-05-26T23:53:21.165+02:00 DEBUG 3612 --- [JWP-Winary] [           main] o.h.b.model.internal.BasicValueBinder    : Starting `BasicValueBinder#fillSimpleValue` for id
2024-05-26T23:53:21.166+02:00 DEBUG 3612 --- [JWP-Winary] [           main] o.h.b.model.internal.BasicValueBinder    : Starting `BasicValueBinder#fillSimpleValue` for name
2024-05-26T23:53:21.166+02:00 DEBUG 3612 --- [JWP-Winary] [           main] o.h.b.model.internal.BasicValueBinder    : Starting `BasicValueBinder#fillSimpleValue` for id
2024-05-26T23:53:21.166+02:00 DEBUG 3612 --- [JWP-Winary] [           main] o.h.b.model.internal.BasicValueBinder    : Starting `BasicValueBinder#fillSimpleValue` for description
2024-05-26T23:53:21.166+02:00 DEBUG 3612 --- [JWP-Winary] [           main] o.h.b.model.internal.BasicValueBinder    : Starting `BasicValueBinder#fillSimpleValue` for imageName
2024-05-26T23:53:21.166+02:00 DEBUG 3612 --- [JWP-Winary] [           main] o.h.b.model.internal.BasicValueBinder    : Starting `BasicValueBinder#fillSimpleValue` for liters
2024-05-26T23:53:21.166+02:00 DEBUG 3612 --- [JWP-Winary] [           main] o.h.b.model.internal.BasicValueBinder    : Starting `BasicValueBinder#fillSimpleValue` for name
2024-05-26T23:53:21.166+02:00 DEBUG 3612 --- [JWP-Winary] [           main] o.h.b.model.internal.BasicValueBinder    : Starting `BasicValueBinder#fillSimpleValue` for price
2024-05-26T23:53:21.166+02:00 DEBUG 3612 --- [JWP-Winary] [           main] o.h.b.model.internal.BasicValueBinder    : Starting `BasicValueBinder#fillSimpleValue` for yearOfHarvest
2024-05-26T23:53:21.172+02:00 DEBUG 3612 --- [JWP-Winary] [           main] org.hibernate.mapping.PrimaryKey         : Forcing column [category_id] to be non-null as it is part of the primary key for table [category]
2024-05-26T23:53:21.172+02:00 DEBUG 3612 --- [JWP-Winary] [           main] org.hibernate.mapping.PrimaryKey         : Forcing column [id] to be non-null as it is part of the primary key for table [purchase]
2024-05-26T23:53:21.172+02:00 DEBUG 3612 --- [JWP-Winary] [           main] org.hibernate.mapping.PrimaryKey         : Forcing column [id] to be non-null as it is part of the primary key for table [users]
2024-05-26T23:53:21.172+02:00 DEBUG 3612 --- [JWP-Winary] [           main] org.hibernate.mapping.PrimaryKey         : Forcing column [id] to be non-null as it is part of the primary key for table [roles]
2024-05-26T23:53:21.172+02:00 DEBUG 3612 --- [JWP-Winary] [           main] org.hibernate.mapping.PrimaryKey         : Forcing column [id] to be non-null as it is part of the primary key for table [wine]
2024-05-26T23:53:21.172+02:00 DEBUG 3612 --- [JWP-Winary] [           main] o.h.b.m.internal.CollectionSecondPass    : Second pass for collection: hr.winary.webshop.jwpwinary.model.User.roles
2024-05-26T23:53:21.173+02:00 DEBUG 3612 --- [JWP-Winary] [           main] o.h.b.model.internal.CollectionBinder    : Binding a ManyToMany: hr.winary.webshop.jwpwinary.model.User.roles
2024-05-26T23:53:21.174+02:00 DEBUG 3612 --- [JWP-Winary] [           main] o.h.b.r.c.i.ClassLoaderServiceImpl       : HHH000194: Package not found or wo package-info.java: hr.winary.webshop.jwpwinary.model
2024-05-26T23:53:21.180+02:00 DEBUG 3612 --- [JWP-Winary] [           main] o.h.b.m.internal.CollectionSecondPass    : Mapped collection key: user_id, element: role_id
2024-05-26T23:53:21.182+02:00 DEBUG 3612 --- [JWP-Winary] [           main] o.h.b.i.InFlightMetadataCollectorImpl    : Resolving reference to class: hr.winary.webshop.jwpwinary.model.User
2024-05-26T23:53:21.185+02:00 DEBUG 3612 --- [JWP-Winary] [           main] o.h.b.i.InFlightMetadataCollectorImpl    : Resolving reference to class: hr.winary.webshop.jwpwinary.model.Wine
2024-05-26T23:53:21.186+02:00 DEBUG 3612 --- [JWP-Winary] [           main] o.h.b.i.InFlightMetadataCollectorImpl    : Resolving reference to class: hr.winary.webshop.jwpwinary.model.UserRole
2024-05-26T23:53:21.186+02:00 DEBUG 3612 --- [JWP-Winary] [           main] o.h.b.i.InFlightMetadataCollectorImpl    : Resolving reference to class: hr.winary.webshop.jwpwinary.model.User
2024-05-26T23:53:21.186+02:00 DEBUG 3612 --- [JWP-Winary] [           main] o.h.b.i.InFlightMetadataCollectorImpl    : Resolving reference to class: hr.winary.webshop.jwpwinary.model.Category
2024-05-26T23:53:21.201+02:00 DEBUG 3612 --- [JWP-Winary] [           main] o.h.b.i.InFlightMetadataCollectorImpl    : Resolving reference to class: hr.winary.webshop.jwpwinary.model.User
2024-05-26T23:53:21.202+02:00 DEBUG 3612 --- [JWP-Winary] [           main] o.h.b.i.InFlightMetadataCollectorImpl    : Resolving reference to class: hr.winary.webshop.jwpwinary.model.Wine
2024-05-26T23:53:21.202+02:00 DEBUG 3612 --- [JWP-Winary] [           main] o.h.b.i.InFlightMetadataCollectorImpl    : Resolving reference to class: hr.winary.webshop.jwpwinary.model.UserRole
2024-05-26T23:53:21.202+02:00 DEBUG 3612 --- [JWP-Winary] [           main] o.h.b.i.InFlightMetadataCollectorImpl    : Resolving reference to class: hr.winary.webshop.jwpwinary.model.User
2024-05-26T23:53:21.202+02:00 DEBUG 3612 --- [JWP-Winary] [           main] o.h.b.i.InFlightMetadataCollectorImpl    : Resolving reference to class: hr.winary.webshop.jwpwinary.model.Category
2024-05-26T23:53:21.294+02:00 DEBUG 3612 --- [JWP-Winary] [           main] o.hibernate.internal.SessionFactoryImpl  : Building session factory
2024-05-26T23:53:21.353+02:00 DEBUG 3612 --- [JWP-Winary] [           main] .h.s.i.SessionFactoryServiceRegistryImpl : EventListenerRegistry access via ServiceRegistry is deprecated.  Use `sessionFactory.getEventEngine().getListenerRegistry()` instead
2024-05-26T23:53:21.368+02:00 DEBUG 3612 --- [JWP-Winary] [           main] o.hibernate.internal.SessionFactoryImpl  : Instantiating SessionFactory with settings: {java.specification.version=21, sun.cpu.isalist=amd64, hibernate.resource.beans.container=org.springframework.orm.hibernate5.SpringBeanContainer@3eb0fd88, hibernate.connection.handling_mode=DELAYED_ACQUISITION_AND_HOLD, sun.jnu.encoding=Cp1252, hibernate.implicit_naming_strategy=org.springframework.boot.orm.jpa.hibernate.SpringImplicitNamingStrategy, java.class.path=C:\Users\Isabelle\Desktop\VUA\Semestar6\JWP\JWP-Winary\target\test-classes;C:\Users\Isabelle\Desktop\VUA\Semestar6\JWP\JWP-Winary\target\classes;C:\Users\Isabelle\.m2\repository\org\springframework\boot\spring-boot-starter-data-jpa\3.2.5\spring-boot-starter-data-jpa-3.2.5.jar;C:\Users\Isabelle\.m2\repository\org\springframework\boot\spring-boot-starter-aop\3.2.5\spring-boot-starter-aop-3.2.5.jar;C:\Users\Isabelle\.m2\repository\org\aspectj\aspectjweaver\1.9.22\aspectjweaver-1.9.22.jar;C:\Users\Isabelle\.m2\repository\org\hibernate\orm\hibernate-core\6.4.4.Final\hibernate-core-6.4.4.Final.jar;C:\Users\Isabelle\.m2\repository\jakarta\persistence\jakarta.persistence-api\3.1.0\jakarta.persistence-api-3.1.0.jar;C:\Users\Isabelle\.m2\repository\jakarta\transaction\jakarta.transaction-api\2.0.1\jakarta.transaction-api-2.0.1.jar;C:\Users\Isabelle\.m2\repository\org\jboss\logging\jboss-logging\3.5.3.Final\jboss-logging-3.5.3.Final.jar;C:\Users\Isabelle\.m2\repository\org\hibernate\common\hibernate-commons-annotations\6.0.6.Final\hibernate-commons-annotations-6.0.6.Final.jar;C:\Users\Isabelle\.m2\repository\io\smallrye\jandex\3.1.2\jandex-3.1.2.jar;C:\Users\Isabelle\.m2\repository\com\fasterxml\classmate\1.6.0\classmate-1.6.0.jar;C:\Users\Isabelle\.m2\repository\net\bytebuddy\byte-buddy\1.14.13\byte-buddy-1.14.13.jar;C:\Users\Isabelle\.m2\repository\org\glassfish\jaxb\jaxb-runtime\4.0.5\jaxb-runtime-4.0.5.jar;C:\Users\Isabelle\.m2\repository\org\glassfish\jaxb\jaxb-core\4.0.5\jaxb-core-4.0.5.jar;C:\Users\Isabelle\.m2\repository\org\eclipse\angus\angus-activation\2.0.2\angus-activation-2.0.2.jar;C:\Users\Isabelle\.m2\repository\org\glassfish\jaxb\txw2\4.0.5\txw2-4.0.5.jar;C:\Users\Isabelle\.m2\repository\com\sun\istack\istack-commons-runtime\4.1.2\istack-commons-runtime-4.1.2.jar;C:\Users\Isabelle\.m2\repository\jakarta\inject\jakarta.inject-api\2.0.1\jakarta.inject-api-2.0.1.jar;C:\Users\Isabelle\.m2\repository\org\antlr\antlr4-runtime\4.13.0\antlr4-runtime-4.13.0.jar;C:\Users\Isabelle\.m2\repository\org\springframework\data\spring-data-jpa\3.2.5\spring-data-jpa-3.2.5.jar;C:\Users\Isabelle\.m2\repository\org\springframework\data\spring-data-commons\3.2.5\spring-data-commons-3.2.5.jar;C:\Users\Isabelle\.m2\repository\org\springframework\spring-orm\6.1.6\spring-orm-6.1.6.jar;C:\Users\Isabelle\.m2\repository\org\springframework\spring-tx\6.1.6\spring-tx-6.1.6.jar;C:\Users\Isabelle\.m2\repository\jakarta\annotation\jakarta.annotation-api\2.1.1\jakarta.annotation-api-2.1.1.jar;C:\Users\Isabelle\.m2\repository\org\springframework\spring-aspects\6.1.6\spring-aspects-6.1.6.jar;C:\Users\Isabelle\.m2\repository\org\springframework\boot\spring-boot-starter-jdbc\3.2.5\spring-boot-starter-jdbc-3.2.5.jar;C:\Users\Isabelle\.m2\repository\org\springframework\boot\spring-boot-starter\3.2.5\spring-boot-starter-3.2.5.jar;C:\Users\Isabelle\.m2\repository\org\springframework\boot\spring-boot-starter-logging\3.2.5\spring-boot-starter-logging-3.2.5.jar;C:\Users\Isabelle\.m2\repository\ch\qos\logback\logback-classic\1.4.14\logback-classic-1.4.14.jar;C:\Users\Isabelle\.m2\repository\ch\qos\logback\logback-core\1.4.14\logback-core-1.4.14.jar;C:\Users\Isabelle\.m2\repository\org\apache\logging\log4j\log4j-to-slf4j\2.21.1\log4j-to-slf4j-2.21.1.jar;C:\Users\Isabelle\.m2\repository\org\apache\logging\log4j\log4j-api\2.21.1\log4j-api-2.21.1.jar;C:\Users\Isabelle\.m2\repository\org\slf4j\jul-to-slf4j\2.0.13\jul-to-slf4j-2.0.13.jar;C:\Users\Isabelle\.m2\repository\org\yaml\snakeyaml\2.2\snakeyaml-2.2.jar;C:\Users\Isabelle\.m2\repository\com\zaxxer\HikariCP\5.0.1\HikariCP-5.0.1.jar;C:\Users\Isabelle\.m2\repository\org\springframework\spring-jdbc\6.1.6\spring-jdbc-6.1.6.jar;C:\Users\Isabelle\.m2\repository\org\springframework\boot\spring-boot-starter-thymeleaf\3.2.5\spring-boot-starter-thymeleaf-3.2.5.jar;C:\Users\Isabelle\.m2\repository\org\thymeleaf\thymeleaf-spring6\3.1.2.RELEASE\thymeleaf-spring6-3.1.2.RELEASE.jar;C:\Users\Isabelle\.m2\repository\org\thymeleaf\thymeleaf\3.1.2.RELEASE\thymeleaf-3.1.2.RELEASE.jar;C:\Users\Isabelle\.m2\repository\org\attoparser\attoparser\2.0.7.RELEASE\attoparser-2.0.7.RELEASE.jar;C:\Users\Isabelle\.m2\repository\org\unbescape\unbescape\1.1.6.RELEASE\unbescape-1.1.6.RELEASE.jar;C:\Users\Isabelle\.m2\repository\org\springframework\boot\spring-boot-starter-web\3.2.5\spring-boot-starter-web-3.2.5.jar;C:\Users\Isabelle\.m2\repository\org\springframework\boot\spring-boot-starter-json\3.2.5\spring-boot-starter-json-3.2.5.jar;C:\Users\Isabelle\.m2\repository\com\fasterxml\jackson\core\jackson-databind\2.15.4\jackson-databind-2.15.4.jar;C:\Users\Isabelle\.m2\repository\com\fasterxml\jackson\core\jackson-annotations\2.15.4\jackson-annotations-2.15.4.jar;C:\Users\Isabelle\.m2\repository\com\fasterxml\jackson\core\jackson-core\2.15.4\jackson-core-2.15.4.jar;C:\Users\Isabelle\.m2\repository\com\fasterxml\jackson\datatype\jackson-datatype-jdk8\2.15.4\jackson-datatype-jdk8-2.15.4.jar;C:\Users\Isabelle\.m2\repository\com\fasterxml\jackson\datatype\jackson-datatype-jsr310\2.15.4\jackson-datatype-jsr310-2.15.4.jar;C:\Users\Isabelle\.m2\repository\com\fasterxml\jackson\module\jackson-module-parameter-names\2.15.4\jackson-module-parameter-names-2.15.4.jar;C:\Users\Isabelle\.m2\repository\org\springframework\boot\spring-boot-starter-tomcat\3.2.5\spring-boot-starter-tomcat-3.2.5.jar;C:\Users\Isabelle\.m2\repository\org\apache\tomcat\embed\tomcat-embed-core\10.1.20\tomcat-embed-core-10.1.20.jar;C:\Users\Isabelle\.m2\repository\org\apache\tomcat\embed\tomcat-embed-el\10.1.20\tomcat-embed-el-10.1.20.jar;C:\Users\Isabelle\.m2\repository\org\apache\tomcat\embed\tomcat-embed-websocket\10.1.20\tomcat-embed-websocket-10.1.20.jar;C:\Users\Isabelle\.m2\repository\org\springframework\spring-web\6.1.6\spring-web-6.1.6.jar;C:\Users\Isabelle\.m2\repository\io\micrometer\micrometer-observation\1.12.5\micrometer-observation-1.12.5.jar;C:\Users\Isabelle\.m2\repository\io\micrometer\micrometer-commons\1.12.5\micrometer-commons-1.12.5.jar;C:\Users\Isabelle\.m2\repository\org\springframework\spring-webmvc\6.1.6\spring-webmvc-6.1.6.jar;C:\Users\Isabelle\.m2\repository\org\springframework\spring-expression\6.1.6\spring-expression-6.1.6.jar;C:\Users\Isabelle\.m2\repository\org\springframework\boot\spring-boot-starter-oauth2-client\3.2.5\spring-boot-starter-oauth2-client-3.2.5.jar;C:\Users\Isabelle\.m2\repository\org\springframework\security\spring-security-core\6.2.4\spring-security-core-6.2.4.jar;C:\Users\Isabelle\.m2\repository\org\springframework\security\spring-security-crypto\6.2.4\spring-security-crypto-6.2.4.jar;C:\Users\Isabelle\.m2\repository\org\springframework\security\spring-security-oauth2-client\6.2.4\spring-security-oauth2-client-6.2.4.jar;C:\Users\Isabelle\.m2\repository\org\springframework\security\spring-security-oauth2-core\6.2.4\spring-security-oauth2-core-6.2.4.jar;C:\Users\Isabelle\.m2\repository\com\nimbusds\oauth2-oidc-sdk\9.43.3\oauth2-oidc-sdk-9.43.3.jar;C:\Users\Isabelle\.m2\repository\com\github\stephenc\jcip\jcip-annotations\1.0-1\jcip-annotations-1.0-1.jar;C:\Users\Isabelle\.m2\repository\com\nimbusds\content-type\2.2\content-type-2.2.jar;C:\Users\Isabelle\.m2\repository\com\nimbusds\lang-tag\1.7\lang-tag-1.7.jar;C:\Users\Isabelle\.m2\repository\org\springframework\security\spring-security-oauth2-jose\6.2.4\spring-security-oauth2-jose-6.2.4.jar;C:\Users\Isabelle\.m2\repository\com\nimbusds\nimbus-jose-jwt\9.24.4\nimbus-jose-jwt-9.24.4.jar;C:\Users\Isabelle\.m2\repository\org\springframework\boot\spring-boot-starter-security\3.2.5\spring-boot-starter-security-3.2.5.jar;C:\Users\Isabelle\.m2\repository\org\springframework\spring-aop\6.1.6\spring-aop-6.1.6.jar;C:\Users\Isabelle\.m2\repository\org\springframework\security\spring-security-web\6.2.4\spring-security-web-6.2.4.jar;C:\Users\Isabelle\.m2\repository\org\thymeleaf\extras\thymeleaf-extras-springsecurity6\3.1.2.RELEASE\thymeleaf-extras-springsecurity6-3.1.2.RELEASE.jar;C:\Users\Isabelle\.m2\repository\org\slf4j\slf4j-api\2.0.13\slf4j-api-2.0.13.jar;C:\Users\Isabelle\.m2\repository\org\springframework\security\spring-security-test\6.2.4\spring-security-test-6.2.4.jar;C:\Users\Isabelle\.m2\repository\org\springframework\spring-core\6.1.6\spring-core-6.1.6.jar;C:\Users\Isabelle\.m2\repository\org\springframework\spring-jcl\6.1.6\spring-jcl-6.1.6.jar;C:\Users\Isabelle\.m2\repository\org\springframework\spring-test\6.1.6\spring-test-6.1.6.jar;C:\Users\Isabelle\.m2\repository\org\springframework\security\spring-security-config\6.2.4\spring-security-config-6.2.4.jar;C:\Users\Isabelle\.m2\repository\org\springframework\spring-beans\6.1.6\spring-beans-6.1.6.jar;C:\Users\Isabelle\.m2\repository\org\springframework\spring-context\6.1.6\spring-context-6.1.6.jar;C:\Users\Isabelle\.m2\repository\com\paypal\sdk\checkout-sdk\2.0.0\checkout-sdk-2.0.0.jar;C:\Users\Isabelle\.m2\repository\com\paypal\paypalhttp\2.0.0\paypalhttp-2.0.0.jar;C:\Users\Isabelle\.m2\repository\com\paypal\sdk\paypal-core\1.7.2\paypal-core-1.7.2.jar;C:\Users\Isabelle\.m2\repository\com\google\code\gson\gson\2.10.1\gson-2.10.1.jar;C:\Users\Isabelle\.m2\repository\com\paypal\sdk\rest-api-sdk\1.14.0\rest-api-sdk-1.14.0.jar;C:\Users\Isabelle\.m2\repository\org\springframework\boot\spring-boot-devtools\3.2.5\spring-boot-devtools-3.2.5.jar;C:\Users\Isabelle\.m2\repository\org\springframework\boot\spring-boot\3.2.5\spring-boot-3.2.5.jar;C:\Users\Isabelle\.m2\repository\org\springframework\boot\spring-boot-autoconfigure\3.2.5\spring-boot-autoconfigure-3.2.5.jar;C:\Users\Isabelle\.m2\repository\com\h2database\h2\2.2.224\h2-2.2.224.jar;C:\Users\Isabelle\.m2\repository\org\projectlombok\lombok\1.18.32\lombok-1.18.32.jar;C:\Users\Isabelle\.m2\repository\org\springframework\boot\spring-boot-starter-test\3.2.5\spring-boot-starter-test-3.2.5.jar;C:\Users\Isabelle\.m2\repository\org\springframework\boot\spring-boot-test\3.2.5\spring-boot-test-3.2.5.jar;C:\Users\Isabelle\.m2\repository\org\springframework\boot\spring-boot-test-autoconfigure\3.2.5\spring-boot-test-autoconfigure-3.2.5.jar;C:\Users\Isabelle\.m2\repository\com\jayway\jsonpath\json-path\2.9.0\json-path-2.9.0.jar;C:\Users\Isabelle\.m2\repository\jakarta\xml\bind\jakarta.xml.bind-api\4.0.2\jakarta.xml.bind-api-4.0.2.jar;C:\Users\Isabelle\.m2\repository\jakarta\activation\jakarta.activation-api\2.1.3\jakarta.activation-api-2.1.3.jar;C:\Users\Isabelle\.m2\repository\net\minidev\json-smart\2.5.1\json-smart-2.5.1.jar;C:\Users\Isabelle\.m2\repository\net\minidev\accessors-smart\2.5.1\accessors-smart-2.5.1.jar;C:\Users\Isabelle\.m2\repository\org\ow2\asm\asm\9.6\asm-9.6.jar;C:\Users\Isabelle\.m2\repository\org\assertj\assertj-core\3.24.2\assertj-core-3.24.2.jar;C:\Users\Isabelle\.m2\repository\org\awaitility\awaitility\4.2.1\awaitility-4.2.1.jar;C:\Users\Isabelle\.m2\repository\org\hamcrest\hamcrest\2.2\hamcrest-2.2.jar;C:\Users\Isabelle\.m2\repository\org\junit\jupiter\junit-jupiter\5.10.2\junit-jupiter-5.10.2.jar;C:\Users\Isabelle\.m2\repository\org\junit\jupiter\junit-jupiter-api\5.10.2\junit-jupiter-api-5.10.2.jar;C:\Users\Isabelle\.m2\repository\org\opentest4j\opentest4j\1.3.0\opentest4j-1.3.0.jar;C:\Users\Isabelle\.m2\repository\org\junit\platform\junit-platform-commons\1.10.2\junit-platform-commons-1.10.2.jar;C:\Users\Isabelle\.m2\repository\org\apiguardian\apiguardian-api\1.1.2\apiguardian-api-1.1.2.jar;C:\Users\Isabelle\.m2\repository\org\junit\jupiter\junit-jupiter-params\5.10.2\junit-jupiter-params-5.10.2.jar;C:\Users\Isabelle\.m2\repository\org\junit\jupiter\junit-jupiter-engine\5.10.2\junit-jupiter-engine-5.10.2.jar;C:\Users\Isabelle\.m2\repository\org\junit\platform\junit-platform-engine\1.10.2\junit-platform-engine-1.10.2.jar;C:\Users\Isabelle\.m2\repository\org\mockito\mockito-core\5.7.0\mockito-core-5.7.0.jar;C:\Users\Isabelle\.m2\repository\net\bytebuddy\byte-buddy-agent\1.14.13\byte-buddy-agent-1.14.13.jar;C:\Users\Isabelle\.m2\repository\org\objenesis\objenesis\3.3\objenesis-3.3.jar;C:\Users\Isabelle\.m2\repository\org\mockito\mockito-junit-jupiter\5.7.0\mockito-junit-jupiter-5.7.0.jar;C:\Users\Isabelle\.m2\repository\org\skyscreamer\jsonassert\1.5.1\jsonassert-1.5.1.jar;C:\Users\Isabelle\.m2\repository\com\vaadin\external\google\android-json\0.0.20131108.vaadin1\android-json-0.0.20131108.vaadin1.jar;C:\Users\Isabelle\.m2\repository\org\xmlunit\xmlunit-core\2.9.1\xmlunit-core-2.9.1.jar;, java.vm.vendor=Oracle Corporation, sun.arch.data.model=64, user.variant=, java.vendor.url=https://java.oracle.com/, user.timezone=Europe/Zagreb, jakarta.persistence.sharedCache.mode=UNSPECIFIED, org.jboss.logging.provider=slf4j, user.country.format=HR, java.vm.specification.version=21, os.name=Windows 10, jakarta.persistence.nonJtaDataSource=HikariDataSource (HikariPool-1), sun.java.launcher=SUN_STANDARD, user.country=US, sun.boot.library.path=C:\Users\Isabelle\.jdks\openjdk-21\bin, sun.java.command=C:\Users\Isabelle\AppData\Local\Temp\surefire5262658079842308986\surefirebooter-20240526235316102_3.jar C:\Users\Isabelle\AppData\Local\Temp\surefire5262658079842308986 2024-05-26T23-53-15_882-jvmRun1 surefire-20240526235316102_1tmp surefire_0-20240526235316102_2tmp, javax.persistence.nonJtaDataSource=HikariDataSource (HikariPool-1), hibernate.transaction.jta.platform=org.hibernate.engine.transaction.jta.platform.internal.NoJtaPlatform@adc3344, jdk.debug=release, surefire.test.class.path=C:\Users\Isabelle\Desktop\VUA\Semestar6\JWP\JWP-Winary\target\test-classes;C:\Users\Isabelle\Desktop\VUA\Semestar6\JWP\JWP-Winary\target\classes;C:\Users\Isabelle\.m2\repository\org\springframework\boot\spring-boot-starter-data-jpa\3.2.5\spring-boot-starter-data-jpa-3.2.5.jar;C:\Users\Isabelle\.m2\repository\org\springframework\boot\spring-boot-starter-aop\3.2.5\spring-boot-starter-aop-3.2.5.jar;C:\Users\Isabelle\.m2\repository\org\aspectj\aspectjweaver\1.9.22\aspectjweaver-1.9.22.jar;C:\Users\Isabelle\.m2\repository\org\hibernate\orm\hibernate-core\6.4.4.Final\hibernate-core-6.4.4.Final.jar;C:\Users\Isabelle\.m2\repository\jakarta\persistence\jakarta.persistence-api\3.1.0\jakarta.persistence-api-3.1.0.jar;C:\Users\Isabelle\.m2\repository\jakarta\transaction\jakarta.transaction-api\2.0.1\jakarta.transaction-api-2.0.1.jar;C:\Users\Isabelle\.m2\repository\org\jboss\logging\jboss-logging\3.5.3.Final\jboss-logging-3.5.3.Final.jar;C:\Users\Isabelle\.m2\repository\org\hibernate\common\hibernate-commons-annotations\6.0.6.Final\hibernate-commons-annotations-6.0.6.Final.jar;C:\Users\Isabelle\.m2\repository\io\smallrye\jandex\3.1.2\jandex-3.1.2.jar;C:\Users\Isabelle\.m2\repository\com\fasterxml\classmate\1.6.0\classmate-1.6.0.jar;C:\Users\Isabelle\.m2\repository\net\bytebuddy\byte-buddy\1.14.13\byte-buddy-1.14.13.jar;C:\Users\Isabelle\.m2\repository\org\glassfish\jaxb\jaxb-runtime\4.0.5\jaxb-runtime-4.0.5.jar;C:\Users\Isabelle\.m2\repository\org\glassfish\jaxb\jaxb-core\4.0.5\jaxb-core-4.0.5.jar;C:\Users\Isabelle\.m2\repository\org\eclipse\angus\angus-activation\2.0.2\angus-activation-2.0.2.jar;C:\Users\Isabelle\.m2\repository\org\glassfish\jaxb\txw2\4.0.5\txw2-4.0.5.jar;C:\Users\Isabelle\.m2\repository\com\sun\istack\istack-commons-runtime\4.1.2\istack-commons-runtime-4.1.2.jar;C:\Users\Isabelle\.m2\repository\jakarta\inject\jakarta.inject-api\2.0.1\jakarta.inject-api-2.0.1.jar;C:\Users\Isabelle\.m2\repository\org\antlr\antlr4-runtime\4.13.0\antlr4-runtime-4.13.0.jar;C:\Users\Isabelle\.m2\repository\org\springframework\data\spring-data-jpa\3.2.5\spring-data-jpa-3.2.5.jar;C:\Users\Isabelle\.m2\repository\org\springframework\data\spring-data-commons\3.2.5\spring-data-commons-3.2.5.jar;C:\Users\Isabelle\.m2\repository\org\springframework\spring-orm\6.1.6\spring-orm-6.1.6.jar;C:\Users\Isabelle\.m2\repository\org\springframework\spring-tx\6.1.6\spring-tx-6.1.6.jar;C:\Users\Isabelle\.m2\repository\jakarta\annotation\jakarta.annotation-api\2.1.1\jakarta.annotation-api-2.1.1.jar;C:\Users\Isabelle\.m2\repository\org\springframework\spring-aspects\6.1.6\spring-aspects-6.1.6.jar;C:\Users\Isabelle\.m2\repository\org\springframework\boot\spring-boot-starter-jdbc\3.2.5\spring-boot-starter-jdbc-3.2.5.jar;C:\Users\Isabelle\.m2\repository\org\springframework\boot\spring-boot-starter\3.2.5\spring-boot-starter-3.2.5.jar;C:\Users\Isabelle\.m2\repository\org\springframework\boot\spring-boot-starter-logging\3.2.5\spring-boot-starter-logging-3.2.5.jar;C:\Users\Isabelle\.m2\repository\ch\qos\logback\logback-classic\1.4.14\logback-classic-1.4.14.jar;C:\Users\Isabelle\.m2\repository\ch\qos\logback\logback-core\1.4.14\logback-core-1.4.14.jar;C:\Users\Isabelle\.m2\repository\org\apache\logging\log4j\log4j-to-slf4j\2.21.1\log4j-to-slf4j-2.21.1.jar;C:\Users\Isabelle\.m2\repository\org\apache\logging\log4j\log4j-api\2.21.1\log4j-api-2.21.1.jar;C:\Users\Isabelle\.m2\repository\org\slf4j\jul-to-slf4j\2.0.13\jul-to-slf4j-2.0.13.jar;C:\Users\Isabelle\.m2\repository\org\yaml\snakeyaml\2.2\snakeyaml-2.2.jar;C:\Users\Isabelle\.m2\repository\com\zaxxer\HikariCP\5.0.1\HikariCP-5.0.1.jar;C:\Users\Isabelle\.m2\repository\org\springframework\spring-jdbc\6.1.6\spring-jdbc-6.1.6.jar;C:\Users\Isabelle\.m2\repository\org\springframework\boot\spring-boot-starter-thymeleaf\3.2.5\spring-boot-starter-thymeleaf-3.2.5.jar;C:\Users\Isabelle\.m2\repository\org\thymeleaf\thymeleaf-spring6\3.1.2.RELEASE\thymeleaf-spring6-3.1.2.RELEASE.jar;C:\Users\Isabelle\.m2\repository\org\thymeleaf\thymeleaf\3.1.2.RELEASE\thymeleaf-3.1.2.RELEASE.jar;C:\Users\Isabelle\.m2\repository\org\attoparser\attoparser\2.0.7.RELEASE\attoparser-2.0.7.RELEASE.jar;C:\Users\Isabelle\.m2\repository\org\unbescape\unbescape\1.1.6.RELEASE\unbescape-1.1.6.RELEASE.jar;C:\Users\Isabelle\.m2\repository\org\springframework\boot\spring-boot-starter-web\3.2.5\spring-boot-starter-web-3.2.5.jar;C:\Users\Isabelle\.m2\repository\org\springframework\boot\spring-boot-starter-json\3.2.5\spring-boot-starter-json-3.2.5.jar;C:\Users\Isabelle\.m2\repository\com\fasterxml\jackson\core\jackson-databind\2.15.4\jackson-databind-2.15.4.jar;C:\Users\Isabelle\.m2\repository\com\fasterxml\jackson\core\jackson-annotations\2.15.4\jackson-annotations-2.15.4.jar;C:\Users\Isabelle\.m2\repository\com\fasterxml\jackson\core\jackson-core\2.15.4\jackson-core-2.15.4.jar;C:\Users\Isabelle\.m2\repository\com\fasterxml\jackson\datatype\jackson-datatype-jdk8\2.15.4\jackson-datatype-jdk8-2.15.4.jar;C:\Users\Isabelle\.m2\repository\com\fasterxml\jackson\datatype\jackson-datatype-jsr310\2.15.4\jackson-datatype-jsr310-2.15.4.jar;C:\Users\Isabelle\.m2\repository\com\fasterxml\jackson\module\jackson-module-parameter-names\2.15.4\jackson-module-parameter-names-2.15.4.jar;C:\Users\Isabelle\.m2\repository\org\springframework\boot\spring-boot-starter-tomcat\3.2.5\spring-boot-starter-tomcat-3.2.5.jar;C:\Users\Isabelle\.m2\repository\org\apache\tomcat\embed\tomcat-embed-core\10.1.20\tomcat-embed-core-10.1.20.jar;C:\Users\Isabelle\.m2\repository\org\apache\tomcat\embed\tomcat-embed-el\10.1.20\tomcat-embed-el-10.1.20.jar;C:\Users\Isabelle\.m2\repository\org\apache\tomcat\embed\tomcat-embed-websocket\10.1.20\tomcat-embed-websocket-10.1.20.jar;C:\Users\Isabelle\.m2\repository\org\springframework\spring-web\6.1.6\spring-web-6.1.6.jar;C:\Users\Isabelle\.m2\repository\io\micrometer\micrometer-observation\1.12.5\micrometer-observation-1.12.5.jar;C:\Users\Isabelle\.m2\repository\io\micrometer\micrometer-commons\1.12.5\micrometer-commons-1.12.5.jar;C:\Users\Isabelle\.m2\repository\org\springframework\spring-webmvc\6.1.6\spring-webmvc-6.1.6.jar;C:\Users\Isabelle\.m2\repository\org\springframework\spring-expression\6.1.6\spring-expression-6.1.6.jar;C:\Users\Isabelle\.m2\repository\org\springframework\boot\spring-boot-starter-oauth2-client\3.2.5\spring-boot-starter-oauth2-client-3.2.5.jar;C:\Users\Isabelle\.m2\repository\org\springframework\security\spring-security-core\6.2.4\spring-security-core-6.2.4.jar;C:\Users\Isabelle\.m2\repository\org\springframework\security\spring-security-crypto\6.2.4\spring-security-crypto-6.2.4.jar;C:\Users\Isabelle\.m2\repository\org\springframework\security\spring-security-oauth2-client\6.2.4\spring-security-oauth2-client-6.2.4.jar;C:\Users\Isabelle\.m2\repository\org\springframework\security\spring-security-oauth2-core\6.2.4\spring-security-oauth2-core-6.2.4.jar;C:\Users\Isabelle\.m2\repository\com\nimbusds\oauth2-oidc-sdk\9.43.3\oauth2-oidc-sdk-9.43.3.jar;C:\Users\Isabelle\.m2\repository\com\github\stephenc\jcip\jcip-annotations\1.0-1\jcip-annotations-1.0-1.jar;C:\Users\Isabelle\.m2\repository\com\nimbusds\content-type\2.2\content-type-2.2.jar;C:\Users\Isabelle\.m2\repository\com\nimbusds\lang-tag\1.7\lang-tag-1.7.jar;C:\Users\Isabelle\.m2\repository\org\springframework\security\spring-security-oauth2-jose\6.2.4\spring-security-oauth2-jose-6.2.4.jar;C:\Users\Isabelle\.m2\repository\com\nimbusds\nimbus-jose-jwt\9.24.4\nimbus-jose-jwt-9.24.4.jar;C:\Users\Isabelle\.m2\repository\org\springframework\boot\spring-boot-starter-security\3.2.5\spring-boot-starter-security-3.2.5.jar;C:\Users\Isabelle\.m2\repository\org\springframework\spring-aop\6.1.6\spring-aop-6.1.6.jar;C:\Users\Isabelle\.m2\repository\org\springframework\security\spring-security-web\6.2.4\spring-security-web-6.2.4.jar;C:\Users\Isabelle\.m2\repository\org\thymeleaf\extras\thymeleaf-extras-springsecurity6\3.1.2.RELEASE\thymeleaf-extras-springsecurity6-3.1.2.RELEASE.jar;C:\Users\Isabelle\.m2\repository\org\slf4j\slf4j-api\2.0.13\slf4j-api-2.0.13.jar;C:\Users\Isabelle\.m2\repository\org\springframework\security\spring-security-test\6.2.4\spring-security-test-6.2.4.jar;C:\Users\Isabelle\.m2\repository\org\springframework\spring-core\6.1.6\spring-core-6.1.6.jar;C:\Users\Isabelle\.m2\repository\org\springframework\spring-jcl\6.1.6\spring-jcl-6.1.6.jar;C:\Users\Isabelle\.m2\repository\org\springframework\spring-test\6.1.6\spring-test-6.1.6.jar;C:\Users\Isabelle\.m2\repository\org\springframework\security\spring-security-config\6.2.4\spring-security-config-6.2.4.jar;C:\Users\Isabelle\.m2\repository\org\springframework\spring-beans\6.1.6\spring-beans-6.1.6.jar;C:\Users\Isabelle\.m2\repository\org\springframework\spring-context\6.1.6\spring-context-6.1.6.jar;C:\Users\Isabelle\.m2\repository\com\paypal\sdk\checkout-sdk\2.0.0\checkout-sdk-2.0.0.jar;C:\Users\Isabelle\.m2\repository\com\paypal\paypalhttp\2.0.0\paypalhttp-2.0.0.jar;C:\Users\Isabelle\.m2\repository\com\paypal\sdk\paypal-core\1.7.2\paypal-core-1.7.2.jar;C:\Users\Isabelle\.m2\repository\com\google\code\gson\gson\2.10.1\gson-2.10.1.jar;C:\Users\Isabelle\.m2\repository\com\paypal\sdk\rest-api-sdk\1.14.0\rest-api-sdk-1.14.0.jar;C:\Users\Isabelle\.m2\repository\org\springframework\boot\spring-boot-devtools\3.2.5\spring-boot-devtools-3.2.5.jar;C:\Users\Isabelle\.m2\repository\org\springframework\boot\spring-boot\3.2.5\spring-boot-3.2.5.jar;C:\Users\Isabelle\.m2\repository\org\springframework\boot\spring-boot-autoconfigure\3.2.5\spring-boot-autoconfigure-3.2.5.jar;C:\Users\Isabelle\.m2\repository\com\h2database\h2\2.2.224\h2-2.2.224.jar;C:\Users\Isabelle\.m2\repository\org\projectlombok\lombok\1.18.32\lombok-1.18.32.jar;C:\Users\Isabelle\.m2\repository\org\springframework\boot\spring-boot-starter-test\3.2.5\spring-boot-starter-test-3.2.5.jar;C:\Users\Isabelle\.m2\repository\org\springframework\boot\spring-boot-test\3.2.5\spring-boot-test-3.2.5.jar;C:\Users\Isabelle\.m2\repository\org\springframework\boot\spring-boot-test-autoconfigure\3.2.5\spring-boot-test-autoconfigure-3.2.5.jar;C:\Users\Isabelle\.m2\repository\com\jayway\jsonpath\json-path\2.9.0\json-path-2.9.0.jar;C:\Users\Isabelle\.m2\repository\jakarta\xml\bind\jakarta.xml.bind-api\4.0.2\jakarta.xml.bind-api-4.0.2.jar;C:\Users\Isabelle\.m2\repository\jakarta\activation\jakarta.activation-api\2.1.3\jakarta.activation-api-2.1.3.jar;C:\Users\Isabelle\.m2\repository\net\minidev\json-smart\2.5.1\json-smart-2.5.1.jar;C:\Users\Isabelle\.m2\repository\net\minidev\accessors-smart\2.5.1\accessors-smart-2.5.1.jar;C:\Users\Isabelle\.m2\repository\org\ow2\asm\asm\9.6\asm-9.6.jar;C:\Users\Isabelle\.m2\repository\org\assertj\assertj-core\3.24.2\assertj-core-3.24.2.jar;C:\Users\Isabelle\.m2\repository\org\awaitility\awaitility\4.2.1\awaitility-4.2.1.jar;C:\Users\Isabelle\.m2\repository\org\hamcrest\hamcrest\2.2\hamcrest-2.2.jar;C:\Users\Isabelle\.m2\repository\org\junit\jupiter\junit-jupiter\5.10.2\junit-jupiter-5.10.2.jar;C:\Users\Isabelle\.m2\repository\org\junit\jupiter\junit-jupiter-api\5.10.2\junit-jupiter-api-5.10.2.jar;C:\Users\Isabelle\.m2\repository\org\opentest4j\opentest4j\1.3.0\opentest4j-1.3.0.jar;C:\Users\Isabelle\.m2\repository\org\junit\platform\junit-platform-commons\1.10.2\junit-platform-commons-1.10.2.jar;C:\Users\Isabelle\.m2\repository\org\apiguardian\apiguardian-api\1.1.2\apiguardian-api-1.1.2.jar;C:\Users\Isabelle\.m2\repository\org\junit\jupiter\junit-jupiter-params\5.10.2\junit-jupiter-params-5.10.2.jar;C:\Users\Isabelle\.m2\repository\org\junit\jupiter\junit-jupiter-engine\5.10.2\junit-jupiter-engine-5.10.2.jar;C:\Users\Isabelle\.m2\repository\org\junit\platform\junit-platform-engine\1.10.2\junit-platform-engine-1.10.2.jar;C:\Users\Isabelle\.m2\repository\org\mockito\mockito-core\5.7.0\mockito-core-5.7.0.jar;C:\Users\Isabelle\.m2\repository\net\bytebuddy\byte-buddy-agent\1.14.13\byte-buddy-agent-1.14.13.jar;C:\Users\Isabelle\.m2\repository\org\objenesis\objenesis\3.3\objenesis-3.3.jar;C:\Users\Isabelle\.m2\repository\org\mockito\mockito-junit-jupiter\5.7.0\mockito-junit-jupiter-5.7.0.jar;C:\Users\Isabelle\.m2\repository\org\skyscreamer\jsonassert\1.5.1\jsonassert-1.5.1.jar;C:\Users\Isabelle\.m2\repository\com\vaadin\external\google\android-json\0.0.20131108.vaadin1\android-json-0.0.20131108.vaadin1.jar;C:\Users\Isabelle\.m2\repository\org\xmlunit\xmlunit-core\2.9.1\xmlunit-core-2.9.1.jar;, sun.cpu.endian=little, hibernate.cdi.extensions=true, user.home=C:\Users\Isabelle, user.language=en, java.specification.vendor=Oracle Corporation, java.version.date=2023-09-19, java.home=C:\Users\Isabelle\.jdks\openjdk-21, file.separator=\, basedir=C:\Users\Isabelle\Desktop\VUA\Semestar6\JWP\JWP-Winary, java.vm.compressedOopsMode=Zero based, line.separator=
, hibernate.persistenceUnitName=default, java.vm.specification.vendor=Oracle Corporation, java.specification.name=Java Platform API Specification, FILE_LOG_CHARSET=UTF-8, hibernate.transaction.coordinator_class=class org.hibernate.resource.transaction.backend.jdbc.internal.JdbcResourceLocalTransactionCoordinatorBuilderImpl, java.awt.headless=true, surefire.real.class.path=C:\Users\Isabelle\AppData\Local\Temp\surefire5262658079842308986\surefirebooter-20240526235316102_3.jar, jakarta.persistence.validation.mode=AUTO, hibernate.hbm2ddl.auto=update, user.script=, sun.management.compiler=HotSpot 64-Bit Tiered Compilers, java.runtime.version=21+35-2513, user.name=Isabelle, stdout.encoding=Cp1252, path.separator=;, os.version=10.0, java.runtime.name=OpenJDK Runtime Environment, file.encoding=UTF-8, java.vm.name=OpenJDK 64-Bit Server VM, hibernate.show_sql=true, localRepository=C:\Users\Isabelle\.m2\repository, java.vendor.url.bug=https://bugreport.java.com/bugreport/, java.io.tmpdir=C:\Users\Isabelle\AppData\Local\Temp\, idea.version=2023.3.2, java.version=21, hibernate.physical_naming_strategy=org.hibernate.boot.model.naming.CamelCaseToUnderscoresNamingStrategy, user.dir=C:\Users\Isabelle\Desktop\VUA\Semestar6\JWP\JWP-Winary, os.arch=amd64, java.vm.specification.name=Java Virtual Machine Specification, PID=3612, user.language.format=hr, sun.os.patch.level=, CONSOLE_LOG_CHARSET=UTF-8, hibernate.boot.CfgXmlAccessService.key=org.hibernate.boot.registry.StandardServiceRegistryBuilder$1@484302ee, native.encoding=Cp1252, java.library.path=C:\Users\Isabelle\.jdks\openjdk-21\bin;C:\Windows\Sun\Java\bin;C:\Windows\system32;C:\Windows;C:\Program Files\Common Files\Oracle\Java\javapath;C:\Program Files\Microsoft\jdk-11.0.12.7-hotspot\bin;C:\Program Files\Eclipse Foundation\jdk-8.0.302.8-hotspot\bin;C:\Windows\system32;C:\Windows;C:\Windows\System32\Wbem;C:\Windows\System32\WindowsPowerShell\v1.0\;C:\Windows\System32\OpenSSH\;C:\Program Files\dotnet\;C:\Program Files\Microsoft SQL Server\130\Tools\Binn\;C:\Program Files\Microsoft SQL Server\Client SDK\ODBC\170\Tools\Binn\;C:\Program Files\Microsoft SQL Server\150\Tools\Binn\;C:\Program Files\Microsoft SQL Server\Client SDK\ODBC\130\Tools\Binn\;C:\Program Files (x86)\Microsoft SQL Server\140\Tools\Binn\;C:\Program Files\Microsoft SQL Server\140\Tools\Binn\;C:\Program Files\Microsoft SQL Server\140\DTS\Binn\;C:\Program Files (x86)\Microsoft SQL Server\150\DTS\Binn\;C:\Program Files\Azure Data Studio\bin;C:\Program Files\Git\cmd;C:\Program Files (x86)\dotnet\;C:\Users\Isabelle\AppData\Local\Microsoft\WindowsApps;C:\Users\Isabelle\.dotnet\tools;C:\Program Files\Azure Data Studio\bin;C:\Users\Isabelle\AppData\Local\Programs\Microsoft VS Code\bin;., stderr.encoding=Cp1252, java.vendor=Oracle Corporation, java.vm.info=mixed mode, sharing, java.vm.version=21+35-2513, sun.io.unicode.encoding=UnicodeLittle, hibernate.archive.scanner=org.hibernate.boot.archive.scan.internal.DisabledScanner, hibernate.connection.datasource=HikariDataSource (HikariPool-1), java.class.version=65.0, LOGGED_APPLICATION_NAME=[JWP-Winary] }
2024-05-26T23:53:21.385+02:00 DEBUG 3612 --- [JWP-Winary] [           main] o.hibernate.internal.SessionFactoryImpl  : Session factory constructed with filter configurations : {}
2024-05-26T23:53:21.431+02:00 DEBUG 3612 --- [JWP-Winary] [           main] o.h.q.sqm.function.SqmFunctionRegistry   : Registered SqmFunctionTemplate [NamedSqmFunctionTemplate(max)] under max; prior registration was null
2024-05-26T23:53:21.431+02:00 DEBUG 3612 --- [JWP-Winary] [           main] o.h.q.sqm.function.SqmFunctionRegistry   : Registered SqmFunctionTemplate [NamedSqmFunctionTemplate(min)] under min; prior registration was null
2024-05-26T23:53:21.431+02:00 DEBUG 3612 --- [JWP-Winary] [           main] o.h.q.sqm.function.SqmFunctionRegistry   : Registered SqmFunctionTemplate [NamedSqmFunctionTemplate(sum)] under sum; prior registration was null
2024-05-26T23:53:21.432+02:00 DEBUG 3612 --- [JWP-Winary] [           main] o.h.q.sqm.function.SqmFunctionRegistry   : Registered SqmFunctionTemplate [NamedSqmFunctionTemplate(avg)] under avg; prior registration was null
2024-05-26T23:53:21.434+02:00 DEBUG 3612 --- [JWP-Winary] [           main] o.h.q.sqm.function.SqmFunctionRegistry   : Registered SqmFunctionTemplate [org.hibernate.dialect.function.CountFunction@21e39b82] under count; prior registration was null
2024-05-26T23:53:21.434+02:00 DEBUG 3612 --- [JWP-Winary] [           main] o.h.q.sqm.function.SqmFunctionRegistry   : Registered SqmFunctionTemplate [org.hibernate.dialect.function.EveryAnyEmulation@2cf88901] under every; prior registration was null
2024-05-26T23:53:21.435+02:00 DEBUG 3612 --- [JWP-Winary] [           main] o.h.q.sqm.function.SqmFunctionRegistry   : Registered SqmFunctionTemplate [org.hibernate.dialect.function.EveryAnyEmulation@4780341] under any; prior registration was null
2024-05-26T23:53:21.435+02:00 DEBUG 3612 --- [JWP-Winary] [           main] o.h.q.sqm.function.SqmFunctionRegistry   : Registered SqmFunctionTemplate [NamedSqmFunctionTemplate(floor)] under floor; prior registration was null
2024-05-26T23:53:21.435+02:00 DEBUG 3612 --- [JWP-Winary] [           main] o.h.q.sqm.function.SqmFunctionRegistry   : Registered SqmFunctionTemplate [NamedSqmFunctionTemplate(ceiling)] under ceiling; prior registration was null
2024-05-26T23:53:21.435+02:00 DEBUG 3612 --- [JWP-Winary] [           main] o.h.q.sqm.function.SqmFunctionRegistry   : Registered SqmFunctionTemplate [NamedSqmFunctionTemplate(mod)] under mod; prior registration was null
2024-05-26T23:53:21.435+02:00 DEBUG 3612 --- [JWP-Winary] [           main] o.h.q.sqm.function.SqmFunctionRegistry   : Registered SqmFunctionTemplate [NamedSqmFunctionTemplate(abs)] under abs; prior registration was null
2024-05-26T23:53:21.435+02:00 DEBUG 3612 --- [JWP-Winary] [           main] o.h.q.sqm.function.SqmFunctionRegistry   : Registered SqmFunctionTemplate [NamedSqmFunctionTemplate(sign)] under sign; prior registration was null
2024-05-26T23:53:21.435+02:00 DEBUG 3612 --- [JWP-Winary] [           main] o.h.q.sqm.function.SqmFunctionRegistry   : Registered SqmFunctionTemplate [NamedSqmFunctionTemplate(sqrt)] under sqrt; prior registration was null
2024-05-26T23:53:21.435+02:00 DEBUG 3612 --- [JWP-Winary] [           main] o.h.q.sqm.function.SqmFunctionRegistry   : Registered SqmFunctionTemplate [NamedSqmFunctionTemplate(ln)] under ln; prior registration was null
2024-05-26T23:53:21.435+02:00 DEBUG 3612 --- [JWP-Winary] [           main] o.h.q.sqm.function.SqmFunctionRegistry   : Registered SqmFunctionTemplate [NamedSqmFunctionTemplate(exp)] under exp; prior registration was null
2024-05-26T23:53:21.435+02:00 DEBUG 3612 --- [JWP-Winary] [           main] o.h.q.sqm.function.SqmFunctionRegistry   : Registered SqmFunctionTemplate [NamedSqmFunctionTemplate(power)] under power; prior registration was null
2024-05-26T23:53:21.435+02:00 DEBUG 3612 --- [JWP-Winary] [           main] o.h.q.sqm.function.SqmFunctionRegistry   : Registered SqmFunctionTemplate [NamedSqmFunctionTemplate(round)] under round; prior registration was null
2024-05-26T23:53:21.436+02:00 DEBUG 3612 --- [JWP-Winary] [           main] o.h.q.sqm.function.SqmFunctionRegistry   : Registered SqmFunctionTemplate [NamedSqmFunctionTemplate(sin)] under sin; prior registration was null
2024-05-26T23:53:21.436+02:00 DEBUG 3612 --- [JWP-Winary] [           main] o.h.q.sqm.function.SqmFunctionRegistry   : Registered SqmFunctionTemplate [NamedSqmFunctionTemplate(cos)] under cos; prior registration was null
2024-05-26T23:53:21.436+02:00 DEBUG 3612 --- [JWP-Winary] [           main] o.h.q.sqm.function.SqmFunctionRegistry   : Registered SqmFunctionTemplate [NamedSqmFunctionTemplate(tan)] under tan; prior registration was null
2024-05-26T23:53:21.436+02:00 DEBUG 3612 --- [JWP-Winary] [           main] o.h.q.sqm.function.SqmFunctionRegistry   : Registered SqmFunctionTemplate [NamedSqmFunctionTemplate(asin)] under asin; prior registration was null
2024-05-26T23:53:21.436+02:00 DEBUG 3612 --- [JWP-Winary] [           main] o.h.q.sqm.function.SqmFunctionRegistry   : Registered SqmFunctionTemplate [NamedSqmFunctionTemplate(acos)] under acos; prior registration was null
2024-05-26T23:53:21.436+02:00 DEBUG 3612 --- [JWP-Winary] [           main] o.h.q.sqm.function.SqmFunctionRegistry   : Registered SqmFunctionTemplate [NamedSqmFunctionTemplate(atan)] under atan; prior registration was null
2024-05-26T23:53:21.436+02:00 DEBUG 3612 --- [JWP-Winary] [           main] o.h.q.sqm.function.SqmFunctionRegistry   : Registered SqmFunctionTemplate [NamedSqmFunctionTemplate(atan2)] under atan2; prior registration was null
2024-05-26T23:53:21.438+02:00 DEBUG 3612 --- [JWP-Winary] [           main] o.h.q.sqm.function.SqmFunctionRegistry   : Registered SqmFunctionTemplate [org.hibernate.query.sqm.function.PatternBasedSqmFunctionDescriptor@6866e740] under sinh; prior registration was null
2024-05-26T23:53:21.438+02:00 DEBUG 3612 --- [JWP-Winary] [           main] o.h.q.sqm.function.SqmFunctionRegistry   : Registered SqmFunctionTemplate [org.hibernate.query.sqm.function.PatternBasedSqmFunctionDescriptor@2cd5b19c] under cosh; prior registration was null
2024-05-26T23:53:21.438+02:00 DEBUG 3612 --- [JWP-Winary] [           main] o.h.q.sqm.function.SqmFunctionRegistry   : Registered SqmFunctionTemplate [org.hibernate.query.sqm.function.PatternBasedSqmFunctionDescriptor@7109b603] under tanh; prior registration was null
2024-05-26T23:53:21.438+02:00 DEBUG 3612 --- [JWP-Winary] [           main] o.h.q.sqm.function.SqmFunctionRegistry   : Registered SqmFunctionTemplate [org.hibernate.query.sqm.function.PatternBasedSqmFunctionDescriptor@76b642aa] under pi; prior registration was null
2024-05-26T23:53:21.438+02:00 DEBUG 3612 --- [JWP-Winary] [           main] o.h.q.sqm.function.SqmFunctionRegistry   : Registered SqmFunctionTemplate [org.hibernate.query.sqm.function.PatternBasedSqmFunctionDescriptor@29b5e7db] under log; prior registration was null
2024-05-26T23:53:21.438+02:00 DEBUG 3612 --- [JWP-Winary] [           main] o.h.q.sqm.function.SqmFunctionRegistry   : Registered SqmFunctionTemplate [NamedSqmFunctionTemplate(coalesce)] under coalesce; prior registration was null
2024-05-26T23:53:21.438+02:00 DEBUG 3612 --- [JWP-Winary] [           main] o.h.q.sqm.function.SqmFunctionRegistry   : Registered SqmFunctionTemplate [NamedSqmFunctionTemplate(nullif)] under nullif; prior registration was null
2024-05-26T23:53:21.438+02:00 DEBUG 3612 --- [JWP-Winary] [           main] o.h.q.sqm.function.SqmFunctionRegistry   : Registered SqmFunctionTemplate [NamedSqmFunctionTemplate(left)] under left; prior registration was null
2024-05-26T23:53:21.438+02:00 DEBUG 3612 --- [JWP-Winary] [           main] o.h.q.sqm.function.SqmFunctionRegistry   : Registered SqmFunctionTemplate [NamedSqmFunctionTemplate(right)] under right; prior registration was null
2024-05-26T23:53:21.439+02:00 DEBUG 3612 --- [JWP-Winary] [           main] o.h.q.sqm.function.SqmFunctionRegistry   : Registered SqmFunctionTemplate [NamedSqmFunctionTemplate(replace)] under replace; prior registration was null
2024-05-26T23:53:21.439+02:00 DEBUG 3612 --- [JWP-Winary] [           main] o.h.q.sqm.function.SqmFunctionRegistry   : Registered SqmFunctionTemplate [NamedSqmFunctionTemplate(concat)] under concat; prior registration was null
2024-05-26T23:53:21.439+02:00 DEBUG 3612 --- [JWP-Winary] [           main] o.h.q.sqm.function.SqmFunctionRegistry   : Registered SqmFunctionTemplate [NamedSqmFunctionTemplate(lower)] under lower; prior registration was null
2024-05-26T23:53:21.439+02:00 DEBUG 3612 --- [JWP-Winary] [           main] o.h.q.sqm.function.SqmFunctionRegistry   : Registered SqmFunctionTemplate [NamedSqmFunctionTemplate(upper)] under upper; prior registration was null
2024-05-26T23:53:21.439+02:00 DEBUG 3612 --- [JWP-Winary] [           main] o.h.q.sqm.function.SqmFunctionRegistry   : Registered SqmFunctionTemplate [NamedSqmFunctionTemplate(substring)] under substring; prior registration was null
2024-05-26T23:53:21.439+02:00 DEBUG 3612 --- [JWP-Winary] [           main] o.h.q.sqm.function.SqmFunctionRegistry   : Registered SqmFunctionTemplate [NamedSqmFunctionTemplate(locate)] under locate; prior registration was null
2024-05-26T23:53:21.439+02:00 DEBUG 3612 --- [JWP-Winary] [           main] o.h.q.sqm.function.SqmFunctionRegistry   : Registered SqmFunctionTemplate [NamedSqmFunctionTemplate(character_length)] under character_length; prior registration was null
2024-05-26T23:53:21.439+02:00 DEBUG 3612 --- [JWP-Winary] [           main] o.h.q.sqm.function.SqmFunctionRegistry   : Registering alternate key : length -> character_length
2024-05-26T23:53:21.439+02:00 DEBUG 3612 --- [JWP-Winary] [           main] o.h.q.sqm.function.SqmFunctionRegistry   : Registered SqmFunctionTemplate [org.hibernate.dialect.function.LocatePositionEmulation@4f7ae05] under position; prior registration was null
2024-05-26T23:53:21.441+02:00 DEBUG 3612 --- [JWP-Winary] [           main] o.h.q.sqm.function.SqmFunctionRegistry   : Registered SqmFunctionTemplate [org.hibernate.dialect.function.InsertSubstringOverlayEmulation@7e1762e6] under overlay; prior registration was null
2024-05-26T23:53:21.441+02:00 DEBUG 3612 --- [JWP-Winary] [           main] o.h.q.sqm.function.SqmFunctionRegistry   : Registered SqmFunctionTemplate [org.hibernate.dialect.function.TrimFunction@52290e63] under trim; prior registration was null
2024-05-26T23:53:21.442+02:00 DEBUG 3612 --- [JWP-Winary] [           main] o.h.q.sqm.function.SqmFunctionRegistry   : Registered SqmFunctionTemplate [org.hibernate.dialect.function.CastFunction@11978f52] under cast; prior registration was null
2024-05-26T23:53:21.442+02:00 DEBUG 3612 --- [JWP-Winary] [           main] o.h.q.sqm.function.SqmFunctionRegistry   : Registered SqmFunctionTemplate [org.hibernate.query.sqm.function.PatternBasedSqmFunctionDescriptor@3e0855b0] under collate; prior registration was null
2024-05-26T23:53:21.443+02:00 DEBUG 3612 --- [JWP-Winary] [           main] o.h.q.sqm.function.SqmFunctionRegistry   : Registered SqmFunctionTemplate [org.hibernate.dialect.function.ExtractFunction@47fca3cc] under extract; prior registration was null
2024-05-26T23:53:21.443+02:00 DEBUG 3612 --- [JWP-Winary] [           main] o.h.q.sqm.function.SqmFunctionRegistry   : Registered SqmFunctionTemplate [NamedSqmFunctionTemplate(least)] under least; prior registration was null
2024-05-26T23:53:21.443+02:00 DEBUG 3612 --- [JWP-Winary] [           main] o.h.q.sqm.function.SqmFunctionRegistry   : Registered SqmFunctionTemplate [NamedSqmFunctionTemplate(greatest)] under greatest; prior registration was null
2024-05-26T23:53:21.443+02:00 DEBUG 3612 --- [JWP-Winary] [           main] o.h.q.sqm.function.SqmFunctionRegistry   : Registered SqmFunctionTemplate [org.hibernate.dialect.function.CoalesceIfnullEmulation@5d5ae6aa] under ifnull; prior registration was null
2024-05-26T23:53:21.443+02:00 DEBUG 3612 --- [JWP-Winary] [           main] o.h.q.sqm.function.SqmFunctionRegistry   : Registered SqmFunctionTemplate [NamedSqmFunctionTemplate(lpad)] under lpad; prior registration was null
2024-05-26T23:53:21.443+02:00 DEBUG 3612 --- [JWP-Winary] [           main] o.h.q.sqm.function.SqmFunctionRegistry   : Registered SqmFunctionTemplate [NamedSqmFunctionTemplate(rpad)] under rpad; prior registration was null
2024-05-26T23:53:21.444+02:00 DEBUG 3612 --- [JWP-Winary] [           main] o.h.q.sqm.function.SqmFunctionRegistry   : Registered SqmFunctionTemplate [org.hibernate.dialect.function.LpadRpadPadEmulation@10408ea] under pad; prior registration was null
2024-05-26T23:53:21.444+02:00 DEBUG 3612 --- [JWP-Winary] [           main] o.h.q.sqm.function.SqmFunctionRegistry   : Registered SqmFunctionTemplate [org.hibernate.dialect.function.CastStrEmulation@3c6fb501] under str; prior registration was null
2024-05-26T23:53:21.445+02:00 DEBUG 3612 --- [JWP-Winary] [           main] o.h.q.sqm.function.SqmFunctionRegistry   : Registered SqmFunctionTemplate [org.hibernate.dialect.function.FormatFunction@773c7147] under format; prior registration was null
2024-05-26T23:53:21.455+02:00 DEBUG 3612 --- [JWP-Winary] [           main] o.h.q.sqm.function.SqmFunctionRegistry   : Registered SqmFunctionTemplate [org.hibernate.dialect.function.TimestampaddFunction@7296fe0b] under timestampadd; prior registration was null
2024-05-26T23:53:21.456+02:00 DEBUG 3612 --- [JWP-Winary] [           main] o.h.q.sqm.function.SqmFunctionRegistry   : Registered SqmFunctionTemplate [org.hibernate.dialect.function.TimestampdiffFunction@3909a854] under timestampdiff; prior registration was null
2024-05-26T23:53:21.456+02:00 DEBUG 3612 --- [JWP-Winary] [           main] o.h.q.sqm.function.SqmFunctionRegistry   : Registering alternate key : dateadd -> timestampadd
2024-05-26T23:53:21.456+02:00 DEBUG 3612 --- [JWP-Winary] [           main] o.h.q.sqm.function.SqmFunctionRegistry   : Registering alternate key : datediff -> timestampdiff
2024-05-26T23:53:21.456+02:00 DEBUG 3612 --- [JWP-Winary] [           main] o.h.q.sqm.function.SqmFunctionRegistry   : Registered SqmFunctionTemplate [org.hibernate.dialect.function.CurrentFunction@7fbbdd8a] under current_date; prior registration was null
2024-05-26T23:53:21.456+02:00 DEBUG 3612 --- [JWP-Winary] [           main] o.h.q.sqm.function.SqmFunctionRegistry   : Registered SqmFunctionTemplate [org.hibernate.dialect.function.CurrentFunction@4e9ea32f] under current_time; prior registration was null
2024-05-26T23:53:21.456+02:00 DEBUG 3612 --- [JWP-Winary] [           main] o.h.q.sqm.function.SqmFunctionRegistry   : Registered SqmFunctionTemplate [org.hibernate.dialect.function.CurrentFunction@79ec57b8] under current_timestamp; prior registration was null
2024-05-26T23:53:21.456+02:00 DEBUG 3612 --- [JWP-Winary] [           main] o.h.q.sqm.function.SqmFunctionRegistry   : Registering alternate key : current date -> current_date
2024-05-26T23:53:21.456+02:00 DEBUG 3612 --- [JWP-Winary] [           main] o.h.q.sqm.function.SqmFunctionRegistry   : Registering alternate key : current time -> current_time
2024-05-26T23:53:21.456+02:00 DEBUG 3612 --- [JWP-Winary] [           main] o.h.q.sqm.function.SqmFunctionRegistry   : Registering alternate key : current timestamp -> current_timestamp
2024-05-26T23:53:21.456+02:00 DEBUG 3612 --- [JWP-Winary] [           main] o.h.q.sqm.function.SqmFunctionRegistry   : Registered SqmFunctionTemplate [org.hibernate.dialect.function.CurrentFunction@56ba8e8c] under local_date; prior registration was null
2024-05-26T23:53:21.456+02:00 DEBUG 3612 --- [JWP-Winary] [           main] o.h.q.sqm.function.SqmFunctionRegistry   : Registered SqmFunctionTemplate [org.hibernate.dialect.function.CurrentFunction@774c5e5c] under local_time; prior registration was null
2024-05-26T23:53:21.456+02:00 DEBUG 3612 --- [JWP-Winary] [           main] o.h.q.sqm.function.SqmFunctionRegistry   : Registered SqmFunctionTemplate [org.hibernate.dialect.function.CurrentFunction@4cf01c41] under local_datetime; prior registration was null
2024-05-26T23:53:21.456+02:00 DEBUG 3612 --- [JWP-Winary] [           main] o.h.q.sqm.function.SqmFunctionRegistry   : Registered SqmFunctionTemplate [org.hibernate.dialect.function.CurrentFunction@57bac3f0] under offset_datetime; prior registration was null
2024-05-26T23:53:21.456+02:00 DEBUG 3612 --- [JWP-Winary] [           main] o.h.q.sqm.function.SqmFunctionRegistry   : Registering alternate key : local date -> local_date
2024-05-26T23:53:21.456+02:00 DEBUG 3612 --- [JWP-Winary] [           main] o.h.q.sqm.function.SqmFunctionRegistry   : Registering alternate key : local time -> local_time
2024-05-26T23:53:21.456+02:00 DEBUG 3612 --- [JWP-Winary] [           main] o.h.q.sqm.function.SqmFunctionRegistry   : Registering alternate key : local datetime -> local_datetime
2024-05-26T23:53:21.456+02:00 DEBUG 3612 --- [JWP-Winary] [           main] o.h.q.sqm.function.SqmFunctionRegistry   : Registering alternate key : offset datetime -> offset_datetime
2024-05-26T23:53:21.457+02:00 DEBUG 3612 --- [JWP-Winary] [           main] o.h.q.sqm.function.SqmFunctionRegistry   : Registered SqmFunctionTemplate [org.hibernate.dialect.function.CurrentFunction@55f6f965] under instant; prior registration was null
2024-05-26T23:53:21.457+02:00 DEBUG 3612 --- [JWP-Winary] [           main] o.h.q.sqm.function.SqmFunctionRegistry   : Registering alternate key : current_instant -> instant
2024-05-26T23:53:21.457+02:00 DEBUG 3612 --- [JWP-Winary] [           main] o.h.q.sqm.function.SqmFunctionRegistry   : Registered SqmFunctionTemplate [org.hibernate.dialect.function.SqlFunction@6ff8e744] under sql; prior registration was null
2024-05-26T23:53:21.457+02:00 DEBUG 3612 --- [JWP-Winary] [           main] o.h.q.sqm.function.SqmFunctionRegistry   : Registered SqmFunctionTemplate [NamedSqmFunctionTemplate(max)] under max; prior registration was NamedSqmFunctionTemplate(max)
2024-05-26T23:53:21.457+02:00 DEBUG 3612 --- [JWP-Winary] [           main] o.h.q.sqm.function.SqmFunctionRegistry   : Registered SqmFunctionTemplate [NamedSqmFunctionTemplate(min)] under min; prior registration was NamedSqmFunctionTemplate(min)
2024-05-26T23:53:21.457+02:00 DEBUG 3612 --- [JWP-Winary] [           main] o.h.q.sqm.function.SqmFunctionRegistry   : Registered SqmFunctionTemplate [NamedSqmFunctionTemplate(sum)] under sum; prior registration was NamedSqmFunctionTemplate(sum)
2024-05-26T23:53:21.457+02:00 DEBUG 3612 --- [JWP-Winary] [           main] o.h.q.sqm.function.SqmFunctionRegistry   : Registered SqmFunctionTemplate [NamedSqmFunctionTemplate(avg)] under avg; prior registration was NamedSqmFunctionTemplate(avg)
2024-05-26T23:53:21.457+02:00 DEBUG 3612 --- [JWP-Winary] [           main] o.h.q.sqm.function.SqmFunctionRegistry   : Registered SqmFunctionTemplate [org.hibernate.dialect.function.CountFunction@409395b9] under count; prior registration was org.hibernate.dialect.function.CountFunction@21e39b82
2024-05-26T23:53:21.458+02:00 DEBUG 3612 --- [JWP-Winary] [           main] o.h.q.sqm.function.SqmFunctionRegistry   : Registered SqmFunctionTemplate [org.hibernate.dialect.function.AvgFunction@12200670] under avg; prior registration was NamedSqmFunctionTemplate(avg)
2024-05-26T23:53:21.458+02:00 DEBUG 3612 --- [JWP-Winary] [           main] o.h.q.sqm.function.SqmFunctionRegistry   : Registered SqmFunctionTemplate [NamedSqmFunctionTemplate(pi)] under pi; prior registration was org.hibernate.query.sqm.function.PatternBasedSqmFunctionDescriptor@76b642aa
2024-05-26T23:53:21.458+02:00 DEBUG 3612 --- [JWP-Winary] [           main] o.h.q.sqm.function.SqmFunctionRegistry   : Registered SqmFunctionTemplate [NamedSqmFunctionTemplate(cot)] under cot; prior registration was null
2024-05-26T23:53:21.458+02:00 DEBUG 3612 --- [JWP-Winary] [           main] o.h.q.sqm.function.SqmFunctionRegistry   : Registered SqmFunctionTemplate [NamedSqmFunctionTemplate(radians)] under radians; prior registration was null
2024-05-26T23:53:21.458+02:00 DEBUG 3612 --- [JWP-Winary] [           main] o.h.q.sqm.function.SqmFunctionRegistry   : Registered SqmFunctionTemplate [NamedSqmFunctionTemplate(degrees)] under degrees; prior registration was null
2024-05-26T23:53:21.458+02:00 DEBUG 3612 --- [JWP-Winary] [           main] o.h.q.sqm.function.SqmFunctionRegistry   : Registered SqmFunctionTemplate [NamedSqmFunctionTemplate(log10)] under log10; prior registration was null
2024-05-26T23:53:21.458+02:00 DEBUG 3612 --- [JWP-Winary] [           main] o.h.q.sqm.function.SqmFunctionRegistry   : Registered SqmFunctionTemplate [org.hibernate.query.sqm.function.PatternBasedSqmFunctionDescriptor@5e80d5] under mod; prior registration was NamedSqmFunctionTemplate(mod)
2024-05-26T23:53:21.458+02:00 DEBUG 3612 --- [JWP-Winary] [           main] o.h.q.sqm.function.SqmFunctionRegistry   : Registered SqmFunctionTemplate [NamedSqmFunctionTemplate(rand)] under rand; prior registration was null
2024-05-26T23:53:21.458+02:00 DEBUG 3612 --- [JWP-Winary] [           main] o.h.q.sqm.function.SqmFunctionRegistry   : Registered SqmFunctionTemplate [NamedSqmFunctionTemplate(soundex)] under soundex; prior registration was null
2024-05-26T23:53:21.458+02:00 DEBUG 3612 --- [JWP-Winary] [           main] o.h.q.sqm.function.SqmFunctionRegistry   : Registered SqmFunctionTemplate [NamedSqmFunctionTemplate(translate)] under translate; prior registration was null
2024-05-26T23:53:21.458+02:00 DEBUG 3612 --- [JWP-Winary] [           main] o.h.q.sqm.function.SqmFunctionRegistry   : Registered SqmFunctionTemplate [NamedSqmFunctionTemplate(bitand)] under bitand; prior registration was null
2024-05-26T23:53:21.458+02:00 DEBUG 3612 --- [JWP-Winary] [           main] o.h.q.sqm.function.SqmFunctionRegistry   : Registered SqmFunctionTemplate [NamedSqmFunctionTemplate(bitor)] under bitor; prior registration was null
2024-05-26T23:53:21.458+02:00 DEBUG 3612 --- [JWP-Winary] [           main] o.h.q.sqm.function.SqmFunctionRegistry   : Registered SqmFunctionTemplate [NamedSqmFunctionTemplate(bitxor)] under bitxor; prior registration was null
2024-05-26T23:53:21.458+02:00 DEBUG 3612 --- [JWP-Winary] [           main] o.h.q.sqm.function.SqmFunctionRegistry   : Registered SqmFunctionTemplate [NamedSqmFunctionTemplate(bit_and)] under bit_and; prior registration was null
2024-05-26T23:53:21.458+02:00 DEBUG 3612 --- [JWP-Winary] [           main] o.h.q.sqm.function.SqmFunctionRegistry   : Registered SqmFunctionTemplate [NamedSqmFunctionTemplate(bit_or)] under bit_or; prior registration was null
2024-05-26T23:53:21.458+02:00 DEBUG 3612 --- [JWP-Winary] [           main] o.h.q.sqm.function.SqmFunctionRegistry   : Registered SqmFunctionTemplate [NamedSqmFunctionTemplate(day)] under day; prior registration was null
2024-05-26T23:53:21.458+02:00 DEBUG 3612 --- [JWP-Winary] [           main] o.h.q.sqm.function.SqmFunctionRegistry   : Registered SqmFunctionTemplate [NamedSqmFunctionTemplate(month)] under month; prior registration was null
2024-05-26T23:53:21.458+02:00 DEBUG 3612 --- [JWP-Winary] [           main] o.h.q.sqm.function.SqmFunctionRegistry   : Registered SqmFunctionTemplate [NamedSqmFunctionTemplate(year)] under year; prior registration was null
2024-05-26T23:53:21.458+02:00 DEBUG 3612 --- [JWP-Winary] [           main] o.h.q.sqm.function.SqmFunctionRegistry   : Registered SqmFunctionTemplate [NamedSqmFunctionTemplate(hour)] under hour; prior registration was null
2024-05-26T23:53:21.458+02:00 DEBUG 3612 --- [JWP-Winary] [           main] o.h.q.sqm.function.SqmFunctionRegistry   : Registered SqmFunctionTemplate [NamedSqmFunctionTemplate(minute)] under minute; prior registration was null
2024-05-26T23:53:21.458+02:00 DEBUG 3612 --- [JWP-Winary] [           main] o.h.q.sqm.function.SqmFunctionRegistry   : Registered SqmFunctionTemplate [NamedSqmFunctionTemplate(second)] under second; prior registration was null
2024-05-26T23:53:21.458+02:00 DEBUG 3612 --- [JWP-Winary] [           main] o.h.q.sqm.function.SqmFunctionRegistry   : Registered SqmFunctionTemplate [NamedSqmFunctionTemplate(microsecond)] under microsecond; prior registration was null
2024-05-26T23:53:21.458+02:00 DEBUG 3612 --- [JWP-Winary] [           main] o.h.q.sqm.function.SqmFunctionRegistry   : Registered SqmFunctionTemplate [NamedSqmFunctionTemplate(day_of_week)] under day_of_week; prior registration was null
2024-05-26T23:53:21.458+02:00 DEBUG 3612 --- [JWP-Winary] [           main] o.h.q.sqm.function.SqmFunctionRegistry   : Registered SqmFunctionTemplate [NamedSqmFunctionTemplate(day_of_month)] under day_of_month; prior registration was null
2024-05-26T23:53:21.458+02:00 DEBUG 3612 --- [JWP-Winary] [           main] o.h.q.sqm.function.SqmFunctionRegistry   : Registering alternate key : day -> day_of_month
2024-05-26T23:53:21.458+02:00 DEBUG 3612 --- [JWP-Winary] [           main] o.h.q.sqm.function.SqmFunctionRegistry   : Registered SqmFunctionTemplate [NamedSqmFunctionTemplate(day_of_year)] under day_of_year; prior registration was null
2024-05-26T23:53:21.458+02:00 DEBUG 3612 --- [JWP-Winary] [           main] o.h.q.sqm.function.SqmFunctionRegistry   : Registered SqmFunctionTemplate [NamedSqmFunctionTemplate(week)] under week; prior registration was null
2024-05-26T23:53:21.458+02:00 DEBUG 3612 --- [JWP-Winary] [           main] o.h.q.sqm.function.SqmFunctionRegistry   : Registered SqmFunctionTemplate [NamedSqmFunctionTemplate(quarter)] under quarter; prior registration was null
2024-05-26T23:53:21.459+02:00 DEBUG 3612 --- [JWP-Winary] [           main] o.h.q.sqm.function.SqmFunctionRegistry   : Registered SqmFunctionTemplate [NamedSqmFunctionTemplate(monthname)] under monthname; prior registration was null
2024-05-26T23:53:21.459+02:00 DEBUG 3612 --- [JWP-Winary] [           main] o.h.q.sqm.function.SqmFunctionRegistry   : Registered SqmFunctionTemplate [NamedSqmFunctionTemplate(dayname)] under dayname; prior registration was null
2024-05-26T23:53:21.459+02:00 DEBUG 3612 --- [JWP-Winary] [           main] o.h.q.sqm.function.SqmFunctionRegistry   : Registered SqmFunctionTemplate [NamedSqmFunctionTemplate(localtime)] under localtime; prior registration was null
2024-05-26T23:53:21.459+02:00 DEBUG 3612 --- [JWP-Winary] [           main] o.h.q.sqm.function.SqmFunctionRegistry   : Registered SqmFunctionTemplate [NamedSqmFunctionTemplate(localtimestamp)] under localtimestamp; prior registration was null
2024-05-26T23:53:21.459+02:00 DEBUG 3612 --- [JWP-Winary] [           main] o.h.q.sqm.function.SqmFunctionRegistry   : Registered SqmFunctionTemplate [NamedSqmFunctionTemplate(localtime)] under local_time; prior registration was org.hibernate.dialect.function.CurrentFunction@774c5e5c
2024-05-26T23:53:21.459+02:00 DEBUG 3612 --- [JWP-Winary] [           main] o.h.q.sqm.function.SqmFunctionRegistry   : Registered SqmFunctionTemplate [NamedSqmFunctionTemplate(localtimestamp)] under local_datetime; prior registration was org.hibernate.dialect.function.CurrentFunction@4cf01c41
2024-05-26T23:53:21.464+02:00 DEBUG 3612 --- [JWP-Winary] [           main] o.h.q.sqm.function.SqmFunctionRegistry   : Registered SqmFunctionTemplate [org.hibernate.dialect.function.TruncFunction@416b681c] under trunc; prior registration was null
2024-05-26T23:53:21.464+02:00 DEBUG 3612 --- [JWP-Winary] [           main] o.h.q.sqm.function.SqmFunctionRegistry   : Registering alternate key : truncate -> trunc
2024-05-26T23:53:21.464+02:00 DEBUG 3612 --- [JWP-Winary] [           main] o.h.q.sqm.function.SqmFunctionRegistry   : Registered SqmFunctionTemplate [org.hibernate.query.sqm.function.PatternBasedSqmFunctionDescriptor@46d69ca4] under date_trunc; prior registration was null
2024-05-26T23:53:21.464+02:00 DEBUG 3612 --- [JWP-Winary] [           main] o.h.q.sqm.function.SqmFunctionRegistry   : Registered SqmFunctionTemplate [NamedSqmFunctionTemplate(bit_length)] under bit_length; prior registration was null
2024-05-26T23:53:21.464+02:00 DEBUG 3612 --- [JWP-Winary] [           main] o.h.q.sqm.function.SqmFunctionRegistry   : Registered SqmFunctionTemplate [NamedSqmFunctionTemplate(octet_length)] under octet_length; prior registration was null
2024-05-26T23:53:21.464+02:00 DEBUG 3612 --- [JWP-Winary] [           main] o.h.q.sqm.function.SqmFunctionRegistry   : Registered SqmFunctionTemplate [NamedSqmFunctionTemplate(ascii)] under ascii; prior registration was null
2024-05-26T23:53:21.464+02:00 DEBUG 3612 --- [JWP-Winary] [           main] o.h.q.sqm.function.SqmFunctionRegistry   : Registered SqmFunctionTemplate [NamedSqmFunctionTemplate(octet_length)] under octet_length; prior registration was NamedSqmFunctionTemplate(octet_length)
2024-05-26T23:53:21.464+02:00 DEBUG 3612 --- [JWP-Winary] [           main] o.h.q.sqm.function.SqmFunctionRegistry   : Registered SqmFunctionTemplate [NamedSqmFunctionTemplate(space)] under space; prior registration was null
2024-05-26T23:53:21.464+02:00 DEBUG 3612 --- [JWP-Winary] [           main] o.h.q.sqm.function.SqmFunctionRegistry   : Registered SqmFunctionTemplate [NamedSqmFunctionTemplate(repeat)] under repeat; prior registration was null
2024-05-26T23:53:21.464+02:00 DEBUG 3612 --- [JWP-Winary] [           main] o.h.q.sqm.function.SqmFunctionRegistry   : Registered SqmFunctionTemplate [NamedSqmFunctionTemplate(char)] under char; prior registration was null
2024-05-26T23:53:21.464+02:00 DEBUG 3612 --- [JWP-Winary] [           main] o.h.q.sqm.function.SqmFunctionRegistry   : Registering alternate key : chr -> char
2024-05-26T23:53:21.464+02:00 DEBUG 3612 --- [JWP-Winary] [           main] o.h.q.sqm.function.SqmFunctionRegistry   : Registered SqmFunctionTemplate [NamedSqmFunctionTemplate(instr)] under instr; prior registration was null
2024-05-26T23:53:21.464+02:00 DEBUG 3612 --- [JWP-Winary] [           main] o.h.q.sqm.function.SqmFunctionRegistry   : Registered SqmFunctionTemplate [NamedSqmFunctionTemplate(substr)] under substr; prior registration was null
2024-05-26T23:53:21.464+02:00 DEBUG 3612 --- [JWP-Winary] [           main] o.h.q.sqm.function.SqmFunctionRegistry   : Registered SqmFunctionTemplate [org.hibernate.query.sqm.function.PatternBasedSqmFunctionDescriptor@5c9b5e62] under position; prior registration was org.hibernate.dialect.function.LocatePositionEmulation@4f7ae05
2024-05-26T23:53:21.464+02:00 DEBUG 3612 --- [JWP-Winary] [           main] o.h.q.sqm.function.SqmFunctionRegistry   : Registered SqmFunctionTemplate [NamedSqmFunctionTemplate(ltrim)] under ltrim; prior registration was null
2024-05-26T23:53:21.464+02:00 DEBUG 3612 --- [JWP-Winary] [           main] o.h.q.sqm.function.SqmFunctionRegistry   : Registered SqmFunctionTemplate [NamedSqmFunctionTemplate(rtrim)] under rtrim; prior registration was null
2024-05-26T23:53:21.465+02:00 DEBUG 3612 --- [JWP-Winary] [           main] o.h.q.sqm.function.SqmFunctionRegistry   : Registered SqmFunctionTemplate [org.hibernate.query.sqm.function.PatternBasedSqmFunctionDescriptor@3c826498] under concat; prior registration was NamedSqmFunctionTemplate(concat)
2024-05-26T23:53:21.465+02:00 DEBUG 3612 --- [JWP-Winary] [           main] o.h.q.sqm.function.SqmFunctionRegistry   : Registered SqmFunctionTemplate [NamedSqmFunctionTemplate(curtime)] under curtime; prior registration was null
2024-05-26T23:53:21.465+02:00 DEBUG 3612 --- [JWP-Winary] [           main] o.h.q.sqm.function.SqmFunctionRegistry   : Registered SqmFunctionTemplate [NamedSqmFunctionTemplate(curdate)] under curdate; prior registration was null
2024-05-26T23:53:21.465+02:00 DEBUG 3612 --- [JWP-Winary] [           main] o.h.q.sqm.function.SqmFunctionRegistry   : Registered SqmFunctionTemplate [NamedSqmFunctionTemplate(now)] under now; prior registration was null
2024-05-26T23:53:21.465+02:00 DEBUG 3612 --- [JWP-Winary] [           main] o.h.q.sqm.function.SqmFunctionRegistry   : Registered SqmFunctionTemplate [NamedSqmFunctionTemplate(sysdate)] under sysdate; prior registration was null
2024-05-26T23:53:21.465+02:00 DEBUG 3612 --- [JWP-Winary] [           main] o.h.q.sqm.function.SqmFunctionRegistry   : Registered SqmFunctionTemplate [NamedSqmFunctionTemplate(insert)] under insert; prior registration was null
2024-05-26T23:53:21.465+02:00 DEBUG 3612 --- [JWP-Winary] [           main] o.h.q.sqm.function.SqmFunctionRegistry   : Registered SqmFunctionTemplate [NamedSqmFunctionTemplate(bool_and)] under bool_and; prior registration was null
2024-05-26T23:53:21.465+02:00 DEBUG 3612 --- [JWP-Winary] [           main] o.h.q.sqm.function.SqmFunctionRegistry   : Registering alternate key : every -> bool_and
2024-05-26T23:53:21.465+02:00 DEBUG 3612 --- [JWP-Winary] [           main] o.h.q.sqm.function.SqmFunctionRegistry   : Registered SqmFunctionTemplate [NamedSqmFunctionTemplate(bool_or)] under bool_or; prior registration was null
2024-05-26T23:53:21.465+02:00 DEBUG 3612 --- [JWP-Winary] [           main] o.h.q.sqm.function.SqmFunctionRegistry   : Registering alternate key : any -> bool_or
2024-05-26T23:53:21.465+02:00 DEBUG 3612 --- [JWP-Winary] [           main] o.h.q.sqm.function.SqmFunctionRegistry   : Registered SqmFunctionTemplate [NamedSqmFunctionTemplate(median)] under median; prior registration was null
2024-05-26T23:53:21.465+02:00 DEBUG 3612 --- [JWP-Winary] [           main] o.h.q.sqm.function.SqmFunctionRegistry   : Registered SqmFunctionTemplate [NamedSqmFunctionTemplate(stddev_pop)] under stddev_pop; prior registration was null
2024-05-26T23:53:21.465+02:00 DEBUG 3612 --- [JWP-Winary] [           main] o.h.q.sqm.function.SqmFunctionRegistry   : Registered SqmFunctionTemplate [NamedSqmFunctionTemplate(stddev_samp)] under stddev_samp; prior registration was null
2024-05-26T23:53:21.465+02:00 DEBUG 3612 --- [JWP-Winary] [           main] o.h.q.sqm.function.SqmFunctionRegistry   : Registered SqmFunctionTemplate [NamedSqmFunctionTemplate(var_pop)] under var_pop; prior registration was null
2024-05-26T23:53:21.465+02:00 DEBUG 3612 --- [JWP-Winary] [           main] o.h.q.sqm.function.SqmFunctionRegistry   : Registered SqmFunctionTemplate [NamedSqmFunctionTemplate(var_samp)] under var_samp; prior registration was null
2024-05-26T23:53:21.465+02:00 DEBUG 3612 --- [JWP-Winary] [           main] o.h.q.sqm.function.SqmFunctionRegistry   : Registered SqmFunctionTemplate [org.hibernate.dialect.function.FormatFunction@2633d09c] under format; prior registration was org.hibernate.dialect.function.FormatFunction@773c7147
2024-05-26T23:53:21.465+02:00 DEBUG 3612 --- [JWP-Winary] [           main] o.h.q.sqm.function.SqmFunctionRegistry   : Registered SqmFunctionTemplate [NamedSqmFunctionTemplate(rownum)] under rownum; prior registration was null
2024-05-26T23:53:21.465+02:00 DEBUG 3612 --- [JWP-Winary] [           main] o.h.q.sqm.function.SqmFunctionRegistry   : Registered SqmFunctionTemplate [NamedSqmFunctionTemplate(row_number)] under row_number; prior registration was null
2024-05-26T23:53:21.465+02:00 DEBUG 3612 --- [JWP-Winary] [           main] o.h.q.sqm.function.SqmFunctionRegistry   : Registered SqmFunctionTemplate [NamedSqmFunctionTemplate(lag)] under lag; prior registration was null
2024-05-26T23:53:21.466+02:00 DEBUG 3612 --- [JWP-Winary] [           main] o.h.q.sqm.function.SqmFunctionRegistry   : Registered SqmFunctionTemplate [NamedSqmFunctionTemplate(lead)] under lead; prior registration was null
2024-05-26T23:53:21.466+02:00 DEBUG 3612 --- [JWP-Winary] [           main] o.h.q.sqm.function.SqmFunctionRegistry   : Registered SqmFunctionTemplate [NamedSqmFunctionTemplate(first_value)] under first_value; prior registration was null
2024-05-26T23:53:21.466+02:00 DEBUG 3612 --- [JWP-Winary] [           main] o.h.q.sqm.function.SqmFunctionRegistry   : Registered SqmFunctionTemplate [NamedSqmFunctionTemplate(last_value)] under last_value; prior registration was null
2024-05-26T23:53:21.466+02:00 DEBUG 3612 --- [JWP-Winary] [           main] o.h.q.sqm.function.SqmFunctionRegistry   : Registered SqmFunctionTemplate [NamedSqmFunctionTemplate(nth_value)] under nth_value; prior registration was null
2024-05-26T23:53:21.466+02:00 DEBUG 3612 --- [JWP-Winary] [           main] o.h.q.sqm.function.SqmFunctionRegistry   : Registered SqmFunctionTemplate [org.hibernate.dialect.function.ListaggFunction@3749c2b] under listagg; prior registration was null
2024-05-26T23:53:21.467+02:00 DEBUG 3612 --- [JWP-Winary] [           main] o.h.q.sqm.function.SqmFunctionRegistry   : Registered SqmFunctionTemplate [org.hibernate.dialect.function.InverseDistributionFunction@7c0b0bd9] under mode; prior registration was null
2024-05-26T23:53:21.467+02:00 DEBUG 3612 --- [JWP-Winary] [           main] o.h.q.sqm.function.SqmFunctionRegistry   : Registered SqmFunctionTemplate [org.hibernate.dialect.function.InverseDistributionFunction@6150afc6] under percentile_cont; prior registration was null
2024-05-26T23:53:21.467+02:00 DEBUG 3612 --- [JWP-Winary] [           main] o.h.q.sqm.function.SqmFunctionRegistry   : Registered SqmFunctionTemplate [org.hibernate.dialect.function.InverseDistributionFunction@49f50c8f] under percentile_disc; prior registration was null
2024-05-26T23:53:21.468+02:00 DEBUG 3612 --- [JWP-Winary] [           main] o.h.q.sqm.function.SqmFunctionRegistry   : Registered SqmFunctionTemplate [org.hibernate.dialect.function.HypotheticalSetFunction@672d8370] under rank; prior registration was null
2024-05-26T23:53:21.468+02:00 DEBUG 3612 --- [JWP-Winary] [           main] o.h.q.sqm.function.SqmFunctionRegistry   : Registered SqmFunctionTemplate [org.hibernate.dialect.function.HypotheticalSetFunction@13137835] under dense_rank; prior registration was null
2024-05-26T23:53:21.468+02:00 DEBUG 3612 --- [JWP-Winary] [           main] o.h.q.sqm.function.SqmFunctionRegistry   : Registered SqmFunctionTemplate [org.hibernate.dialect.function.HypotheticalSetFunction@4f82248f] under percent_rank; prior registration was null
2024-05-26T23:53:21.468+02:00 DEBUG 3612 --- [JWP-Winary] [           main] o.h.q.sqm.function.SqmFunctionRegistry   : Registered SqmFunctionTemplate [org.hibernate.dialect.function.HypotheticalSetFunction@22002459] under cume_dist; prior registration was null
2024-05-26T23:53:21.469+02:00 DEBUG 3612 --- [JWP-Winary] [           main] o.h.q.sqm.function.SqmFunctionRegistry   : Registered SqmFunctionTemplate [org.hibernate.dialect.function.array.ArrayConstructorFunction@69b1e8f8] under array; prior registration was null
2024-05-26T23:53:21.469+02:00 DEBUG 3612 --- [JWP-Winary] [           main] o.h.q.sqm.function.SqmFunctionRegistry   : Registered SqmFunctionTemplate [org.hibernate.dialect.function.array.ArrayConstructorFunction@126af200] under array_list; prior registration was null
2024-05-26T23:53:21.469+02:00 DEBUG 3612 --- [JWP-Winary] [           main] o.h.q.sqm.function.SqmFunctionRegistry   : Registered SqmFunctionTemplate [org.hibernate.dialect.function.array.ArrayAggFunction@54f69311] under array_agg; prior registration was null
2024-05-26T23:53:21.471+02:00 DEBUG 3612 --- [JWP-Winary] [           main] o.h.q.sqm.function.SqmFunctionRegistry   : Registered SqmFunctionTemplate [org.hibernate.dialect.function.array.H2ArrayPositionFunction@7a274521] under array_position; prior registration was null
2024-05-26T23:53:21.476+02:00 DEBUG 3612 --- [JWP-Winary] [           main] o.h.q.sqm.function.SqmFunctionRegistry   : Registered SqmFunctionTemplate [org.hibernate.dialect.function.array.H2ArrayPositionsFunction@26612078] under array_positions; prior registration was null
2024-05-26T23:53:21.479+02:00 DEBUG 3612 --- [JWP-Winary] [           main] o.h.q.sqm.function.SqmFunctionRegistry   : Registered SqmFunctionTemplate [org.hibernate.dialect.function.array.H2ArrayPositionsFunction@27053257] under array_positions_list; prior registration was null
2024-05-26T23:53:21.479+02:00 DEBUG 3612 --- [JWP-Winary] [           main] o.h.q.sqm.function.SqmFunctionRegistry   : Registered SqmFunctionTemplate [org.hibernate.query.sqm.function.PatternBasedSqmFunctionDescriptor@6a0e97fc] under array_length; prior registration was null
2024-05-26T23:53:21.480+02:00 DEBUG 3612 --- [JWP-Winary] [           main] o.h.q.sqm.function.SqmFunctionRegistry   : Registered SqmFunctionTemplate [org.hibernate.dialect.function.array.ArrayConcatFunction@4d75c604] under array_concat; prior registration was null
2024-05-26T23:53:21.481+02:00 DEBUG 3612 --- [JWP-Winary] [           main] o.h.q.sqm.function.SqmFunctionRegistry   : Registered SqmFunctionTemplate [org.hibernate.dialect.function.array.ArrayConcatElementFunction@50b38342] under array_prepend; prior registration was null
2024-05-26T23:53:21.481+02:00 DEBUG 3612 --- [JWP-Winary] [           main] o.h.q.sqm.function.SqmFunctionRegistry   : Registered SqmFunctionTemplate [org.hibernate.dialect.function.array.ArrayConcatElementFunction@424a152f] under array_append; prior registration was null
2024-05-26T23:53:21.483+02:00 DEBUG 3612 --- [JWP-Winary] [           main] o.h.q.sqm.function.SqmFunctionRegistry   : Registered SqmFunctionTemplate [org.hibernate.dialect.function.array.H2ArrayContainsFunction@57a5b03] under array_contains; prior registration was null
2024-05-26T23:53:21.484+02:00 DEBUG 3612 --- [JWP-Winary] [           main] o.h.q.sqm.function.SqmFunctionRegistry   : Registered SqmFunctionTemplate [org.hibernate.dialect.function.array.H2ArrayContainsFunction@5649f55] under array_contains_nullable; prior registration was null
2024-05-26T23:53:21.485+02:00 DEBUG 3612 --- [JWP-Winary] [           main] o.h.q.sqm.function.SqmFunctionRegistry   : Registered SqmFunctionTemplate [org.hibernate.dialect.function.array.H2ArrayOverlapsFunction@401b67a9] under array_overlaps; prior registration was null
2024-05-26T23:53:21.485+02:00 DEBUG 3612 --- [JWP-Winary] [           main] o.h.q.sqm.function.SqmFunctionRegistry   : Registered SqmFunctionTemplate [org.hibernate.dialect.function.array.H2ArrayOverlapsFunction@4e3ee457] under array_overlaps_nullable; prior registration was null
2024-05-26T23:53:21.486+02:00 DEBUG 3612 --- [JWP-Winary] [           main] o.h.q.sqm.function.SqmFunctionRegistry   : Registered SqmFunctionTemplate [org.hibernate.query.sqm.function.PatternBasedSqmFunctionDescriptor@2d2a8819] under array_get; prior registration was null
2024-05-26T23:53:21.487+02:00 DEBUG 3612 --- [JWP-Winary] [           main] o.h.q.sqm.function.SqmFunctionRegistry   : Registered SqmFunctionTemplate [org.hibernate.dialect.function.array.H2ArraySetFunction@66abb2fa] under array_set; prior registration was null
2024-05-26T23:53:21.487+02:00 DEBUG 3612 --- [JWP-Winary] [           main] o.h.q.sqm.function.SqmFunctionRegistry   : Registered SqmFunctionTemplate [org.hibernate.dialect.function.array.H2ArrayRemoveFunction@6585df70] under array_remove; prior registration was null
2024-05-26T23:53:21.488+02:00 DEBUG 3612 --- [JWP-Winary] [           main] o.h.q.sqm.function.SqmFunctionRegistry   : Registered SqmFunctionTemplate [org.hibernate.dialect.function.array.H2ArrayRemoveIndexFunction@24ac6fef] under array_remove_index; prior registration was null
2024-05-26T23:53:21.488+02:00 DEBUG 3612 --- [JWP-Winary] [           main] o.h.q.sqm.function.SqmFunctionRegistry   : Registered SqmFunctionTemplate [org.hibernate.query.sqm.function.PatternBasedSqmFunctionDescriptor@3cb49121] under array_slice; prior registration was null
2024-05-26T23:53:21.488+02:00 DEBUG 3612 --- [JWP-Winary] [           main] o.h.q.sqm.function.SqmFunctionRegistry   : Registered SqmFunctionTemplate [org.hibernate.dialect.function.array.H2ArrayReplaceFunction@cfb94fd] under array_replace; prior registration was null
2024-05-26T23:53:21.488+02:00 DEBUG 3612 --- [JWP-Winary] [           main] o.h.q.sqm.function.SqmFunctionRegistry   : Registered SqmFunctionTemplate [org.hibernate.query.sqm.function.PatternBasedSqmFunctionDescriptor@4ebd8d2] under array_trim; prior registration was null
2024-05-26T23:53:21.489+02:00 DEBUG 3612 --- [JWP-Winary] [           main] o.h.q.sqm.function.SqmFunctionRegistry   : Registered SqmFunctionTemplate [org.hibernate.dialect.function.array.H2ArrayFillFunction@79777da7] under array_fill; prior registration was null
2024-05-26T23:53:21.489+02:00 DEBUG 3612 --- [JWP-Winary] [           main] o.h.q.sqm.function.SqmFunctionRegistry   : Registered SqmFunctionTemplate [org.hibernate.dialect.function.array.H2ArrayFillFunction@3395c2a7] under array_fill_list; prior registration was null
2024-05-26T23:53:21.490+02:00 DEBUG 3612 --- [JWP-Winary] [           main] o.h.q.sqm.function.SqmFunctionRegistry   : Registered SqmFunctionTemplate [org.hibernate.dialect.function.array.H2ArrayToStringFunction@50e1f3fc] under array_to_string; prior registration was null
2024-05-26T23:53:21.492+02:00 DEBUG 3612 --- [JWP-Winary] [           main] org.hibernate.HQL_FUNCTIONS              : abs(NUMERIC arg)
2024-05-26T23:53:21.492+02:00 DEBUG 3612 --- [JWP-Winary] [           main] org.hibernate.HQL_FUNCTIONS              : Double acos(NUMERIC arg)
2024-05-26T23:53:21.492+02:00 DEBUG 3612 --- [JWP-Winary] [           main] org.hibernate.HQL_FUNCTIONS              : Boolean any(BOOLEAN predicate)
2024-05-26T23:53:21.492+02:00 DEBUG 3612 --- [JWP-Winary] [           main] org.hibernate.HQL_FUNCTIONS              : array( ... )
2024-05-26T23:53:21.492+02:00 DEBUG 3612 --- [JWP-Winary] [           main] org.hibernate.HQL_FUNCTIONS              : array_agg(arg)
2024-05-26T23:53:21.492+02:00 DEBUG 3612 --- [JWP-Winary] [           main] org.hibernate.HQL_FUNCTIONS              : array_append( ... )
2024-05-26T23:53:21.492+02:00 DEBUG 3612 --- [JWP-Winary] [           main] org.hibernate.HQL_FUNCTIONS              : array_concat( ... )
2024-05-26T23:53:21.492+02:00 DEBUG 3612 --- [JWP-Winary] [           main] org.hibernate.HQL_FUNCTIONS              : Boolean array_contains(ARRAY haystackArray, OBJECT needleElementOrArray)
2024-05-26T23:53:21.492+02:00 DEBUG 3612 --- [JWP-Winary] [           main] org.hibernate.HQL_FUNCTIONS              : Boolean array_contains_nullable(ARRAY haystackArray, OBJECT needleElementOrArray)
2024-05-26T23:53:21.492+02:00 DEBUG 3612 --- [JWP-Winary] [           main] org.hibernate.HQL_FUNCTIONS              : array_fill(OBJECT element, INTEGER elementCount)
2024-05-26T23:53:21.492+02:00 DEBUG 3612 --- [JWP-Winary] [           main] org.hibernate.HQL_FUNCTIONS              : array_fill_list(OBJECT element, INTEGER elementCount)
2024-05-26T23:53:21.492+02:00 DEBUG 3612 --- [JWP-Winary] [           main] org.hibernate.HQL_FUNCTIONS              : array_get(ARRAY array, INTEGER index)
2024-05-26T23:53:21.492+02:00 DEBUG 3612 --- [JWP-Winary] [           main] org.hibernate.HQL_FUNCTIONS              : Integer array_length(ARRAY array)
2024-05-26T23:53:21.492+02:00 DEBUG 3612 --- [JWP-Winary] [           main] org.hibernate.HQL_FUNCTIONS              : array_list( ... )
2024-05-26T23:53:21.492+02:00 DEBUG 3612 --- [JWP-Winary] [           main] org.hibernate.HQL_FUNCTIONS              : Boolean array_overlaps(ARRAY array0, OBJECT array1)
2024-05-26T23:53:21.492+02:00 DEBUG 3612 --- [JWP-Winary] [           main] org.hibernate.HQL_FUNCTIONS              : Boolean array_overlaps_nullable(ARRAY array0, OBJECT array1)
2024-05-26T23:53:21.492+02:00 DEBUG 3612 --- [JWP-Winary] [           main] org.hibernate.HQL_FUNCTIONS              : Integer array_position(ARRAY array, OBJECT element[, INTEGER startPosition])
2024-05-26T23:53:21.492+02:00 DEBUG 3612 --- [JWP-Winary] [           main] org.hibernate.HQL_FUNCTIONS              : int[] array_positions(ARRAY array, OBJECT element)
2024-05-26T23:53:21.492+02:00 DEBUG 3612 --- [JWP-Winary] [           main] org.hibernate.HQL_FUNCTIONS              : List array_positions_list(ARRAY array, OBJECT element)
2024-05-26T23:53:21.492+02:00 DEBUG 3612 --- [JWP-Winary] [           main] org.hibernate.HQL_FUNCTIONS              : array_prepend( ... )
2024-05-26T23:53:21.492+02:00 DEBUG 3612 --- [JWP-Winary] [           main] org.hibernate.HQL_FUNCTIONS              : array_remove( ... )
2024-05-26T23:53:21.492+02:00 DEBUG 3612 --- [JWP-Winary] [           main] org.hibernate.HQL_FUNCTIONS              : array_remove_index( ... )
2024-05-26T23:53:21.492+02:00 DEBUG 3612 --- [JWP-Winary] [           main] org.hibernate.HQL_FUNCTIONS              : array_replace( ... )
2024-05-26T23:53:21.492+02:00 DEBUG 3612 --- [JWP-Winary] [           main] org.hibernate.HQL_FUNCTIONS              : array_set( ... )
2024-05-26T23:53:21.492+02:00 DEBUG 3612 --- [JWP-Winary] [           main] org.hibernate.HQL_FUNCTIONS              : array_slice(ARRAY array, INTEGER start, INTEGER end)
2024-05-26T23:53:21.492+02:00 DEBUG 3612 --- [JWP-Winary] [           main] org.hibernate.HQL_FUNCTIONS              : String array_to_string( ... )
2024-05-26T23:53:21.492+02:00 DEBUG 3612 --- [JWP-Winary] [           main] org.hibernate.HQL_FUNCTIONS              : array_trim(ARRAY array, INTEGER elementsToRemove)
2024-05-26T23:53:21.492+02:00 DEBUG 3612 --- [JWP-Winary] [           main] org.hibernate.HQL_FUNCTIONS              : Integer ascii(STRING arg)
2024-05-26T23:53:21.492+02:00 DEBUG 3612 --- [JWP-Winary] [           main] org.hibernate.HQL_FUNCTIONS              : Double asin(NUMERIC arg)
2024-05-26T23:53:21.492+02:00 DEBUG 3612 --- [JWP-Winary] [           main] org.hibernate.HQL_FUNCTIONS              : Double atan(NUMERIC arg)
2024-05-26T23:53:21.493+02:00 DEBUG 3612 --- [JWP-Winary] [           main] org.hibernate.HQL_FUNCTIONS              : Double atan2(NUMERIC arg0, NUMERIC arg1)
2024-05-26T23:53:21.493+02:00 DEBUG 3612 --- [JWP-Winary] [           main] org.hibernate.HQL_FUNCTIONS              : avg(NUMERIC arg)
2024-05-26T23:53:21.493+02:00 DEBUG 3612 --- [JWP-Winary] [           main] org.hibernate.HQL_FUNCTIONS              : bit_and(arg)
2024-05-26T23:53:21.493+02:00 DEBUG 3612 --- [JWP-Winary] [           main] org.hibernate.HQL_FUNCTIONS              : Integer bit_length(STRING_OR_CLOB arg)
2024-05-26T23:53:21.493+02:00 DEBUG 3612 --- [JWP-Winary] [           main] org.hibernate.HQL_FUNCTIONS              : bit_or(arg)
2024-05-26T23:53:21.493+02:00 DEBUG 3612 --- [JWP-Winary] [           main] org.hibernate.HQL_FUNCTIONS              : bitand(arg0, arg1)
2024-05-26T23:53:21.493+02:00 DEBUG 3612 --- [JWP-Winary] [           main] org.hibernate.HQL_FUNCTIONS              : bitor(arg0, arg1)
2024-05-26T23:53:21.493+02:00 DEBUG 3612 --- [JWP-Winary] [           main] org.hibernate.HQL_FUNCTIONS              : bitxor(arg0, arg1)
2024-05-26T23:53:21.493+02:00 DEBUG 3612 --- [JWP-Winary] [           main] org.hibernate.HQL_FUNCTIONS              : Boolean bool_and(BOOLEAN predicate)
2024-05-26T23:53:21.493+02:00 DEBUG 3612 --- [JWP-Winary] [           main] org.hibernate.HQL_FUNCTIONS              : Boolean bool_or(BOOLEAN predicate)
2024-05-26T23:53:21.493+02:00 DEBUG 3612 --- [JWP-Winary] [           main] org.hibernate.HQL_FUNCTIONS              : cast(arg as Type)
2024-05-26T23:53:21.493+02:00 DEBUG 3612 --- [JWP-Winary] [           main] org.hibernate.HQL_FUNCTIONS              : ceiling(NUMERIC arg)
2024-05-26T23:53:21.493+02:00 DEBUG 3612 --- [JWP-Winary] [           main] org.hibernate.HQL_FUNCTIONS              : Character char(INTEGER arg)
2024-05-26T23:53:21.493+02:00 DEBUG 3612 --- [JWP-Winary] [           main] org.hibernate.HQL_FUNCTIONS              : Integer character_length(STRING_OR_CLOB arg)
2024-05-26T23:53:21.493+02:00 DEBUG 3612 --- [JWP-Winary] [           main] org.hibernate.HQL_FUNCTIONS              : Character chr(INTEGER arg)
2024-05-26T23:53:21.493+02:00 DEBUG 3612 --- [JWP-Winary] [           main] org.hibernate.HQL_FUNCTIONS              : coalesce(arg0[, arg1[, ...]])
2024-05-26T23:53:21.493+02:00 DEBUG 3612 --- [JWP-Winary] [           main] org.hibernate.HQL_FUNCTIONS              : String collate(STRING string as COLLATION collation)
2024-05-26T23:53:21.493+02:00 DEBUG 3612 --- [JWP-Winary] [           main] org.hibernate.HQL_FUNCTIONS              : String concat(STRING string0[, STRING string1[, ...]])
2024-05-26T23:53:21.493+02:00 DEBUG 3612 --- [JWP-Winary] [           main] org.hibernate.HQL_FUNCTIONS              : Double cos(NUMERIC arg)
2024-05-26T23:53:21.493+02:00 DEBUG 3612 --- [JWP-Winary] [           main] org.hibernate.HQL_FUNCTIONS              : Double cosh(NUMERIC arg)
2024-05-26T23:53:21.493+02:00 DEBUG 3612 --- [JWP-Winary] [           main] org.hibernate.HQL_FUNCTIONS              : Double cot(NUMERIC arg)
2024-05-26T23:53:21.493+02:00 DEBUG 3612 --- [JWP-Winary] [           main] org.hibernate.HQL_FUNCTIONS              : Long count([distinct ]{arg|*})
2024-05-26T23:53:21.493+02:00 DEBUG 3612 --- [JWP-Winary] [           main] org.hibernate.HQL_FUNCTIONS              : Double cume_dist([arg0[, ...]])
2024-05-26T23:53:21.493+02:00 DEBUG 3612 --- [JWP-Winary] [           main] org.hibernate.HQL_FUNCTIONS              : Date curdate()
2024-05-26T23:53:21.493+02:00 DEBUG 3612 --- [JWP-Winary] [           main] org.hibernate.HQL_FUNCTIONS              : Date current date
2024-05-26T23:53:21.493+02:00 DEBUG 3612 --- [JWP-Winary] [           main] org.hibernate.HQL_FUNCTIONS              : Time current time
2024-05-26T23:53:21.493+02:00 DEBUG 3612 --- [JWP-Winary] [           main] org.hibernate.HQL_FUNCTIONS              : Timestamp current timestamp
2024-05-26T23:53:21.493+02:00 DEBUG 3612 --- [JWP-Winary] [           main] org.hibernate.HQL_FUNCTIONS              : Date current_date
2024-05-26T23:53:21.493+02:00 DEBUG 3612 --- [JWP-Winary] [           main] org.hibernate.HQL_FUNCTIONS              : Instant current_instant
2024-05-26T23:53:21.493+02:00 DEBUG 3612 --- [JWP-Winary] [           main] org.hibernate.HQL_FUNCTIONS              : Time current_time
2024-05-26T23:53:21.493+02:00 DEBUG 3612 --- [JWP-Winary] [           main] org.hibernate.HQL_FUNCTIONS              : Timestamp current_timestamp
2024-05-26T23:53:21.493+02:00 DEBUG 3612 --- [JWP-Winary] [           main] org.hibernate.HQL_FUNCTIONS              : Time curtime()
2024-05-26T23:53:21.493+02:00 DEBUG 3612 --- [JWP-Winary] [           main] org.hibernate.HQL_FUNCTIONS              : date_trunc(STRING field, TEMPORAL datetime)
2024-05-26T23:53:21.493+02:00 DEBUG 3612 --- [JWP-Winary] [           main] org.hibernate.HQL_FUNCTIONS              : dateadd(TEMPORAL_UNIT field, INTEGER magnitude, TEMPORAL datetime)
2024-05-26T23:53:21.494+02:00 DEBUG 3612 --- [JWP-Winary] [           main] org.hibernate.HQL_FUNCTIONS              : basicType@4(java.lang.Long,-5)|basicType@6(java.lang.Double,8) datediff(TEMPORAL_UNIT field, TEMPORAL start, TEMPORAL end)
2024-05-26T23:53:21.494+02:00 DEBUG 3612 --- [JWP-Winary] [           main] org.hibernate.HQL_FUNCTIONS              : Integer day(DATE arg)
2024-05-26T23:53:21.494+02:00 DEBUG 3612 --- [JWP-Winary] [           main] org.hibernate.HQL_FUNCTIONS              : Integer day_of_month(DATE arg)
2024-05-26T23:53:21.494+02:00 DEBUG 3612 --- [JWP-Winary] [           main] org.hibernate.HQL_FUNCTIONS              : Integer day_of_week(DATE arg)
2024-05-26T23:53:21.494+02:00 DEBUG 3612 --- [JWP-Winary] [           main] org.hibernate.HQL_FUNCTIONS              : Integer day_of_year(DATE arg)
2024-05-26T23:53:21.494+02:00 DEBUG 3612 --- [JWP-Winary] [           main] org.hibernate.HQL_FUNCTIONS              : String dayname(DATE arg)
2024-05-26T23:53:21.494+02:00 DEBUG 3612 --- [JWP-Winary] [           main] org.hibernate.HQL_FUNCTIONS              : Double degrees(NUMERIC arg)
2024-05-26T23:53:21.494+02:00 DEBUG 3612 --- [JWP-Winary] [           main] org.hibernate.HQL_FUNCTIONS              : Long dense_rank([arg0[, ...]])
2024-05-26T23:53:21.494+02:00 DEBUG 3612 --- [JWP-Winary] [           main] org.hibernate.HQL_FUNCTIONS              : Boolean every(BOOLEAN predicate)
2024-05-26T23:53:21.494+02:00 DEBUG 3612 --- [JWP-Winary] [           main] org.hibernate.HQL_FUNCTIONS              : Double exp(NUMERIC arg)
2024-05-26T23:53:21.494+02:00 DEBUG 3612 --- [JWP-Winary] [           main] org.hibernate.HQL_FUNCTIONS              : extract(TEMPORAL_UNIT field from TEMPORAL arg)
2024-05-26T23:53:21.494+02:00 DEBUG 3612 --- [JWP-Winary] [           main] org.hibernate.HQL_FUNCTIONS              : first_valueANY value
2024-05-26T23:53:21.494+02:00 DEBUG 3612 --- [JWP-Winary] [           main] org.hibernate.HQL_FUNCTIONS              : floor(NUMERIC arg)
2024-05-26T23:53:21.494+02:00 DEBUG 3612 --- [JWP-Winary] [           main] org.hibernate.HQL_FUNCTIONS              : String format(TEMPORAL datetime as STRING pattern)
2024-05-26T23:53:21.494+02:00 DEBUG 3612 --- [JWP-Winary] [           main] org.hibernate.HQL_FUNCTIONS              : greatest(COMPARABLE arg0, COMPARABLE arg1[, arg2[, ...]])
2024-05-26T23:53:21.494+02:00 DEBUG 3612 --- [JWP-Winary] [           main] org.hibernate.HQL_FUNCTIONS              : Integer hour(TIME arg)
2024-05-26T23:53:21.494+02:00 DEBUG 3612 --- [JWP-Winary] [           main] org.hibernate.HQL_FUNCTIONS              : ifnull(arg0, arg1)
2024-05-26T23:53:21.494+02:00 DEBUG 3612 --- [JWP-Winary] [           main] org.hibernate.HQL_FUNCTIONS              : String insert(STRING string, INTEGER start, INTEGER length, STRING replacement)
2024-05-26T23:53:21.494+02:00 DEBUG 3612 --- [JWP-Winary] [           main] org.hibernate.HQL_FUNCTIONS              : Instant instant
2024-05-26T23:53:21.494+02:00 DEBUG 3612 --- [JWP-Winary] [           main] org.hibernate.HQL_FUNCTIONS              : Integer instr(STRING string, STRING pattern[, INTEGER start[, INTEGER occurrence]])
2024-05-26T23:53:21.494+02:00 DEBUG 3612 --- [JWP-Winary] [           main] org.hibernate.HQL_FUNCTIONS              : lagANY value[, INTEGER offset[, ANY default]]
2024-05-26T23:53:21.494+02:00 DEBUG 3612 --- [JWP-Winary] [           main] org.hibernate.HQL_FUNCTIONS              : last_valueANY value
2024-05-26T23:53:21.494+02:00 DEBUG 3612 --- [JWP-Winary] [           main] org.hibernate.HQL_FUNCTIONS              : leadANY value[, INTEGER offset[, ANY default]]
2024-05-26T23:53:21.494+02:00 DEBUG 3612 --- [JWP-Winary] [           main] org.hibernate.HQL_FUNCTIONS              : least(COMPARABLE arg0, COMPARABLE arg1[, arg2[, ...]])
2024-05-26T23:53:21.494+02:00 DEBUG 3612 --- [JWP-Winary] [           main] org.hibernate.HQL_FUNCTIONS              : String left(STRING string, INTEGER length)
2024-05-26T23:53:21.494+02:00 DEBUG 3612 --- [JWP-Winary] [           main] org.hibernate.HQL_FUNCTIONS              : Integer length(STRING_OR_CLOB arg)
2024-05-26T23:53:21.494+02:00 DEBUG 3612 --- [JWP-Winary] [           main] org.hibernate.HQL_FUNCTIONS              : String listagg(STRING arg0, STRING arg1)
2024-05-26T23:53:21.494+02:00 DEBUG 3612 --- [JWP-Winary] [           main] org.hibernate.HQL_FUNCTIONS              : Double ln(NUMERIC arg)
2024-05-26T23:53:21.494+02:00 DEBUG 3612 --- [JWP-Winary] [           main] org.hibernate.HQL_FUNCTIONS              : LocalDate local date
2024-05-26T23:53:21.494+02:00 DEBUG 3612 --- [JWP-Winary] [           main] org.hibernate.HQL_FUNCTIONS              : LocalDateTime local datetime
2024-05-26T23:53:21.494+02:00 DEBUG 3612 --- [JWP-Winary] [           main] org.hibernate.HQL_FUNCTIONS              : LocalTime local time
2024-05-26T23:53:21.494+02:00 DEBUG 3612 --- [JWP-Winary] [           main] org.hibernate.HQL_FUNCTIONS              : LocalDate local_date
2024-05-26T23:53:21.494+02:00 DEBUG 3612 --- [JWP-Winary] [           main] org.hibernate.HQL_FUNCTIONS              : LocalDateTime local_datetime
2024-05-26T23:53:21.494+02:00 DEBUG 3612 --- [JWP-Winary] [           main] org.hibernate.HQL_FUNCTIONS              : LocalTime local_time
2024-05-26T23:53:21.494+02:00 DEBUG 3612 --- [JWP-Winary] [           main] org.hibernate.HQL_FUNCTIONS              : Time localtime
2024-05-26T23:53:21.494+02:00 DEBUG 3612 --- [JWP-Winary] [           main] org.hibernate.HQL_FUNCTIONS              : Timestamp localtimestamp
2024-05-26T23:53:21.494+02:00 DEBUG 3612 --- [JWP-Winary] [           main] org.hibernate.HQL_FUNCTIONS              : Integer locate(STRING pattern, STRING string[, INTEGER start])
2024-05-26T23:53:21.495+02:00 DEBUG 3612 --- [JWP-Winary] [           main] org.hibernate.HQL_FUNCTIONS              : Double log(NUMERIC base, NUMERIC arg)
2024-05-26T23:53:21.495+02:00 DEBUG 3612 --- [JWP-Winary] [           main] org.hibernate.HQL_FUNCTIONS              : Double log10(NUMERIC arg)
2024-05-26T23:53:21.495+02:00 DEBUG 3612 --- [JWP-Winary] [           main] org.hibernate.HQL_FUNCTIONS              : String lower(STRING string)
2024-05-26T23:53:21.495+02:00 DEBUG 3612 --- [JWP-Winary] [           main] org.hibernate.HQL_FUNCTIONS              : String lpad(STRING string, INTEGER length[, STRING padding])
2024-05-26T23:53:21.495+02:00 DEBUG 3612 --- [JWP-Winary] [           main] org.hibernate.HQL_FUNCTIONS              : String ltrim(STRING string)
2024-05-26T23:53:21.495+02:00 DEBUG 3612 --- [JWP-Winary] [           main] org.hibernate.HQL_FUNCTIONS              : max(COMPARABLE arg)
2024-05-26T23:53:21.495+02:00 DEBUG 3612 --- [JWP-Winary] [           main] org.hibernate.HQL_FUNCTIONS              : Double median(NUMERIC arg)
2024-05-26T23:53:21.495+02:00 DEBUG 3612 --- [JWP-Winary] [           main] org.hibernate.HQL_FUNCTIONS              : Integer microsecond(TIME arg)
2024-05-26T23:53:21.495+02:00 DEBUG 3612 --- [JWP-Winary] [           main] org.hibernate.HQL_FUNCTIONS              : min(COMPARABLE arg)
2024-05-26T23:53:21.495+02:00 DEBUG 3612 --- [JWP-Winary] [           main] org.hibernate.HQL_FUNCTIONS              : Integer minute(TIME arg)
2024-05-26T23:53:21.495+02:00 DEBUG 3612 --- [JWP-Winary] [           main] org.hibernate.HQL_FUNCTIONS              : Integer mod(INTEGER arg0, INTEGER arg1)
2024-05-26T23:53:21.495+02:00 DEBUG 3612 --- [JWP-Winary] [           main] org.hibernate.HQL_FUNCTIONS              : mode()
2024-05-26T23:53:21.495+02:00 DEBUG 3612 --- [JWP-Winary] [           main] org.hibernate.HQL_FUNCTIONS              : Integer month(DATE arg)
2024-05-26T23:53:21.495+02:00 DEBUG 3612 --- [JWP-Winary] [           main] org.hibernate.HQL_FUNCTIONS              : String monthname(DATE arg)
2024-05-26T23:53:21.495+02:00 DEBUG 3612 --- [JWP-Winary] [           main] org.hibernate.HQL_FUNCTIONS              : Timestamp now()
2024-05-26T23:53:21.495+02:00 DEBUG 3612 --- [JWP-Winary] [           main] org.hibernate.HQL_FUNCTIONS              : nth_valueANY value, INTEGER nth
2024-05-26T23:53:21.495+02:00 DEBUG 3612 --- [JWP-Winary] [           main] org.hibernate.HQL_FUNCTIONS              : nullif(arg0, arg1)
2024-05-26T23:53:21.495+02:00 DEBUG 3612 --- [JWP-Winary] [           main] org.hibernate.HQL_FUNCTIONS              : Integer octet_length(STRING_OR_CLOB arg)
2024-05-26T23:53:21.495+02:00 DEBUG 3612 --- [JWP-Winary] [           main] org.hibernate.HQL_FUNCTIONS              : OffsetDateTime offset datetime
2024-05-26T23:53:21.495+02:00 DEBUG 3612 --- [JWP-Winary] [           main] org.hibernate.HQL_FUNCTIONS              : OffsetDateTime offset_datetime
2024-05-26T23:53:21.495+02:00 DEBUG 3612 --- [JWP-Winary] [           main] org.hibernate.HQL_FUNCTIONS              : String overlay(STRING string placing STRING replacement from INTEGER start[ for INTEGER length])
2024-05-26T23:53:21.495+02:00 DEBUG 3612 --- [JWP-Winary] [           main] org.hibernate.HQL_FUNCTIONS              : String pad(STRING string with INTEGER length {leading|trailing}[ STRING character])
2024-05-26T23:53:21.495+02:00 DEBUG 3612 --- [JWP-Winary] [           main] org.hibernate.HQL_FUNCTIONS              : Double percent_rank([arg0[, ...]])
2024-05-26T23:53:21.495+02:00 DEBUG 3612 --- [JWP-Winary] [           main] org.hibernate.HQL_FUNCTIONS              : percentile_cont(NUMERIC arg)
2024-05-26T23:53:21.495+02:00 DEBUG 3612 --- [JWP-Winary] [           main] org.hibernate.HQL_FUNCTIONS              : percentile_disc(NUMERIC arg)
2024-05-26T23:53:21.495+02:00 DEBUG 3612 --- [JWP-Winary] [           main] org.hibernate.HQL_FUNCTIONS              : Double pi
2024-05-26T23:53:21.495+02:00 DEBUG 3612 --- [JWP-Winary] [           main] org.hibernate.HQL_FUNCTIONS              : Integer position(STRING pattern in STRING string)
2024-05-26T23:53:21.495+02:00 DEBUG 3612 --- [JWP-Winary] [           main] org.hibernate.HQL_FUNCTIONS              : Double power(NUMERIC arg0, NUMERIC arg1)
2024-05-26T23:53:21.495+02:00 DEBUG 3612 --- [JWP-Winary] [           main] org.hibernate.HQL_FUNCTIONS              : Integer quarter(DATE arg)
2024-05-26T23:53:21.495+02:00 DEBUG 3612 --- [JWP-Winary] [           main] org.hibernate.HQL_FUNCTIONS              : Double radians(NUMERIC arg)
2024-05-26T23:53:21.495+02:00 DEBUG 3612 --- [JWP-Winary] [           main] org.hibernate.HQL_FUNCTIONS              : Double rand([INTEGER seed])
2024-05-26T23:53:21.495+02:00 DEBUG 3612 --- [JWP-Winary] [           main] org.hibernate.HQL_FUNCTIONS              : Long rank([arg0[, ...]])
2024-05-26T23:53:21.495+02:00 DEBUG 3612 --- [JWP-Winary] [           main] org.hibernate.HQL_FUNCTIONS              : String repeat(STRING string, INTEGER times)
2024-05-26T23:53:21.495+02:00 DEBUG 3612 --- [JWP-Winary] [           main] org.hibernate.HQL_FUNCTIONS              : String replace(STRING string, STRING pattern, STRING replacement)
2024-05-26T23:53:21.495+02:00 DEBUG 3612 --- [JWP-Winary] [           main] org.hibernate.HQL_FUNCTIONS              : String right(STRING string, INTEGER length)
2024-05-26T23:53:21.495+02:00 DEBUG 3612 --- [JWP-Winary] [           main] org.hibernate.HQL_FUNCTIONS              : round(NUMERIC number[, INTEGER places])
2024-05-26T23:53:21.495+02:00 DEBUG 3612 --- [JWP-Winary] [           main] org.hibernate.HQL_FUNCTIONS              : Long row_number()
2024-05-26T23:53:21.495+02:00 DEBUG 3612 --- [JWP-Winary] [           main] org.hibernate.HQL_FUNCTIONS              : Long rownum()
2024-05-26T23:53:21.495+02:00 DEBUG 3612 --- [JWP-Winary] [           main] org.hibernate.HQL_FUNCTIONS              : String rpad(STRING string, INTEGER length[, STRING padding])
2024-05-26T23:53:21.495+02:00 DEBUG 3612 --- [JWP-Winary] [           main] org.hibernate.HQL_FUNCTIONS              : String rtrim(STRING string)
2024-05-26T23:53:21.495+02:00 DEBUG 3612 --- [JWP-Winary] [           main] org.hibernate.HQL_FUNCTIONS              : Integer second(TIME arg)
2024-05-26T23:53:21.495+02:00 DEBUG 3612 --- [JWP-Winary] [           main] org.hibernate.HQL_FUNCTIONS              : Integer sign(NUMERIC arg)
2024-05-26T23:53:21.495+02:00 DEBUG 3612 --- [JWP-Winary] [           main] org.hibernate.HQL_FUNCTIONS              : Double sin(NUMERIC arg)
2024-05-26T23:53:21.495+02:00 DEBUG 3612 --- [JWP-Winary] [           main] org.hibernate.HQL_FUNCTIONS              : Double sinh(NUMERIC arg)
2024-05-26T23:53:21.495+02:00 DEBUG 3612 --- [JWP-Winary] [           main] org.hibernate.HQL_FUNCTIONS              : String soundex(arg)
2024-05-26T23:53:21.495+02:00 DEBUG 3612 --- [JWP-Winary] [           main] org.hibernate.HQL_FUNCTIONS              : String space(INTEGER arg)
2024-05-26T23:53:21.495+02:00 DEBUG 3612 --- [JWP-Winary] [           main] org.hibernate.HQL_FUNCTIONS              : Object sql
2024-05-26T23:53:21.495+02:00 DEBUG 3612 --- [JWP-Winary] [           main] org.hibernate.HQL_FUNCTIONS              : Double sqrt(NUMERIC arg)
2024-05-26T23:53:21.496+02:00 DEBUG 3612 --- [JWP-Winary] [           main] org.hibernate.HQL_FUNCTIONS              : Double stddev_pop(NUMERIC arg)
2024-05-26T23:53:21.496+02:00 DEBUG 3612 --- [JWP-Winary] [           main] org.hibernate.HQL_FUNCTIONS              : Double stddev_samp(NUMERIC arg)
2024-05-26T23:53:21.496+02:00 DEBUG 3612 --- [JWP-Winary] [           main] org.hibernate.HQL_FUNCTIONS              : String str(arg)
2024-05-26T23:53:21.496+02:00 DEBUG 3612 --- [JWP-Winary] [           main] org.hibernate.HQL_FUNCTIONS              : String substr(STRING string, INTEGER start[, INTEGER length])
2024-05-26T23:53:21.496+02:00 DEBUG 3612 --- [JWP-Winary] [           main] org.hibernate.HQL_FUNCTIONS              : String substring(STRING string{ from|,} INTEGER start[{ for|,} INTEGER length])
2024-05-26T23:53:21.496+02:00 DEBUG 3612 --- [JWP-Winary] [           main] org.hibernate.HQL_FUNCTIONS              : sum(arg)
2024-05-26T23:53:21.496+02:00 DEBUG 3612 --- [JWP-Winary] [           main] org.hibernate.HQL_FUNCTIONS              : Timestamp sysdate
2024-05-26T23:53:21.496+02:00 DEBUG 3612 --- [JWP-Winary] [           main] org.hibernate.HQL_FUNCTIONS              : Double tan(NUMERIC arg)
2024-05-26T23:53:21.496+02:00 DEBUG 3612 --- [JWP-Winary] [           main] org.hibernate.HQL_FUNCTIONS              : Double tanh(NUMERIC arg)
2024-05-26T23:53:21.496+02:00 DEBUG 3612 --- [JWP-Winary] [           main] org.hibernate.HQL_FUNCTIONS              : timestampadd(TEMPORAL_UNIT field, INTEGER magnitude, TEMPORAL datetime)
2024-05-26T23:53:21.496+02:00 DEBUG 3612 --- [JWP-Winary] [           main] org.hibernate.HQL_FUNCTIONS              : basicType@4(java.lang.Long,-5)|basicType@6(java.lang.Double,8) timestampdiff(TEMPORAL_UNIT field, TEMPORAL start, TEMPORAL end)
2024-05-26T23:53:21.496+02:00 DEBUG 3612 --- [JWP-Winary] [           main] org.hibernate.HQL_FUNCTIONS              : String translate(STRING arg0, STRING arg1, STRING arg2)
2024-05-26T23:53:21.496+02:00 DEBUG 3612 --- [JWP-Winary] [           main] org.hibernate.HQL_FUNCTIONS              : String trim([[{leading|trailing|both} ][STRING arg0 ]from] STRING arg1)
2024-05-26T23:53:21.496+02:00 DEBUG 3612 --- [JWP-Winary] [           main] org.hibernate.HQL_FUNCTIONS              : trunc( ... )
2024-05-26T23:53:21.496+02:00 DEBUG 3612 --- [JWP-Winary] [           main] org.hibernate.HQL_FUNCTIONS              : truncate( ... )
2024-05-26T23:53:21.496+02:00 DEBUG 3612 --- [JWP-Winary] [           main] org.hibernate.HQL_FUNCTIONS              : String upper(STRING string)
2024-05-26T23:53:21.496+02:00 DEBUG 3612 --- [JWP-Winary] [           main] org.hibernate.HQL_FUNCTIONS              : Double var_pop(NUMERIC arg)
2024-05-26T23:53:21.496+02:00 DEBUG 3612 --- [JWP-Winary] [           main] org.hibernate.HQL_FUNCTIONS              : Double var_samp(NUMERIC arg)
2024-05-26T23:53:21.496+02:00 DEBUG 3612 --- [JWP-Winary] [           main] org.hibernate.HQL_FUNCTIONS              : Integer week(DATE arg)
2024-05-26T23:53:21.496+02:00 DEBUG 3612 --- [JWP-Winary] [           main] org.hibernate.HQL_FUNCTIONS              : Integer year(DATE arg)
2024-05-26T23:53:21.501+02:00 DEBUG 3612 --- [JWP-Winary] [           main] org.hibernate.orm.query.plan.cache       : Starting QueryInterpretationCache(2048)
2024-05-26T23:53:21.572+02:00 DEBUG 3612 --- [JWP-Winary] [           main] .h.s.i.SessionFactoryServiceRegistryImpl : EventListenerRegistry access via ServiceRegistry is deprecated.  Use `sessionFactory.getEventEngine().getListenerRegistry()` instead
2024-05-26T23:53:21.573+02:00 DEBUG 3612 --- [JWP-Winary] [           main] h.e.i.EntityCopyObserverFactoryInitiator : Configured EntityCopyObserver strategy: disallow
2024-05-26T23:53:21.659+02:00 DEBUG 3612 --- [JWP-Winary] [           main] o.h.boot.internal.ClassLoaderAccessImpl  : Not known whether passed class name [hr.winary.webshop.jwpwinary.model.Wine] is safe
2024-05-26T23:53:21.659+02:00 DEBUG 3612 --- [JWP-Winary] [           main] o.h.boot.internal.ClassLoaderAccessImpl  : No temp ClassLoader provided; using live ClassLoader for loading potentially unsafe class : hr.winary.webshop.jwpwinary.model.Wine
2024-05-26T23:53:21.856+02:00 DEBUG 3612 --- [JWP-Winary] [           main] o.h.b.i.bytebuddy.BytecodeProviderImpl   : HHH000513: Unable to create the ReflectionOptimizer for [hr.winary.webshop.jwpwinary.model.Wine]: private accessor [category]
2024-05-26T23:53:21.881+02:00 DEBUG 3612 --- [JWP-Winary] [           main] org.hibernate.ormbytecode.interceptor    : To-one property `hr.winary.webshop.jwpwinary.model.Purchase#user` was mapped with LAZY + NO_PROXY but the class was not enhanced
2024-05-26T23:53:21.882+02:00 DEBUG 3612 --- [JWP-Winary] [           main] org.hibernate.ormbytecode.interceptor    : To-one property `hr.winary.webshop.jwpwinary.model.Purchase#user` was mapped with LAZY + NO_PROXY but the class was not enhanced
2024-05-26T23:53:21.882+02:00 DEBUG 3612 --- [JWP-Winary] [           main] org.hibernate.ormbytecode.interceptor    : To-one property `hr.winary.webshop.jwpwinary.model.Purchase#wine` was mapped with LAZY + NO_PROXY but the class was not enhanced
2024-05-26T23:53:21.882+02:00 DEBUG 3612 --- [JWP-Winary] [           main] org.hibernate.ormbytecode.interceptor    : To-one property `hr.winary.webshop.jwpwinary.model.Purchase#wine` was mapped with LAZY + NO_PROXY but the class was not enhanced
2024-05-26T23:53:21.882+02:00 DEBUG 3612 --- [JWP-Winary] [           main] o.h.boot.internal.ClassLoaderAccessImpl  : Not known whether passed class name [hr.winary.webshop.jwpwinary.model.Purchase] is safe
2024-05-26T23:53:21.882+02:00 DEBUG 3612 --- [JWP-Winary] [           main] o.h.boot.internal.ClassLoaderAccessImpl  : No temp ClassLoader provided; using live ClassLoader for loading potentially unsafe class : hr.winary.webshop.jwpwinary.model.Purchase
2024-05-26T23:53:21.904+02:00 DEBUG 3612 --- [JWP-Winary] [           main] o.h.b.i.bytebuddy.BytecodeProviderImpl   : HHH000513: Unable to create the ReflectionOptimizer for [hr.winary.webshop.jwpwinary.model.Purchase]: private accessor [paymentMethod]
2024-05-26T23:53:21.904+02:00 DEBUG 3612 --- [JWP-Winary] [           main] org.hibernate.ormbytecode.interceptor    : To-one property `hr.winary.webshop.jwpwinary.model.Purchase#user` was mapped with LAZY + NO_PROXY but the class was not enhanced
2024-05-26T23:53:21.904+02:00 DEBUG 3612 --- [JWP-Winary] [           main] org.hibernate.ormbytecode.interceptor    : To-one property `hr.winary.webshop.jwpwinary.model.Purchase#wine` was mapped with LAZY + NO_PROXY but the class was not enhanced
2024-05-26T23:53:21.905+02:00 DEBUG 3612 --- [JWP-Winary] [           main] o.h.boot.internal.ClassLoaderAccessImpl  : Not known whether passed class name [hr.winary.webshop.jwpwinary.model.Category] is safe
2024-05-26T23:53:21.905+02:00 DEBUG 3612 --- [JWP-Winary] [           main] o.h.boot.internal.ClassLoaderAccessImpl  : No temp ClassLoader provided; using live ClassLoader for loading potentially unsafe class : hr.winary.webshop.jwpwinary.model.Category
2024-05-26T23:53:21.923+02:00 DEBUG 3612 --- [JWP-Winary] [           main] o.h.b.i.bytebuddy.BytecodeProviderImpl   : HHH000513: Unable to create the ReflectionOptimizer for [hr.winary.webshop.jwpwinary.model.Category]: private accessor [name]
2024-05-26T23:53:21.925+02:00 DEBUG 3612 --- [JWP-Winary] [           main] o.h.boot.internal.ClassLoaderAccessImpl  : Not known whether passed class name [hr.winary.webshop.jwpwinary.model.User] is safe
2024-05-26T23:53:21.925+02:00 DEBUG 3612 --- [JWP-Winary] [           main] o.h.boot.internal.ClassLoaderAccessImpl  : No temp ClassLoader provided; using live ClassLoader for loading potentially unsafe class : hr.winary.webshop.jwpwinary.model.User
2024-05-26T23:53:21.958+02:00 DEBUG 3612 --- [JWP-Winary] [           main] o.h.b.i.bytebuddy.BytecodeProviderImpl   : HHH000513: Unable to create the ReflectionOptimizer for [hr.winary.webshop.jwpwinary.model.User]: private accessor [password]
2024-05-26T23:53:21.959+02:00 DEBUG 3612 --- [JWP-Winary] [           main] o.h.boot.internal.ClassLoaderAccessImpl  : Not known whether passed class name [hr.winary.webshop.jwpwinary.model.UserRole] is safe
2024-05-26T23:53:21.959+02:00 DEBUG 3612 --- [JWP-Winary] [           main] o.h.boot.internal.ClassLoaderAccessImpl  : No temp ClassLoader provided; using live ClassLoader for loading potentially unsafe class : hr.winary.webshop.jwpwinary.model.UserRole
2024-05-26T23:53:21.973+02:00 DEBUG 3612 --- [JWP-Winary] [           main] o.h.b.i.bytebuddy.BytecodeProviderImpl   : HHH000513: Unable to create the ReflectionOptimizer for [hr.winary.webshop.jwpwinary.model.UserRole]: private accessor [name]
2024-05-26T23:53:21.996+02:00 DEBUG 3612 --- [JWP-Winary] [           main] org.hibernate.orm.jdbc.mutation          : Skipping collection row updates - hr.winary.webshop.jwpwinary.model.User.roles
2024-05-26T23:53:22.027+02:00 DEBUG 3612 --- [JWP-Winary] [           main] o.hibernate.orm.model.mapping.creation   : Starting post-init callbacks
2024-05-26T23:53:22.027+02:00 DEBUG 3612 --- [JWP-Winary] [           main] o.hibernate.orm.model.mapping.creation   : Starting PostInitCallbackEntry : To-one key - NavigableRole[hr.winary.webshop.jwpwinary.model.Wine.category]
2024-05-26T23:53:22.030+02:00 DEBUG 3612 --- [JWP-Winary] [           main] o.hibernate.orm.model.mapping.creation   : Starting PostInitCallbackEntry : Entity(hr.winary.webshop.jwpwinary.model.Wine) `staticFetchableList` generator
2024-05-26T23:53:22.031+02:00 DEBUG 3612 --- [JWP-Winary] [           main] o.hibernate.orm.model.mapping.creation   : Starting PostInitCallbackEntry : Entity(hr.winary.webshop.jwpwinary.model.Wine) `sqmMultiTableInsertStrategy` interpretation
2024-05-26T23:53:22.036+02:00 DEBUG 3612 --- [JWP-Winary] [           main] o.hibernate.orm.model.mapping.creation   : Starting PostInitCallbackEntry : To-one key - NavigableRole[hr.winary.webshop.jwpwinary.model.Purchase.user]
2024-05-26T23:53:22.036+02:00 DEBUG 3612 --- [JWP-Winary] [           main] o.hibernate.orm.model.mapping.creation   : Starting PostInitCallbackEntry : To-one key - NavigableRole[hr.winary.webshop.jwpwinary.model.Purchase.wine]
2024-05-26T23:53:22.036+02:00 DEBUG 3612 --- [JWP-Winary] [           main] o.hibernate.orm.model.mapping.creation   : Starting PostInitCallbackEntry : Entity(hr.winary.webshop.jwpwinary.model.Purchase) `staticFetchableList` generator
2024-05-26T23:53:22.036+02:00 DEBUG 3612 --- [JWP-Winary] [           main] o.hibernate.orm.model.mapping.creation   : Starting PostInitCallbackEntry : Entity(hr.winary.webshop.jwpwinary.model.Category) `staticFetchableList` generator
2024-05-26T23:53:22.036+02:00 DEBUG 3612 --- [JWP-Winary] [           main] o.hibernate.orm.model.mapping.creation   : Starting PostInitCallbackEntry : Entity(hr.winary.webshop.jwpwinary.model.Category) `sqmMultiTableInsertStrategy` interpretation
2024-05-26T23:53:22.037+02:00 DEBUG 3612 --- [JWP-Winary] [           main] o.hibernate.orm.model.mapping.creation   : Starting PostInitCallbackEntry : PluralAttributeMapping( NavigableRole[hr.winary.webshop.jwpwinary.model.User.roles#{element}]) - element descriptor
2024-05-26T23:53:22.037+02:00 DEBUG 3612 --- [JWP-Winary] [           main] o.hibernate.orm.model.mapping.creation   : Starting PostInitCallbackEntry : PluralAttributeMapping(hr.winary.webshop.jwpwinary.model.User.roles)#finishInitialization
2024-05-26T23:53:22.037+02:00 DEBUG 3612 --- [JWP-Winary] [           main] o.hibernate.orm.model.mapping.creation   : Starting PostInitCallbackEntry : PluralAttributeMapping(hr.winary.webshop.jwpwinary.model.User.roles) - key descriptor
2024-05-26T23:53:22.037+02:00 DEBUG 3612 --- [JWP-Winary] [           main] o.hibernate.orm.model.mapping.creation   : Starting PostInitCallbackEntry : Entity(hr.winary.webshop.jwpwinary.model.User) `staticFetchableList` generator
2024-05-26T23:53:22.037+02:00 DEBUG 3612 --- [JWP-Winary] [           main] o.hibernate.orm.model.mapping.creation   : Starting PostInitCallbackEntry : Entity(hr.winary.webshop.jwpwinary.model.UserRole) `staticFetchableList` generator
2024-05-26T23:53:22.110+02:00 DEBUG 3612 --- [JWP-Winary] [           main] org.hibernate.orm.sql.ast.create         : Created new SQL alias : w1_0
2024-05-26T23:53:22.113+02:00 DEBUG 3612 --- [JWP-Winary] [           main] org.hibernate.orm.sql.ast.create         : Registration of TableGroup [StandardTableGroup(hr.winary.webshop.jwpwinary.model.Wine)] with identifierForTableGroup [hr.winary.webshop.jwpwinary.model.Wine] for NavigablePath [hr.winary.webshop.jwpwinary.model.Wine] 
2024-05-26T23:53:22.124+02:00 DEBUG 3612 --- [JWP-Winary] [           main] org.hibernate.orm.sql.ast.create         : Registration of TableGroup [org.hibernate.sql.ast.tree.from.LazyTableGroup@178ebac3] with identifierForTableGroup [hr.winary.webshop.jwpwinary.model.Wine.category] for NavigablePath [hr.winary.webshop.jwpwinary.model.Wine.category] 
2024-05-26T23:53:22.135+02:00 DEBUG 3612 --- [JWP-Winary] [           main] org.hibernate.orm.results.graph.AST      : DomainResult Graph:
 \-EntityResultImpl [hr.winary.webshop.jwpwinary.model.Wine]
 |  +-EntityDelayedFetchImpl [hr.winary.webshop.jwpwinary.model.Wine.category]
 |  +-BasicFetch [hr.winary.webshop.jwpwinary.model.Wine.description]
 |  +-BasicFetch [hr.winary.webshop.jwpwinary.model.Wine.imageName]
 |  +-BasicFetch [hr.winary.webshop.jwpwinary.model.Wine.liters]
 |  +-BasicFetch [hr.winary.webshop.jwpwinary.model.Wine.name]
 |  +-BasicFetch [hr.winary.webshop.jwpwinary.model.Wine.price]
 |  \-BasicFetch [hr.winary.webshop.jwpwinary.model.Wine.yearOfHarvest]

2024-05-26T23:53:22.139+02:00 DEBUG 3612 --- [JWP-Winary] [           main] org.hibernate.orm.sql.ast.tree           : SQL AST Tree:
    SelectStatement {
      FromClause {
        StandardTableGroup (w1 : hr.winary.webshop.jwpwinary.model.Wine) {
          primaryTableReference : wine as w1_0
          TableGroupJoins {
            left  join LazyTableGroup (c1 : hr.winary.webshop.jwpwinary.model.Wine.category) {
            }
          }
        }
      }
    }

2024-05-26T23:53:22.154+02:00 DEBUG 3612 --- [JWP-Winary] [           main] o.h.p.entity.AbstractEntityPersister     : Static SQL for entity: hr.winary.webshop.jwpwinary.model.Wine
2024-05-26T23:53:22.154+02:00 DEBUG 3612 --- [JWP-Winary] [           main] o.h.p.entity.AbstractEntityPersister     :  Version select: select id from wine where id=?
2024-05-26T23:53:22.154+02:00 DEBUG 3612 --- [JWP-Winary] [           main] o.h.p.entity.AbstractEntityPersister     :  Insert (0): insert into wine (category_id,description,image_name,liters,name,price,year_of_harvest,id) values (?,?,?,?,?,?,?,?)
2024-05-26T23:53:22.154+02:00 DEBUG 3612 --- [JWP-Winary] [           main] o.h.p.entity.AbstractEntityPersister     :  Update (0): update wine set category_id=?,description=?,image_name=?,liters=?,name=?,price=?,year_of_harvest=? where id=?
2024-05-26T23:53:22.154+02:00 DEBUG 3612 --- [JWP-Winary] [           main] o.h.p.entity.AbstractEntityPersister     :  Delete (0): delete from wine where id=?
2024-05-26T23:53:22.154+02:00 DEBUG 3612 --- [JWP-Winary] [           main] org.hibernate.orm.sql.ast.create         : Created new SQL alias : p1_0
2024-05-26T23:53:22.154+02:00 DEBUG 3612 --- [JWP-Winary] [           main] org.hibernate.orm.sql.ast.create         : Registration of TableGroup [StandardTableGroup(hr.winary.webshop.jwpwinary.model.Purchase)] with identifierForTableGroup [hr.winary.webshop.jwpwinary.model.Purchase] for NavigablePath [hr.winary.webshop.jwpwinary.model.Purchase] 
2024-05-26T23:53:22.155+02:00 DEBUG 3612 --- [JWP-Winary] [           main] org.hibernate.orm.sql.ast.create         : Registration of TableGroup [org.hibernate.sql.ast.tree.from.LazyTableGroup@248b2091] with identifierForTableGroup [hr.winary.webshop.jwpwinary.model.Purchase.user] for NavigablePath [hr.winary.webshop.jwpwinary.model.Purchase.user] 
2024-05-26T23:53:22.157+02:00 DEBUG 3612 --- [JWP-Winary] [           main] org.hibernate.orm.sql.ast.create         : Created new SQL alias : u1_0
2024-05-26T23:53:22.159+02:00 DEBUG 3612 --- [JWP-Winary] [           main] org.hibernate.orm.sql.ast.create         : Created new SQL alias : r1_0
2024-05-26T23:53:22.161+02:00 DEBUG 3612 --- [JWP-Winary] [           main] org.hibernate.orm.sql.ast.create         : Registration of TableGroup [CollectionTableGroup(hr.winary.webshop.jwpwinary.model.Purchase.user.roles)] with identifierForTableGroup [hr.winary.webshop.jwpwinary.model.Purchase.user.roles] for NavigablePath [hr.winary.webshop.jwpwinary.model.Purchase.user.roles] 
2024-05-26T23:53:22.162+02:00 DEBUG 3612 --- [JWP-Winary] [           main] org.hibernate.orm.sql.ast.create         : Registration of TableGroup [org.hibernate.sql.ast.tree.from.LazyTableGroup@69d1ad64] with identifierForTableGroup [hr.winary.webshop.jwpwinary.model.Purchase.user.roles.{element}] for NavigablePath [hr.winary.webshop.jwpwinary.model.Purchase.user.roles.{element}] 
2024-05-26T23:53:22.162+02:00 DEBUG 3612 --- [JWP-Winary] [           main] org.hibernate.orm.sql.ast.create         : Created new SQL alias : r1_1
2024-05-26T23:53:22.165+02:00 DEBUG 3612 --- [JWP-Winary] [           main] org.hibernate.orm.sql.ast.create         : Registration of TableGroup [org.hibernate.sql.ast.tree.from.LazyTableGroup@1756a471] with identifierForTableGroup [hr.winary.webshop.jwpwinary.model.Purchase.wine] for NavigablePath [hr.winary.webshop.jwpwinary.model.Purchase.wine] 
2024-05-26T23:53:22.165+02:00 DEBUG 3612 --- [JWP-Winary] [           main] org.hibernate.orm.sql.ast.create         : Created new SQL alias : w1_0
2024-05-26T23:53:22.165+02:00 DEBUG 3612 --- [JWP-Winary] [           main] org.hibernate.orm.sql.ast.create         : Registration of TableGroup [org.hibernate.sql.ast.tree.from.LazyTableGroup@2190508d] with identifierForTableGroup [hr.winary.webshop.jwpwinary.model.Purchase.wine.category] for NavigablePath [hr.winary.webshop.jwpwinary.model.Purchase.wine.category] 
2024-05-26T23:53:22.166+02:00 DEBUG 3612 --- [JWP-Winary] [           main] org.hibernate.orm.results.graph.AST      : DomainResult Graph:
 \-EntityResultImpl [hr.winary.webshop.jwpwinary.model.Purchase]
 |  +-BasicFetch [hr.winary.webshop.jwpwinary.model.Purchase.paymentMethod]
 |  +-BasicFetch [hr.winary.webshop.jwpwinary.model.Purchase.purchaseTime]
 |  +-BasicFetch [hr.winary.webshop.jwpwinary.model.Purchase.quantity]
 |  +-BasicFetch [hr.winary.webshop.jwpwinary.model.Purchase.totalPrice]
 |  +-EntityFetchJoinedImpl [hr.winary.webshop.jwpwinary.model.Purchase.user]
 |  \-EntityFetchJoinedImpl [hr.winary.webshop.jwpwinary.model.Purchase.wine]

2024-05-26T23:53:22.166+02:00 DEBUG 3612 --- [JWP-Winary] [           main] org.hibernate.orm.sql.ast.tree           : SQL AST Tree:
    SelectStatement {
      FromClause {
        StandardTableGroup (p1 : hr.winary.webshop.jwpwinary.model.Purchase) {
          primaryTableReference : purchase as p1_0
          TableGroupJoins {
            left  join LazyTableGroup (u1 : hr.winary.webshop.jwpwinary.model.Purchase.user) {
              primaryTableReference : users as u1_0
              TableGroupJoins {
                left  join CollectionTableGroup (r1 : hr.winary.webshop.jwpwinary.model.Purchase.user.roles) {
                  primaryTableReference : role_user as r1_0
                  TableGroupJoins {
                    left  join LazyTableGroup (r1 : hr.winary.webshop.jwpwinary.model.Purchase.user.roles.{element}) {
                      primaryTableReference : roles as r1_1
                    }
                  }
                }
              }
            }
            left  join LazyTableGroup (w1 : hr.winary.webshop.jwpwinary.model.Purchase.wine) {
              primaryTableReference : wine as w1_0
              TableGroupJoins {
                left  join LazyTableGroup (c1 : hr.winary.webshop.jwpwinary.model.Purchase.wine.category) {
                }
              }
            }
          }
        }
      }
    }

2024-05-26T23:53:22.166+02:00 DEBUG 3612 --- [JWP-Winary] [           main] o.h.p.entity.AbstractEntityPersister     : Static SQL for entity: hr.winary.webshop.jwpwinary.model.Purchase
2024-05-26T23:53:22.166+02:00 DEBUG 3612 --- [JWP-Winary] [           main] o.h.p.entity.AbstractEntityPersister     :  Version select: select id from purchase where id=?
2024-05-26T23:53:22.166+02:00 DEBUG 3612 --- [JWP-Winary] [           main] o.h.p.entity.AbstractEntityPersister     :  Insert (0): insert into purchase (payment_method,purchase_time,quantity,total_price,user_id,wine_id,id) values (?,?,?,?,?,?,default)
2024-05-26T23:53:22.166+02:00 DEBUG 3612 --- [JWP-Winary] [           main] o.h.p.entity.AbstractEntityPersister     :  Update (0): update purchase set payment_method=?,purchase_time=?,quantity=?,total_price=?,user_id=?,wine_id=? where id=?
2024-05-26T23:53:22.167+02:00 DEBUG 3612 --- [JWP-Winary] [           main] o.h.p.entity.AbstractEntityPersister     :  Delete (0): delete from purchase where id=?
2024-05-26T23:53:22.167+02:00 DEBUG 3612 --- [JWP-Winary] [           main] org.hibernate.orm.sql.ast.create         : Created new SQL alias : c1_0
2024-05-26T23:53:22.167+02:00 DEBUG 3612 --- [JWP-Winary] [           main] org.hibernate.orm.sql.ast.create         : Registration of TableGroup [StandardTableGroup(hr.winary.webshop.jwpwinary.model.Category)] with identifierForTableGroup [hr.winary.webshop.jwpwinary.model.Category] for NavigablePath [hr.winary.webshop.jwpwinary.model.Category] 
2024-05-26T23:53:22.167+02:00 DEBUG 3612 --- [JWP-Winary] [           main] org.hibernate.orm.results.graph.AST      : DomainResult Graph:
 \-EntityResultImpl [hr.winary.webshop.jwpwinary.model.Category]
 |  \-BasicFetch [hr.winary.webshop.jwpwinary.model.Category.name]

2024-05-26T23:53:22.167+02:00 DEBUG 3612 --- [JWP-Winary] [           main] org.hibernate.orm.sql.ast.tree           : SQL AST Tree:
    SelectStatement {
      FromClause {
        StandardTableGroup (c1 : hr.winary.webshop.jwpwinary.model.Category) {
          primaryTableReference : category as c1_0
        }
      }
    }

2024-05-26T23:53:22.167+02:00 DEBUG 3612 --- [JWP-Winary] [           main] o.h.p.entity.AbstractEntityPersister     : Static SQL for entity: hr.winary.webshop.jwpwinary.model.Category
2024-05-26T23:53:22.167+02:00 DEBUG 3612 --- [JWP-Winary] [           main] o.h.p.entity.AbstractEntityPersister     :  Version select: select category_id from category where category_id=?
2024-05-26T23:53:22.167+02:00 DEBUG 3612 --- [JWP-Winary] [           main] o.h.p.entity.AbstractEntityPersister     :  Insert (0): insert into category (name,category_id) values (?,?)
2024-05-26T23:53:22.168+02:00 DEBUG 3612 --- [JWP-Winary] [           main] o.h.p.entity.AbstractEntityPersister     :  Update (0): update category set name=? where category_id=?
2024-05-26T23:53:22.168+02:00 DEBUG 3612 --- [JWP-Winary] [           main] o.h.p.entity.AbstractEntityPersister     :  Delete (0): delete from category where category_id=?
2024-05-26T23:53:22.168+02:00 DEBUG 3612 --- [JWP-Winary] [           main] org.hibernate.orm.sql.ast.create         : Created new SQL alias : u1_0
2024-05-26T23:53:22.168+02:00 DEBUG 3612 --- [JWP-Winary] [           main] org.hibernate.orm.sql.ast.create         : Registration of TableGroup [StandardTableGroup(hr.winary.webshop.jwpwinary.model.User)] with identifierForTableGroup [hr.winary.webshop.jwpwinary.model.User] for NavigablePath [hr.winary.webshop.jwpwinary.model.User] 
2024-05-26T23:53:22.168+02:00 DEBUG 3612 --- [JWP-Winary] [           main] org.hibernate.orm.sql.ast.create         : Created new SQL alias : r1_0
2024-05-26T23:53:22.168+02:00 DEBUG 3612 --- [JWP-Winary] [           main] org.hibernate.orm.sql.ast.create         : Registration of TableGroup [CollectionTableGroup(hr.winary.webshop.jwpwinary.model.User.roles)] with identifierForTableGroup [hr.winary.webshop.jwpwinary.model.User.roles] for NavigablePath [hr.winary.webshop.jwpwinary.model.User.roles] 
2024-05-26T23:53:22.168+02:00 DEBUG 3612 --- [JWP-Winary] [           main] org.hibernate.orm.sql.ast.create         : Registration of TableGroup [org.hibernate.sql.ast.tree.from.LazyTableGroup@5036a286] with identifierForTableGroup [hr.winary.webshop.jwpwinary.model.User.roles.{element}] for NavigablePath [hr.winary.webshop.jwpwinary.model.User.roles.{element}] 
2024-05-26T23:53:22.168+02:00 DEBUG 3612 --- [JWP-Winary] [           main] org.hibernate.orm.sql.ast.create         : Created new SQL alias : r1_1
2024-05-26T23:53:22.168+02:00 DEBUG 3612 --- [JWP-Winary] [           main] org.hibernate.orm.results.graph.AST      : DomainResult Graph:
 \-EntityResultImpl [hr.winary.webshop.jwpwinary.model.User]
 |  +-BasicFetch [hr.winary.webshop.jwpwinary.model.User.password]
 |  +-EagerCollectionFetch [hr.winary.webshop.jwpwinary.model.User.roles]
 |  |  \-EntityFetchJoinedImpl [hr.winary.webshop.jwpwinary.model.User.roles.{element}]
 |  \-BasicFetch [hr.winary.webshop.jwpwinary.model.User.username]

2024-05-26T23:53:22.168+02:00 DEBUG 3612 --- [JWP-Winary] [           main] org.hibernate.orm.sql.ast.tree           : SQL AST Tree:
    SelectStatement {
      FromClause {
        StandardTableGroup (u1 : hr.winary.webshop.jwpwinary.model.User) {
          primaryTableReference : users as u1_0
          TableGroupJoins {
            left  join CollectionTableGroup (r1 : hr.winary.webshop.jwpwinary.model.User.roles) {
              primaryTableReference : role_user as r1_0
              TableGroupJoins {
                left  join LazyTableGroup (r1 : hr.winary.webshop.jwpwinary.model.User.roles.{element}) {
                  primaryTableReference : roles as r1_1
                }
              }
            }
          }
        }
      }
    }

2024-05-26T23:53:22.168+02:00 DEBUG 3612 --- [JWP-Winary] [           main] o.h.p.entity.AbstractEntityPersister     : Static SQL for entity: hr.winary.webshop.jwpwinary.model.User
2024-05-26T23:53:22.168+02:00 DEBUG 3612 --- [JWP-Winary] [           main] o.h.p.entity.AbstractEntityPersister     :  Version select: select id from users where id=?
2024-05-26T23:53:22.168+02:00 DEBUG 3612 --- [JWP-Winary] [           main] o.h.p.entity.AbstractEntityPersister     :  Insert (0): insert into users (password,username,id) values (?,?,default)
2024-05-26T23:53:22.168+02:00 DEBUG 3612 --- [JWP-Winary] [           main] o.h.p.entity.AbstractEntityPersister     :  Update (0): update users set password=?,username=? where id=?
2024-05-26T23:53:22.168+02:00 DEBUG 3612 --- [JWP-Winary] [           main] o.h.p.entity.AbstractEntityPersister     :  Delete (0): delete from users where id=?
2024-05-26T23:53:22.168+02:00 DEBUG 3612 --- [JWP-Winary] [           main] org.hibernate.orm.sql.ast.create         : Created new SQL alias : ur1_0
2024-05-26T23:53:22.168+02:00 DEBUG 3612 --- [JWP-Winary] [           main] org.hibernate.orm.sql.ast.create         : Registration of TableGroup [StandardTableGroup(hr.winary.webshop.jwpwinary.model.UserRole)] with identifierForTableGroup [hr.winary.webshop.jwpwinary.model.UserRole] for NavigablePath [hr.winary.webshop.jwpwinary.model.UserRole] 
2024-05-26T23:53:22.169+02:00 DEBUG 3612 --- [JWP-Winary] [           main] org.hibernate.orm.results.graph.AST      : DomainResult Graph:
 \-EntityResultImpl [hr.winary.webshop.jwpwinary.model.UserRole]
 |  \-BasicFetch [hr.winary.webshop.jwpwinary.model.UserRole.name]

2024-05-26T23:53:22.169+02:00 DEBUG 3612 --- [JWP-Winary] [           main] org.hibernate.orm.sql.ast.tree           : SQL AST Tree:
    SelectStatement {
      FromClause {
        StandardTableGroup (ur1 : hr.winary.webshop.jwpwinary.model.UserRole) {
          primaryTableReference : roles as ur1_0
        }
      }
    }

2024-05-26T23:53:22.169+02:00 DEBUG 3612 --- [JWP-Winary] [           main] o.h.p.entity.AbstractEntityPersister     : Static SQL for entity: hr.winary.webshop.jwpwinary.model.UserRole
2024-05-26T23:53:22.169+02:00 DEBUG 3612 --- [JWP-Winary] [           main] o.h.p.entity.AbstractEntityPersister     :  Version select: select id from roles where id=?
2024-05-26T23:53:22.169+02:00 DEBUG 3612 --- [JWP-Winary] [           main] o.h.p.entity.AbstractEntityPersister     :  Insert (0): insert into roles (name,id) values (?,default)
2024-05-26T23:53:22.169+02:00 DEBUG 3612 --- [JWP-Winary] [           main] o.h.p.entity.AbstractEntityPersister     :  Update (0): update roles set name=? where id=?
2024-05-26T23:53:22.169+02:00 DEBUG 3612 --- [JWP-Winary] [           main] o.h.p.entity.AbstractEntityPersister     :  Delete (0): delete from roles where id=?
2024-05-26T23:53:22.170+02:00 DEBUG 3612 --- [JWP-Winary] [           main] org.hibernate.orm.sql.ast.create         : Created new SQL alias : r1_0
2024-05-26T23:53:22.170+02:00 DEBUG 3612 --- [JWP-Winary] [           main] org.hibernate.orm.sql.ast.create         : Registration of TableGroup [CollectionTableGroup(hr.winary.webshop.jwpwinary.model.User.roles)] with identifierForTableGroup [hr.winary.webshop.jwpwinary.model.User.roles] for NavigablePath [hr.winary.webshop.jwpwinary.model.User.roles] 
2024-05-26T23:53:22.170+02:00 DEBUG 3612 --- [JWP-Winary] [           main] org.hibernate.orm.sql.ast.create         : Registration of TableGroup [org.hibernate.sql.ast.tree.from.LazyTableGroup@368d51ca] with identifierForTableGroup [hr.winary.webshop.jwpwinary.model.User.roles.{element}] for NavigablePath [hr.winary.webshop.jwpwinary.model.User.roles.{element}] 
2024-05-26T23:53:22.171+02:00 DEBUG 3612 --- [JWP-Winary] [           main] org.hibernate.orm.sql.ast.create         : Created new SQL alias : r1_1
2024-05-26T23:53:22.173+02:00 DEBUG 3612 --- [JWP-Winary] [           main] org.hibernate.orm.results.graph.AST      : DomainResult Graph:
 \-CollectionDomainResult [hr.winary.webshop.jwpwinary.model.User.roles]

2024-05-26T23:53:22.173+02:00 DEBUG 3612 --- [JWP-Winary] [           main] org.hibernate.orm.sql.ast.tree           : SQL AST Tree:
    SelectStatement {
      FromClause {
        CollectionTableGroup (r1 : hr.winary.webshop.jwpwinary.model.User.roles) {
          primaryTableReference : role_user as r1_0
          TableGroupJoins {
             join LazyTableGroup (r1 : hr.winary.webshop.jwpwinary.model.User.roles.{element}) {
              primaryTableReference : roles as r1_1
            }
          }
        }
      }
    }

2024-05-26T23:53:22.173+02:00 DEBUG 3612 --- [JWP-Winary] [           main] org.hibernate.orm.jdbc.mutation          : Static SQL for collection: hr.winary.webshop.jwpwinary.model.User.roles
2024-05-26T23:53:22.174+02:00 DEBUG 3612 --- [JWP-Winary] [           main] org.hibernate.orm.jdbc.mutation          :  Row insert: insert into role_user (user_id,role_id) values (?,?)
2024-05-26T23:53:22.175+02:00 DEBUG 3612 --- [JWP-Winary] [           main] org.hibernate.orm.jdbc.mutation          :  Row delete: delete from role_user where user_id=? and role_id=?
2024-05-26T23:53:22.175+02:00 DEBUG 3612 --- [JWP-Winary] [           main] org.hibernate.orm.jdbc.mutation          :  One-shot delete: delete from role_user where user_id=?
2024-05-26T23:53:22.210+02:00  INFO 3612 --- [JWP-Winary] [           main] o.h.e.t.j.p.i.JtaPlatformInitiator       : HHH000489: No JTA platform available (set 'hibernate.transaction.jta.platform' to enable JTA platform integration)
2024-05-26T23:53:22.211+02:00 DEBUG 3612 --- [JWP-Winary] [           main] o.h.type.spi.TypeConfiguration$Scope     : Scoping TypeConfiguration [org.hibernate.type.spi.TypeConfiguration@5a466dd] to SessionFactoryImplementor [org.hibernate.internal.SessionFactoryImpl@2d3768ce]
2024-05-26T23:53:22.212+02:00 DEBUG 3612 --- [JWP-Winary] [           main] o.h.query.named.NamedObjectRepository    : Checking 0 named HQL queries
2024-05-26T23:53:22.212+02:00 DEBUG 3612 --- [JWP-Winary] [           main] o.h.query.named.NamedObjectRepository    : Checking 0 named SQL queries
2024-05-26T23:53:22.240+02:00 DEBUG 3612 --- [JWP-Winary] [           main] org.hibernate.SQL                        : create table category (category_id integer not null, name varchar(255), primary key (category_id))
Hibernate: create table category (category_id integer not null, name varchar(255), primary key (category_id))
2024-05-26T23:53:22.246+02:00 DEBUG 3612 --- [JWP-Winary] [           main] org.hibernate.SQL                        : create table purchase (id bigint generated by default as identity, payment_method varchar(255), purchase_time timestamp(6), quantity integer not null, total_price float(53) not null, user_id bigint, wine_id bigint, primary key (id))
Hibernate: create table purchase (id bigint generated by default as identity, payment_method varchar(255), purchase_time timestamp(6), quantity integer not null, total_price float(53) not null, user_id bigint, wine_id bigint, primary key (id))
2024-05-26T23:53:22.250+02:00 DEBUG 3612 --- [JWP-Winary] [           main] org.hibernate.SQL                        : create table role_user (user_id bigint not null, role_id bigint not null)
Hibernate: create table role_user (user_id bigint not null, role_id bigint not null)
2024-05-26T23:53:22.251+02:00 DEBUG 3612 --- [JWP-Winary] [           main] org.hibernate.SQL                        : create table roles (id bigint generated by default as identity, name varchar(255), primary key (id))
Hibernate: create table roles (id bigint generated by default as identity, name varchar(255), primary key (id))
2024-05-26T23:53:22.252+02:00 DEBUG 3612 --- [JWP-Winary] [           main] org.hibernate.SQL                        : create table users (id bigint generated by default as identity, password varchar(255), username varchar(255), primary key (id))
Hibernate: create table users (id bigint generated by default as identity, password varchar(255), username varchar(255), primary key (id))
2024-05-26T23:53:22.253+02:00 DEBUG 3612 --- [JWP-Winary] [           main] org.hibernate.SQL                        : create table wine (id bigint not null, description varchar(255), image_name varchar(255), liters float(53) not null, name varchar(255), price float(53) not null, year_of_harvest varchar(255), category_id integer, primary key (id))
Hibernate: create table wine (id bigint not null, description varchar(255), image_name varchar(255), liters float(53) not null, name varchar(255), price float(53) not null, year_of_harvest varchar(255), category_id integer, primary key (id))
2024-05-26T23:53:22.260+02:00 DEBUG 3612 --- [JWP-Winary] [           main] org.hibernate.SQL                        : create sequence category_seq start with 1 increment by 50
Hibernate: create sequence category_seq start with 1 increment by 50
2024-05-26T23:53:22.261+02:00 DEBUG 3612 --- [JWP-Winary] [           main] org.hibernate.SQL                        : create sequence wine_seq start with 1 increment by 50
Hibernate: create sequence wine_seq start with 1 increment by 50
2024-05-26T23:53:22.262+02:00 DEBUG 3612 --- [JWP-Winary] [           main] org.hibernate.SQL                        : alter table if exists purchase add constraint FKoj7ky1v8cf4ibkk0s7alikp52 foreign key (user_id) references users
Hibernate: alter table if exists purchase add constraint FKoj7ky1v8cf4ibkk0s7alikp52 foreign key (user_id) references users
2024-05-26T23:53:22.268+02:00 DEBUG 3612 --- [JWP-Winary] [           main] org.hibernate.SQL                        : alter table if exists purchase add constraint FK94eacgbuqha5wwwfymt7898bb foreign key (wine_id) references wine
Hibernate: alter table if exists purchase add constraint FK94eacgbuqha5wwwfymt7898bb foreign key (wine_id) references wine
2024-05-26T23:53:22.270+02:00 DEBUG 3612 --- [JWP-Winary] [           main] org.hibernate.SQL                        : alter table if exists role_user add constraint FK7tjfd3wunlpu0di6qpu5asgen foreign key (role_id) references roles
Hibernate: alter table if exists role_user add constraint FK7tjfd3wunlpu0di6qpu5asgen foreign key (role_id) references roles
2024-05-26T23:53:22.271+02:00 DEBUG 3612 --- [JWP-Winary] [           main] org.hibernate.SQL                        : alter table if exists role_user add constraint FKhvai2k29vlwpt9wod4sw4ghmn foreign key (user_id) references users
Hibernate: alter table if exists role_user add constraint FKhvai2k29vlwpt9wod4sw4ghmn foreign key (user_id) references users
2024-05-26T23:53:22.272+02:00 DEBUG 3612 --- [JWP-Winary] [           main] org.hibernate.SQL                        : alter table if exists wine add constraint FKtr0oe9ip3vaeg6brl1m1dam6c foreign key (category_id) references category
Hibernate: alter table if exists wine add constraint FKtr0oe9ip3vaeg6brl1m1dam6c foreign key (category_id) references category
2024-05-26T23:53:22.275+02:00 DEBUG 3612 --- [JWP-Winary] [           main] o.h.internal.SessionFactoryRegistry      : Initializing SessionFactoryRegistry : org.hibernate.internal.SessionFactoryRegistry@71817f66
2024-05-26T23:53:22.275+02:00 DEBUG 3612 --- [JWP-Winary] [           main] o.h.internal.SessionFactoryRegistry      : Registering SessionFactory: 6a33d62a-a318-463a-9fb1-8bb53c5b615a (<unnamed>)
2024-05-26T23:53:22.275+02:00 DEBUG 3612 --- [JWP-Winary] [           main] o.h.internal.SessionFactoryRegistry      : Not binding SessionFactory to JNDI, no JNDI name configured
2024-05-26T23:53:22.275+02:00 DEBUG 3612 --- [JWP-Winary] [           main] o.hibernate.internal.SessionFactoryImpl  : Instantiated SessionFactory
2024-05-26T23:53:22.275+02:00  INFO 3612 --- [JWP-Winary] [           main] j.LocalContainerEntityManagerFactoryBean : Initialized JPA EntityManagerFactory for persistence unit 'default'
2024-05-26T23:53:22.278+02:00 DEBUG 3612 --- [JWP-Winary] [           main] o.s.b.f.s.DefaultListableBeanFactory     : Creating shared instance of singleton bean 'jwpWinaryApplication'
2024-05-26T23:53:22.280+02:00 DEBUG 3612 --- [JWP-Winary] [           main] o.s.b.f.s.DefaultListableBeanFactory     : Creating shared instance of singleton bean 'customAuthenticationSuccessHandler'
2024-05-26T23:53:22.281+02:00 DEBUG 3612 --- [JWP-Winary] [           main] o.s.b.f.s.DefaultListableBeanFactory     : Creating shared instance of singleton bean 'imageConfig'
2024-05-26T23:53:22.282+02:00 DEBUG 3612 --- [JWP-Winary] [           main] o.s.b.f.s.DefaultListableBeanFactory     : Creating shared instance of singleton bean 'payPalConfiguration'
2024-05-26T23:53:22.284+02:00 DEBUG 3612 --- [JWP-Winary] [           main] ySourcesPropertyResolver$DefaultResolver : Found key 'paypal.clientId' in PropertySource 'Config resource 'class path resource [application.properties]' via location 'optional:classpath:/'' with value of type String
2024-05-26T23:53:22.284+02:00 DEBUG 3612 --- [JWP-Winary] [           main] o.s.c.e.PropertySourcesPropertyResolver  : Found key 'paypal.clientId' in PropertySource 'environmentProperties' with value of type String
2024-05-26T23:53:22.285+02:00 DEBUG 3612 --- [JWP-Winary] [           main] ySourcesPropertyResolver$DefaultResolver : Found key 'paypal.clientSecret' in PropertySource 'Config resource 'class path resource [application.properties]' via location 'optional:classpath:/'' with value of type String
2024-05-26T23:53:22.285+02:00 DEBUG 3612 --- [JWP-Winary] [           main] o.s.c.e.PropertySourcesPropertyResolver  : Found key 'paypal.clientSecret' in PropertySource 'environmentProperties' with value of type String
2024-05-26T23:53:22.286+02:00 DEBUG 3612 --- [JWP-Winary] [           main] o.s.c.e.PropertySourcesPropertyResolver  : Found key 'paypal.mode' in PropertySource 'environmentProperties' with value of type String
2024-05-26T23:53:22.287+02:00 DEBUG 3612 --- [JWP-Winary] [           main] o.s.b.f.s.DefaultListableBeanFactory     : Creating shared instance of singleton bean 'securityConfig'
2024-05-26T23:53:22.289+02:00 DEBUG 3612 --- [JWP-Winary] [           main] o.s.b.f.s.DefaultListableBeanFactory     : Creating shared instance of singleton bean 'adminController'
2024-05-26T23:53:22.293+02:00 DEBUG 3612 --- [JWP-Winary] [           main] o.s.b.f.s.DefaultListableBeanFactory     : Creating shared instance of singleton bean 'categoryService'
2024-05-26T23:53:22.294+02:00 DEBUG 3612 --- [JWP-Winary] [           main] o.s.b.f.s.DefaultListableBeanFactory     : Creating shared instance of singleton bean 'categoryRepository'
2024-05-26T23:53:22.303+02:00 DEBUG 3612 --- [JWP-Winary] [           main] o.s.b.f.s.DefaultListableBeanFactory     : Creating shared instance of singleton bean 'jpa.named-queries#0'
2024-05-26T23:53:22.307+02:00 DEBUG 3612 --- [JWP-Winary] [           main] o.s.b.f.s.DefaultListableBeanFactory     : Creating shared instance of singleton bean 'jpa.CategoryRepository.fragments#0'
2024-05-26T23:53:22.313+02:00 DEBUG 3612 --- [JWP-Winary] [           main] o.s.b.f.s.DefaultListableBeanFactory     : Creating shared instance of singleton bean 'jpaSharedEM_entityManagerFactory'
2024-05-26T23:53:22.362+02:00 DEBUG 3612 --- [JWP-Winary] [           main] o.s.b.f.s.DefaultListableBeanFactory     : Creating shared instance of singleton bean 'jpaMappingContext'
2024-05-26T23:53:22.364+02:00 DEBUG 3612 --- [JWP-Winary] [           main] .c.JpaMetamodelMappingContextFactoryBean : Initializing JpaMetamodelMappingContext…
2024-05-26T23:53:22.389+02:00 DEBUG 3612 --- [JWP-Winary] [           main] .c.JpaMetamodelMappingContextFactoryBean : Finished initializing JpaMetamodelMappingContext
2024-05-26T23:53:22.425+02:00 DEBUG 3612 --- [JWP-Winary] [           main] tor$SharedEntityManagerInvocationHandler : Creating new EntityManager for shared EntityManager invocation
2024-05-26T23:53:22.475+02:00 DEBUG 3612 --- [JWP-Winary] [           main] o.h.stat.internal.StatisticsInitiator    : Statistics initialized [enabled=false]
2024-05-26T23:53:22.484+02:00 DEBUG 3612 --- [JWP-Winary] [           main] tor$SharedEntityManagerInvocationHandler : Creating new EntityManager for shared EntityManager invocation
2024-05-26T23:53:22.567+02:00 DEBUG 3612 --- [JWP-Winary] [           main] o.s.d.r.c.s.RepositoryFactorySupport     : Initializing repository instance for hr.winary.webshop.jwpwinary.repository.CategoryRepository…
2024-05-26T23:53:22.587+02:00 DEBUG 3612 --- [JWP-Winary] [           main] tor$SharedEntityManagerInvocationHandler : Creating new EntityManager for shared EntityManager invocation
2024-05-26T23:53:22.615+02:00 DEBUG 3612 --- [JWP-Winary] [           main] o.s.d.r.c.s.RepositoryFactorySupport     : Finished creation of repository instance for hr.winary.webshop.jwpwinary.repository.CategoryRepository.
2024-05-26T23:53:22.620+02:00 DEBUG 3612 --- [JWP-Winary] [           main] o.s.b.f.s.DefaultListableBeanFactory     : Creating shared instance of singleton bean 'wineService'
2024-05-26T23:53:22.620+02:00 DEBUG 3612 --- [JWP-Winary] [           main] o.s.b.f.s.DefaultListableBeanFactory     : Creating shared instance of singleton bean 'wineRepository'
2024-05-26T23:53:22.622+02:00 DEBUG 3612 --- [JWP-Winary] [           main] o.s.b.f.s.DefaultListableBeanFactory     : Creating shared instance of singleton bean 'jpa.named-queries#2'
2024-05-26T23:53:22.623+02:00 DEBUG 3612 --- [JWP-Winary] [           main] o.s.b.f.s.DefaultListableBeanFactory     : Creating shared instance of singleton bean 'jpa.WineRepository.fragments#0'
2024-05-26T23:53:22.623+02:00 DEBUG 3612 --- [JWP-Winary] [           main] tor$SharedEntityManagerInvocationHandler : Creating new EntityManager for shared EntityManager invocation
2024-05-26T23:53:22.631+02:00 DEBUG 3612 --- [JWP-Winary] [           main] o.s.d.r.c.s.RepositoryFactorySupport     : Initializing repository instance for hr.winary.webshop.jwpwinary.repository.WineRepository…
2024-05-26T23:53:22.631+02:00 DEBUG 3612 --- [JWP-Winary] [           main] tor$SharedEntityManagerInvocationHandler : Creating new EntityManager for shared EntityManager invocation
2024-05-26T23:53:22.658+02:00 DEBUG 3612 --- [JWP-Winary] [           main] o.s.d.jpa.repository.query.NamedQuery    : Looking up named query Wine.findAllByCategoryId
2024-05-26T23:53:22.660+02:00 DEBUG 3612 --- [JWP-Winary] [           main] cResourceLocalTransactionCoordinatorImpl : JDBC transaction marked for rollback-only (exception provided for stack trace)

java.lang.Exception: exception just for purpose of providing stack trace
	at org.hibernate.resource.transaction.backend.jdbc.internal.JdbcResourceLocalTransactionCoordinatorImpl$TransactionDriverControlImpl.markRollbackOnly(JdbcResourceLocalTransactionCoordinatorImpl.java:310) ~[hibernate-core-6.4.4.Final.jar:6.4.4.Final]
	at org.hibernate.internal.AbstractSharedSessionContract.buildNamedQuery(AbstractSharedSessionContract.java:1097) ~[hibernate-core-6.4.4.Final.jar:6.4.4.Final]
	at org.hibernate.internal.AbstractSharedSessionContract.createNamedQuery(AbstractSharedSessionContract.java:975) ~[hibernate-core-6.4.4.Final.jar:6.4.4.Final]
	at org.hibernate.internal.AbstractSharedSessionContract.createNamedQuery(AbstractSharedSessionContract.java:136) ~[hibernate-core-6.4.4.Final.jar:6.4.4.Final]
	at java.base/jdk.internal.reflect.DirectMethodHandleAccessor.invoke(DirectMethodHandleAccessor.java:103) ~[na:na]
	at java.base/java.lang.reflect.Method.invoke(Method.java:580) ~[na:na]
	at org.springframework.orm.jpa.ExtendedEntityManagerCreator$ExtendedEntityManagerInvocationHandler.invoke(ExtendedEntityManagerCreator.java:364) ~[spring-orm-6.1.6.jar:6.1.6]
	at jdk.proxy2/jdk.proxy2.$Proxy116.createNamedQuery(Unknown Source) ~[na:na]
	at org.springframework.data.jpa.repository.query.NamedQuery.hasNamedQuery(NamedQuery.java:113) ~[spring-data-jpa-3.2.5.jar:3.2.5]
	at org.springframework.data.jpa.repository.query.NamedQuery.lookupFrom(NamedQuery.java:141) ~[spring-data-jpa-3.2.5.jar:3.2.5]
	at org.springframework.data.jpa.repository.query.JpaQueryLookupStrategy$DeclaredQueryLookupStrategy.resolveQuery(JpaQueryLookupStrategy.java:180) ~[spring-data-jpa-3.2.5.jar:3.2.5]
	at org.springframework.data.jpa.repository.query.JpaQueryLookupStrategy$CreateIfNotFoundQueryLookupStrategy.resolveQuery(JpaQueryLookupStrategy.java:252) ~[spring-data-jpa-3.2.5.jar:3.2.5]
	at org.springframework.data.jpa.repository.query.JpaQueryLookupStrategy$AbstractQueryLookupStrategy.resolveQuery(JpaQueryLookupStrategy.java:95) ~[spring-data-jpa-3.2.5.jar:3.2.5]
	at org.springframework.data.repository.core.support.QueryExecutorMethodInterceptor.lookupQuery(QueryExecutorMethodInterceptor.java:111) ~[spring-data-commons-3.2.5.jar:3.2.5]
	at org.springframework.data.repository.core.support.QueryExecutorMethodInterceptor.mapMethodsToQuery(QueryExecutorMethodInterceptor.java:99) ~[spring-data-commons-3.2.5.jar:3.2.5]
	at org.springframework.data.repository.core.support.QueryExecutorMethodInterceptor.lambda$new$0(QueryExecutorMethodInterceptor.java:88) ~[spring-data-commons-3.2.5.jar:3.2.5]
	at java.base/java.util.Optional.map(Optional.java:260) ~[na:na]
	at org.springframework.data.repository.core.support.QueryExecutorMethodInterceptor.<init>(QueryExecutorMethodInterceptor.java:88) ~[spring-data-commons-3.2.5.jar:3.2.5]
	at org.springframework.data.repository.core.support.RepositoryFactorySupport.getRepository(RepositoryFactorySupport.java:357) ~[spring-data-commons-3.2.5.jar:3.2.5]
	at org.springframework.data.repository.core.support.RepositoryFactoryBeanSupport.lambda$afterPropertiesSet$5(RepositoryFactoryBeanSupport.java:279) ~[spring-data-commons-3.2.5.jar:3.2.5]
	at org.springframework.data.util.Lazy.getNullable(Lazy.java:135) ~[spring-data-commons-3.2.5.jar:3.2.5]
	at org.springframework.data.util.Lazy.get(Lazy.java:113) ~[spring-data-commons-3.2.5.jar:3.2.5]
	at org.springframework.data.repository.core.support.RepositoryFactoryBeanSupport.afterPropertiesSet(RepositoryFactoryBeanSupport.java:285) ~[spring-data-commons-3.2.5.jar:3.2.5]
	at org.springframework.data.jpa.repository.support.JpaRepositoryFactoryBean.afterPropertiesSet(JpaRepositoryFactoryBean.java:132) ~[spring-data-jpa-3.2.5.jar:3.2.5]
	at org.springframework.beans.factory.support.AbstractAutowireCapableBeanFactory.invokeInitMethods(AbstractAutowireCapableBeanFactory.java:1833) ~[spring-beans-6.1.6.jar:6.1.6]
	at org.springframework.beans.factory.support.AbstractAutowireCapableBeanFactory.initializeBean(AbstractAutowireCapableBeanFactory.java:1782) ~[spring-beans-6.1.6.jar:6.1.6]
	at org.springframework.beans.factory.support.AbstractAutowireCapableBeanFactory.doCreateBean(AbstractAutowireCapableBeanFactory.java:600) ~[spring-beans-6.1.6.jar:6.1.6]
	at org.springframework.beans.factory.support.AbstractAutowireCapableBeanFactory.createBean(AbstractAutowireCapableBeanFactory.java:522) ~[spring-beans-6.1.6.jar:6.1.6]
	at org.springframework.beans.factory.support.AbstractBeanFactory.lambda$doGetBean$0(AbstractBeanFactory.java:326) ~[spring-beans-6.1.6.jar:6.1.6]
	at org.springframework.beans.factory.support.DefaultSingletonBeanRegistry.getSingleton(DefaultSingletonBeanRegistry.java:234) ~[spring-beans-6.1.6.jar:6.1.6]
	at org.springframework.beans.factory.support.AbstractBeanFactory.doGetBean(AbstractBeanFactory.java:324) ~[spring-beans-6.1.6.jar:6.1.6]
	at org.springframework.beans.factory.support.AbstractBeanFactory.getBean(AbstractBeanFactory.java:200) ~[spring-beans-6.1.6.jar:6.1.6]
	at org.springframework.beans.factory.config.DependencyDescriptor.resolveCandidate(DependencyDescriptor.java:254) ~[spring-beans-6.1.6.jar:6.1.6]
	at org.springframework.beans.factory.support.DefaultListableBeanFactory.doResolveDependency(DefaultListableBeanFactory.java:1443) ~[spring-beans-6.1.6.jar:6.1.6]
	at org.springframework.beans.factory.support.DefaultListableBeanFactory.resolveDependency(DefaultListableBeanFactory.java:1353) ~[spring-beans-6.1.6.jar:6.1.6]
	at org.springframework.beans.factory.annotation.AutowiredAnnotationBeanPostProcessor$AutowiredFieldElement.resolveFieldValue(AutowiredAnnotationBeanPostProcessor.java:784) ~[spring-beans-6.1.6.jar:6.1.6]
	at org.springframework.beans.factory.annotation.AutowiredAnnotationBeanPostProcessor$AutowiredFieldElement.inject(AutowiredAnnotationBeanPostProcessor.java:767) ~[spring-beans-6.1.6.jar:6.1.6]
	at org.springframework.beans.factory.annotation.InjectionMetadata.inject(InjectionMetadata.java:145) ~[spring-beans-6.1.6.jar:6.1.6]
	at org.springframework.beans.factory.annotation.AutowiredAnnotationBeanPostProcessor.postProcessProperties(AutowiredAnnotationBeanPostProcessor.java:508) ~[spring-beans-6.1.6.jar:6.1.6]
	at org.springframework.beans.factory.support.AbstractAutowireCapableBeanFactory.populateBean(AbstractAutowireCapableBeanFactory.java:1419) ~[spring-beans-6.1.6.jar:6.1.6]
	at org.springframework.beans.factory.support.AbstractAutowireCapableBeanFactory.doCreateBean(AbstractAutowireCapableBeanFactory.java:599) ~[spring-beans-6.1.6.jar:6.1.6]
	at org.springframework.beans.factory.support.AbstractAutowireCapableBeanFactory.createBean(AbstractAutowireCapableBeanFactory.java:522) ~[spring-beans-6.1.6.jar:6.1.6]
	at org.springframework.beans.factory.support.AbstractBeanFactory.lambda$doGetBean$0(AbstractBeanFactory.java:326) ~[spring-beans-6.1.6.jar:6.1.6]
	at org.springframework.beans.factory.support.DefaultSingletonBeanRegistry.getSingleton(DefaultSingletonBeanRegistry.java:234) ~[spring-beans-6.1.6.jar:6.1.6]
	at org.springframework.beans.factory.support.AbstractBeanFactory.doGetBean(AbstractBeanFactory.java:324) ~[spring-beans-6.1.6.jar:6.1.6]
	at org.springframework.beans.factory.support.AbstractBeanFactory.getBean(AbstractBeanFactory.java:200) ~[spring-beans-6.1.6.jar:6.1.6]
	at org.springframework.beans.factory.config.DependencyDescriptor.resolveCandidate(DependencyDescriptor.java:254) ~[spring-beans-6.1.6.jar:6.1.6]
	at org.springframework.beans.factory.support.DefaultListableBeanFactory.doResolveDependency(DefaultListableBeanFactory.java:1443) ~[spring-beans-6.1.6.jar:6.1.6]
	at org.springframework.beans.factory.support.DefaultListableBeanFactory.resolveDependency(DefaultListableBeanFactory.java:1353) ~[spring-beans-6.1.6.jar:6.1.6]
	at org.springframework.beans.factory.annotation.AutowiredAnnotationBeanPostProcessor$AutowiredFieldElement.resolveFieldValue(AutowiredAnnotationBeanPostProcessor.java:784) ~[spring-beans-6.1.6.jar:6.1.6]
	at org.springframework.beans.factory.annotation.AutowiredAnnotationBeanPostProcessor$AutowiredFieldElement.inject(AutowiredAnnotationBeanPostProcessor.java:767) ~[spring-beans-6.1.6.jar:6.1.6]
	at org.springframework.beans.factory.annotation.InjectionMetadata.inject(InjectionMetadata.java:145) ~[spring-beans-6.1.6.jar:6.1.6]
	at org.springframework.beans.factory.annotation.AutowiredAnnotationBeanPostProcessor.postProcessProperties(AutowiredAnnotationBeanPostProcessor.java:508) ~[spring-beans-6.1.6.jar:6.1.6]
	at org.springframework.beans.factory.support.AbstractAutowireCapableBeanFactory.populateBean(AbstractAutowireCapableBeanFactory.java:1419) ~[spring-beans-6.1.6.jar:6.1.6]
	at org.springframework.beans.factory.support.AbstractAutowireCapableBeanFactory.doCreateBean(AbstractAutowireCapableBeanFactory.java:599) ~[spring-beans-6.1.6.jar:6.1.6]
	at org.springframework.beans.factory.support.AbstractAutowireCapableBeanFactory.createBean(AbstractAutowireCapableBeanFactory.java:522) ~[spring-beans-6.1.6.jar:6.1.6]
	at org.springframework.beans.factory.support.AbstractBeanFactory.lambda$doGetBean$0(AbstractBeanFactory.java:326) ~[spring-beans-6.1.6.jar:6.1.6]
	at org.springframework.beans.factory.support.DefaultSingletonBeanRegistry.getSingleton(DefaultSingletonBeanRegistry.java:234) ~[spring-beans-6.1.6.jar:6.1.6]
	at org.springframework.beans.factory.support.AbstractBeanFactory.doGetBean(AbstractBeanFactory.java:324) ~[spring-beans-6.1.6.jar:6.1.6]
	at org.springframework.beans.factory.support.AbstractBeanFactory.getBean(AbstractBeanFactory.java:200) ~[spring-beans-6.1.6.jar:6.1.6]
	at org.springframework.beans.factory.support.DefaultListableBeanFactory.preInstantiateSingletons(DefaultListableBeanFactory.java:975) ~[spring-beans-6.1.6.jar:6.1.6]
	at org.springframework.context.support.AbstractApplicationContext.finishBeanFactoryInitialization(AbstractApplicationContext.java:962) ~[spring-context-6.1.6.jar:6.1.6]
	at org.springframework.context.support.AbstractApplicationContext.refresh(AbstractApplicationContext.java:624) ~[spring-context-6.1.6.jar:6.1.6]
	at org.springframework.boot.SpringApplication.refresh(SpringApplication.java:754) ~[spring-boot-3.2.5.jar:3.2.5]
	at org.springframework.boot.SpringApplication.refreshContext(SpringApplication.java:456) ~[spring-boot-3.2.5.jar:3.2.5]
	at org.springframework.boot.SpringApplication.run(SpringApplication.java:334) ~[spring-boot-3.2.5.jar:3.2.5]
	at org.springframework.boot.test.context.SpringBootContextLoader.lambda$loadContext$3(SpringBootContextLoader.java:137) ~[spring-boot-test-3.2.5.jar:3.2.5]
	at org.springframework.util.function.ThrowingSupplier.get(ThrowingSupplier.java:58) ~[spring-core-6.1.6.jar:6.1.6]
	at org.springframework.util.function.ThrowingSupplier.get(ThrowingSupplier.java:46) ~[spring-core-6.1.6.jar:6.1.6]
	at org.springframework.boot.SpringApplication.withHook(SpringApplication.java:1454) ~[spring-boot-3.2.5.jar:3.2.5]
	at org.springframework.boot.test.context.SpringBootContextLoader$ContextLoaderHook.run(SpringBootContextLoader.java:553) ~[spring-boot-test-3.2.5.jar:3.2.5]
	at org.springframework.boot.test.context.SpringBootContextLoader.loadContext(SpringBootContextLoader.java:137) ~[spring-boot-test-3.2.5.jar:3.2.5]
	at org.springframework.boot.test.context.SpringBootContextLoader.loadContext(SpringBootContextLoader.java:108) ~[spring-boot-test-3.2.5.jar:3.2.5]
	at org.springframework.test.context.cache.DefaultCacheAwareContextLoaderDelegate.loadContextInternal(DefaultCacheAwareContextLoaderDelegate.java:225) ~[spring-test-6.1.6.jar:6.1.6]
	at org.springframework.test.context.cache.DefaultCacheAwareContextLoaderDelegate.loadContext(DefaultCacheAwareContextLoaderDelegate.java:152) ~[spring-test-6.1.6.jar:6.1.6]
	at org.springframework.test.context.support.DefaultTestContext.getApplicationContext(DefaultTestContext.java:130) ~[spring-test-6.1.6.jar:6.1.6]
	at org.springframework.test.context.web.ServletTestExecutionListener.setUpRequestContextIfNecessary(ServletTestExecutionListener.java:191) ~[spring-test-6.1.6.jar:6.1.6]
	at org.springframework.test.context.web.ServletTestExecutionListener.prepareTestInstance(ServletTestExecutionListener.java:130) ~[spring-test-6.1.6.jar:6.1.6]
	at org.springframework.test.context.TestContextManager.prepareTestInstance(TestContextManager.java:260) ~[spring-test-6.1.6.jar:6.1.6]
	at org.springframework.test.context.junit.jupiter.SpringExtension.postProcessTestInstance(SpringExtension.java:163) ~[spring-test-6.1.6.jar:6.1.6]
	at org.junit.jupiter.engine.descriptor.ClassBasedTestDescriptor.lambda$invokeTestInstancePostProcessors$10(ClassBasedTestDescriptor.java:378) ~[junit-jupiter-engine-5.10.2.jar:5.10.2]
	at org.junit.jupiter.engine.descriptor.ClassBasedTestDescriptor.executeAndMaskThrowable(ClassBasedTestDescriptor.java:383) ~[junit-jupiter-engine-5.10.2.jar:5.10.2]
	at org.junit.jupiter.engine.descriptor.ClassBasedTestDescriptor.lambda$invokeTestInstancePostProcessors$11(ClassBasedTestDescriptor.java:378) ~[junit-jupiter-engine-5.10.2.jar:5.10.2]
	at java.base/java.util.stream.ReferencePipeline$3$1.accept(ReferencePipeline.java:197) ~[na:na]
	at java.base/java.util.stream.ReferencePipeline$2$1.accept(ReferencePipeline.java:179) ~[na:na]
	at java.base/java.util.ArrayList$ArrayListSpliterator.forEachRemaining(ArrayList.java:1708) ~[na:na]
	at java.base/java.util.stream.AbstractPipeline.copyInto(AbstractPipeline.java:509) ~[na:na]
	at java.base/java.util.stream.AbstractPipeline.wrapAndCopyInto(AbstractPipeline.java:499) ~[na:na]
	at java.base/java.util.stream.StreamSpliterators$WrappingSpliterator.forEachRemaining(StreamSpliterators.java:310) ~[na:na]
	at java.base/java.util.stream.Streams$ConcatSpliterator.forEachRemaining(Streams.java:735) ~[na:na]
	at java.base/java.util.stream.Streams$ConcatSpliterator.forEachRemaining(Streams.java:734) ~[na:na]
	at java.base/java.util.stream.ReferencePipeline$Head.forEach(ReferencePipeline.java:762) ~[na:na]
	at org.junit.jupiter.engine.descriptor.ClassBasedTestDescriptor.invokeTestInstancePostProcessors(ClassBasedTestDescriptor.java:377) ~[junit-jupiter-engine-5.10.2.jar:5.10.2]
	at org.junit.jupiter.engine.descriptor.ClassBasedTestDescriptor.lambda$instantiateAndPostProcessTestInstance$6(ClassBasedTestDescriptor.java:290) ~[junit-jupiter-engine-5.10.2.jar:5.10.2]
	at org.junit.platform.engine.support.hierarchical.ThrowableCollector.execute(ThrowableCollector.java:73) ~[junit-platform-engine-1.10.2.jar:1.10.2]
	at org.junit.jupiter.engine.descriptor.ClassBasedTestDescriptor.instantiateAndPostProcessTestInstance(ClassBasedTestDescriptor.java:289) ~[junit-jupiter-engine-5.10.2.jar:5.10.2]
	at org.junit.jupiter.engine.descriptor.ClassBasedTestDescriptor.lambda$testInstancesProvider$4(ClassBasedTestDescriptor.java:279) ~[junit-jupiter-engine-5.10.2.jar:5.10.2]
	at java.base/java.util.Optional.orElseGet(Optional.java:364) ~[na:na]
	at org.junit.jupiter.engine.descriptor.ClassBasedTestDescriptor.lambda$testInstancesProvider$5(ClassBasedTestDescriptor.java:278) ~[junit-jupiter-engine-5.10.2.jar:5.10.2]
	at org.junit.jupiter.engine.execution.TestInstancesProvider.getTestInstances(TestInstancesProvider.java:31) ~[junit-jupiter-engine-5.10.2.jar:5.10.2]
	at org.junit.jupiter.engine.descriptor.TestMethodTestDescriptor.lambda$prepare$0(TestMethodTestDescriptor.java:106) ~[junit-jupiter-engine-5.10.2.jar:5.10.2]
	at org.junit.platform.engine.support.hierarchical.ThrowableCollector.execute(ThrowableCollector.java:73) ~[junit-platform-engine-1.10.2.jar:1.10.2]
	at org.junit.jupiter.engine.descriptor.TestMethodTestDescriptor.prepare(TestMethodTestDescriptor.java:105) ~[junit-jupiter-engine-5.10.2.jar:5.10.2]
	at org.junit.jupiter.engine.descriptor.TestMethodTestDescriptor.prepare(TestMethodTestDescriptor.java:69) ~[junit-jupiter-engine-5.10.2.jar:5.10.2]
	at org.junit.platform.engine.support.hierarchical.NodeTestTask.lambda$prepare$2(NodeTestTask.java:123) ~[junit-platform-engine-1.10.2.jar:1.10.2]
	at org.junit.platform.engine.support.hierarchical.ThrowableCollector.execute(ThrowableCollector.java:73) ~[junit-platform-engine-1.10.2.jar:1.10.2]
	at org.junit.platform.engine.support.hierarchical.NodeTestTask.prepare(NodeTestTask.java:123) ~[junit-platform-engine-1.10.2.jar:1.10.2]
	at org.junit.platform.engine.support.hierarchical.NodeTestTask.execute(NodeTestTask.java:90) ~[junit-platform-engine-1.10.2.jar:1.10.2]
	at java.base/java.util.ArrayList.forEach(ArrayList.java:1596) ~[na:na]
	at org.junit.platform.engine.support.hierarchical.SameThreadHierarchicalTestExecutorService.invokeAll(SameThreadHierarchicalTestExecutorService.java:41) ~[junit-platform-engine-1.10.2.jar:1.10.2]
	at org.junit.platform.engine.support.hierarchical.NodeTestTask.lambda$executeRecursively$6(NodeTestTask.java:155) ~[junit-platform-engine-1.10.2.jar:1.10.2]
	at org.junit.platform.engine.support.hierarchical.ThrowableCollector.execute(ThrowableCollector.java:73) ~[junit-platform-engine-1.10.2.jar:1.10.2]
	at org.junit.platform.engine.support.hierarchical.NodeTestTask.lambda$executeRecursively$8(NodeTestTask.java:141) ~[junit-platform-engine-1.10.2.jar:1.10.2]
	at org.junit.platform.engine.support.hierarchical.Node.around(Node.java:137) ~[junit-platform-engine-1.10.2.jar:1.10.2]
	at org.junit.platform.engine.support.hierarchical.NodeTestTask.lambda$executeRecursively$9(NodeTestTask.java:139) ~[junit-platform-engine-1.10.2.jar:1.10.2]
	at org.junit.platform.engine.support.hierarchical.ThrowableCollector.execute(ThrowableCollector.java:73) ~[junit-platform-engine-1.10.2.jar:1.10.2]
	at org.junit.platform.engine.support.hierarchical.NodeTestTask.executeRecursively(NodeTestTask.java:138) ~[junit-platform-engine-1.10.2.jar:1.10.2]
	at org.junit.platform.engine.support.hierarchical.NodeTestTask.execute(NodeTestTask.java:95) ~[junit-platform-engine-1.10.2.jar:1.10.2]
	at java.base/java.util.ArrayList.forEach(ArrayList.java:1596) ~[na:na]
	at org.junit.platform.engine.support.hierarchical.SameThreadHierarchicalTestExecutorService.invokeAll(SameThreadHierarchicalTestExecutorService.java:41) ~[junit-platform-engine-1.10.2.jar:1.10.2]
	at org.junit.platform.engine.support.hierarchical.NodeTestTask.lambda$executeRecursively$6(NodeTestTask.java:155) ~[junit-platform-engine-1.10.2.jar:1.10.2]
	at org.junit.platform.engine.support.hierarchical.ThrowableCollector.execute(ThrowableCollector.java:73) ~[junit-platform-engine-1.10.2.jar:1.10.2]
	at org.junit.platform.engine.support.hierarchical.NodeTestTask.lambda$executeRecursively$8(NodeTestTask.java:141) ~[junit-platform-engine-1.10.2.jar:1.10.2]
	at org.junit.platform.engine.support.hierarchical.Node.around(Node.java:137) ~[junit-platform-engine-1.10.2.jar:1.10.2]
	at org.junit.platform.engine.support.hierarchical.NodeTestTask.lambda$executeRecursively$9(NodeTestTask.java:139) ~[junit-platform-engine-1.10.2.jar:1.10.2]
	at org.junit.platform.engine.support.hierarchical.ThrowableCollector.execute(ThrowableCollector.java:73) ~[junit-platform-engine-1.10.2.jar:1.10.2]
	at org.junit.platform.engine.support.hierarchical.NodeTestTask.executeRecursively(NodeTestTask.java:138) ~[junit-platform-engine-1.10.2.jar:1.10.2]
	at org.junit.platform.engine.support.hierarchical.NodeTestTask.execute(NodeTestTask.java:95) ~[junit-platform-engine-1.10.2.jar:1.10.2]
	at org.junit.platform.engine.support.hierarchical.SameThreadHierarchicalTestExecutorService.submit(SameThreadHierarchicalTestExecutorService.java:35) ~[junit-platform-engine-1.10.2.jar:1.10.2]
	at org.junit.platform.engine.support.hierarchical.HierarchicalTestExecutor.execute(HierarchicalTestExecutor.java:57) ~[junit-platform-engine-1.10.2.jar:1.10.2]
	at org.junit.platform.engine.support.hierarchical.HierarchicalTestEngine.execute(HierarchicalTestEngine.java:54) ~[junit-platform-engine-1.10.2.jar:1.10.2]
	at org.junit.platform.launcher.core.EngineExecutionOrchestrator.execute(EngineExecutionOrchestrator.java:198) ~[junit-platform-launcher-1.10.2.jar:1.10.2]
	at org.junit.platform.launcher.core.EngineExecutionOrchestrator.execute(EngineExecutionOrchestrator.java:169) ~[junit-platform-launcher-1.10.2.jar:1.10.2]
	at org.junit.platform.launcher.core.EngineExecutionOrchestrator.execute(EngineExecutionOrchestrator.java:93) ~[junit-platform-launcher-1.10.2.jar:1.10.2]
	at org.junit.platform.launcher.core.EngineExecutionOrchestrator.lambda$execute$0(EngineExecutionOrchestrator.java:58) ~[junit-platform-launcher-1.10.2.jar:1.10.2]
	at org.junit.platform.launcher.core.EngineExecutionOrchestrator.withInterceptedStreams(EngineExecutionOrchestrator.java:141) ~[junit-platform-launcher-1.10.2.jar:1.10.2]
	at org.junit.platform.launcher.core.EngineExecutionOrchestrator.execute(EngineExecutionOrchestrator.java:57) ~[junit-platform-launcher-1.10.2.jar:1.10.2]
	at org.junit.platform.launcher.core.DefaultLauncher.execute(DefaultLauncher.java:103) ~[junit-platform-launcher-1.10.2.jar:1.10.2]
	at org.junit.platform.launcher.core.DefaultLauncher.execute(DefaultLauncher.java:85) ~[junit-platform-launcher-1.10.2.jar:1.10.2]
	at org.junit.platform.launcher.core.DelegatingLauncher.execute(DelegatingLauncher.java:47) ~[junit-platform-launcher-1.10.2.jar:1.10.2]
	at org.apache.maven.surefire.junitplatform.LazyLauncher.execute(LazyLauncher.java:56) ~[surefire-junit-platform-3.1.2.jar:3.1.2]
	at org.apache.maven.surefire.junitplatform.JUnitPlatformProvider.execute(JUnitPlatformProvider.java:184) ~[surefire-junit-platform-3.1.2.jar:3.1.2]
	at org.apache.maven.surefire.junitplatform.JUnitPlatformProvider.invokeAllTests(JUnitPlatformProvider.java:148) ~[surefire-junit-platform-3.1.2.jar:3.1.2]
	at org.apache.maven.surefire.junitplatform.JUnitPlatformProvider.invoke(JUnitPlatformProvider.java:122) ~[surefire-junit-platform-3.1.2.jar:3.1.2]
	at org.apache.maven.surefire.booter.ForkedBooter.runSuitesInProcess(ForkedBooter.java:385) ~[surefire-booter-3.1.2.jar:3.1.2]
	at org.apache.maven.surefire.booter.ForkedBooter.execute(ForkedBooter.java:162) ~[surefire-booter-3.1.2.jar:3.1.2]
	at org.apache.maven.surefire.booter.ForkedBooter.run(ForkedBooter.java:507) ~[surefire-booter-3.1.2.jar:3.1.2]
	at org.apache.maven.surefire.booter.ForkedBooter.main(ForkedBooter.java:495) ~[surefire-booter-3.1.2.jar:3.1.2]

2024-05-26T23:53:22.667+02:00 DEBUG 3612 --- [JWP-Winary] [           main] o.s.d.jpa.repository.query.NamedQuery    : Did not find named query Wine.findAllByCategoryId
2024-05-26T23:53:22.670+02:00 DEBUG 3612 --- [JWP-Winary] [           main] tor$SharedEntityManagerInvocationHandler : Creating new EntityManager for shared EntityManager invocation
2024-05-26T23:53:22.769+02:00 DEBUG 3612 --- [JWP-Winary] [           main] o.s.d.r.c.s.RepositoryFactorySupport     : Finished creation of repository instance for hr.winary.webshop.jwpwinary.repository.WineRepository.
2024-05-26T23:53:22.771+02:00 DEBUG 3612 --- [JWP-Winary] [           main] o.s.b.f.s.DefaultListableBeanFactory     : Creating shared instance of singleton bean 'userLoginService'
2024-05-26T23:53:22.773+02:00 DEBUG 3612 --- [JWP-Winary] [           main] o.s.b.f.s.DefaultListableBeanFactory     : Creating shared instance of singleton bean 'purchaseRepository'
2024-05-26T23:53:22.774+02:00 DEBUG 3612 --- [JWP-Winary] [           main] o.s.b.f.s.DefaultListableBeanFactory     : Creating shared instance of singleton bean 'jpa.named-queries#1'
2024-05-26T23:53:22.775+02:00 DEBUG 3612 --- [JWP-Winary] [           main] o.s.b.f.s.DefaultListableBeanFactory     : Creating shared instance of singleton bean 'jpa.PurchaseRepository.fragments#0'
2024-05-26T23:53:22.776+02:00 DEBUG 3612 --- [JWP-Winary] [           main] tor$SharedEntityManagerInvocationHandler : Creating new EntityManager for shared EntityManager invocation
2024-05-26T23:53:22.790+02:00 DEBUG 3612 --- [JWP-Winary] [           main] o.s.d.r.c.s.RepositoryFactorySupport     : Initializing repository instance for hr.winary.webshop.jwpwinary.repository.PurchaseRepository…
2024-05-26T23:53:22.790+02:00 DEBUG 3612 --- [JWP-Winary] [           main] tor$SharedEntityManagerInvocationHandler : Creating new EntityManager for shared EntityManager invocation
2024-05-26T23:53:22.793+02:00 DEBUG 3612 --- [JWP-Winary] [           main] o.s.d.jpa.repository.query.NamedQuery    : Looking up named query Purchase.findByUser
2024-05-26T23:53:22.793+02:00 DEBUG 3612 --- [JWP-Winary] [           main] cResourceLocalTransactionCoordinatorImpl : JDBC transaction marked for rollback-only (exception provided for stack trace)

java.lang.Exception: exception just for purpose of providing stack trace
	at org.hibernate.resource.transaction.backend.jdbc.internal.JdbcResourceLocalTransactionCoordinatorImpl$TransactionDriverControlImpl.markRollbackOnly(JdbcResourceLocalTransactionCoordinatorImpl.java:310) ~[hibernate-core-6.4.4.Final.jar:6.4.4.Final]
	at org.hibernate.internal.AbstractSharedSessionContract.buildNamedQuery(AbstractSharedSessionContract.java:1097) ~[hibernate-core-6.4.4.Final.jar:6.4.4.Final]
	at org.hibernate.internal.AbstractSharedSessionContract.createNamedQuery(AbstractSharedSessionContract.java:975) ~[hibernate-core-6.4.4.Final.jar:6.4.4.Final]
	at org.hibernate.internal.AbstractSharedSessionContract.createNamedQuery(AbstractSharedSessionContract.java:136) ~[hibernate-core-6.4.4.Final.jar:6.4.4.Final]
	at java.base/jdk.internal.reflect.DirectMethodHandleAccessor.invoke(DirectMethodHandleAccessor.java:103) ~[na:na]
	at java.base/java.lang.reflect.Method.invoke(Method.java:580) ~[na:na]
	at org.springframework.orm.jpa.ExtendedEntityManagerCreator$ExtendedEntityManagerInvocationHandler.invoke(ExtendedEntityManagerCreator.java:364) ~[spring-orm-6.1.6.jar:6.1.6]
	at jdk.proxy2/jdk.proxy2.$Proxy116.createNamedQuery(Unknown Source) ~[na:na]
	at org.springframework.data.jpa.repository.query.NamedQuery.hasNamedQuery(NamedQuery.java:113) ~[spring-data-jpa-3.2.5.jar:3.2.5]
	at org.springframework.data.jpa.repository.query.NamedQuery.lookupFrom(NamedQuery.java:141) ~[spring-data-jpa-3.2.5.jar:3.2.5]
	at org.springframework.data.jpa.repository.query.JpaQueryLookupStrategy$DeclaredQueryLookupStrategy.resolveQuery(JpaQueryLookupStrategy.java:180) ~[spring-data-jpa-3.2.5.jar:3.2.5]
	at org.springframework.data.jpa.repository.query.JpaQueryLookupStrategy$CreateIfNotFoundQueryLookupStrategy.resolveQuery(JpaQueryLookupStrategy.java:252) ~[spring-data-jpa-3.2.5.jar:3.2.5]
	at org.springframework.data.jpa.repository.query.JpaQueryLookupStrategy$AbstractQueryLookupStrategy.resolveQuery(JpaQueryLookupStrategy.java:95) ~[spring-data-jpa-3.2.5.jar:3.2.5]
	at org.springframework.data.repository.core.support.QueryExecutorMethodInterceptor.lookupQuery(QueryExecutorMethodInterceptor.java:111) ~[spring-data-commons-3.2.5.jar:3.2.5]
	at org.springframework.data.repository.core.support.QueryExecutorMethodInterceptor.mapMethodsToQuery(QueryExecutorMethodInterceptor.java:99) ~[spring-data-commons-3.2.5.jar:3.2.5]
	at org.springframework.data.repository.core.support.QueryExecutorMethodInterceptor.lambda$new$0(QueryExecutorMethodInterceptor.java:88) ~[spring-data-commons-3.2.5.jar:3.2.5]
	at java.base/java.util.Optional.map(Optional.java:260) ~[na:na]
	at org.springframework.data.repository.core.support.QueryExecutorMethodInterceptor.<init>(QueryExecutorMethodInterceptor.java:88) ~[spring-data-commons-3.2.5.jar:3.2.5]
	at org.springframework.data.repository.core.support.RepositoryFactorySupport.getRepository(RepositoryFactorySupport.java:357) ~[spring-data-commons-3.2.5.jar:3.2.5]
	at org.springframework.data.repository.core.support.RepositoryFactoryBeanSupport.lambda$afterPropertiesSet$5(RepositoryFactoryBeanSupport.java:279) ~[spring-data-commons-3.2.5.jar:3.2.5]
	at org.springframework.data.util.Lazy.getNullable(Lazy.java:135) ~[spring-data-commons-3.2.5.jar:3.2.5]
	at org.springframework.data.util.Lazy.get(Lazy.java:113) ~[spring-data-commons-3.2.5.jar:3.2.5]
	at org.springframework.data.repository.core.support.RepositoryFactoryBeanSupport.afterPropertiesSet(RepositoryFactoryBeanSupport.java:285) ~[spring-data-commons-3.2.5.jar:3.2.5]
	at org.springframework.data.jpa.repository.support.JpaRepositoryFactoryBean.afterPropertiesSet(JpaRepositoryFactoryBean.java:132) ~[spring-data-jpa-3.2.5.jar:3.2.5]
	at org.springframework.beans.factory.support.AbstractAutowireCapableBeanFactory.invokeInitMethods(AbstractAutowireCapableBeanFactory.java:1833) ~[spring-beans-6.1.6.jar:6.1.6]
	at org.springframework.beans.factory.support.AbstractAutowireCapableBeanFactory.initializeBean(AbstractAutowireCapableBeanFactory.java:1782) ~[spring-beans-6.1.6.jar:6.1.6]
	at org.springframework.beans.factory.support.AbstractAutowireCapableBeanFactory.doCreateBean(AbstractAutowireCapableBeanFactory.java:600) ~[spring-beans-6.1.6.jar:6.1.6]
	at org.springframework.beans.factory.support.AbstractAutowireCapableBeanFactory.createBean(AbstractAutowireCapableBeanFactory.java:522) ~[spring-beans-6.1.6.jar:6.1.6]
	at org.springframework.beans.factory.support.AbstractBeanFactory.lambda$doGetBean$0(AbstractBeanFactory.java:326) ~[spring-beans-6.1.6.jar:6.1.6]
	at org.springframework.beans.factory.support.DefaultSingletonBeanRegistry.getSingleton(DefaultSingletonBeanRegistry.java:234) ~[spring-beans-6.1.6.jar:6.1.6]
	at org.springframework.beans.factory.support.AbstractBeanFactory.doGetBean(AbstractBeanFactory.java:324) ~[spring-beans-6.1.6.jar:6.1.6]
	at org.springframework.beans.factory.support.AbstractBeanFactory.getBean(AbstractBeanFactory.java:200) ~[spring-beans-6.1.6.jar:6.1.6]
	at org.springframework.beans.factory.config.DependencyDescriptor.resolveCandidate(DependencyDescriptor.java:254) ~[spring-beans-6.1.6.jar:6.1.6]
	at org.springframework.beans.factory.support.DefaultListableBeanFactory.doResolveDependency(DefaultListableBeanFactory.java:1443) ~[spring-beans-6.1.6.jar:6.1.6]
	at org.springframework.beans.factory.support.DefaultListableBeanFactory.resolveDependency(DefaultListableBeanFactory.java:1353) ~[spring-beans-6.1.6.jar:6.1.6]
	at org.springframework.beans.factory.annotation.AutowiredAnnotationBeanPostProcessor$AutowiredFieldElement.resolveFieldValue(AutowiredAnnotationBeanPostProcessor.java:784) ~[spring-beans-6.1.6.jar:6.1.6]
	at org.springframework.beans.factory.annotation.AutowiredAnnotationBeanPostProcessor$AutowiredFieldElement.inject(AutowiredAnnotationBeanPostProcessor.java:767) ~[spring-beans-6.1.6.jar:6.1.6]
	at org.springframework.beans.factory.annotation.InjectionMetadata.inject(InjectionMetadata.java:145) ~[spring-beans-6.1.6.jar:6.1.6]
	at org.springframework.beans.factory.annotation.AutowiredAnnotationBeanPostProcessor.postProcessProperties(AutowiredAnnotationBeanPostProcessor.java:508) ~[spring-beans-6.1.6.jar:6.1.6]
	at org.springframework.beans.factory.support.AbstractAutowireCapableBeanFactory.populateBean(AbstractAutowireCapableBeanFactory.java:1419) ~[spring-beans-6.1.6.jar:6.1.6]
	at org.springframework.beans.factory.support.AbstractAutowireCapableBeanFactory.doCreateBean(AbstractAutowireCapableBeanFactory.java:599) ~[spring-beans-6.1.6.jar:6.1.6]
	at org.springframework.beans.factory.support.AbstractAutowireCapableBeanFactory.createBean(AbstractAutowireCapableBeanFactory.java:522) ~[spring-beans-6.1.6.jar:6.1.6]
	at org.springframework.beans.factory.support.AbstractBeanFactory.lambda$doGetBean$0(AbstractBeanFactory.java:326) ~[spring-beans-6.1.6.jar:6.1.6]
	at org.springframework.beans.factory.support.DefaultSingletonBeanRegistry.getSingleton(DefaultSingletonBeanRegistry.java:234) ~[spring-beans-6.1.6.jar:6.1.6]
	at org.springframework.beans.factory.support.AbstractBeanFactory.doGetBean(AbstractBeanFactory.java:324) ~[spring-beans-6.1.6.jar:6.1.6]
	at org.springframework.beans.factory.support.AbstractBeanFactory.getBean(AbstractBeanFactory.java:200) ~[spring-beans-6.1.6.jar:6.1.6]
	at org.springframework.beans.factory.support.DefaultListableBeanFactory.preInstantiateSingletons(DefaultListableBeanFactory.java:975) ~[spring-beans-6.1.6.jar:6.1.6]
	at org.springframework.context.support.AbstractApplicationContext.finishBeanFactoryInitialization(AbstractApplicationContext.java:962) ~[spring-context-6.1.6.jar:6.1.6]
	at org.springframework.context.support.AbstractApplicationContext.refresh(AbstractApplicationContext.java:624) ~[spring-context-6.1.6.jar:6.1.6]
	at org.springframework.boot.SpringApplication.refresh(SpringApplication.java:754) ~[spring-boot-3.2.5.jar:3.2.5]
	at org.springframework.boot.SpringApplication.refreshContext(SpringApplication.java:456) ~[spring-boot-3.2.5.jar:3.2.5]
	at org.springframework.boot.SpringApplication.run(SpringApplication.java:334) ~[spring-boot-3.2.5.jar:3.2.5]
	at org.springframework.boot.test.context.SpringBootContextLoader.lambda$loadContext$3(SpringBootContextLoader.java:137) ~[spring-boot-test-3.2.5.jar:3.2.5]
	at org.springframework.util.function.ThrowingSupplier.get(ThrowingSupplier.java:58) ~[spring-core-6.1.6.jar:6.1.6]
	at org.springframework.util.function.ThrowingSupplier.get(ThrowingSupplier.java:46) ~[spring-core-6.1.6.jar:6.1.6]
	at org.springframework.boot.SpringApplication.withHook(SpringApplication.java:1454) ~[spring-boot-3.2.5.jar:3.2.5]
	at org.springframework.boot.test.context.SpringBootContextLoader$ContextLoaderHook.run(SpringBootContextLoader.java:553) ~[spring-boot-test-3.2.5.jar:3.2.5]
	at org.springframework.boot.test.context.SpringBootContextLoader.loadContext(SpringBootContextLoader.java:137) ~[spring-boot-test-3.2.5.jar:3.2.5]
	at org.springframework.boot.test.context.SpringBootContextLoader.loadContext(SpringBootContextLoader.java:108) ~[spring-boot-test-3.2.5.jar:3.2.5]
	at org.springframework.test.context.cache.DefaultCacheAwareContextLoaderDelegate.loadContextInternal(DefaultCacheAwareContextLoaderDelegate.java:225) ~[spring-test-6.1.6.jar:6.1.6]
	at org.springframework.test.context.cache.DefaultCacheAwareContextLoaderDelegate.loadContext(DefaultCacheAwareContextLoaderDelegate.java:152) ~[spring-test-6.1.6.jar:6.1.6]
	at org.springframework.test.context.support.DefaultTestContext.getApplicationContext(DefaultTestContext.java:130) ~[spring-test-6.1.6.jar:6.1.6]
	at org.springframework.test.context.web.ServletTestExecutionListener.setUpRequestContextIfNecessary(ServletTestExecutionListener.java:191) ~[spring-test-6.1.6.jar:6.1.6]
	at org.springframework.test.context.web.ServletTestExecutionListener.prepareTestInstance(ServletTestExecutionListener.java:130) ~[spring-test-6.1.6.jar:6.1.6]
	at org.springframework.test.context.TestContextManager.prepareTestInstance(TestContextManager.java:260) ~[spring-test-6.1.6.jar:6.1.6]
	at org.springframework.test.context.junit.jupiter.SpringExtension.postProcessTestInstance(SpringExtension.java:163) ~[spring-test-6.1.6.jar:6.1.6]
	at org.junit.jupiter.engine.descriptor.ClassBasedTestDescriptor.lambda$invokeTestInstancePostProcessors$10(ClassBasedTestDescriptor.java:378) ~[junit-jupiter-engine-5.10.2.jar:5.10.2]
	at org.junit.jupiter.engine.descriptor.ClassBasedTestDescriptor.executeAndMaskThrowable(ClassBasedTestDescriptor.java:383) ~[junit-jupiter-engine-5.10.2.jar:5.10.2]
	at org.junit.jupiter.engine.descriptor.ClassBasedTestDescriptor.lambda$invokeTestInstancePostProcessors$11(ClassBasedTestDescriptor.java:378) ~[junit-jupiter-engine-5.10.2.jar:5.10.2]
	at java.base/java.util.stream.ReferencePipeline$3$1.accept(ReferencePipeline.java:197) ~[na:na]
	at java.base/java.util.stream.ReferencePipeline$2$1.accept(ReferencePipeline.java:179) ~[na:na]
	at java.base/java.util.ArrayList$ArrayListSpliterator.forEachRemaining(ArrayList.java:1708) ~[na:na]
	at java.base/java.util.stream.AbstractPipeline.copyInto(AbstractPipeline.java:509) ~[na:na]
	at java.base/java.util.stream.AbstractPipeline.wrapAndCopyInto(AbstractPipeline.java:499) ~[na:na]
	at java.base/java.util.stream.StreamSpliterators$WrappingSpliterator.forEachRemaining(StreamSpliterators.java:310) ~[na:na]
	at java.base/java.util.stream.Streams$ConcatSpliterator.forEachRemaining(Streams.java:735) ~[na:na]
	at java.base/java.util.stream.Streams$ConcatSpliterator.forEachRemaining(Streams.java:734) ~[na:na]
	at java.base/java.util.stream.ReferencePipeline$Head.forEach(ReferencePipeline.java:762) ~[na:na]
	at org.junit.jupiter.engine.descriptor.ClassBasedTestDescriptor.invokeTestInstancePostProcessors(ClassBasedTestDescriptor.java:377) ~[junit-jupiter-engine-5.10.2.jar:5.10.2]
	at org.junit.jupiter.engine.descriptor.ClassBasedTestDescriptor.lambda$instantiateAndPostProcessTestInstance$6(ClassBasedTestDescriptor.java:290) ~[junit-jupiter-engine-5.10.2.jar:5.10.2]
	at org.junit.platform.engine.support.hierarchical.ThrowableCollector.execute(ThrowableCollector.java:73) ~[junit-platform-engine-1.10.2.jar:1.10.2]
	at org.junit.jupiter.engine.descriptor.ClassBasedTestDescriptor.instantiateAndPostProcessTestInstance(ClassBasedTestDescriptor.java:289) ~[junit-jupiter-engine-5.10.2.jar:5.10.2]
	at org.junit.jupiter.engine.descriptor.ClassBasedTestDescriptor.lambda$testInstancesProvider$4(ClassBasedTestDescriptor.java:279) ~[junit-jupiter-engine-5.10.2.jar:5.10.2]
	at java.base/java.util.Optional.orElseGet(Optional.java:364) ~[na:na]
	at org.junit.jupiter.engine.descriptor.ClassBasedTestDescriptor.lambda$testInstancesProvider$5(ClassBasedTestDescriptor.java:278) ~[junit-jupiter-engine-5.10.2.jar:5.10.2]
	at org.junit.jupiter.engine.execution.TestInstancesProvider.getTestInstances(TestInstancesProvider.java:31) ~[junit-jupiter-engine-5.10.2.jar:5.10.2]
	at org.junit.jupiter.engine.descriptor.TestMethodTestDescriptor.lambda$prepare$0(TestMethodTestDescriptor.java:106) ~[junit-jupiter-engine-5.10.2.jar:5.10.2]
	at org.junit.platform.engine.support.hierarchical.ThrowableCollector.execute(ThrowableCollector.java:73) ~[junit-platform-engine-1.10.2.jar:1.10.2]
	at org.junit.jupiter.engine.descriptor.TestMethodTestDescriptor.prepare(TestMethodTestDescriptor.java:105) ~[junit-jupiter-engine-5.10.2.jar:5.10.2]
	at org.junit.jupiter.engine.descriptor.TestMethodTestDescriptor.prepare(TestMethodTestDescriptor.java:69) ~[junit-jupiter-engine-5.10.2.jar:5.10.2]
	at org.junit.platform.engine.support.hierarchical.NodeTestTask.lambda$prepare$2(NodeTestTask.java:123) ~[junit-platform-engine-1.10.2.jar:1.10.2]
	at org.junit.platform.engine.support.hierarchical.ThrowableCollector.execute(ThrowableCollector.java:73) ~[junit-platform-engine-1.10.2.jar:1.10.2]
	at org.junit.platform.engine.support.hierarchical.NodeTestTask.prepare(NodeTestTask.java:123) ~[junit-platform-engine-1.10.2.jar:1.10.2]
	at org.junit.platform.engine.support.hierarchical.NodeTestTask.execute(NodeTestTask.java:90) ~[junit-platform-engine-1.10.2.jar:1.10.2]
	at java.base/java.util.ArrayList.forEach(ArrayList.java:1596) ~[na:na]
	at org.junit.platform.engine.support.hierarchical.SameThreadHierarchicalTestExecutorService.invokeAll(SameThreadHierarchicalTestExecutorService.java:41) ~[junit-platform-engine-1.10.2.jar:1.10.2]
	at org.junit.platform.engine.support.hierarchical.NodeTestTask.lambda$executeRecursively$6(NodeTestTask.java:155) ~[junit-platform-engine-1.10.2.jar:1.10.2]
	at org.junit.platform.engine.support.hierarchical.ThrowableCollector.execute(ThrowableCollector.java:73) ~[junit-platform-engine-1.10.2.jar:1.10.2]
	at org.junit.platform.engine.support.hierarchical.NodeTestTask.lambda$executeRecursively$8(NodeTestTask.java:141) ~[junit-platform-engine-1.10.2.jar:1.10.2]
	at org.junit.platform.engine.support.hierarchical.Node.around(Node.java:137) ~[junit-platform-engine-1.10.2.jar:1.10.2]
	at org.junit.platform.engine.support.hierarchical.NodeTestTask.lambda$executeRecursively$9(NodeTestTask.java:139) ~[junit-platform-engine-1.10.2.jar:1.10.2]
	at org.junit.platform.engine.support.hierarchical.ThrowableCollector.execute(ThrowableCollector.java:73) ~[junit-platform-engine-1.10.2.jar:1.10.2]
	at org.junit.platform.engine.support.hierarchical.NodeTestTask.executeRecursively(NodeTestTask.java:138) ~[junit-platform-engine-1.10.2.jar:1.10.2]
	at org.junit.platform.engine.support.hierarchical.NodeTestTask.execute(NodeTestTask.java:95) ~[junit-platform-engine-1.10.2.jar:1.10.2]
	at java.base/java.util.ArrayList.forEach(ArrayList.java:1596) ~[na:na]
	at org.junit.platform.engine.support.hierarchical.SameThreadHierarchicalTestExecutorService.invokeAll(SameThreadHierarchicalTestExecutorService.java:41) ~[junit-platform-engine-1.10.2.jar:1.10.2]
	at org.junit.platform.engine.support.hierarchical.NodeTestTask.lambda$executeRecursively$6(NodeTestTask.java:155) ~[junit-platform-engine-1.10.2.jar:1.10.2]
	at org.junit.platform.engine.support.hierarchical.ThrowableCollector.execute(ThrowableCollector.java:73) ~[junit-platform-engine-1.10.2.jar:1.10.2]
	at org.junit.platform.engine.support.hierarchical.NodeTestTask.lambda$executeRecursively$8(NodeTestTask.java:141) ~[junit-platform-engine-1.10.2.jar:1.10.2]
	at org.junit.platform.engine.support.hierarchical.Node.around(Node.java:137) ~[junit-platform-engine-1.10.2.jar:1.10.2]
	at org.junit.platform.engine.support.hierarchical.NodeTestTask.lambda$executeRecursively$9(NodeTestTask.java:139) ~[junit-platform-engine-1.10.2.jar:1.10.2]
	at org.junit.platform.engine.support.hierarchical.ThrowableCollector.execute(ThrowableCollector.java:73) ~[junit-platform-engine-1.10.2.jar:1.10.2]
	at org.junit.platform.engine.support.hierarchical.NodeTestTask.executeRecursively(NodeTestTask.java:138) ~[junit-platform-engine-1.10.2.jar:1.10.2]
	at org.junit.platform.engine.support.hierarchical.NodeTestTask.execute(NodeTestTask.java:95) ~[junit-platform-engine-1.10.2.jar:1.10.2]
	at org.junit.platform.engine.support.hierarchical.SameThreadHierarchicalTestExecutorService.submit(SameThreadHierarchicalTestExecutorService.java:35) ~[junit-platform-engine-1.10.2.jar:1.10.2]
	at org.junit.platform.engine.support.hierarchical.HierarchicalTestExecutor.execute(HierarchicalTestExecutor.java:57) ~[junit-platform-engine-1.10.2.jar:1.10.2]
	at org.junit.platform.engine.support.hierarchical.HierarchicalTestEngine.execute(HierarchicalTestEngine.java:54) ~[junit-platform-engine-1.10.2.jar:1.10.2]
	at org.junit.platform.launcher.core.EngineExecutionOrchestrator.execute(EngineExecutionOrchestrator.java:198) ~[junit-platform-launcher-1.10.2.jar:1.10.2]
	at org.junit.platform.launcher.core.EngineExecutionOrchestrator.execute(EngineExecutionOrchestrator.java:169) ~[junit-platform-launcher-1.10.2.jar:1.10.2]
	at org.junit.platform.launcher.core.EngineExecutionOrchestrator.execute(EngineExecutionOrchestrator.java:93) ~[junit-platform-launcher-1.10.2.jar:1.10.2]
	at org.junit.platform.launcher.core.EngineExecutionOrchestrator.lambda$execute$0(EngineExecutionOrchestrator.java:58) ~[junit-platform-launcher-1.10.2.jar:1.10.2]
	at org.junit.platform.launcher.core.EngineExecutionOrchestrator.withInterceptedStreams(EngineExecutionOrchestrator.java:141) ~[junit-platform-launcher-1.10.2.jar:1.10.2]
	at org.junit.platform.launcher.core.EngineExecutionOrchestrator.execute(EngineExecutionOrchestrator.java:57) ~[junit-platform-launcher-1.10.2.jar:1.10.2]
	at org.junit.platform.launcher.core.DefaultLauncher.execute(DefaultLauncher.java:103) ~[junit-platform-launcher-1.10.2.jar:1.10.2]
	at org.junit.platform.launcher.core.DefaultLauncher.execute(DefaultLauncher.java:85) ~[junit-platform-launcher-1.10.2.jar:1.10.2]
	at org.junit.platform.launcher.core.DelegatingLauncher.execute(DelegatingLauncher.java:47) ~[junit-platform-launcher-1.10.2.jar:1.10.2]
	at org.apache.maven.surefire.junitplatform.LazyLauncher.execute(LazyLauncher.java:56) ~[surefire-junit-platform-3.1.2.jar:3.1.2]
	at org.apache.maven.surefire.junitplatform.JUnitPlatformProvider.execute(JUnitPlatformProvider.java:184) ~[surefire-junit-platform-3.1.2.jar:3.1.2]
	at org.apache.maven.surefire.junitplatform.JUnitPlatformProvider.invokeAllTests(JUnitPlatformProvider.java:148) ~[surefire-junit-platform-3.1.2.jar:3.1.2]
	at org.apache.maven.surefire.junitplatform.JUnitPlatformProvider.invoke(JUnitPlatformProvider.java:122) ~[surefire-junit-platform-3.1.2.jar:3.1.2]
	at org.apache.maven.surefire.booter.ForkedBooter.runSuitesInProcess(ForkedBooter.java:385) ~[surefire-booter-3.1.2.jar:3.1.2]
	at org.apache.maven.surefire.booter.ForkedBooter.execute(ForkedBooter.java:162) ~[surefire-booter-3.1.2.jar:3.1.2]
	at org.apache.maven.surefire.booter.ForkedBooter.run(ForkedBooter.java:507) ~[surefire-booter-3.1.2.jar:3.1.2]
	at org.apache.maven.surefire.booter.ForkedBooter.main(ForkedBooter.java:495) ~[surefire-booter-3.1.2.jar:3.1.2]

2024-05-26T23:53:22.794+02:00 DEBUG 3612 --- [JWP-Winary] [           main] o.s.d.jpa.repository.query.NamedQuery    : Did not find named query Purchase.findByUser
2024-05-26T23:53:22.795+02:00 DEBUG 3612 --- [JWP-Winary] [           main] tor$SharedEntityManagerInvocationHandler : Creating new EntityManager for shared EntityManager invocation
2024-05-26T23:53:22.800+02:00 DEBUG 3612 --- [JWP-Winary] [           main] o.s.d.r.c.s.RepositoryFactorySupport     : Finished creation of repository instance for hr.winary.webshop.jwpwinary.repository.PurchaseRepository.
2024-05-26T23:53:22.801+02:00 DEBUG 3612 --- [JWP-Winary] [           main] o.s.b.f.s.DefaultListableBeanFactory     : Creating shared instance of singleton bean 'cartController'
2024-05-26T23:53:22.803+02:00 DEBUG 3612 --- [JWP-Winary] [           main] o.s.b.f.s.DefaultListableBeanFactory     : Creating shared instance of singleton bean 'myUserDetailService'
2024-05-26T23:53:22.803+02:00 DEBUG 3612 --- [JWP-Winary] [           main] o.s.b.f.s.DefaultListableBeanFactory     : Creating shared instance of singleton bean 'userRepository'
2024-05-26T23:53:22.804+02:00 DEBUG 3612 --- [JWP-Winary] [           main] o.s.b.f.s.DefaultListableBeanFactory     : Creating shared instance of singleton bean 'jpa.named-queries#3'
2024-05-26T23:53:22.805+02:00 DEBUG 3612 --- [JWP-Winary] [           main] o.s.b.f.s.DefaultListableBeanFactory     : Creating shared instance of singleton bean 'jpa.UserRepository.fragments#0'
2024-05-26T23:53:22.805+02:00 DEBUG 3612 --- [JWP-Winary] [           main] tor$SharedEntityManagerInvocationHandler : Creating new EntityManager for shared EntityManager invocation
2024-05-26T23:53:22.806+02:00 DEBUG 3612 --- [JWP-Winary] [           main] o.s.d.r.c.s.RepositoryFactorySupport     : Initializing repository instance for hr.winary.webshop.jwpwinary.repository.UserRepository…
2024-05-26T23:53:22.806+02:00 DEBUG 3612 --- [JWP-Winary] [           main] tor$SharedEntityManagerInvocationHandler : Creating new EntityManager for shared EntityManager invocation
2024-05-26T23:53:22.808+02:00 DEBUG 3612 --- [JWP-Winary] [           main] o.s.d.jpa.repository.query.NamedQuery    : Looking up named query User.findByUsername
2024-05-26T23:53:22.808+02:00 DEBUG 3612 --- [JWP-Winary] [           main] cResourceLocalTransactionCoordinatorImpl : JDBC transaction marked for rollback-only (exception provided for stack trace)

java.lang.Exception: exception just for purpose of providing stack trace
	at org.hibernate.resource.transaction.backend.jdbc.internal.JdbcResourceLocalTransactionCoordinatorImpl$TransactionDriverControlImpl.markRollbackOnly(JdbcResourceLocalTransactionCoordinatorImpl.java:310) ~[hibernate-core-6.4.4.Final.jar:6.4.4.Final]
	at org.hibernate.internal.AbstractSharedSessionContract.buildNamedQuery(AbstractSharedSessionContract.java:1097) ~[hibernate-core-6.4.4.Final.jar:6.4.4.Final]
	at org.hibernate.internal.AbstractSharedSessionContract.createNamedQuery(AbstractSharedSessionContract.java:975) ~[hibernate-core-6.4.4.Final.jar:6.4.4.Final]
	at org.hibernate.internal.AbstractSharedSessionContract.createNamedQuery(AbstractSharedSessionContract.java:136) ~[hibernate-core-6.4.4.Final.jar:6.4.4.Final]
	at java.base/jdk.internal.reflect.DirectMethodHandleAccessor.invoke(DirectMethodHandleAccessor.java:103) ~[na:na]
	at java.base/java.lang.reflect.Method.invoke(Method.java:580) ~[na:na]
	at org.springframework.orm.jpa.ExtendedEntityManagerCreator$ExtendedEntityManagerInvocationHandler.invoke(ExtendedEntityManagerCreator.java:364) ~[spring-orm-6.1.6.jar:6.1.6]
	at jdk.proxy2/jdk.proxy2.$Proxy116.createNamedQuery(Unknown Source) ~[na:na]
	at org.springframework.data.jpa.repository.query.NamedQuery.hasNamedQuery(NamedQuery.java:113) ~[spring-data-jpa-3.2.5.jar:3.2.5]
	at org.springframework.data.jpa.repository.query.NamedQuery.lookupFrom(NamedQuery.java:141) ~[spring-data-jpa-3.2.5.jar:3.2.5]
	at org.springframework.data.jpa.repository.query.JpaQueryLookupStrategy$DeclaredQueryLookupStrategy.resolveQuery(JpaQueryLookupStrategy.java:180) ~[spring-data-jpa-3.2.5.jar:3.2.5]
	at org.springframework.data.jpa.repository.query.JpaQueryLookupStrategy$CreateIfNotFoundQueryLookupStrategy.resolveQuery(JpaQueryLookupStrategy.java:252) ~[spring-data-jpa-3.2.5.jar:3.2.5]
	at org.springframework.data.jpa.repository.query.JpaQueryLookupStrategy$AbstractQueryLookupStrategy.resolveQuery(JpaQueryLookupStrategy.java:95) ~[spring-data-jpa-3.2.5.jar:3.2.5]
	at org.springframework.data.repository.core.support.QueryExecutorMethodInterceptor.lookupQuery(QueryExecutorMethodInterceptor.java:111) ~[spring-data-commons-3.2.5.jar:3.2.5]
	at org.springframework.data.repository.core.support.QueryExecutorMethodInterceptor.mapMethodsToQuery(QueryExecutorMethodInterceptor.java:99) ~[spring-data-commons-3.2.5.jar:3.2.5]
	at org.springframework.data.repository.core.support.QueryExecutorMethodInterceptor.lambda$new$0(QueryExecutorMethodInterceptor.java:88) ~[spring-data-commons-3.2.5.jar:3.2.5]
	at java.base/java.util.Optional.map(Optional.java:260) ~[na:na]
	at org.springframework.data.repository.core.support.QueryExecutorMethodInterceptor.<init>(QueryExecutorMethodInterceptor.java:88) ~[spring-data-commons-3.2.5.jar:3.2.5]
	at org.springframework.data.repository.core.support.RepositoryFactorySupport.getRepository(RepositoryFactorySupport.java:357) ~[spring-data-commons-3.2.5.jar:3.2.5]
	at org.springframework.data.repository.core.support.RepositoryFactoryBeanSupport.lambda$afterPropertiesSet$5(RepositoryFactoryBeanSupport.java:279) ~[spring-data-commons-3.2.5.jar:3.2.5]
	at org.springframework.data.util.Lazy.getNullable(Lazy.java:135) ~[spring-data-commons-3.2.5.jar:3.2.5]
	at org.springframework.data.util.Lazy.get(Lazy.java:113) ~[spring-data-commons-3.2.5.jar:3.2.5]
	at org.springframework.data.repository.core.support.RepositoryFactoryBeanSupport.afterPropertiesSet(RepositoryFactoryBeanSupport.java:285) ~[spring-data-commons-3.2.5.jar:3.2.5]
	at org.springframework.data.jpa.repository.support.JpaRepositoryFactoryBean.afterPropertiesSet(JpaRepositoryFactoryBean.java:132) ~[spring-data-jpa-3.2.5.jar:3.2.5]
	at org.springframework.beans.factory.support.AbstractAutowireCapableBeanFactory.invokeInitMethods(AbstractAutowireCapableBeanFactory.java:1833) ~[spring-beans-6.1.6.jar:6.1.6]
	at org.springframework.beans.factory.support.AbstractAutowireCapableBeanFactory.initializeBean(AbstractAutowireCapableBeanFactory.java:1782) ~[spring-beans-6.1.6.jar:6.1.6]
	at org.springframework.beans.factory.support.AbstractAutowireCapableBeanFactory.doCreateBean(AbstractAutowireCapableBeanFactory.java:600) ~[spring-beans-6.1.6.jar:6.1.6]
	at org.springframework.beans.factory.support.AbstractAutowireCapableBeanFactory.createBean(AbstractAutowireCapableBeanFactory.java:522) ~[spring-beans-6.1.6.jar:6.1.6]
	at org.springframework.beans.factory.support.AbstractBeanFactory.lambda$doGetBean$0(AbstractBeanFactory.java:326) ~[spring-beans-6.1.6.jar:6.1.6]
	at org.springframework.beans.factory.support.DefaultSingletonBeanRegistry.getSingleton(DefaultSingletonBeanRegistry.java:234) ~[spring-beans-6.1.6.jar:6.1.6]
	at org.springframework.beans.factory.support.AbstractBeanFactory.doGetBean(AbstractBeanFactory.java:324) ~[spring-beans-6.1.6.jar:6.1.6]
	at org.springframework.beans.factory.support.AbstractBeanFactory.getBean(AbstractBeanFactory.java:200) ~[spring-beans-6.1.6.jar:6.1.6]
	at org.springframework.beans.factory.config.DependencyDescriptor.resolveCandidate(DependencyDescriptor.java:254) ~[spring-beans-6.1.6.jar:6.1.6]
	at org.springframework.beans.factory.support.DefaultListableBeanFactory.doResolveDependency(DefaultListableBeanFactory.java:1443) ~[spring-beans-6.1.6.jar:6.1.6]
	at org.springframework.beans.factory.support.DefaultListableBeanFactory.resolveDependency(DefaultListableBeanFactory.java:1353) ~[spring-beans-6.1.6.jar:6.1.6]
	at org.springframework.beans.factory.support.ConstructorResolver.resolveAutowiredArgument(ConstructorResolver.java:904) ~[spring-beans-6.1.6.jar:6.1.6]
	at org.springframework.beans.factory.support.ConstructorResolver.createArgumentArray(ConstructorResolver.java:782) ~[spring-beans-6.1.6.jar:6.1.6]
	at org.springframework.beans.factory.support.ConstructorResolver.autowireConstructor(ConstructorResolver.java:237) ~[spring-beans-6.1.6.jar:6.1.6]
	at org.springframework.beans.factory.support.AbstractAutowireCapableBeanFactory.autowireConstructor(AbstractAutowireCapableBeanFactory.java:1355) ~[spring-beans-6.1.6.jar:6.1.6]
	at org.springframework.beans.factory.support.AbstractAutowireCapableBeanFactory.createBeanInstance(AbstractAutowireCapableBeanFactory.java:1192) ~[spring-beans-6.1.6.jar:6.1.6]
	at org.springframework.beans.factory.support.AbstractAutowireCapableBeanFactory.doCreateBean(AbstractAutowireCapableBeanFactory.java:562) ~[spring-beans-6.1.6.jar:6.1.6]
	at org.springframework.beans.factory.support.AbstractAutowireCapableBeanFactory.createBean(AbstractAutowireCapableBeanFactory.java:522) ~[spring-beans-6.1.6.jar:6.1.6]
	at org.springframework.beans.factory.support.AbstractBeanFactory.lambda$doGetBean$0(AbstractBeanFactory.java:326) ~[spring-beans-6.1.6.jar:6.1.6]
	at org.springframework.beans.factory.support.DefaultSingletonBeanRegistry.getSingleton(DefaultSingletonBeanRegistry.java:234) ~[spring-beans-6.1.6.jar:6.1.6]
	at org.springframework.beans.factory.support.AbstractBeanFactory.doGetBean(AbstractBeanFactory.java:324) ~[spring-beans-6.1.6.jar:6.1.6]
	at org.springframework.beans.factory.support.AbstractBeanFactory.getBean(AbstractBeanFactory.java:200) ~[spring-beans-6.1.6.jar:6.1.6]
	at org.springframework.beans.factory.config.DependencyDescriptor.resolveCandidate(DependencyDescriptor.java:254) ~[spring-beans-6.1.6.jar:6.1.6]
	at org.springframework.beans.factory.support.DefaultListableBeanFactory.doResolveDependency(DefaultListableBeanFactory.java:1443) ~[spring-beans-6.1.6.jar:6.1.6]
	at org.springframework.beans.factory.support.DefaultListableBeanFactory.resolveDependency(DefaultListableBeanFactory.java:1353) ~[spring-beans-6.1.6.jar:6.1.6]
	at org.springframework.beans.factory.annotation.AutowiredAnnotationBeanPostProcessor$AutowiredFieldElement.resolveFieldValue(AutowiredAnnotationBeanPostProcessor.java:784) ~[spring-beans-6.1.6.jar:6.1.6]
	at org.springframework.beans.factory.annotation.AutowiredAnnotationBeanPostProcessor$AutowiredFieldElement.inject(AutowiredAnnotationBeanPostProcessor.java:767) ~[spring-beans-6.1.6.jar:6.1.6]
	at org.springframework.beans.factory.annotation.InjectionMetadata.inject(InjectionMetadata.java:145) ~[spring-beans-6.1.6.jar:6.1.6]
	at org.springframework.beans.factory.annotation.AutowiredAnnotationBeanPostProcessor.postProcessProperties(AutowiredAnnotationBeanPostProcessor.java:508) ~[spring-beans-6.1.6.jar:6.1.6]
	at org.springframework.beans.factory.support.AbstractAutowireCapableBeanFactory.populateBean(AbstractAutowireCapableBeanFactory.java:1419) ~[spring-beans-6.1.6.jar:6.1.6]
	at org.springframework.beans.factory.support.AbstractAutowireCapableBeanFactory.doCreateBean(AbstractAutowireCapableBeanFactory.java:599) ~[spring-beans-6.1.6.jar:6.1.6]
	at org.springframework.beans.factory.support.AbstractAutowireCapableBeanFactory.createBean(AbstractAutowireCapableBeanFactory.java:522) ~[spring-beans-6.1.6.jar:6.1.6]
	at org.springframework.beans.factory.support.AbstractBeanFactory.lambda$doGetBean$0(AbstractBeanFactory.java:326) ~[spring-beans-6.1.6.jar:6.1.6]
	at org.springframework.beans.factory.support.DefaultSingletonBeanRegistry.getSingleton(DefaultSingletonBeanRegistry.java:234) ~[spring-beans-6.1.6.jar:6.1.6]
	at org.springframework.beans.factory.support.AbstractBeanFactory.doGetBean(AbstractBeanFactory.java:324) ~[spring-beans-6.1.6.jar:6.1.6]
	at org.springframework.beans.factory.support.AbstractBeanFactory.getBean(AbstractBeanFactory.java:200) ~[spring-beans-6.1.6.jar:6.1.6]
	at org.springframework.beans.factory.support.DefaultListableBeanFactory.preInstantiateSingletons(DefaultListableBeanFactory.java:975) ~[spring-beans-6.1.6.jar:6.1.6]
	at org.springframework.context.support.AbstractApplicationContext.finishBeanFactoryInitialization(AbstractApplicationContext.java:962) ~[spring-context-6.1.6.jar:6.1.6]
	at org.springframework.context.support.AbstractApplicationContext.refresh(AbstractApplicationContext.java:624) ~[spring-context-6.1.6.jar:6.1.6]
	at org.springframework.boot.SpringApplication.refresh(SpringApplication.java:754) ~[spring-boot-3.2.5.jar:3.2.5]
	at org.springframework.boot.SpringApplication.refreshContext(SpringApplication.java:456) ~[spring-boot-3.2.5.jar:3.2.5]
	at org.springframework.boot.SpringApplication.run(SpringApplication.java:334) ~[spring-boot-3.2.5.jar:3.2.5]
	at org.springframework.boot.test.context.SpringBootContextLoader.lambda$loadContext$3(SpringBootContextLoader.java:137) ~[spring-boot-test-3.2.5.jar:3.2.5]
	at org.springframework.util.function.ThrowingSupplier.get(ThrowingSupplier.java:58) ~[spring-core-6.1.6.jar:6.1.6]
	at org.springframework.util.function.ThrowingSupplier.get(ThrowingSupplier.java:46) ~[spring-core-6.1.6.jar:6.1.6]
	at org.springframework.boot.SpringApplication.withHook(SpringApplication.java:1454) ~[spring-boot-3.2.5.jar:3.2.5]
	at org.springframework.boot.test.context.SpringBootContextLoader$ContextLoaderHook.run(SpringBootContextLoader.java:553) ~[spring-boot-test-3.2.5.jar:3.2.5]
	at org.springframework.boot.test.context.SpringBootContextLoader.loadContext(SpringBootContextLoader.java:137) ~[spring-boot-test-3.2.5.jar:3.2.5]
	at org.springframework.boot.test.context.SpringBootContextLoader.loadContext(SpringBootContextLoader.java:108) ~[spring-boot-test-3.2.5.jar:3.2.5]
	at org.springframework.test.context.cache.DefaultCacheAwareContextLoaderDelegate.loadContextInternal(DefaultCacheAwareContextLoaderDelegate.java:225) ~[spring-test-6.1.6.jar:6.1.6]
	at org.springframework.test.context.cache.DefaultCacheAwareContextLoaderDelegate.loadContext(DefaultCacheAwareContextLoaderDelegate.java:152) ~[spring-test-6.1.6.jar:6.1.6]
	at org.springframework.test.context.support.DefaultTestContext.getApplicationContext(DefaultTestContext.java:130) ~[spring-test-6.1.6.jar:6.1.6]
	at org.springframework.test.context.web.ServletTestExecutionListener.setUpRequestContextIfNecessary(ServletTestExecutionListener.java:191) ~[spring-test-6.1.6.jar:6.1.6]
	at org.springframework.test.context.web.ServletTestExecutionListener.prepareTestInstance(ServletTestExecutionListener.java:130) ~[spring-test-6.1.6.jar:6.1.6]
	at org.springframework.test.context.TestContextManager.prepareTestInstance(TestContextManager.java:260) ~[spring-test-6.1.6.jar:6.1.6]
	at org.springframework.test.context.junit.jupiter.SpringExtension.postProcessTestInstance(SpringExtension.java:163) ~[spring-test-6.1.6.jar:6.1.6]
	at org.junit.jupiter.engine.descriptor.ClassBasedTestDescriptor.lambda$invokeTestInstancePostProcessors$10(ClassBasedTestDescriptor.java:378) ~[junit-jupiter-engine-5.10.2.jar:5.10.2]
	at org.junit.jupiter.engine.descriptor.ClassBasedTestDescriptor.executeAndMaskThrowable(ClassBasedTestDescriptor.java:383) ~[junit-jupiter-engine-5.10.2.jar:5.10.2]
	at org.junit.jupiter.engine.descriptor.ClassBasedTestDescriptor.lambda$invokeTestInstancePostProcessors$11(ClassBasedTestDescriptor.java:378) ~[junit-jupiter-engine-5.10.2.jar:5.10.2]
	at java.base/java.util.stream.ReferencePipeline$3$1.accept(ReferencePipeline.java:197) ~[na:na]
	at java.base/java.util.stream.ReferencePipeline$2$1.accept(ReferencePipeline.java:179) ~[na:na]
	at java.base/java.util.ArrayList$ArrayListSpliterator.forEachRemaining(ArrayList.java:1708) ~[na:na]
	at java.base/java.util.stream.AbstractPipeline.copyInto(AbstractPipeline.java:509) ~[na:na]
	at java.base/java.util.stream.AbstractPipeline.wrapAndCopyInto(AbstractPipeline.java:499) ~[na:na]
	at java.base/java.util.stream.StreamSpliterators$WrappingSpliterator.forEachRemaining(StreamSpliterators.java:310) ~[na:na]
	at java.base/java.util.stream.Streams$ConcatSpliterator.forEachRemaining(Streams.java:735) ~[na:na]
	at java.base/java.util.stream.Streams$ConcatSpliterator.forEachRemaining(Streams.java:734) ~[na:na]
	at java.base/java.util.stream.ReferencePipeline$Head.forEach(ReferencePipeline.java:762) ~[na:na]
	at org.junit.jupiter.engine.descriptor.ClassBasedTestDescriptor.invokeTestInstancePostProcessors(ClassBasedTestDescriptor.java:377) ~[junit-jupiter-engine-5.10.2.jar:5.10.2]
	at org.junit.jupiter.engine.descriptor.ClassBasedTestDescriptor.lambda$instantiateAndPostProcessTestInstance$6(ClassBasedTestDescriptor.java:290) ~[junit-jupiter-engine-5.10.2.jar:5.10.2]
	at org.junit.platform.engine.support.hierarchical.ThrowableCollector.execute(ThrowableCollector.java:73) ~[junit-platform-engine-1.10.2.jar:1.10.2]
	at org.junit.jupiter.engine.descriptor.ClassBasedTestDescriptor.instantiateAndPostProcessTestInstance(ClassBasedTestDescriptor.java:289) ~[junit-jupiter-engine-5.10.2.jar:5.10.2]
	at org.junit.jupiter.engine.descriptor.ClassBasedTestDescriptor.lambda$testInstancesProvider$4(ClassBasedTestDescriptor.java:279) ~[junit-jupiter-engine-5.10.2.jar:5.10.2]
	at java.base/java.util.Optional.orElseGet(Optional.java:364) ~[na:na]
	at org.junit.jupiter.engine.descriptor.ClassBasedTestDescriptor.lambda$testInstancesProvider$5(ClassBasedTestDescriptor.java:278) ~[junit-jupiter-engine-5.10.2.jar:5.10.2]
	at org.junit.jupiter.engine.execution.TestInstancesProvider.getTestInstances(TestInstancesProvider.java:31) ~[junit-jupiter-engine-5.10.2.jar:5.10.2]
	at org.junit.jupiter.engine.descriptor.TestMethodTestDescriptor.lambda$prepare$0(TestMethodTestDescriptor.java:106) ~[junit-jupiter-engine-5.10.2.jar:5.10.2]
	at org.junit.platform.engine.support.hierarchical.ThrowableCollector.execute(ThrowableCollector.java:73) ~[junit-platform-engine-1.10.2.jar:1.10.2]
	at org.junit.jupiter.engine.descriptor.TestMethodTestDescriptor.prepare(TestMethodTestDescriptor.java:105) ~[junit-jupiter-engine-5.10.2.jar:5.10.2]
	at org.junit.jupiter.engine.descriptor.TestMethodTestDescriptor.prepare(TestMethodTestDescriptor.java:69) ~[junit-jupiter-engine-5.10.2.jar:5.10.2]
	at org.junit.platform.engine.support.hierarchical.NodeTestTask.lambda$prepare$2(NodeTestTask.java:123) ~[junit-platform-engine-1.10.2.jar:1.10.2]
	at org.junit.platform.engine.support.hierarchical.ThrowableCollector.execute(ThrowableCollector.java:73) ~[junit-platform-engine-1.10.2.jar:1.10.2]
	at org.junit.platform.engine.support.hierarchical.NodeTestTask.prepare(NodeTestTask.java:123) ~[junit-platform-engine-1.10.2.jar:1.10.2]
	at org.junit.platform.engine.support.hierarchical.NodeTestTask.execute(NodeTestTask.java:90) ~[junit-platform-engine-1.10.2.jar:1.10.2]
	at java.base/java.util.ArrayList.forEach(ArrayList.java:1596) ~[na:na]
	at org.junit.platform.engine.support.hierarchical.SameThreadHierarchicalTestExecutorService.invokeAll(SameThreadHierarchicalTestExecutorService.java:41) ~[junit-platform-engine-1.10.2.jar:1.10.2]
	at org.junit.platform.engine.support.hierarchical.NodeTestTask.lambda$executeRecursively$6(NodeTestTask.java:155) ~[junit-platform-engine-1.10.2.jar:1.10.2]
	at org.junit.platform.engine.support.hierarchical.ThrowableCollector.execute(ThrowableCollector.java:73) ~[junit-platform-engine-1.10.2.jar:1.10.2]
	at org.junit.platform.engine.support.hierarchical.NodeTestTask.lambda$executeRecursively$8(NodeTestTask.java:141) ~[junit-platform-engine-1.10.2.jar:1.10.2]
	at org.junit.platform.engine.support.hierarchical.Node.around(Node.java:137) ~[junit-platform-engine-1.10.2.jar:1.10.2]
	at org.junit.platform.engine.support.hierarchical.NodeTestTask.lambda$executeRecursively$9(NodeTestTask.java:139) ~[junit-platform-engine-1.10.2.jar:1.10.2]
	at org.junit.platform.engine.support.hierarchical.ThrowableCollector.execute(ThrowableCollector.java:73) ~[junit-platform-engine-1.10.2.jar:1.10.2]
	at org.junit.platform.engine.support.hierarchical.NodeTestTask.executeRecursively(NodeTestTask.java:138) ~[junit-platform-engine-1.10.2.jar:1.10.2]
	at org.junit.platform.engine.support.hierarchical.NodeTestTask.execute(NodeTestTask.java:95) ~[junit-platform-engine-1.10.2.jar:1.10.2]
	at java.base/java.util.ArrayList.forEach(ArrayList.java:1596) ~[na:na]
	at org.junit.platform.engine.support.hierarchical.SameThreadHierarchicalTestExecutorService.invokeAll(SameThreadHierarchicalTestExecutorService.java:41) ~[junit-platform-engine-1.10.2.jar:1.10.2]
	at org.junit.platform.engine.support.hierarchical.NodeTestTask.lambda$executeRecursively$6(NodeTestTask.java:155) ~[junit-platform-engine-1.10.2.jar:1.10.2]
	at org.junit.platform.engine.support.hierarchical.ThrowableCollector.execute(ThrowableCollector.java:73) ~[junit-platform-engine-1.10.2.jar:1.10.2]
	at org.junit.platform.engine.support.hierarchical.NodeTestTask.lambda$executeRecursively$8(NodeTestTask.java:141) ~[junit-platform-engine-1.10.2.jar:1.10.2]
	at org.junit.platform.engine.support.hierarchical.Node.around(Node.java:137) ~[junit-platform-engine-1.10.2.jar:1.10.2]
	at org.junit.platform.engine.support.hierarchical.NodeTestTask.lambda$executeRecursively$9(NodeTestTask.java:139) ~[junit-platform-engine-1.10.2.jar:1.10.2]
	at org.junit.platform.engine.support.hierarchical.ThrowableCollector.execute(ThrowableCollector.java:73) ~[junit-platform-engine-1.10.2.jar:1.10.2]
	at org.junit.platform.engine.support.hierarchical.NodeTestTask.executeRecursively(NodeTestTask.java:138) ~[junit-platform-engine-1.10.2.jar:1.10.2]
	at org.junit.platform.engine.support.hierarchical.NodeTestTask.execute(NodeTestTask.java:95) ~[junit-platform-engine-1.10.2.jar:1.10.2]
	at org.junit.platform.engine.support.hierarchical.SameThreadHierarchicalTestExecutorService.submit(SameThreadHierarchicalTestExecutorService.java:35) ~[junit-platform-engine-1.10.2.jar:1.10.2]
	at org.junit.platform.engine.support.hierarchical.HierarchicalTestExecutor.execute(HierarchicalTestExecutor.java:57) ~[junit-platform-engine-1.10.2.jar:1.10.2]
	at org.junit.platform.engine.support.hierarchical.HierarchicalTestEngine.execute(HierarchicalTestEngine.java:54) ~[junit-platform-engine-1.10.2.jar:1.10.2]
	at org.junit.platform.launcher.core.EngineExecutionOrchestrator.execute(EngineExecutionOrchestrator.java:198) ~[junit-platform-launcher-1.10.2.jar:1.10.2]
	at org.junit.platform.launcher.core.EngineExecutionOrchestrator.execute(EngineExecutionOrchestrator.java:169) ~[junit-platform-launcher-1.10.2.jar:1.10.2]
	at org.junit.platform.launcher.core.EngineExecutionOrchestrator.execute(EngineExecutionOrchestrator.java:93) ~[junit-platform-launcher-1.10.2.jar:1.10.2]
	at org.junit.platform.launcher.core.EngineExecutionOrchestrator.lambda$execute$0(EngineExecutionOrchestrator.java:58) ~[junit-platform-launcher-1.10.2.jar:1.10.2]
	at org.junit.platform.launcher.core.EngineExecutionOrchestrator.withInterceptedStreams(EngineExecutionOrchestrator.java:141) ~[junit-platform-launcher-1.10.2.jar:1.10.2]
	at org.junit.platform.launcher.core.EngineExecutionOrchestrator.execute(EngineExecutionOrchestrator.java:57) ~[junit-platform-launcher-1.10.2.jar:1.10.2]
	at org.junit.platform.launcher.core.DefaultLauncher.execute(DefaultLauncher.java:103) ~[junit-platform-launcher-1.10.2.jar:1.10.2]
	at org.junit.platform.launcher.core.DefaultLauncher.execute(DefaultLauncher.java:85) ~[junit-platform-launcher-1.10.2.jar:1.10.2]
	at org.junit.platform.launcher.core.DelegatingLauncher.execute(DelegatingLauncher.java:47) ~[junit-platform-launcher-1.10.2.jar:1.10.2]
	at org.apache.maven.surefire.junitplatform.LazyLauncher.execute(LazyLauncher.java:56) ~[surefire-junit-platform-3.1.2.jar:3.1.2]
	at org.apache.maven.surefire.junitplatform.JUnitPlatformProvider.execute(JUnitPlatformProvider.java:184) ~[surefire-junit-platform-3.1.2.jar:3.1.2]
	at org.apache.maven.surefire.junitplatform.JUnitPlatformProvider.invokeAllTests(JUnitPlatformProvider.java:148) ~[surefire-junit-platform-3.1.2.jar:3.1.2]
	at org.apache.maven.surefire.junitplatform.JUnitPlatformProvider.invoke(JUnitPlatformProvider.java:122) ~[surefire-junit-platform-3.1.2.jar:3.1.2]
	at org.apache.maven.surefire.booter.ForkedBooter.runSuitesInProcess(ForkedBooter.java:385) ~[surefire-booter-3.1.2.jar:3.1.2]
	at org.apache.maven.surefire.booter.ForkedBooter.execute(ForkedBooter.java:162) ~[surefire-booter-3.1.2.jar:3.1.2]
	at org.apache.maven.surefire.booter.ForkedBooter.run(ForkedBooter.java:507) ~[surefire-booter-3.1.2.jar:3.1.2]
	at org.apache.maven.surefire.booter.ForkedBooter.main(ForkedBooter.java:495) ~[surefire-booter-3.1.2.jar:3.1.2]

2024-05-26T23:53:22.809+02:00 DEBUG 3612 --- [JWP-Winary] [           main] o.s.d.jpa.repository.query.NamedQuery    : Did not find named query User.findByUsername
2024-05-26T23:53:22.809+02:00 DEBUG 3612 --- [JWP-Winary] [           main] tor$SharedEntityManagerInvocationHandler : Creating new EntityManager for shared EntityManager invocation
2024-05-26T23:53:22.814+02:00 DEBUG 3612 --- [JWP-Winary] [           main] o.s.d.r.c.s.RepositoryFactorySupport     : Finished creation of repository instance for hr.winary.webshop.jwpwinary.repository.UserRepository.
2024-05-26T23:53:22.814+02:00 DEBUG 3612 --- [JWP-Winary] [           main] o.s.b.f.s.DefaultListableBeanFactory     : Autowiring by type from bean name 'myUserDetailService' via constructor to bean named 'userRepository'
2024-05-26T23:53:22.815+02:00 DEBUG 3612 --- [JWP-Winary] [           main] o.s.b.f.s.DefaultListableBeanFactory     : Creating shared instance of singleton bean 'errorController'
2024-05-26T23:53:22.816+02:00 DEBUG 3612 --- [JWP-Winary] [           main] o.s.b.f.s.DefaultListableBeanFactory     : Creating shared instance of singleton bean 'homeController'
2024-05-26T23:53:22.817+02:00 DEBUG 3612 --- [JWP-Winary] [           main] o.s.b.f.s.DefaultListableBeanFactory     : Creating shared instance of singleton bean 'paymentController'
2024-05-26T23:53:22.820+02:00 DEBUG 3612 --- [JWP-Winary] [           main] o.s.b.f.s.DefaultListableBeanFactory     : Creating shared instance of singleton bean 'paypalService'
2024-05-26T23:53:22.823+02:00 DEBUG 3612 --- [JWP-Winary] [           main] o.s.b.f.s.DefaultListableBeanFactory     : Creating shared instance of singleton bean 'apiContext'
2024-05-26T23:53:22.829+02:00 DEBUG 3612 --- [JWP-Winary] [           main] com.paypal.base.ConfigManager            : sdk_config.properties not present. Skipping...
2024-05-26T23:53:22.831+02:00 DEBUG 3612 --- [JWP-Winary] [           main] o.s.b.f.s.DefaultListableBeanFactory     : Autowiring by type from bean name 'paypalService' via constructor to bean named 'apiContext'
2024-05-26T23:53:22.831+02:00 DEBUG 3612 --- [JWP-Winary] [           main] o.s.b.f.s.DefaultListableBeanFactory     : Autowiring by type from bean name 'paymentController' via constructor to bean named 'paypalService'
2024-05-26T23:53:22.832+02:00 DEBUG 3612 --- [JWP-Winary] [           main] o.s.b.f.s.DefaultListableBeanFactory     : Creating shared instance of singleton bean 'httpMethodeFilter'
2024-05-26T23:53:22.833+02:00 DEBUG 3612 --- [JWP-Winary] [           main] o.s.b.f.s.DefaultListableBeanFactory     : Creating shared instance of singleton bean 'globalData'
2024-05-26T23:53:22.834+02:00 DEBUG 3612 --- [JWP-Winary] [           main] o.s.b.f.s.DefaultListableBeanFactory     : Creating shared instance of singleton bean 'httpSessionListener'
2024-05-26T23:53:22.834+02:00 DEBUG 3612 --- [JWP-Winary] [           main] o.s.b.f.s.DefaultListableBeanFactory     : Creating shared instance of singleton bean 'getPaypalClient'
2024-05-26T23:53:22.835+02:00 DEBUG 3612 --- [JWP-Winary] [           main] ySourcesPropertyResolver$DefaultResolver : Found key 'paypal.clientId' in PropertySource 'Config resource 'class path resource [application.properties]' via location 'optional:classpath:/'' with value of type String
2024-05-26T23:53:22.835+02:00 DEBUG 3612 --- [JWP-Winary] [           main] o.s.c.e.PropertySourcesPropertyResolver  : Found key 'paypal.clientId' in PropertySource 'environmentProperties' with value of type String
2024-05-26T23:53:22.835+02:00 DEBUG 3612 --- [JWP-Winary] [           main] ySourcesPropertyResolver$DefaultResolver : Found key 'paypal.clientSecret' in PropertySource 'Config resource 'class path resource [application.properties]' via location 'optional:classpath:/'' with value of type String
2024-05-26T23:53:22.835+02:00 DEBUG 3612 --- [JWP-Winary] [           main] o.s.c.e.PropertySourcesPropertyResolver  : Found key 'paypal.clientSecret' in PropertySource 'environmentProperties' with value of type String
2024-05-26T23:53:22.905+02:00 DEBUG 3612 --- [JWP-Winary] [           main] jdk.event.security                       : X509Certificate: Alg:SHA256withRSA, Serial:570a119742c4e3cc, Subject:CN=Actalis Authentication Root CA, O=Actalis S.p.A./03358520967, L=Milan, C=IT, Issuer:CN=Actalis Authentication Root CA, O=Actalis S.p.A./03358520967, L=Milan, C=IT, Key type:RSA, Length:4096, Cert Id:1729119956, Valid from:22. 09. 2011. 13:22, Valid until:22. 09. 2030. 13:22
2024-05-26T23:53:22.908+02:00 DEBUG 3612 --- [JWP-Winary] [           main] jdk.event.security                       : X509Certificate: Alg:SHA1withRSA, Serial:1, Subject:CN=AddTrust External CA Root, OU=AddTrust External TTP Network, O=AddTrust AB, C=SE, Issuer:CN=AddTrust External CA Root, OU=AddTrust External TTP Network, O=AddTrust AB, C=SE, Key type:RSA, Length:2048, Cert Id:3968614624, Valid from:30. 05. 2000. 12:48, Valid until:30. 05. 2020. 12:48
2024-05-26T23:53:22.909+02:00 DEBUG 3612 --- [JWP-Winary] [           main] jdk.event.security                       : X509Certificate: Alg:SHA1withRSA, Serial:1, Subject:CN=AddTrust Qualified CA Root, OU=AddTrust TTP Network, O=AddTrust AB, C=SE, Issuer:CN=AddTrust Qualified CA Root, OU=AddTrust TTP Network, O=AddTrust AB, C=SE, Key type:RSA, Length:2048, Cert Id:607365522, Valid from:30. 05. 2000. 12:44, Valid until:30. 05. 2020. 12:44
2024-05-26T23:53:22.910+02:00 DEBUG 3612 --- [JWP-Winary] [           main] jdk.event.security                       : X509Certificate: Alg:SHA256withRSA, Serial:7777062726a9b17c, Subject:CN=AffirmTrust Commercial, O=AffirmTrust, C=US, Issuer:CN=AffirmTrust Commercial, O=AffirmTrust, C=US, Key type:RSA, Length:2048, Cert Id:630485644, Valid from:29. 01. 2010. 15:06, Valid until:31. 12. 2030. 15:06
2024-05-26T23:53:22.911+02:00 DEBUG 3612 --- [JWP-Winary] [           main] jdk.event.security                       : X509Certificate: Alg:SHA1withRSA, Serial:7c4f04391cd4992d, Subject:CN=AffirmTrust Networking, O=AffirmTrust, C=US, Issuer:CN=AffirmTrust Networking, O=AffirmTrust, C=US, Key type:RSA, Length:2048, Cert Id:651670175, Valid from:29. 01. 2010. 15:08, Valid until:31. 12. 2030. 15:08
2024-05-26T23:53:22.913+02:00 DEBUG 3612 --- [JWP-Winary] [           main] jdk.event.security                       : X509Certificate: Alg:SHA384withRSA, Serial:6d8c1446b1a60aee, Subject:CN=AffirmTrust Premium, O=AffirmTrust, C=US, Issuer:CN=AffirmTrust Premium, O=AffirmTrust, C=US, Key type:RSA, Length:4096, Cert Id:2164683341, Valid from:29. 01. 2010. 15:10, Valid until:31. 12. 2040. 15:10
2024-05-26T23:53:22.915+02:00 DEBUG 3612 --- [JWP-Winary] [           main] jdk.event.security                       : X509Certificate: Alg:SHA384withECDSA, Serial:7497258ac73f7a54, Subject:CN=AffirmTrust Premium ECC, O=AffirmTrust, C=US, Issuer:CN=AffirmTrust Premium ECC, O=AffirmTrust, C=US, Key type:EC, Length:384, Cert Id:2214603510, Valid from:29. 01. 2010. 15:20, Valid until:31. 12. 2040. 15:20
2024-05-26T23:53:22.918+02:00 DEBUG 3612 --- [JWP-Winary] [           main] jdk.event.security                       : X509Certificate: Alg:SHA256withRSA, Serial:66c9fcf99bf8c0a39e2f0788a43e696365bca, Subject:CN=Amazon Root CA 1, O=Amazon, C=US, Issuer:CN=Amazon Root CA 1, O=Amazon, C=US, Key type:RSA, Length:2048, Cert Id:2822522334, Valid from:26. 05. 2015. 02:00, Valid until:17. 01. 2038. 01:00
2024-05-26T23:53:22.919+02:00 DEBUG 3612 --- [JWP-Winary] [           main] jdk.event.security                       : X509Certificate: Alg:SHA384withRSA, Serial:66c9fd29635869f0a0fe58678f85b26bb8a37, Subject:CN=Amazon Root CA 2, O=Amazon, C=US, Issuer:CN=Amazon Root CA 2, O=Amazon, C=US, Key type:RSA, Length:4096, Cert Id:2528834908, Valid from:26. 05. 2015. 02:00, Valid until:26. 05. 2040. 02:00
2024-05-26T23:53:22.930+02:00 DEBUG 3612 --- [JWP-Winary] [           main] jdk.event.security                       : X509Certificate: Alg:SHA256withECDSA, Serial:66c9fd5749736663f3b0b9ad9e89e7603f24a, Subject:CN=Amazon Root CA 3, O=Amazon, C=US, Issuer:CN=Amazon Root CA 3, O=Amazon, C=US, Key type:EC, Length:256, Cert Id:2732679773, Valid from:26. 05. 2015. 02:00, Valid until:26. 05. 2040. 02:00
2024-05-26T23:53:22.930+02:00 DEBUG 3612 --- [JWP-Winary] [           main] jdk.event.security                       : X509Certificate: Alg:SHA384withECDSA, Serial:66c9fd7c1bb104c2943e5717b7b2cc81ac10e, Subject:CN=Amazon Root CA 4, O=Amazon, C=US, Issuer:CN=Amazon Root CA 4, O=Amazon, C=US, Key type:EC, Length:384, Cert Id:2640694783, Valid from:26. 05. 2015. 02:00, Valid until:26. 05. 2040. 02:00
2024-05-26T23:53:22.933+02:00 DEBUG 3612 --- [JWP-Winary] [           main] jdk.event.security                       : X509Certificate: Alg:SHA1withRSA, Serial:20000b9, Subject:CN=Baltimore CyberTrust Root, OU=CyberTrust, O=Baltimore, C=IE, Issuer:CN=Baltimore CyberTrust Root, OU=CyberTrust, O=Baltimore, C=IE, Key type:RSA, Length:2048, Cert Id:1425294543, Valid from:12. 05. 2000. 20:46, Valid until:13. 05. 2025. 01:59
2024-05-26T23:53:22.934+02:00 DEBUG 3612 --- [JWP-Winary] [           main] jdk.event.security                       : X509Certificate: Alg:SHA256withRSA, Serial:2, Subject:CN=Buypass Class 2 Root CA, O=Buypass AS-983163327, C=NO, Issuer:CN=Buypass Class 2 Root CA, O=Buypass AS-983163327, C=NO, Key type:RSA, Length:4096, Cert Id:969960563, Valid from:26. 10. 2010. 10:38, Valid until:26. 10. 2040. 10:38
2024-05-26T23:53:22.935+02:00 DEBUG 3612 --- [JWP-Winary] [           main] jdk.event.security                       : X509Certificate: Alg:SHA256withRSA, Serial:2, Subject:CN=Buypass Class 3 Root CA, O=Buypass AS-983163327, C=NO, Issuer:CN=Buypass Class 3 Root CA, O=Buypass AS-983163327, C=NO, Key type:RSA, Length:4096, Cert Id:1264269967, Valid from:26. 10. 2010. 10:28, Valid until:26. 10. 2040. 10:28
2024-05-26T23:53:22.938+02:00 DEBUG 3612 --- [JWP-Winary] [           main] jdk.event.security                       : X509Certificate: Alg:SHA1withRSA, Serial:a3da427ea4b1aeda, Subject:CN=Chambers of Commerce Root - 2008, O=AC Camerfirma S.A., SERIALNUMBER=A82743287, L=Madrid (see current address at www.camerfirma.com/address), C=EU, Issuer:CN=Chambers of Commerce Root - 2008, O=AC Camerfirma S.A., SERIALNUMBER=A82743287, L=Madrid (see current address at www.camerfirma.com/address), C=EU, Key type:RSA, Length:4096, Cert Id:4266703372, Valid from:01. 08. 2008. 14:29, Valid until:31. 07. 2038. 14:29
2024-05-26T23:53:22.943+02:00 DEBUG 3612 --- [JWP-Winary] [           main] jdk.event.security                       : X509Certificate: Alg:SHA1withRSA, Serial:0, Subject:CN=Chambers of Commerce Root, OU=http://www.chambersign.org, O=AC Camerfirma SA CIF A82743287, C=EU, Issuer:CN=Chambers of Commerce Root, OU=http://www.chambersign.org, O=AC Camerfirma SA CIF A82743287, C=EU, Key type:RSA, Length:2048, Cert Id:1827306452, Valid from:30. 09. 2003. 18:13, Valid until:30. 09. 2037. 18:13
2024-05-26T23:53:22.945+02:00 DEBUG 3612 --- [JWP-Winary] [           main] jdk.event.security                       : X509Certificate: Alg:SHA1withRSA, Serial:c9cdd3e9d57d23ce, Subject:CN=Global Chambersign Root - 2008, O=AC Camerfirma S.A., SERIALNUMBER=A82743287, L=Madrid (see current address at www.camerfirma.com/address), C=EU, Issuer:CN=Global Chambersign Root - 2008, O=AC Camerfirma S.A., SERIALNUMBER=A82743287, L=Madrid (see current address at www.camerfirma.com/address), C=EU, Key type:RSA, Length:4096, Cert Id:1271252776, Valid from:01. 08. 2008. 14:31, Valid until:31. 07. 2038. 14:31
2024-05-26T23:53:22.947+02:00 DEBUG 3612 --- [JWP-Winary] [           main] jdk.event.security                       : X509Certificate: Alg:SHA1withRSA, Serial:fedce3010fc948ff, Subject:CN=Certigna, O=Dhimyotis, C=FR, Issuer:CN=Certigna, O=Dhimyotis, C=FR, Key type:RSA, Length:2048, Cert Id:3506875840, Valid from:29. 06. 2007. 17:13, Valid until:29. 06. 2027. 17:13
2024-05-26T23:53:22.947+02:00 DEBUG 3612 --- [JWP-Winary] [           main] jdk.event.security                       : X509Certificate: Alg:SHA1withRSA, Serial:10020, Subject:CN=Certum CA, O=Unizeto Sp. z o.o., C=PL, Issuer:CN=Certum CA, O=Unizeto Sp. z o.o., C=PL, Key type:RSA, Length:2048, Cert Id:3550516030, Valid from:11. 06. 2002. 12:46, Valid until:11. 06. 2027. 12:46
2024-05-26T23:53:22.949+02:00 DEBUG 3612 --- [JWP-Winary] [           main] jdk.event.security                       : X509Certificate: Alg:SHA1withRSA, Serial:444c0, Subject:CN=Certum Trusted Network CA, OU=Certum Certification Authority, O=Unizeto Technologies S.A., C=PL, Issuer:CN=Certum Trusted Network CA, OU=Certum Certification Authority, O=Unizeto Technologies S.A., C=PL, Key type:RSA, Length:2048, Cert Id:2014002193, Valid from:22. 10. 2008. 14:07, Valid until:31. 12. 2029. 13:07
2024-05-26T23:53:22.951+02:00 DEBUG 3612 --- [JWP-Winary] [           main] jdk.event.security                       : X509Certificate: Alg:SHA1withRSA, Serial:15c8bd65475cafb897005ee406d2bc9d, Subject:OU=ePKI Root Certification Authority, O="Chunghwa Telecom Co., Ltd.", C=TW, Issuer:OU=ePKI Root Certification Authority, O="Chunghwa Telecom Co., Ltd.", C=TW, Key type:RSA, Length:4096, Cert Id:3632331159, Valid from:20. 12. 2004. 03:31, Valid until:20. 12. 2034. 03:31
2024-05-26T23:53:22.952+02:00 DEBUG 3612 --- [JWP-Winary] [           main] jdk.event.security                       : X509Certificate: Alg:SHA1withRSA, Serial:1, Subject:CN=AAA Certificate Services, O=Comodo CA Limited, L=Salford, ST=Greater Manchester, C=GB, Issuer:CN=AAA Certificate Services, O=Comodo CA Limited, L=Salford, ST=Greater Manchester, C=GB, Key type:RSA, Length:2048, Cert Id:3097386402, Valid from:01. 01. 2004. 01:00, Valid until:01. 01. 2029. 00:59
2024-05-26T23:53:22.953+02:00 DEBUG 3612 --- [JWP-Winary] [           main] jdk.event.security                       : X509Certificate: Alg:SHA384withECDSA, Serial:1f47afaa62007050544c019e9b63992a, Subject:CN=COMODO ECC Certification Authority, O=COMODO CA Limited, L=Salford, ST=Greater Manchester, C=GB, Issuer:CN=COMODO ECC Certification Authority, O=COMODO CA Limited, L=Salford, ST=Greater Manchester, C=GB, Key type:EC, Length:384, Cert Id:1146488932, Valid from:06. 03. 2008. 01:00, Valid until:19. 01. 2038. 00:59
2024-05-26T23:53:22.954+02:00 DEBUG 3612 --- [JWP-Winary] [           main] jdk.event.security                       : X509Certificate: Alg:SHA384withRSA, Serial:4caaf9cadb636fe01ff74ed85b03869d, Subject:CN=COMODO RSA Certification Authority, O=COMODO CA Limited, L=Salford, ST=Greater Manchester, C=GB, Issuer:CN=COMODO RSA Certification Authority, O=COMODO CA Limited, L=Salford, ST=Greater Manchester, C=GB, Key type:RSA, Length:4096, Cert Id:1769425049, Valid from:19. 01. 2010. 01:00, Valid until:19. 01. 2038. 00:59
2024-05-26T23:53:22.955+02:00 DEBUG 3612 --- [JWP-Winary] [           main] jdk.event.security                       : X509Certificate: Alg:SHA256withRSA, Serial:b931c3ad63967ea6723bfc3af9af44b, Subject:CN=DigiCert Assured ID Root G2, OU=www.digicert.com, O=DigiCert Inc, C=US, Issuer:CN=DigiCert Assured ID Root G2, OU=www.digicert.com, O=DigiCert Inc, C=US, Key type:RSA, Length:2048, Cert Id:3909568913, Valid from:01. 08. 2013. 14:00, Valid until:15. 01. 2038. 13:00
2024-05-26T23:53:22.956+02:00 DEBUG 3612 --- [JWP-Winary] [           main] jdk.event.security                       : X509Certificate: Alg:SHA384withECDSA, Serial:ba15afa1ddfa0b54944afcd24a06cec, Subject:CN=DigiCert Assured ID Root G3, OU=www.digicert.com, O=DigiCert Inc, C=US, Issuer:CN=DigiCert Assured ID Root G3, OU=www.digicert.com, O=DigiCert Inc, C=US, Key type:EC, Length:384, Cert Id:3649430051, Valid from:01. 08. 2013. 14:00, Valid until:15. 01. 2038. 13:00
2024-05-26T23:53:22.958+02:00 DEBUG 3612 --- [JWP-Winary] [           main] jdk.event.security                       : X509Certificate: Alg:SHA1withRSA, Serial:ce7e0e517d846fe8fe560fc1bf03039, Subject:CN=DigiCert Assured ID Root CA, OU=www.digicert.com, O=DigiCert Inc, C=US, Issuer:CN=DigiCert Assured ID Root CA, OU=www.digicert.com, O=DigiCert Inc, C=US, Key type:RSA, Length:2048, Cert Id:3434562768, Valid from:10. 11. 2006. 01:00, Valid until:10. 11. 2031. 01:00
2024-05-26T23:53:22.959+02:00 DEBUG 3612 --- [JWP-Winary] [           main] jdk.event.security                       : X509Certificate: Alg:SHA1withRSA, Serial:83be056904246b1a1756ac95991c74a, Subject:CN=DigiCert Global Root CA, OU=www.digicert.com, O=DigiCert Inc, C=US, Issuer:CN=DigiCert Global Root CA, OU=www.digicert.com, O=DigiCert Inc, C=US, Key type:RSA, Length:2048, Cert Id:1341898239, Valid from:10. 11. 2006. 01:00, Valid until:10. 11. 2031. 01:00
2024-05-26T23:53:22.960+02:00 DEBUG 3612 --- [JWP-Winary] [           main] jdk.event.security                       : X509Certificate: Alg:SHA256withRSA, Serial:33af1e6a711a9a0bb2864b11d09fae5, Subject:CN=DigiCert Global Root G2, OU=www.digicert.com, O=DigiCert Inc, C=US, Issuer:CN=DigiCert Global Root G2, OU=www.digicert.com, O=DigiCert Inc, C=US, Key type:RSA, Length:2048, Cert Id:1136084297, Valid from:01. 08. 2013. 14:00, Valid until:15. 01. 2038. 13:00
2024-05-26T23:53:22.961+02:00 DEBUG 3612 --- [JWP-Winary] [           main] jdk.event.security                       : X509Certificate: Alg:SHA384withECDSA, Serial:55556bcf25ea43535c3a40fd5ab4572, Subject:CN=DigiCert Global Root G3, OU=www.digicert.com, O=DigiCert Inc, C=US, Issuer:CN=DigiCert Global Root G3, OU=www.digicert.com, O=DigiCert Inc, C=US, Key type:EC, Length:384, Cert Id:3498998753, Valid from:01. 08. 2013. 14:00, Valid until:15. 01. 2038. 13:00
2024-05-26T23:53:22.962+02:00 DEBUG 3612 --- [JWP-Winary] [           main] jdk.event.security                       : X509Certificate: Alg:SHA1withRSA, Serial:2ac5c266a0b409b8f0b79f2ae462577, Subject:CN=DigiCert High Assurance EV Root CA, OU=www.digicert.com, O=DigiCert Inc, C=US, Issuer:CN=DigiCert High Assurance EV Root CA, OU=www.digicert.com, O=DigiCert Inc, C=US, Key type:RSA, Length:2048, Cert Id:2884286942, Valid from:10. 11. 2006. 01:00, Valid until:10. 11. 2031. 01:00
2024-05-26T23:53:22.963+02:00 DEBUG 3612 --- [JWP-Winary] [           main] jdk.event.security                       : X509Certificate: Alg:SHA384withRSA, Serial:59b1b579e8e2132e23907bda777755c, Subject:CN=DigiCert Trusted Root G4, OU=www.digicert.com, O=DigiCert Inc, C=US, Issuer:CN=DigiCert Trusted Root G4, OU=www.digicert.com, O=DigiCert Inc, C=US, Key type:RSA, Length:4096, Cert Id:1057369358, Valid from:01. 08. 2013. 14:00, Valid until:15. 01. 2038. 13:00
2024-05-26T23:53:22.964+02:00 DEBUG 3612 --- [JWP-Winary] [           main] jdk.event.security                       : X509Certificate: Alg:SHA256withRSA, Serial:983f3, Subject:CN=D-TRUST Root Class 3 CA 2 2009, O=D-Trust GmbH, C=DE, Issuer:CN=D-TRUST Root Class 3 CA 2 2009, O=D-Trust GmbH, C=DE, Key type:RSA, Length:2048, Cert Id:1430153102, Valid from:05. 11. 2009. 09:35, Valid until:05. 11. 2029. 09:35
2024-05-26T23:53:22.964+02:00 DEBUG 3612 --- [JWP-Winary] [           main] jdk.event.security                       : X509Certificate: Alg:SHA256withRSA, Serial:983f4, Subject:CN=D-TRUST Root Class 3 CA 2 EV 2009, O=D-Trust GmbH, C=DE, Issuer:CN=D-TRUST Root Class 3 CA 2 EV 2009, O=D-Trust GmbH, C=DE, Key type:RSA, Length:2048, Cert Id:971313728, Valid from:05. 11. 2009. 09:50, Valid until:05. 11. 2029. 09:50
2024-05-26T23:53:22.966+02:00 DEBUG 3612 --- [JWP-Winary] [           main] jdk.event.security                       : X509Certificate: Alg:SHA1withRSA, Serial:3863def8, Subject:CN=Entrust.net Certification Authority (2048), OU=(c) 1999 Entrust.net Limited, OU=www.entrust.net/CPS_2048 incorp. by ref. (limits liab.), O=Entrust.net, Issuer:CN=Entrust.net Certification Authority (2048), OU=(c) 1999 Entrust.net Limited, OU=www.entrust.net/CPS_2048 incorp. by ref. (limits liab.), O=Entrust.net, Key type:RSA, Length:2048, Cert Id:3966431214, Valid from:24. 12. 1999. 18:50, Valid until:24. 07. 2029. 16:15
2024-05-26T23:53:22.968+02:00 DEBUG 3612 --- [JWP-Winary] [           main] jdk.event.security                       : X509Certificate: Alg:SHA1withRSA, Serial:456b5054, Subject:CN=Entrust Root Certification Authority, OU="(c) 2006 Entrust, Inc.", OU=www.entrust.net/CPS is incorporated by reference, O="Entrust, Inc.", C=US, Issuer:CN=Entrust Root Certification Authority, OU="(c) 2006 Entrust, Inc.", OU=www.entrust.net/CPS is incorporated by reference, O="Entrust, Inc.", C=US, Key type:RSA, Length:2048, Cert Id:3033563200, Valid from:27. 11. 2006. 21:23, Valid until:27. 11. 2026. 21:53
2024-05-26T23:53:22.969+02:00 DEBUG 3612 --- [JWP-Winary] [           main] jdk.event.security                       : X509Certificate: Alg:SHA384withECDSA, Serial:a68b79290000000050d091f9, Subject:CN=Entrust Root Certification Authority - EC1, OU="(c) 2012 Entrust, Inc. - for authorized use only", OU=See www.entrust.net/legal-terms, O="Entrust, Inc.", C=US, Issuer:CN=Entrust Root Certification Authority - EC1, OU="(c) 2012 Entrust, Inc. - for authorized use only", OU=See www.entrust.net/legal-terms, O="Entrust, Inc.", C=US, Key type:EC, Length:384, Cert Id:924514073, Valid from:18. 12. 2012. 16:25, Valid until:18. 12. 2037. 16:55
2024-05-26T23:53:22.969+02:00 DEBUG 3612 --- [JWP-Winary] [           main] jdk.event.security                       : X509Certificate: Alg:SHA256withRSA, Serial:4a538c28, Subject:CN=Entrust Root Certification Authority - G2, OU="(c) 2009 Entrust, Inc. - for authorized use only", OU=See www.entrust.net/legal-terms, O="Entrust, Inc.", C=US, Issuer:CN=Entrust Root Certification Authority - G2, OU="(c) 2009 Entrust, Inc. - for authorized use only", OU=See www.entrust.net/legal-terms, O="Entrust, Inc.", C=US, Key type:RSA, Length:2048, Cert Id:1936920337, Valid from:07. 07. 2009. 19:25, Valid until:07. 12. 2030. 18:55
2024-05-26T23:53:22.970+02:00 DEBUG 3612 --- [JWP-Winary] [           main] jdk.event.security                       : X509Certificate: Alg:SHA256withRSA, Serial:d9b5437fafa9390f000000005565ad58, Subject:CN=Entrust Root Certification Authority - G4, OU="(c) 2015 Entrust, Inc. - for authorized use only", OU=See www.entrust.net/legal-terms, O="Entrust, Inc.", C=US, Issuer:CN=Entrust Root Certification Authority - G4, OU="(c) 2015 Entrust, Inc. - for authorized use only", OU=See www.entrust.net/legal-terms, O="Entrust, Inc.", C=US, Key type:RSA, Length:4096, Cert Id:1368037548, Valid from:27. 05. 2015. 13:11, Valid until:27. 12. 2037. 12:41
2024-05-26T23:53:22.972+02:00 DEBUG 3612 --- [JWP-Winary] [           main] jdk.event.security                       : X509Certificate: Alg:SHA1withRSA, Serial:23456, Subject:CN=GeoTrust Global CA, O=GeoTrust Inc., C=US, Issuer:CN=GeoTrust Global CA, O=GeoTrust Inc., C=US, Key type:RSA, Length:2048, Cert Id:2266349922, Valid from:21. 05. 2002. 06:00, Valid until:21. 05. 2022. 06:00
2024-05-26T23:53:22.972+02:00 DEBUG 3612 --- [JWP-Winary] [           main] jdk.event.security                       : X509Certificate: Alg:SHA1withRSA, Serial:18acb56afd69b6153a636cafdafac4a1, Subject:CN=GeoTrust Primary Certification Authority, O=GeoTrust Inc., C=US, Issuer:CN=GeoTrust Primary Certification Authority, O=GeoTrust Inc., C=US, Key type:RSA, Length:2048, Cert Id:3329622139, Valid from:27. 11. 2006. 01:00, Valid until:17. 07. 2036. 01:59
2024-05-26T23:53:22.973+02:00 DEBUG 3612 --- [JWP-Winary] [           main] jdk.event.security                       : X509Certificate: Alg:SHA384withECDSA, Serial:3cb2f4480a00e2feeb243b5e603ec36b, Subject:CN=GeoTrust Primary Certification Authority - G2, OU=(c) 2007 GeoTrust Inc. - For authorized use only, O=GeoTrust Inc., C=US, Issuer:CN=GeoTrust Primary Certification Authority - G2, OU=(c) 2007 GeoTrust Inc. - For authorized use only, O=GeoTrust Inc., C=US, Key type:EC, Length:384, Cert Id:3180663474, Valid from:05. 11. 2007. 01:00, Valid until:19. 01. 2038. 00:59
2024-05-26T23:53:22.974+02:00 DEBUG 3612 --- [JWP-Winary] [           main] jdk.event.security                       : X509Certificate: Alg:SHA256withRSA, Serial:15ac6e9419b2794b41f627a9c3180f1f, Subject:CN=GeoTrust Primary Certification Authority - G3, OU=(c) 2008 GeoTrust Inc. - For authorized use only, O=GeoTrust Inc., C=US, Issuer:CN=GeoTrust Primary Certification Authority - G3, OU=(c) 2008 GeoTrust Inc. - For authorized use only, O=GeoTrust Inc., C=US, Key type:RSA, Length:2048, Cert Id:2964813538, Valid from:02. 04. 2008. 02:00, Valid until:02. 12. 2037. 00:59
2024-05-26T23:53:22.974+02:00 DEBUG 3612 --- [JWP-Winary] [           main] jdk.event.security                       : X509Certificate: Alg:SHA1withRSA, Serial:1, Subject:CN=GeoTrust Universal CA, O=GeoTrust Inc., C=US, Issuer:CN=GeoTrust Universal CA, O=GeoTrust Inc., C=US, Key type:RSA, Length:4096, Cert Id:313566089, Valid from:04. 03. 2004. 06:00, Valid until:04. 03. 2029. 06:00
2024-05-26T23:53:22.975+02:00 DEBUG 3612 --- [JWP-Winary] [           main] jdk.event.security                       : X509Certificate: Alg:SHA1withRSA, Serial:40000000001154b5ac394, Subject:CN=GlobalSign Root CA, OU=Root CA, O=GlobalSign nv-sa, C=BE, Issuer:CN=GlobalSign Root CA, OU=Root CA, O=GlobalSign nv-sa, C=BE, Key type:RSA, Length:2048, Cert Id:536948034, Valid from:01. 09. 1998. 14:00, Valid until:28. 01. 2028. 13:00
2024-05-26T23:53:22.976+02:00 DEBUG 3612 --- [JWP-Winary] [           main] jdk.event.security                       : X509Certificate: Alg:SHA256withECDSA, Serial:2a38a41c960a04de42b228a50be8349802, Subject:CN=GlobalSign, O=GlobalSign, OU=GlobalSign ECC Root CA - R4, Issuer:CN=GlobalSign, O=GlobalSign, OU=GlobalSign ECC Root CA - R4, Key type:EC, Length:256, Cert Id:2371693751, Valid from:13. 11. 2012. 01:00, Valid until:19. 01. 2038. 04:14
2024-05-26T23:53:22.977+02:00 DEBUG 3612 --- [JWP-Winary] [           main] jdk.event.security                       : X509Certificate: Alg:SHA384withECDSA, Serial:605949e0262ebb55f90a778a71f94ad86c, Subject:CN=GlobalSign, O=GlobalSign, OU=GlobalSign ECC Root CA - R5, Issuer:CN=GlobalSign, O=GlobalSign, OU=GlobalSign ECC Root CA - R5, Key type:EC, Length:384, Cert Id:1997048439, Valid from:13. 11. 2012. 01:00, Valid until:19. 01. 2038. 04:14
2024-05-26T23:53:22.978+02:00 DEBUG 3612 --- [JWP-Winary] [           main] jdk.event.security                       : X509Certificate: Alg:SHA256withRSA, Serial:4000000000121585308a2, Subject:CN=GlobalSign, O=GlobalSign, OU=GlobalSign Root CA - R3, Issuer:CN=GlobalSign, O=GlobalSign, OU=GlobalSign Root CA - R3, Key type:RSA, Length:2048, Cert Id:733875591, Valid from:18. 03. 2009. 11:00, Valid until:18. 03. 2029. 11:00
2024-05-26T23:53:22.979+02:00 DEBUG 3612 --- [JWP-Winary] [           main] jdk.event.security                       : X509Certificate: Alg:SHA384withRSA, Serial:45e6bb038333c3856548e6ff4551, Subject:CN=GlobalSign, O=GlobalSign, OU=GlobalSign Root CA - R6, Issuer:CN=GlobalSign, O=GlobalSign, OU=GlobalSign Root CA - R6, Key type:RSA, Length:4096, Cert Id:3788339543, Valid from:10. 12. 2014. 01:00, Valid until:10. 12. 2034. 01:00
2024-05-26T23:53:22.980+02:00 DEBUG 3612 --- [JWP-Winary] [           main] jdk.event.security                       : X509Certificate: Alg:SHA1withRSA, Serial:0, Subject:OU=Go Daddy Class 2 Certification Authority, O="The Go Daddy Group, Inc.", C=US, Issuer:OU=Go Daddy Class 2 Certification Authority, O="The Go Daddy Group, Inc.", C=US, Key type:RSA, Length:2048, Cert Id:4023522997, Valid from:29. 06. 2004. 19:06, Valid until:29. 06. 2034. 19:06
2024-05-26T23:53:22.981+02:00 DEBUG 3612 --- [JWP-Winary] [           main] jdk.event.security                       : X509Certificate: Alg:SHA256withRSA, Serial:0, Subject:CN=Go Daddy Root Certificate Authority - G2, O="GoDaddy.com, Inc.", L=Scottsdale, ST=Arizona, C=US, Issuer:CN=Go Daddy Root Certificate Authority - G2, O="GoDaddy.com, Inc.", L=Scottsdale, ST=Arizona, C=US, Key type:RSA, Length:2048, Cert Id:439600313, Valid from:01. 09. 2009. 02:00, Valid until:01. 01. 2038. 00:59
2024-05-26T23:53:22.987+02:00 DEBUG 3612 --- [JWP-Winary] [           main] jdk.event.security                       : X509Certificate: Alg:SHA384withRSA, Serial:203e5936f31b01349886ba217, Subject:CN=GTS Root R1, O=Google Trust Services LLC, C=US, Issuer:CN=GTS Root R1, O=Google Trust Services LLC, C=US, Key type:RSA, Length:4096, Cert Id:657172038, Valid from:22. 06. 2016. 02:00, Valid until:22. 06. 2036. 02:00
2024-05-26T23:53:22.987+02:00 DEBUG 3612 --- [JWP-Winary] [           main] jdk.event.security                       : X509Certificate: Alg:SHA384withRSA, Serial:203e5aec58d04251aab1125aa, Subject:CN=GTS Root R2, O=Google Trust Services LLC, C=US, Issuer:CN=GTS Root R2, O=Google Trust Services LLC, C=US, Key type:RSA, Length:4096, Cert Id:948387669, Valid from:22. 06. 2016. 02:00, Valid until:22. 06. 2036. 02:00
2024-05-26T23:53:22.988+02:00 DEBUG 3612 --- [JWP-Winary] [           main] jdk.event.security                       : X509Certificate: Alg:SHA384withECDSA, Serial:203e5b882eb20f825276d3d66, Subject:CN=GTS Root R3, O=Google Trust Services LLC, C=US, Issuer:CN=GTS Root R3, O=Google Trust Services LLC, C=US, Key type:EC, Length:384, Cert Id:1163081155, Valid from:22. 06. 2016. 02:00, Valid until:22. 06. 2036. 02:00
2024-05-26T23:53:22.988+02:00 DEBUG 3612 --- [JWP-Winary] [           main] jdk.event.security                       : X509Certificate: Alg:SHA384withECDSA, Serial:203e5c068ef631a9c72905052, Subject:CN=GTS Root R4, O=Google Trust Services LLC, C=US, Issuer:CN=GTS Root R4, O=Google Trust Services LLC, C=US, Key type:EC, Length:384, Cert Id:1326433111, Valid from:22. 06. 2016. 02:00, Valid until:22. 06. 2036. 02:00
2024-05-26T23:53:22.989+02:00 DEBUG 3612 --- [JWP-Winary] [           main] jdk.event.security                       : X509Certificate: Alg:SHA256withECDSA, Serial:0, Subject:CN=Hellenic Academic and Research Institutions ECC RootCA 2015, O=Hellenic Academic and Research Institutions Cert. Authority, L=Athens, C=GR, Issuer:CN=Hellenic Academic and Research Institutions ECC RootCA 2015, O=Hellenic Academic and Research Institutions Cert. Authority, L=Athens, C=GR, Key type:EC, Length:384, Cert Id:513613456, Valid from:07. 07. 2015. 12:37, Valid until:30. 06. 2040. 12:37
2024-05-26T23:53:22.989+02:00 DEBUG 3612 --- [JWP-Winary] [           main] jdk.event.security                       : X509Certificate: Alg:SHA256withRSA, Serial:0, Subject:CN=Hellenic Academic and Research Institutions RootCA 2015, O=Hellenic Academic and Research Institutions Cert. Authority, L=Athens, C=GR, Issuer:CN=Hellenic Academic and Research Institutions RootCA 2015, O=Hellenic Academic and Research Institutions Cert. Authority, L=Athens, C=GR, Key type:RSA, Length:4096, Cert Id:3491990565, Valid from:07. 07. 2015. 12:11, Valid until:30. 06. 2040. 12:11
2024-05-26T23:53:22.990+02:00 DEBUG 3612 --- [JWP-Winary] [           main] jdk.event.security                       : X509Certificate: Alg:SHA256withRSA, Serial:a0142800000014523c844b500000002, Subject:CN=IdenTrust Commercial Root CA 1, O=IdenTrust, C=US, Issuer:CN=IdenTrust Commercial Root CA 1, O=IdenTrust, C=US, Key type:RSA, Length:4096, Cert Id:1232565210, Valid from:16. 01. 2014. 19:12, Valid until:16. 01. 2034. 19:12
2024-05-26T23:53:22.990+02:00 DEBUG 3612 --- [JWP-Winary] [           main] jdk.event.security                       : X509Certificate: Alg:SHA256withRSA, Serial:a0142800000014523cf467c00000002, Subject:CN=IdenTrust Public Sector Root CA 1, O=IdenTrust, C=US, Issuer:CN=IdenTrust Public Sector Root CA 1, O=IdenTrust, C=US, Key type:RSA, Length:4096, Cert Id:2123370772, Valid from:16. 01. 2014. 18:53, Valid until:16. 01. 2034. 18:53
2024-05-26T23:53:22.991+02:00 DEBUG 3612 --- [JWP-Winary] [           main] jdk.event.security                       : X509Certificate: Alg:SHA256withRSA, Serial:8210cfb0d240e3594463e0bb63828b00, Subject:CN=ISRG Root X1, O=Internet Security Research Group, C=US, Issuer:CN=ISRG Root X1, O=Internet Security Research Group, C=US, Key type:RSA, Length:4096, Cert Id:1521974916, Valid from:04. 06. 2015. 13:04, Valid until:04. 06. 2035. 13:04
2024-05-26T23:53:22.992+02:00 DEBUG 3612 --- [JWP-Winary] [           main] jdk.event.security                       : X509Certificate: Alg:SHA256withRSA, Serial:a7ea6df4b449eda6a24859ee6b815d3167fbbb1, Subject:CN=LuxTrust Global Root 2, O=LuxTrust S.A., C=LU, Issuer:CN=LuxTrust Global Root 2, O=LuxTrust S.A., C=LU, Key type:RSA, Length:4096, Cert Id:3055636602, Valid from:05. 03. 2015. 14:21, Valid until:05. 03. 2035. 14:21
2024-05-26T23:53:22.993+02:00 DEBUG 3612 --- [JWP-Winary] [           main] jdk.event.security                       : X509Certificate: Alg:SHA256withRSA, Serial:bb8, Subject:CN=LuxTrust Global Root, O=LuxTrust s.a., C=LU, Issuer:CN=LuxTrust Global Root, O=LuxTrust s.a., C=LU, Key type:RSA, Length:2048, Cert Id:1714819687, Valid from:17. 03. 2011. 10:51, Valid until:17. 03. 2021. 10:51
2024-05-26T23:53:22.993+02:00 DEBUG 3612 --- [JWP-Winary] [           main] jdk.event.security                       : X509Certificate: Alg:SHA384withECDSA, Serial:66f23daf87de8bb14aea0c573101c2ec, Subject:CN=Microsoft ECC Root Certificate Authority 2017, O=Microsoft Corporation, C=US, Issuer:CN=Microsoft ECC Root Certificate Authority 2017, O=Microsoft Corporation, C=US, Key type:EC, Length:384, Cert Id:3240761285, Valid from:19. 12. 2019. 00:06, Valid until:19. 07. 2042. 01:16
2024-05-26T23:53:22.995+02:00 DEBUG 3612 --- [JWP-Winary] [           main] jdk.event.security                       : X509Certificate: Alg:SHA384withRSA, Serial:1ed397095fd8b4b347701eaabe7f45b3, Subject:CN=Microsoft RSA Root Certificate Authority 2017, O=Microsoft Corporation, C=US, Issuer:CN=Microsoft RSA Root Certificate Authority 2017, O=Microsoft Corporation, C=US, Key type:RSA, Length:4096, Cert Id:2848349048, Valid from:18. 12. 2019. 23:51, Valid until:19. 07. 2042. 01:00
2024-05-26T23:53:22.996+02:00 DEBUG 3612 --- [JWP-Winary] [           main] jdk.event.security                       : X509Certificate: Alg:SHA1withRSA, Serial:3ab6508b, Subject:CN=QuoVadis Root Certification Authority, OU=Root Certification Authority, O=QuoVadis Limited, C=BM, Issuer:CN=QuoVadis Root Certification Authority, OU=Root Certification Authority, O=QuoVadis Limited, C=BM, Key type:RSA, Length:2048, Cert Id:2412561694, Valid from:19. 03. 2001. 19:33, Valid until:17. 03. 2021. 19:33
2024-05-26T23:53:22.997+02:00 DEBUG 3612 --- [JWP-Winary] [           main] jdk.event.security                       : X509Certificate: Alg:SHA256withRSA, Serial:78585f2ead2c194be3370735341328b596d46593, Subject:CN=QuoVadis Root CA 1 G3, O=QuoVadis Limited, C=BM, Issuer:CN=QuoVadis Root CA 1 G3, O=QuoVadis Limited, C=BM, Key type:RSA, Length:4096, Cert Id:3532531262, Valid from:12. 01. 2012. 18:27, Valid until:12. 01. 2042. 18:27
2024-05-26T23:53:22.997+02:00 DEBUG 3612 --- [JWP-Winary] [           main] jdk.event.security                       : X509Certificate: Alg:SHA1withRSA, Serial:509, Subject:CN=QuoVadis Root CA 2, O=QuoVadis Limited, C=BM, Issuer:CN=QuoVadis Root CA 2, O=QuoVadis Limited, C=BM, Key type:RSA, Length:4096, Cert Id:338250116, Valid from:24. 11. 2006. 19:27, Valid until:24. 11. 2031. 19:23
2024-05-26T23:53:22.998+02:00 DEBUG 3612 --- [JWP-Winary] [           main] jdk.event.security                       : X509Certificate: Alg:SHA256withRSA, Serial:445734245b81899b35f2ceb82b3b5ba726f07528, Subject:CN=QuoVadis Root CA 2 G3, O=QuoVadis Limited, C=BM, Issuer:CN=QuoVadis Root CA 2 G3, O=QuoVadis Limited, C=BM, Key type:RSA, Length:4096, Cert Id:696763521, Valid from:12. 01. 2012. 19:59, Valid until:12. 01. 2042. 19:59
2024-05-26T23:53:22.999+02:00 DEBUG 3612 --- [JWP-Winary] [           main] jdk.event.security                       : X509Certificate: Alg:SHA1withRSA, Serial:5c6, Subject:CN=QuoVadis Root CA 3, O=QuoVadis Limited, C=BM, Issuer:CN=QuoVadis Root CA 3, O=QuoVadis Limited, C=BM, Key type:RSA, Length:4096, Cert Id:1470392860, Valid from:24. 11. 2006. 20:11, Valid until:24. 11. 2031. 20:06
2024-05-26T23:53:23.000+02:00 DEBUG 3612 --- [JWP-Winary] [           main] jdk.event.security                       : X509Certificate: Alg:SHA256withRSA, Serial:2ef59b0228a7db7affd5a3a9eebd03a0cf126a1d, Subject:CN=QuoVadis Root CA 3 G3, O=QuoVadis Limited, C=BM, Issuer:CN=QuoVadis Root CA 3 G3, O=QuoVadis Limited, C=BM, Key type:RSA, Length:4096, Cert Id:3589344305, Valid from:12. 01. 2012. 21:26, Valid until:12. 01. 2042. 21:26
2024-05-26T23:53:23.001+02:00 DEBUG 3612 --- [JWP-Winary] [           main] jdk.event.security                       : X509Certificate: Alg:SHA256withRSA, Serial:0, Subject:OU=Security Communication RootCA2, O="SECOM Trust Systems CO.,LTD.", C=JP, Issuer:OU=Security Communication RootCA2, O="SECOM Trust Systems CO.,LTD.", C=JP, Key type:RSA, Length:2048, Cert Id:1521072570, Valid from:29. 05. 2009. 07:00, Valid until:29. 05. 2029. 07:00
2024-05-26T23:53:23.002+02:00 DEBUG 3612 --- [JWP-Winary] [           main] jdk.event.security                       : X509Certificate: Alg:SHA1withRSA, Serial:cf08e5c0816a5ad427ff0eb271859d0, Subject:CN=SecureTrust CA, O=SecureTrust Corporation, C=US, Issuer:CN=SecureTrust CA, O=SecureTrust Corporation, C=US, Key type:RSA, Length:2048, Cert Id:2034155325, Valid from:07. 11. 2006. 20:31, Valid until:31. 12. 2029. 20:40
2024-05-26T23:53:23.003+02:00 DEBUG 3612 --- [JWP-Winary] [           main] jdk.event.security                       : X509Certificate: Alg:SHA256withECDSA, Serial:75e6dfcbc1685ba8, Subject:CN=SSL.com Root Certification Authority ECC, O=SSL Corporation, L=Houston, ST=Texas, C=US, Issuer:CN=SSL.com Root Certification Authority ECC, O=SSL Corporation, L=Houston, ST=Texas, C=US, Key type:EC, Length:384, Cert Id:2926673683, Valid from:12. 02. 2016. 19:14, Valid until:12. 02. 2041. 19:14
2024-05-26T23:53:23.003+02:00 DEBUG 3612 --- [JWP-Winary] [           main] jdk.event.security                       : X509Certificate: Alg:SHA256withRSA, Serial:56b629cd34bc78f6, Subject:CN=SSL.com EV Root Certification Authority RSA R2, O=SSL Corporation, L=Houston, ST=Texas, C=US, Issuer:CN=SSL.com EV Root Certification Authority RSA R2, O=SSL Corporation, L=Houston, ST=Texas, C=US, Key type:RSA, Length:4096, Cert Id:1381862403, Valid from:31. 05. 2017. 20:14, Valid until:30. 05. 2042. 20:14
2024-05-26T23:53:23.004+02:00 DEBUG 3612 --- [JWP-Winary] [           main] jdk.event.security                       : X509Certificate: Alg:SHA256withRSA, Serial:7b2c9bd316803299, Subject:CN=SSL.com Root Certification Authority RSA, O=SSL Corporation, L=Houston, ST=Texas, C=US, Issuer:CN=SSL.com Root Certification Authority RSA, O=SSL Corporation, L=Houston, ST=Texas, C=US, Key type:RSA, Length:4096, Cert Id:156725711, Valid from:12. 02. 2016. 18:39, Valid until:12. 02. 2041. 18:39
2024-05-26T23:53:23.005+02:00 DEBUG 3612 --- [JWP-Winary] [           main] jdk.event.security                       : X509Certificate: Alg:SHA1withRSA, Serial:0, Subject:OU=Starfield Class 2 Certification Authority, O="Starfield Technologies, Inc.", C=US, Issuer:OU=Starfield Class 2 Certification Authority, O="Starfield Technologies, Inc.", C=US, Key type:RSA, Length:2048, Cert Id:1825617644, Valid from:29. 06. 2004. 19:39, Valid until:29. 06. 2034. 19:39
2024-05-26T23:53:23.006+02:00 DEBUG 3612 --- [JWP-Winary] [           main] jdk.event.security                       : X509Certificate: Alg:SHA256withRSA, Serial:0, Subject:CN=Starfield Root Certificate Authority - G2, O="Starfield Technologies, Inc.", L=Scottsdale, ST=Arizona, C=US, Issuer:CN=Starfield Root Certificate Authority - G2, O="Starfield Technologies, Inc.", L=Scottsdale, ST=Arizona, C=US, Key type:RSA, Length:2048, Cert Id:3268325709, Valid from:01. 09. 2009. 02:00, Valid until:01. 01. 2038. 00:59
2024-05-26T23:53:23.006+02:00 DEBUG 3612 --- [JWP-Winary] [           main] jdk.event.security                       : X509Certificate: Alg:SHA256withRSA, Serial:0, Subject:CN=Starfield Services Root Certificate Authority - G2, O="Starfield Technologies, Inc.", L=Scottsdale, ST=Arizona, C=US, Issuer:CN=Starfield Services Root Certificate Authority - G2, O="Starfield Technologies, Inc.", L=Scottsdale, ST=Arizona, C=US, Key type:RSA, Length:2048, Cert Id:1964785574, Valid from:01. 09. 2009. 02:00, Valid until:01. 01. 2038. 00:59
2024-05-26T23:53:23.007+02:00 DEBUG 3612 --- [JWP-Winary] [           main] jdk.event.security                       : X509Certificate: Alg:SHA1withRSA, Serial:bb401c43f55e4fb0, Subject:CN=SwissSign Gold CA - G2, O=SwissSign AG, C=CH, Issuer:CN=SwissSign Gold CA - G2, O=SwissSign AG, C=CH, Key type:RSA, Length:4096, Cert Id:1516221943, Valid from:25. 10. 2006. 10:30, Valid until:25. 10. 2036. 10:30
2024-05-26T23:53:23.007+02:00 DEBUG 3612 --- [JWP-Winary] [           main] jdk.event.security                       : X509Certificate: Alg:SHA1withRSA, Serial:4eb200670c035d4f, Subject:CN=SwissSign Platinum CA - G2, O=SwissSign AG, C=CH, Issuer:CN=SwissSign Platinum CA - G2, O=SwissSign AG, C=CH, Key type:RSA, Length:4096, Cert Id:771312514, Valid from:25. 10. 2006. 10:36, Valid until:25. 10. 2036. 10:36
2024-05-26T23:53:23.008+02:00 DEBUG 3612 --- [JWP-Winary] [           main] jdk.event.security                       : X509Certificate: Alg:SHA1withRSA, Serial:4f1bd42f54bb2f4b, Subject:CN=SwissSign Silver CA - G2, O=SwissSign AG, C=CH, Issuer:CN=SwissSign Silver CA - G2, O=SwissSign AG, C=CH, Key type:RSA, Length:4096, Cert Id:126726124, Valid from:25. 10. 2006. 10:32, Valid until:25. 10. 2036. 10:32
2024-05-26T23:53:23.008+02:00 DEBUG 3612 --- [JWP-Winary] [           main] jdk.event.security                       : X509Certificate: Alg:SHA1withRSA, Serial:95be16a0f72e46f17b398272fa8bcd96, Subject:CN=TeliaSonera Root CA v1, O=TeliaSonera, Issuer:CN=TeliaSonera Root CA v1, O=TeliaSonera, Key type:RSA, Length:4096, Cert Id:1495358374, Valid from:18. 10. 2007. 14:00, Valid until:18. 10. 2032. 14:00
2024-05-26T23:53:23.009+02:00 DEBUG 3612 --- [JWP-Winary] [           main] jdk.event.security                       : X509Certificate: Alg:SHA1withRSA, Serial:344ed55720d5edec49f42fce37db2b6d, Subject:CN=thawte Primary Root CA, OU="(c) 2006 thawte, Inc. - For authorized use only", OU=Certification Services Division, O="thawte, Inc.", C=US, Issuer:CN=thawte Primary Root CA, OU="(c) 2006 thawte, Inc. - For authorized use only", OU=Certification Services Division, O="thawte, Inc.", C=US, Key type:RSA, Length:2048, Cert Id:643000026, Valid from:17. 11. 2006. 01:00, Valid until:17. 07. 2036. 01:59
2024-05-26T23:53:23.010+02:00 DEBUG 3612 --- [JWP-Winary] [           main] jdk.event.security                       : X509Certificate: Alg:SHA384withECDSA, Serial:35fc265cd9844fc93d263d579baed756, Subject:CN=thawte Primary Root CA - G2, OU="(c) 2007 thawte, Inc. - For authorized use only", O="thawte, Inc.", C=US, Issuer:CN=thawte Primary Root CA - G2, OU="(c) 2007 thawte, Inc. - For authorized use only", O="thawte, Inc.", C=US, Key type:EC, Length:384, Cert Id:2068083090, Valid from:05. 11. 2007. 01:00, Valid until:19. 01. 2038. 00:59
2024-05-26T23:53:23.011+02:00 DEBUG 3612 --- [JWP-Winary] [           main] jdk.event.security                       : X509Certificate: Alg:SHA256withRSA, Serial:600197b746a7eab4b49ad64b2ff790fb, Subject:CN=thawte Primary Root CA - G3, OU="(c) 2008 thawte, Inc. - For authorized use only", OU=Certification Services Division, O="thawte, Inc.", C=US, Issuer:CN=thawte Primary Root CA - G3, OU="(c) 2008 thawte, Inc. - For authorized use only", OU=Certification Services Division, O="thawte, Inc.", C=US, Key type:RSA, Length:2048, Cert Id:1032730720, Valid from:02. 04. 2008. 02:00, Valid until:02. 12. 2037. 00:59
2024-05-26T23:53:23.012+02:00 DEBUG 3612 --- [JWP-Winary] [           main] jdk.event.security                       : X509Certificate: Alg:SHA256withRSA, Serial:1, Subject:CN=T-TeleSec GlobalRoot Class 2, OU=T-Systems Trust Center, O=T-Systems Enterprise Services GmbH, C=DE, Issuer:CN=T-TeleSec GlobalRoot Class 2, OU=T-Systems Trust Center, O=T-Systems Enterprise Services GmbH, C=DE, Key type:RSA, Length:2048, Cert Id:3056503257, Valid from:01. 10. 2008. 12:40, Valid until:02. 10. 2033. 01:59
2024-05-26T23:53:23.012+02:00 DEBUG 3612 --- [JWP-Winary] [           main] jdk.event.security                       : X509Certificate: Alg:SHA256withRSA, Serial:1, Subject:CN=T-TeleSec GlobalRoot Class 3, OU=T-Systems Trust Center, O=T-Systems Enterprise Services GmbH, C=DE, Issuer:CN=T-TeleSec GlobalRoot Class 3, OU=T-Systems Trust Center, O=T-Systems Enterprise Services GmbH, C=DE, Key type:RSA, Length:2048, Cert Id:1894096264, Valid from:01. 10. 2008. 12:29, Valid until:02. 10. 2033. 01:59
2024-05-26T23:53:23.013+02:00 DEBUG 3612 --- [JWP-Winary] [           main] jdk.event.security                       : X509Certificate: Alg:SHA256withRSA, Serial:cbe, Subject:CN=TWCA Global Root CA, OU=Root CA, O=TAIWAN-CA, C=TW, Issuer:CN=TWCA Global Root CA, OU=Root CA, O=TAIWAN-CA, C=TW, Key type:RSA, Length:4096, Cert Id:861175838, Valid from:27. 06. 2012. 08:28, Valid until:31. 12. 2030. 16:59
2024-05-26T23:53:23.013+02:00 DEBUG 3612 --- [JWP-Winary] [           main] jdk.event.security                       : X509Certificate: Alg:SHA384withECDSA, Serial:5c8b99c55a94c5d27156decd8980cc26, Subject:CN=USERTrust ECC Certification Authority, O=The USERTRUST Network, L=Jersey City, ST=New Jersey, C=US, Issuer:CN=USERTrust ECC Certification Authority, O=The USERTRUST Network, L=Jersey City, ST=New Jersey, C=US, Key type:EC, Length:384, Cert Id:3329287386, Valid from:01. 02. 2010. 01:00, Valid until:19. 01. 2038. 00:59
2024-05-26T23:53:23.014+02:00 DEBUG 3612 --- [JWP-Winary] [           main] jdk.event.security                       : X509Certificate: Alg:SHA384withRSA, Serial:1fd6d30fca3ca51a81bbc640e35032d, Subject:CN=USERTrust RSA Certification Authority, O=The USERTRUST Network, L=Jersey City, ST=New Jersey, C=US, Issuer:CN=USERTrust RSA Certification Authority, O=The USERTRUST Network, L=Jersey City, ST=New Jersey, C=US, Key type:RSA, Length:4096, Cert Id:3947601401, Valid from:01. 02. 2010. 01:00, Valid until:19. 01. 2038. 00:59
2024-05-26T23:53:23.015+02:00 DEBUG 3612 --- [JWP-Winary] [           main] jdk.event.security                       : X509Certificate: Alg:SHA1withRSA, Serial:44be0c8b500024b411d3362de0b35f1b, Subject:CN=UTN-USERFirst-Object, OU=http://www.usertrust.com, O=The USERTRUST Network, L=Salt Lake City, ST=UT, C=US, Issuer:CN=UTN-USERFirst-Object, OU=http://www.usertrust.com, O=The USERTRUST Network, L=Salt Lake City, ST=UT, C=US, Key type:RSA, Length:2048, Cert Id:3997913868, Valid from:09. 07. 1999. 20:31, Valid until:09. 07. 2019. 20:40
2024-05-26T23:53:23.016+02:00 DEBUG 3612 --- [JWP-Winary] [           main] jdk.event.security                       : X509Certificate: Alg:SHA1withRSA, Serial:9b7e0649a33e62b9d5ee90487129ef57, Subject:CN=VeriSign Class 3 Public Primary Certification Authority - G3, OU="(c) 1999 VeriSign, Inc. - For authorized use only", OU=VeriSign Trust Network, O="VeriSign, Inc.", C=US, Issuer:CN=VeriSign Class 3 Public Primary Certification Authority - G3, OU="(c) 1999 VeriSign, Inc. - For authorized use only", OU=VeriSign Trust Network, O="VeriSign, Inc.", C=US, Key type:RSA, Length:2048, Cert Id:2057300190, Valid from:01. 10. 1999. 02:00, Valid until:17. 07. 2036. 01:59
2024-05-26T23:53:23.017+02:00 DEBUG 3612 --- [JWP-Winary] [           main] jdk.event.security                       : X509Certificate: Alg:SHA384withECDSA, Serial:2f80fe238c0e220f486712289187acb3, Subject:CN=VeriSign Class 3 Public Primary Certification Authority - G4, OU="(c) 2007 VeriSign, Inc. - For authorized use only", OU=VeriSign Trust Network, O="VeriSign, Inc.", C=US, Issuer:CN=VeriSign Class 3 Public Primary Certification Authority - G4, OU="(c) 2007 VeriSign, Inc. - For authorized use only", OU=VeriSign Trust Network, O="VeriSign, Inc.", C=US, Key type:EC, Length:384, Cert Id:4163473319, Valid from:05. 11. 2007. 01:00, Valid until:19. 01. 2038. 00:59
2024-05-26T23:53:23.017+02:00 DEBUG 3612 --- [JWP-Winary] [           main] jdk.event.security                       : X509Certificate: Alg:SHA1withRSA, Serial:18dad19e267de8bb4a2158cdcc6b3b4a, Subject:CN=VeriSign Class 3 Public Primary Certification Authority - G5, OU="(c) 2006 VeriSign, Inc. - For authorized use only", OU=VeriSign Trust Network, O="VeriSign, Inc.", C=US, Issuer:CN=VeriSign Class 3 Public Primary Certification Authority - G5, OU="(c) 2006 VeriSign, Inc. - For authorized use only", OU=VeriSign Trust Network, O="VeriSign, Inc.", C=US, Key type:RSA, Length:2048, Cert Id:303010488, Valid from:08. 11. 2006. 01:00, Valid until:17. 07. 2036. 01:59
2024-05-26T23:53:23.017+02:00 DEBUG 3612 --- [JWP-Winary] [           main] jdk.event.security                       : X509Certificate: Alg:SHA256withRSA, Serial:401ac46421b31321030ebbe4121ac51d, Subject:CN=VeriSign Universal Root Certification Authority, OU="(c) 2008 VeriSign, Inc. - For authorized use only", OU=VeriSign Trust Network, O="VeriSign, Inc.", C=US, Issuer:CN=VeriSign Universal Root Certification Authority, OU="(c) 2008 VeriSign, Inc. - For authorized use only", OU=VeriSign Trust Network, O="VeriSign, Inc.", C=US, Key type:RSA, Length:2048, Cert Id:2318285810, Valid from:02. 04. 2008. 02:00, Valid until:02. 12. 2037. 00:59
2024-05-26T23:53:23.018+02:00 DEBUG 3612 --- [JWP-Winary] [           main] jdk.event.security                       : X509Certificate: Alg:SHA1withRSA, Serial:50946cec18ead59c4dd597ef758fa0ad, Subject:CN=XRamp Global Certification Authority, O=XRamp Security Services Inc, OU=www.xrampsecurity.com, C=US, Issuer:CN=XRamp Global Certification Authority, O=XRamp Security Services Inc, OU=www.xrampsecurity.com, C=US, Key type:RSA, Length:2048, Cert Id:3342493210, Valid from:01. 11. 2004. 18:14, Valid until:01. 01. 2035. 06:37
2024-05-26T23:53:23.022+02:00 DEBUG 3612 --- [JWP-Winary] [           main] o.s.b.f.s.DefaultListableBeanFactory     : Creating shared instance of singleton bean 'org.springframework.security.config.annotation.configuration.ObjectPostProcessorConfiguration'
2024-05-26T23:53:23.022+02:00 DEBUG 3612 --- [JWP-Winary] [           main] o.s.b.f.s.DefaultListableBeanFactory     : Creating shared instance of singleton bean 'objectPostProcessor'
2024-05-26T23:53:23.022+02:00 DEBUG 3612 --- [JWP-Winary] [           main] o.s.b.f.s.DefaultListableBeanFactory     : Autowiring by type from bean name 'objectPostProcessor' via factory method to bean named 'org.springframework.beans.factory.support.DefaultListableBeanFactory@46baf579'
2024-05-26T23:53:23.023+02:00 DEBUG 3612 --- [JWP-Winary] [           main] o.s.b.f.s.DefaultListableBeanFactory     : Creating shared instance of singleton bean 'org.springframework.security.config.annotation.authentication.configuration.AuthenticationConfiguration'
2024-05-26T23:53:23.025+02:00 DEBUG 3612 --- [JWP-Winary] [           main] o.s.b.f.s.DefaultListableBeanFactory     : Creating shared instance of singleton bean 'enableGlobalAuthenticationAutowiredConfigurer'
2024-05-26T23:53:23.025+02:00 DEBUG 3612 --- [JWP-Winary] [           main] o.s.b.f.s.DefaultListableBeanFactory     : Autowiring by type from bean name 'enableGlobalAuthenticationAutowiredConfigurer' via factory method to bean named 'org.springframework.web.context.support.GenericWebApplicationContext@33c2bd'
2024-05-26T23:53:23.026+02:00 DEBUG 3612 --- [JWP-Winary] [           main] o.s.b.f.s.DefaultListableBeanFactory     : Creating shared instance of singleton bean 'initializeUserDetailsBeanManagerConfigurer'
2024-05-26T23:53:23.026+02:00 DEBUG 3612 --- [JWP-Winary] [           main] o.s.b.f.s.DefaultListableBeanFactory     : Autowiring by type from bean name 'initializeUserDetailsBeanManagerConfigurer' via factory method to bean named 'org.springframework.web.context.support.GenericWebApplicationContext@33c2bd'
2024-05-26T23:53:23.027+02:00 DEBUG 3612 --- [JWP-Winary] [           main] o.s.b.f.s.DefaultListableBeanFactory     : Creating shared instance of singleton bean 'initializeAuthenticationProviderBeanManagerConfigurer'
2024-05-26T23:53:23.027+02:00 DEBUG 3612 --- [JWP-Winary] [           main] o.s.b.f.s.DefaultListableBeanFactory     : Autowiring by type from bean name 'initializeAuthenticationProviderBeanManagerConfigurer' via factory method to bean named 'org.springframework.web.context.support.GenericWebApplicationContext@33c2bd'
2024-05-26T23:53:23.029+02:00 DEBUG 3612 --- [JWP-Winary] [           main] o.s.b.f.s.DefaultListableBeanFactory     : Creating shared instance of singleton bean 'authenticationManagerBuilder'
2024-05-26T23:53:23.029+02:00 DEBUG 3612 --- [JWP-Winary] [           main] o.s.b.f.s.DefaultListableBeanFactory     : Autowiring by type from bean name 'authenticationManagerBuilder' via factory method to bean named 'objectPostProcessor'
2024-05-26T23:53:23.029+02:00 DEBUG 3612 --- [JWP-Winary] [           main] o.s.b.f.s.DefaultListableBeanFactory     : Autowiring by type from bean name 'authenticationManagerBuilder' via factory method to bean named 'org.springframework.web.context.support.GenericWebApplicationContext@33c2bd'
2024-05-26T23:53:23.030+02:00 DEBUG 3612 --- [JWP-Winary] [           main] o.s.b.f.s.DefaultListableBeanFactory     : Creating shared instance of singleton bean 'authenticationEventPublisher'
2024-05-26T23:53:23.030+02:00 DEBUG 3612 --- [JWP-Winary] [           main] o.s.b.f.s.DefaultListableBeanFactory     : Creating shared instance of singleton bean 'org.springframework.boot.autoconfigure.security.servlet.SecurityAutoConfiguration'
2024-05-26T23:53:23.031+02:00 DEBUG 3612 --- [JWP-Winary] [           main] o.s.b.f.s.DefaultListableBeanFactory     : Autowiring by type from bean name 'authenticationEventPublisher' via factory method to bean named 'org.springframework.web.context.support.GenericWebApplicationContext@33c2bd'
2024-05-26T23:53:23.043+02:00 DEBUG 3612 --- [JWP-Winary] [           main] o.s.b.f.s.DefaultListableBeanFactory     : Creating shared instance of singleton bean 'org.springframework.security.config.annotation.web.configuration.WebSecurityConfiguration'
2024-05-26T23:53:23.045+02:00 DEBUG 3612 --- [JWP-Winary] [           main] o.s.b.f.s.DefaultListableBeanFactory     : Creating shared instance of singleton bean 'org.springframework.security.config.annotation.web.configuration.HttpSecurityConfiguration'
2024-05-26T23:53:23.050+02:00 DEBUG 3612 --- [JWP-Winary] [           main] o.s.b.f.s.DefaultListableBeanFactory     : Creating shared instance of singleton bean 'mvcContentNegotiationManager'
2024-05-26T23:53:23.050+02:00 DEBUG 3612 --- [JWP-Winary] [           main] o.s.b.f.s.DefaultListableBeanFactory     : Creating shared instance of singleton bean 'org.springframework.boot.autoconfigure.web.servlet.WebMvcAutoConfiguration$EnableWebMvcConfiguration'
2024-05-26T23:53:23.051+02:00 DEBUG 3612 --- [JWP-Winary] [           main] o.s.b.f.s.DefaultListableBeanFactory     : Creating shared instance of singleton bean 'spring.mvc-org.springframework.boot.autoconfigure.web.servlet.WebMvcProperties'
2024-05-26T23:53:23.055+02:00 DEBUG 3612 --- [JWP-Winary] [           main] o.s.b.f.s.DefaultListableBeanFactory     : Creating shared instance of singleton bean 'spring.web-org.springframework.boot.autoconfigure.web.WebProperties'
2024-05-26T23:53:23.059+02:00 DEBUG 3612 --- [JWP-Winary] [           main] o.s.b.f.s.DefaultListableBeanFactory     : Autowiring by type from bean name 'org.springframework.boot.autoconfigure.web.servlet.WebMvcAutoConfiguration$EnableWebMvcConfiguration' via constructor to bean named 'spring.mvc-org.springframework.boot.autoconfigure.web.servlet.WebMvcProperties'
2024-05-26T23:53:23.059+02:00 DEBUG 3612 --- [JWP-Winary] [           main] o.s.b.f.s.DefaultListableBeanFactory     : Autowiring by type from bean name 'org.springframework.boot.autoconfigure.web.servlet.WebMvcAutoConfiguration$EnableWebMvcConfiguration' via constructor to bean named 'spring.web-org.springframework.boot.autoconfigure.web.WebProperties'
2024-05-26T23:53:23.059+02:00 DEBUG 3612 --- [JWP-Winary] [           main] o.s.b.f.s.DefaultListableBeanFactory     : Autowiring by type from bean name 'org.springframework.boot.autoconfigure.web.servlet.WebMvcAutoConfiguration$EnableWebMvcConfiguration' via constructor to bean named 'org.springframework.beans.factory.support.DefaultListableBeanFactory@46baf579'
2024-05-26T23:53:23.063+02:00 DEBUG 3612 --- [JWP-Winary] [           main] o.s.b.f.s.DefaultListableBeanFactory     : Creating shared instance of singleton bean 'org.springframework.security.config.annotation.web.configuration.WebMvcSecurityConfiguration'
2024-05-26T23:53:23.064+02:00 DEBUG 3612 --- [JWP-Winary] [           main] o.s.b.f.s.DefaultListableBeanFactory     : Creating shared instance of singleton bean 'org.springframework.security.config.annotation.web.configuration.OAuth2ClientConfiguration$OAuth2ClientWebMvcSecurityConfiguration'
2024-05-26T23:53:23.067+02:00 DEBUG 3612 --- [JWP-Winary] [           main] o.s.b.f.s.DefaultListableBeanFactory     : Creating shared instance of singleton bean 'org.springframework.boot.autoconfigure.web.servlet.WebMvcAutoConfiguration$WebMvcAutoConfigurationAdapter'
2024-05-26T23:53:23.068+02:00 DEBUG 3612 --- [JWP-Winary] [           main] o.s.b.f.s.DefaultListableBeanFactory     : Autowiring by type from bean name 'org.springframework.boot.autoconfigure.web.servlet.WebMvcAutoConfiguration$WebMvcAutoConfigurationAdapter' via constructor to bean named 'spring.web-org.springframework.boot.autoconfigure.web.WebProperties'
2024-05-26T23:53:23.068+02:00 DEBUG 3612 --- [JWP-Winary] [           main] o.s.b.f.s.DefaultListableBeanFactory     : Autowiring by type from bean name 'org.springframework.boot.autoconfigure.web.servlet.WebMvcAutoConfiguration$WebMvcAutoConfigurationAdapter' via constructor to bean named 'spring.mvc-org.springframework.boot.autoconfigure.web.servlet.WebMvcProperties'
2024-05-26T23:53:23.068+02:00 DEBUG 3612 --- [JWP-Winary] [           main] o.s.b.f.s.DefaultListableBeanFactory     : Autowiring by type from bean name 'org.springframework.boot.autoconfigure.web.servlet.WebMvcAutoConfiguration$WebMvcAutoConfigurationAdapter' via constructor to bean named 'org.springframework.beans.factory.support.DefaultListableBeanFactory@46baf579'
2024-05-26T23:53:23.070+02:00 DEBUG 3612 --- [JWP-Winary] [           main] o.s.b.f.s.DefaultListableBeanFactory     : Creating shared instance of singleton bean 'openEntityManagerInViewInterceptorConfigurer'
2024-05-26T23:53:23.070+02:00 DEBUG 3612 --- [JWP-Winary] [           main] o.s.b.f.s.DefaultListableBeanFactory     : Creating shared instance of singleton bean 'org.springframework.boot.autoconfigure.orm.jpa.JpaBaseConfiguration$JpaWebConfiguration'
2024-05-26T23:53:23.071+02:00 DEBUG 3612 --- [JWP-Winary] [           main] o.s.b.f.s.DefaultListableBeanFactory     : Autowiring by type from bean name 'org.springframework.boot.autoconfigure.orm.jpa.JpaBaseConfiguration$JpaWebConfiguration' via constructor to bean named 'spring.jpa-org.springframework.boot.autoconfigure.orm.jpa.JpaProperties'
2024-05-26T23:53:23.071+02:00 DEBUG 3612 --- [JWP-Winary] [           main] o.s.b.f.s.DefaultListableBeanFactory     : Creating shared instance of singleton bean 'openEntityManagerInViewInterceptor'
2024-05-26T23:53:23.071+02:00  WARN 3612 --- [JWP-Winary] [           main] JpaBaseConfiguration$JpaWebConfiguration : spring.jpa.open-in-view is enabled by default. Therefore, database queries may be performed during view rendering. Explicitly configure spring.jpa.open-in-view to disable this warning
2024-05-26T23:53:23.076+02:00 DEBUG 3612 --- [JWP-Winary] [           main] o.s.b.f.s.DefaultListableBeanFactory     : Autowiring by type from bean name 'openEntityManagerInViewInterceptorConfigurer' via factory method to bean named 'openEntityManagerInViewInterceptor'
2024-05-26T23:53:23.077+02:00 DEBUG 3612 --- [JWP-Winary] [           main] o.s.b.f.s.DefaultListableBeanFactory     : Creating shared instance of singleton bean 'org.springframework.data.web.config.SpringDataWebConfiguration'
2024-05-26T23:53:23.078+02:00 DEBUG 3612 --- [JWP-Winary] [           main] o.s.b.f.s.DefaultListableBeanFactory     : Autowiring by type from bean name 'org.springframework.data.web.config.SpringDataWebConfiguration' via constructor to bean named 'org.springframework.web.context.support.GenericWebApplicationContext@33c2bd'
2024-05-26T23:53:23.090+02:00 DEBUG 3612 --- [JWP-Winary] [           main] o.s.b.f.s.DefaultListableBeanFactory     : Creating shared instance of singleton bean 'passwordEncoder'
2024-05-26T23:53:23.219+02:00 DEBUG 3612 --- [JWP-Winary] [           main] o.s.b.f.s.DefaultListableBeanFactory     : Creating shared instance of singleton bean 'mvcHandlerMappingIntrospectorRequestTransformer'
2024-05-26T23:53:23.220+02:00 DEBUG 3612 --- [JWP-Winary] [           main] o.s.b.f.s.DefaultListableBeanFactory     : Creating shared instance of singleton bean 'mvcHandlerMappingIntrospector'
2024-05-26T23:53:23.228+02:00 DEBUG 3612 --- [JWP-Winary] [           main] o.s.b.f.s.DefaultListableBeanFactory     : Creating shared instance of singleton bean 'welcomePageHandlerMapping'
2024-05-26T23:53:23.228+02:00 DEBUG 3612 --- [JWP-Winary] [           main] o.s.b.f.s.DefaultListableBeanFactory     : Creating shared instance of singleton bean 'mvcConversionService'
2024-05-26T23:53:23.242+02:00 DEBUG 3612 --- [JWP-Winary] [           main] o.s.b.f.s.DefaultListableBeanFactory     : Creating shared instance of singleton bean 'mvcResourceUrlProvider'
2024-05-26T23:53:23.244+02:00 DEBUG 3612 --- [JWP-Winary] [           main] o.s.b.f.s.DefaultListableBeanFactory     : Autowiring by type from bean name 'welcomePageHandlerMapping' via factory method to bean named 'org.springframework.web.context.support.GenericWebApplicationContext@33c2bd'
2024-05-26T23:53:23.244+02:00 DEBUG 3612 --- [JWP-Winary] [           main] o.s.b.f.s.DefaultListableBeanFactory     : Autowiring by type from bean name 'welcomePageHandlerMapping' via factory method to bean named 'mvcConversionService'
2024-05-26T23:53:23.244+02:00 DEBUG 3612 --- [JWP-Winary] [           main] o.s.b.f.s.DefaultListableBeanFactory     : Autowiring by type from bean name 'welcomePageHandlerMapping' via factory method to bean named 'mvcResourceUrlProvider'
2024-05-26T23:53:23.251+02:00  INFO 3612 --- [JWP-Winary] [           main] o.s.b.a.w.s.WelcomePageHandlerMapping    : Adding welcome page template: index
2024-05-26T23:53:23.262+02:00 DEBUG 3612 --- [JWP-Winary] [           main] o.s.b.f.s.DefaultListableBeanFactory     : Creating shared instance of singleton bean 'welcomePageNotAcceptableHandlerMapping'
2024-05-26T23:53:23.262+02:00 DEBUG 3612 --- [JWP-Winary] [           main] o.s.b.f.s.DefaultListableBeanFactory     : Autowiring by type from bean name 'welcomePageNotAcceptableHandlerMapping' via factory method to bean named 'org.springframework.web.context.support.GenericWebApplicationContext@33c2bd'
2024-05-26T23:53:23.262+02:00 DEBUG 3612 --- [JWP-Winary] [           main] o.s.b.f.s.DefaultListableBeanFactory     : Autowiring by type from bean name 'welcomePageNotAcceptableHandlerMapping' via factory method to bean named 'mvcConversionService'
2024-05-26T23:53:23.262+02:00 DEBUG 3612 --- [JWP-Winary] [           main] o.s.b.f.s.DefaultListableBeanFactory     : Autowiring by type from bean name 'welcomePageNotAcceptableHandlerMapping' via factory method to bean named 'mvcResourceUrlProvider'
2024-05-26T23:53:23.268+02:00 DEBUG 3612 --- [JWP-Winary] [           main] o.s.b.f.s.DefaultListableBeanFactory     : Creating shared instance of singleton bean 'requestMappingHandlerMapping'
2024-05-26T23:53:23.269+02:00 DEBUG 3612 --- [JWP-Winary] [           main] o.s.b.f.s.DefaultListableBeanFactory     : Autowiring by type from bean name 'requestMappingHandlerMapping' via factory method to bean named 'mvcContentNegotiationManager'
2024-05-26T23:53:23.269+02:00 DEBUG 3612 --- [JWP-Winary] [           main] o.s.b.f.s.DefaultListableBeanFactory     : Autowiring by type from bean name 'requestMappingHandlerMapping' via factory method to bean named 'mvcConversionService'
2024-05-26T23:53:23.269+02:00 DEBUG 3612 --- [JWP-Winary] [           main] o.s.b.f.s.DefaultListableBeanFactory     : Autowiring by type from bean name 'requestMappingHandlerMapping' via factory method to bean named 'mvcResourceUrlProvider'
2024-05-26T23:53:23.303+02:00 DEBUG 3612 --- [JWP-Winary] [           main] _.s.web.servlet.HandlerMapping.Mappings  : 
	h.w.w.j.c.m.AdminController:
	{GET [/admin/wines]}: getAllWines(Model)
	{GET [/admin]}: adminHome()
	{GET [/admin/userlogins]}: userLogins(Model)
	{GET [/admin/wines/delete/{id}]}: deleteWine(Long)
	{GET [/admin/wines/update/{id}]}: updateWine(Long,Model)
	{GET [/admin/categories/delete/{id}]}: deleteCategory(Integer)
	{GET [/admin/categories/add]}: getAddCategories(Model)
	{POST [/admin/categories/add]}: postAddCategories(Category)
	{GET [/admin/wines/add]}: getAddWines(Model)
	{GET [/admin/categories/update/{id}]}: updateCategory(Integer,Model)
	{POST [/admin/wines/add]}: postAddWines(WineDTO,MultipartFile,String)
	{GET [/user/purchaseHistory]}: getPurchaseHistory(Model)
	{GET [/admin/categories]}: getCategories(Model)
2024-05-26T23:53:23.308+02:00 DEBUG 3612 --- [JWP-Winary] [           main] _.s.web.servlet.HandlerMapping.Mappings  : 
	h.w.w.j.c.m.CartController:
	{POST [/order/paypal]}: completeOrderWithPayPal(UserDetails,Model)
	{GET [/addToCart/{id}]}: addToCart(Long)
	{GET [/checkout]}: checkout(Model,UserDetails)
	{GET [/cart]}: getCart(Model)
	{GET [/cart/increase/{index}]}: increaseCartItem(int)
	{GET [/order/paybycash]}: completeOrder(UserDetails,Model)
	{GET [/cart/removeItem/{index}]}: removeCartItem(int)
	{GET [/order/complete]}: getCompleteOrder(Model)
	{GET [/cart/decrease/{index}]}: decreaseCartItem(int)
2024-05-26T23:53:23.309+02:00 DEBUG 3612 --- [JWP-Winary] [           main] _.s.web.servlet.HandlerMapping.Mappings  : 
	h.w.w.j.c.m.ErrorController:
	{GET [/403]}: error403()
2024-05-26T23:53:23.310+02:00 DEBUG 3612 --- [JWP-Winary] [           main] _.s.web.servlet.HandlerMapping.Mappings  : 
	h.w.w.j.c.m.HomeController:
	{GET [/home || /]}: home(Model)
	{GET [/user/mypurchaseHistory]}: getMyPurchaseHistory(Model)
	{GET [/shop/viewwine/{id}]}: viewWine(Model,Long)
	{GET [/shop]}: shop(Model)
	{GET [/shop/category/{id}]}: shopByCategory(Model,Integer)
2024-05-26T23:53:23.311+02:00 DEBUG 3612 --- [JWP-Winary] [           main] _.s.web.servlet.HandlerMapping.Mappings  : 
	h.w.w.j.c.m.PaymentController:
	{GET [/payment/cancel]}: paymentCancel()
	{GET [/payment/success]}: paymentSuccess(String,String)
	{GET [/payment/error]}: paymentError()
	{GET [/payment/create]}: initiatePayment(UserDetails,Model)
2024-05-26T23:53:23.318+02:00 DEBUG 3612 --- [JWP-Winary] [           main] _.s.web.servlet.HandlerMapping.Mappings  : 
	o.s.b.a.w.s.e.BasicErrorController:
	{ [/error]}: error(HttpServletRequest)
	{ [/error], produces [text/html]}: errorHtml(HttpServletRequest,HttpServletResponse)
2024-05-26T23:53:23.321+02:00 DEBUG 3612 --- [JWP-Winary] [           main] s.w.s.m.m.a.RequestMappingHandlerMapping : 34 mappings in 'requestMappingHandlerMapping'
2024-05-26T23:53:23.323+02:00 DEBUG 3612 --- [JWP-Winary] [           main] o.s.b.f.s.DefaultListableBeanFactory     : Creating shared instance of singleton bean 'viewControllerHandlerMapping'
2024-05-26T23:53:23.324+02:00 DEBUG 3612 --- [JWP-Winary] [           main] o.s.b.f.s.DefaultListableBeanFactory     : Autowiring by type from bean name 'viewControllerHandlerMapping' via factory method to bean named 'mvcConversionService'
2024-05-26T23:53:23.324+02:00 DEBUG 3612 --- [JWP-Winary] [           main] o.s.b.f.s.DefaultListableBeanFactory     : Autowiring by type from bean name 'viewControllerHandlerMapping' via factory method to bean named 'mvcResourceUrlProvider'
2024-05-26T23:53:23.325+02:00 DEBUG 3612 --- [JWP-Winary] [           main] o.s.b.f.s.DefaultListableBeanFactory     : Creating shared instance of singleton bean 'beanNameHandlerMapping'
2024-05-26T23:53:23.326+02:00 DEBUG 3612 --- [JWP-Winary] [           main] o.s.b.f.s.DefaultListableBeanFactory     : Autowiring by type from bean name 'beanNameHandlerMapping' via factory method to bean named 'mvcConversionService'
2024-05-26T23:53:23.326+02:00 DEBUG 3612 --- [JWP-Winary] [           main] o.s.b.f.s.DefaultListableBeanFactory     : Autowiring by type from bean name 'beanNameHandlerMapping' via factory method to bean named 'mvcResourceUrlProvider'
2024-05-26T23:53:23.327+02:00 DEBUG 3612 --- [JWP-Winary] [           main] _.s.web.servlet.HandlerMapping.Mappings  : 'beanNameHandlerMapping' {}
2024-05-26T23:53:23.328+02:00 DEBUG 3612 --- [JWP-Winary] [           main] o.s.b.f.s.DefaultListableBeanFactory     : Creating shared instance of singleton bean 'routerFunctionMapping'
2024-05-26T23:53:23.329+02:00 DEBUG 3612 --- [JWP-Winary] [           main] o.s.b.f.s.DefaultListableBeanFactory     : Autowiring by type from bean name 'routerFunctionMapping' via factory method to bean named 'mvcConversionService'
2024-05-26T23:53:23.329+02:00 DEBUG 3612 --- [JWP-Winary] [           main] o.s.b.f.s.DefaultListableBeanFactory     : Autowiring by type from bean name 'routerFunctionMapping' via factory method to bean named 'mvcResourceUrlProvider'
2024-05-26T23:53:23.330+02:00 DEBUG 3612 --- [JWP-Winary] [           main] o.s.b.f.s.DefaultListableBeanFactory     : Creating shared instance of singleton bean 'messageConverters'
2024-05-26T23:53:23.330+02:00 DEBUG 3612 --- [JWP-Winary] [           main] o.s.b.f.s.DefaultListableBeanFactory     : Creating shared instance of singleton bean 'org.springframework.boot.autoconfigure.http.HttpMessageConvertersAutoConfiguration'
2024-05-26T23:53:23.334+02:00 DEBUG 3612 --- [JWP-Winary] [           main] o.s.b.f.s.DefaultListableBeanFactory     : Creating shared instance of singleton bean 'stringHttpMessageConverter'
2024-05-26T23:53:23.334+02:00 DEBUG 3612 --- [JWP-Winary] [           main] o.s.b.f.s.DefaultListableBeanFactory     : Creating shared instance of singleton bean 'org.springframework.boot.autoconfigure.http.HttpMessageConvertersAutoConfiguration$StringHttpMessageConverterConfiguration'
2024-05-26T23:53:23.335+02:00 DEBUG 3612 --- [JWP-Winary] [           main] o.s.b.f.s.DefaultListableBeanFactory     : Autowiring by type from bean name 'stringHttpMessageConverter' via factory method to bean named 'environment'
2024-05-26T23:53:23.339+02:00 DEBUG 3612 --- [JWP-Winary] [           main] o.s.b.f.s.DefaultListableBeanFactory     : Creating shared instance of singleton bean 'mappingJackson2HttpMessageConverter'
2024-05-26T23:53:23.339+02:00 DEBUG 3612 --- [JWP-Winary] [           main] o.s.b.f.s.DefaultListableBeanFactory     : Creating shared instance of singleton bean 'org.springframework.boot.autoconfigure.http.JacksonHttpMessageConvertersConfiguration$MappingJackson2HttpMessageConverterConfiguration'
2024-05-26T23:53:23.339+02:00 DEBUG 3612 --- [JWP-Winary] [           main] o.s.b.f.s.DefaultListableBeanFactory     : Creating shared instance of singleton bean 'jacksonObjectMapper'
2024-05-26T23:53:23.339+02:00 DEBUG 3612 --- [JWP-Winary] [           main] o.s.b.f.s.DefaultListableBeanFactory     : Creating shared instance of singleton bean 'org.springframework.boot.autoconfigure.jackson.JacksonAutoConfiguration$JacksonObjectMapperConfiguration'
2024-05-26T23:53:23.340+02:00 DEBUG 3612 --- [JWP-Winary] [           main] o.s.b.f.s.DefaultListableBeanFactory     : Creating shared instance of singleton bean 'org.springframework.boot.autoconfigure.jackson.JacksonAutoConfiguration$JacksonObjectMapperBuilderConfiguration'
2024-05-26T23:53:23.341+02:00 DEBUG 3612 --- [JWP-Winary] [           main] o.s.b.f.s.DefaultListableBeanFactory     : Creating shared instance of singleton bean 'standardJacksonObjectMapperBuilderCustomizer'
2024-05-26T23:53:23.341+02:00 DEBUG 3612 --- [JWP-Winary] [           main] o.s.b.f.s.DefaultListableBeanFactory     : Creating shared instance of singleton bean 'org.springframework.boot.autoconfigure.jackson.JacksonAutoConfiguration$Jackson2ObjectMapperBuilderCustomizerConfiguration'
2024-05-26T23:53:23.342+02:00 DEBUG 3612 --- [JWP-Winary] [           main] o.s.b.f.s.DefaultListableBeanFactory     : Creating shared instance of singleton bean 'spring.jackson-org.springframework.boot.autoconfigure.jackson.JacksonProperties'
2024-05-26T23:53:23.344+02:00 DEBUG 3612 --- [JWP-Winary] [           main] o.s.b.f.s.DefaultListableBeanFactory     : Autowiring by type from bean name 'standardJacksonObjectMapperBuilderCustomizer' via factory method to bean named 'spring.jackson-org.springframework.boot.autoconfigure.jackson.JacksonProperties'
2024-05-26T23:53:23.345+02:00 DEBUG 3612 --- [JWP-Winary] [           main] o.s.b.f.s.DefaultListableBeanFactory     : Creating shared instance of singleton bean 'parameterNamesModule'
2024-05-26T23:53:23.345+02:00 DEBUG 3612 --- [JWP-Winary] [           main] o.s.b.f.s.DefaultListableBeanFactory     : Creating shared instance of singleton bean 'org.springframework.boot.autoconfigure.jackson.JacksonAutoConfiguration$ParameterNamesModuleConfiguration'
2024-05-26T23:53:23.349+02:00 DEBUG 3612 --- [JWP-Winary] [           main] o.s.b.f.s.DefaultListableBeanFactory     : Creating shared instance of singleton bean 'jsonMixinModule'
2024-05-26T23:53:23.349+02:00 DEBUG 3612 --- [JWP-Winary] [           main] o.s.b.f.s.DefaultListableBeanFactory     : Creating shared instance of singleton bean 'org.springframework.boot.autoconfigure.jackson.JacksonAutoConfiguration$JacksonMixinConfiguration'
2024-05-26T23:53:23.350+02:00 DEBUG 3612 --- [JWP-Winary] [           main] o.s.b.f.s.DefaultListableBeanFactory     : Creating shared instance of singleton bean 'jsonMixinModuleEntries'
2024-05-26T23:53:23.350+02:00 DEBUG 3612 --- [JWP-Winary] [           main] o.s.b.f.s.DefaultListableBeanFactory     : Autowiring by type from bean name 'jsonMixinModuleEntries' via factory method to bean named 'org.springframework.web.context.support.GenericWebApplicationContext@33c2bd'
2024-05-26T23:53:23.356+02:00 DEBUG 3612 --- [JWP-Winary] [           main] o.s.b.f.s.DefaultListableBeanFactory     : Autowiring by type from bean name 'jsonMixinModule' via factory method to bean named 'org.springframework.web.context.support.GenericWebApplicationContext@33c2bd'
2024-05-26T23:53:23.356+02:00 DEBUG 3612 --- [JWP-Winary] [           main] o.s.b.f.s.DefaultListableBeanFactory     : Autowiring by type from bean name 'jsonMixinModule' via factory method to bean named 'jsonMixinModuleEntries'
2024-05-26T23:53:23.358+02:00 DEBUG 3612 --- [JWP-Winary] [           main] o.s.b.f.s.DefaultListableBeanFactory     : Creating shared instance of singleton bean 'jsonComponentModule'
2024-05-26T23:53:23.358+02:00 DEBUG 3612 --- [JWP-Winary] [           main] o.s.b.f.s.DefaultListableBeanFactory     : Creating shared instance of singleton bean 'org.springframework.boot.autoconfigure.jackson.JacksonAutoConfiguration'
2024-05-26T23:53:23.361+02:00 DEBUG 3612 --- [JWP-Winary] [           main] o.s.b.f.s.DefaultListableBeanFactory     : Creating shared instance of singleton bean 'jacksonGeoModule'
2024-05-26T23:53:23.361+02:00 DEBUG 3612 --- [JWP-Winary] [           main] o.s.b.f.s.DefaultListableBeanFactory     : Creating shared instance of singleton bean 'org.springframework.data.web.config.SpringDataJacksonConfiguration'
2024-05-26T23:53:23.366+02:00 DEBUG 3612 --- [JWP-Winary] [           main] o.s.b.f.s.DefaultListableBeanFactory     : Creating shared instance of singleton bean 'pageModule'
2024-05-26T23:53:23.368+02:00 DEBUG 3612 --- [JWP-Winary] [           main] o.s.b.f.s.DefaultListableBeanFactory     : Autowiring by type from bean name 'jacksonObjectMapperBuilder' via factory method to bean named 'org.springframework.web.context.support.GenericWebApplicationContext@33c2bd'
2024-05-26T23:53:23.368+02:00 DEBUG 3612 --- [JWP-Winary] [           main] o.s.b.f.s.DefaultListableBeanFactory     : Autowiring by type from bean name 'jacksonObjectMapperBuilder' via factory method to bean named 'standardJacksonObjectMapperBuilderCustomizer'
2024-05-26T23:53:23.370+02:00 DEBUG 3612 --- [JWP-Winary] [           main] o.s.b.f.s.DefaultListableBeanFactory     : Autowiring by type from bean name 'jacksonObjectMapper' via factory method to bean named 'jacksonObjectMapperBuilder'
2024-05-26T23:53:23.403+02:00 DEBUG 3612 --- [JWP-Winary] [           main] o.s.b.f.s.DefaultListableBeanFactory     : Autowiring by type from bean name 'mappingJackson2HttpMessageConverter' via factory method to bean named 'jacksonObjectMapper'
2024-05-26T23:53:23.463+02:00 DEBUG 3612 --- [JWP-Winary] [           main] o.s.b.f.s.DefaultListableBeanFactory     : Creating shared instance of singleton bean 'resourceHandlerMapping'
2024-05-26T23:53:23.463+02:00 DEBUG 3612 --- [JWP-Winary] [           main] o.s.b.f.s.DefaultListableBeanFactory     : Autowiring by type from bean name 'resourceHandlerMapping' via factory method to bean named 'mvcContentNegotiationManager'
2024-05-26T23:53:23.463+02:00 DEBUG 3612 --- [JWP-Winary] [           main] o.s.b.f.s.DefaultListableBeanFactory     : Autowiring by type from bean name 'resourceHandlerMapping' via factory method to bean named 'mvcConversionService'
2024-05-26T23:53:23.463+02:00 DEBUG 3612 --- [JWP-Winary] [           main] o.s.b.f.s.DefaultListableBeanFactory     : Autowiring by type from bean name 'resourceHandlerMapping' via factory method to bean named 'mvcResourceUrlProvider'
2024-05-26T23:53:23.480+02:00 DEBUG 3612 --- [JWP-Winary] [           main] _.s.web.servlet.HandlerMapping.Mappings  : 'resourceHandlerMapping' {/webjars/**=ResourceHttpRequestHandler [classpath [META-INF/resources/webjars/]], /**=ResourceHttpRequestHandler [classpath [META-INF/resources/], classpath [resources/], classpath [static/], classpath [public/], ServletContext [/]], /images/**=ResourceHttpRequestHandler [URL [file:C:/Users/Isabelle/Desktop/VUA/Semestar6/JWP/JWP-Winary/]]}
2024-05-26T23:53:23.495+02:00 DEBUG 3612 --- [JWP-Winary] [           main] o.s.b.f.s.DefaultListableBeanFactory     : Creating shared instance of singleton bean 'defaultServletHandlerMapping'
2024-05-26T23:53:23.502+02:00 DEBUG 3612 --- [JWP-Winary] [           main] o.s.b.f.s.DefaultListableBeanFactory     : Creating shared instance of singleton bean 'filterChain'
2024-05-26T23:53:23.502+02:00 DEBUG 3612 --- [JWP-Winary] [           main] o.s.b.f.s.DefaultListableBeanFactory     : Autowiring by type from bean name 'filterChain' via factory method to bean named 'org.springframework.security.config.annotation.web.configuration.HttpSecurityConfiguration.httpSecurity'
2024-05-26T23:53:23.525+02:00 DEBUG 3612 --- [JWP-Winary] [           main] o.s.b.f.s.DefaultListableBeanFactory     : Creating shared instance of singleton bean 'accessDeniedHandler'
2024-05-26T23:53:23.551+02:00  INFO 3612 --- [JWP-Winary] [           main] o.s.s.web.DefaultSecurityFilterChain     : Will secure any request with [org.springframework.security.web.session.DisableEncodeUrlFilter@360d0c7a, org.springframework.security.web.context.request.async.WebAsyncManagerIntegrationFilter@32f8a37b, org.springframework.security.web.context.SecurityContextHolderFilter@76cad511, org.springframework.security.web.header.HeaderWriterFilter@3bea478e, org.springframework.web.filter.CorsFilter@657e7e8, org.springframework.security.web.csrf.CsrfFilter@d970881, org.springframework.security.web.authentication.logout.LogoutFilter@5be8a92c, org.springframework.security.web.authentication.UsernamePasswordAuthenticationFilter@71e2ddd, org.springframework.security.web.authentication.ui.DefaultLoginPageGeneratingFilter@5dd62f07, org.springframework.security.web.authentication.ui.DefaultLogoutPageGeneratingFilter@1b4ade78, org.springframework.security.web.savedrequest.RequestCacheAwareFilter@3338d706, org.springframework.security.web.servletapi.SecurityContextHolderAwareRequestFilter@f776b4a, org.springframework.security.web.authentication.AnonymousAuthenticationFilter@45fa7fb7, org.springframework.security.web.access.ExceptionTranslationFilter@49dacc93, org.springframework.security.web.access.intercept.AuthorizationFilter@53630682]
2024-05-26T23:53:23.553+02:00 DEBUG 3612 --- [JWP-Winary] [           main] o.s.b.f.s.DefaultListableBeanFactory     : Creating shared instance of singleton bean 'delegatingApplicationListener'
2024-05-26T23:53:23.553+02:00 DEBUG 3612 --- [JWP-Winary] [           main] o.s.b.f.s.DefaultListableBeanFactory     : Creating shared instance of singleton bean 'springSecurityFilterChain'
2024-05-26T23:53:23.566+02:00 DEBUG 3612 --- [JWP-Winary] [           main] o.s.b.f.s.DefaultListableBeanFactory     : Creating shared instance of singleton bean 'webSecurityExpressionHandler'
2024-05-26T23:53:23.566+02:00 DEBUG 3612 --- [JWP-Winary] [           main] o.s.b.f.s.DefaultListableBeanFactory     : Creating shared instance of singleton bean 'privilegeEvaluator'
2024-05-26T23:53:23.567+02:00 DEBUG 3612 --- [JWP-Winary] [           main] o.s.b.f.s.DefaultListableBeanFactory     : Creating shared instance of singleton bean 'requestDataValueProcessor'
2024-05-26T23:53:23.568+02:00 DEBUG 3612 --- [JWP-Winary] [           main] o.s.b.f.s.DefaultListableBeanFactory     : Creating shared instance of singleton bean 'org.springframework.security.config.annotation.web.configuration.OAuth2ClientConfiguration'
2024-05-26T23:53:23.568+02:00 DEBUG 3612 --- [JWP-Winary] [           main] o.s.b.f.s.DefaultListableBeanFactory     : Creating shared instance of singleton bean 'org.springframework.boot.autoconfigure.context.PropertyPlaceholderAutoConfiguration'
2024-05-26T23:53:23.569+02:00 DEBUG 3612 --- [JWP-Winary] [           main] o.s.b.f.s.DefaultListableBeanFactory     : Creating shared instance of singleton bean 'org.springframework.boot.autoconfigure.ssl.SslAutoConfiguration'
2024-05-26T23:53:23.569+02:00 DEBUG 3612 --- [JWP-Winary] [           main] o.s.b.f.s.DefaultListableBeanFactory     : Creating shared instance of singleton bean 'spring.ssl-org.springframework.boot.autoconfigure.ssl.SslProperties'
2024-05-26T23:53:23.571+02:00 DEBUG 3612 --- [JWP-Winary] [           main] o.s.b.f.s.DefaultListableBeanFactory     : Autowiring by type from bean name 'org.springframework.boot.autoconfigure.ssl.SslAutoConfiguration' via constructor to bean named 'spring.ssl-org.springframework.boot.autoconfigure.ssl.SslProperties'
2024-05-26T23:53:23.571+02:00 DEBUG 3612 --- [JWP-Winary] [           main] o.s.b.f.s.DefaultListableBeanFactory     : Creating shared instance of singleton bean 'fileWatcher'
2024-05-26T23:53:23.572+02:00 DEBUG 3612 --- [JWP-Winary] [           main] o.s.b.f.s.DefaultListableBeanFactory     : Creating shared instance of singleton bean 'sslPropertiesSslBundleRegistrar'
2024-05-26T23:53:23.573+02:00 DEBUG 3612 --- [JWP-Winary] [           main] o.s.b.f.s.DefaultListableBeanFactory     : Autowiring by type from bean name 'sslPropertiesSslBundleRegistrar' via factory method to bean named 'fileWatcher'
2024-05-26T23:53:23.575+02:00 DEBUG 3612 --- [JWP-Winary] [           main] o.s.b.f.s.DefaultListableBeanFactory     : Creating shared instance of singleton bean 'sslBundleRegistry'
2024-05-26T23:53:23.579+02:00 DEBUG 3612 --- [JWP-Winary] [           main] o.s.b.f.s.DefaultListableBeanFactory     : Creating shared instance of singleton bean 'org.springframework.boot.context.properties.EnableConfigurationPropertiesRegistrar.methodValidationExcludeFilter'
2024-05-26T23:53:23.580+02:00 DEBUG 3612 --- [JWP-Winary] [           main] o.s.b.f.s.DefaultListableBeanFactory     : Creating shared instance of singleton bean 'org.springframework.boot.autoconfigure.websocket.servlet.WebSocketServletAutoConfiguration$TomcatWebSocketConfiguration'
2024-05-26T23:53:23.580+02:00 DEBUG 3612 --- [JWP-Winary] [           main] o.s.b.f.s.DefaultListableBeanFactory     : Creating shared instance of singleton bean 'websocketServletWebServerCustomizer'
2024-05-26T23:53:23.583+02:00 DEBUG 3612 --- [JWP-Winary] [           main] o.s.b.f.s.DefaultListableBeanFactory     : Creating shared instance of singleton bean 'org.springframework.boot.autoconfigure.websocket.servlet.WebSocketServletAutoConfiguration'
2024-05-26T23:53:23.583+02:00 DEBUG 3612 --- [JWP-Winary] [           main] o.s.b.f.s.DefaultListableBeanFactory     : Creating shared instance of singleton bean 'org.springframework.boot.autoconfigure.web.servlet.ServletWebServerFactoryConfiguration$EmbeddedTomcat'
2024-05-26T23:53:23.583+02:00 DEBUG 3612 --- [JWP-Winary] [           main] o.s.b.f.s.DefaultListableBeanFactory     : Creating shared instance of singleton bean 'tomcatServletWebServerFactory'
2024-05-26T23:53:23.618+02:00 DEBUG 3612 --- [JWP-Winary] [           main] o.a.catalina.core.AprLifecycleListener   : The Apache Tomcat Native library could not be found using names [tcnative-2, libtcnative-2, tcnative-1, libtcnative-1] on the java.library.path [C:\Users\Isabelle\.jdks\openjdk-21\bin;C:\Windows\Sun\Java\bin;C:\Windows\system32;C:\Windows;C:\Program Files\Common Files\Oracle\Java\javapath;C:\Program Files\Microsoft\jdk-11.0.12.7-hotspot\bin;C:\Program Files\Eclipse Foundation\jdk-8.0.302.8-hotspot\bin;C:\Windows\system32;C:\Windows;C:\Windows\System32\Wbem;C:\Windows\System32\WindowsPowerShell\v1.0\;C:\Windows\System32\OpenSSH\;C:\Program Files\dotnet\;C:\Program Files\Microsoft SQL Server\130\Tools\Binn\;C:\Program Files\Microsoft SQL Server\Client SDK\ODBC\170\Tools\Binn\;C:\Program Files\Microsoft SQL Server\150\Tools\Binn\;C:\Program Files\Microsoft SQL Server\Client SDK\ODBC\130\Tools\Binn\;C:\Program Files (x86)\Microsoft SQL Server\140\Tools\Binn\;C:\Program Files\Microsoft SQL Server\140\Tools\Binn\;C:\Program Files\Microsoft SQL Server\140\DTS\Binn\;C:\Program Files (x86)\Microsoft SQL Server\150\DTS\Binn\;C:\Program Files\Azure Data Studio\bin;C:\Program Files\Git\cmd;C:\Program Files (x86)\dotnet\;C:\Users\Isabelle\AppData\Local\Microsoft\WindowsApps;C:\Users\Isabelle\.dotnet\tools;C:\Program Files\Azure Data Studio\bin;C:\Users\Isabelle\AppData\Local\Programs\Microsoft VS Code\bin;.]. The errors reported were [Can't load library: C:\Users\Isabelle\Desktop\VUA\Semestar6\JWP\JWP-Winary\bin\tcnative-2.dll, Can't load library: C:\Users\Isabelle\Desktop\VUA\Semestar6\JWP\JWP-Winary\bin\libtcnative-2.dll, Can't load library: C:\Users\Isabelle\Desktop\VUA\Semestar6\JWP\JWP-Winary\bin\tcnative-1.dll, Can't load library: C:\Users\Isabelle\Desktop\VUA\Semestar6\JWP\JWP-Winary\bin\libtcnative-1.dll, no tcnative-2 in java.library.path: C:\Users\Isabelle\.jdks\openjdk-21\bin;C:\Windows\Sun\Java\bin;C:\Windows\system32;C:\Windows;C:\Program Files\Common Files\Oracle\Java\javapath;C:\Program Files\Microsoft\jdk-11.0.12.7-hotspot\bin;C:\Program Files\Eclipse Foundation\jdk-8.0.302.8-hotspot\bin;C:\Windows\system32;C:\Windows;C:\Windows\System32\Wbem;C:\Windows\System32\WindowsPowerShell\v1.0\;C:\Windows\System32\OpenSSH\;C:\Program Files\dotnet\;C:\Program Files\Microsoft SQL Server\130\Tools\Binn\;C:\Program Files\Microsoft SQL Server\Client SDK\ODBC\170\Tools\Binn\;C:\Program Files\Microsoft SQL Server\150\Tools\Binn\;C:\Program Files\Microsoft SQL Server\Client SDK\ODBC\130\Tools\Binn\;C:\Program Files (x86)\Microsoft SQL Server\140\Tools\Binn\;C:\Program Files\Microsoft SQL Server\140\Tools\Binn\;C:\Program Files\Microsoft SQL Server\140\DTS\Binn\;C:\Program Files (x86)\Microsoft SQL Server\150\DTS\Binn\;C:\Program Files\Azure Data Studio\bin;C:\Program Files\Git\cmd;C:\Program Files (x86)\dotnet\;C:\Users\Isabelle\AppData\Local\Microsoft\WindowsApps;C:\Users\Isabelle\.dotnet\tools;C:\Program Files\Azure Data Studio\bin;C:\Users\Isabelle\AppData\Local\Programs\Microsoft VS Code\bin;., no libtcnative-2 in java.library.path: C:\Users\Isabelle\.jdks\openjdk-21\bin;C:\Windows\Sun\Java\bin;C:\Windows\system32;C:\Windows;C:\Program Files\Common Files\Oracle\Java\javapath;C:\Program Files\Microsoft\jdk-11.0.12.7-hotspot\bin;C:\Program Files\Eclipse Foundation\jdk-8.0.302.8-hotspot\bin;C:\Windows\system32;C:\Windows;C:\Windows\System32\Wbem;C:\Windows\System32\WindowsPowerShell\v1.0\;C:\Windows\System32\OpenSSH\;C:\Program Files\dotnet\;C:\Program Files\Microsoft SQL Server\130\Tools\Binn\;C:\Program Files\Microsoft SQL Server\Client SDK\ODBC\170\Tools\Binn\;C:\Program Files\Microsoft SQL Server\150\Tools\Binn\;C:\Program Files\Microsoft SQL Server\Client SDK\ODBC\130\Tools\Binn\;C:\Program Files (x86)\Microsoft SQL Server\140\Tools\Binn\;C:\Program Files\Microsoft SQL Server\140\Tools\Binn\;C:\Program Files\Microsoft SQL Server\140\DTS\Binn\;C:\Program Files (x86)\Microsoft SQL Server\150\DTS\Binn\;C:\Program Files\Azure Data Studio\bin;C:\Program Files\Git\cmd;C:\Program Files (x86)\dotnet\;C:\Users\Isabelle\AppData\Local\Microsoft\WindowsApps;C:\Users\Isabelle\.dotnet\tools;C:\Program Files\Azure Data Studio\bin;C:\Users\Isabelle\AppData\Local\Programs\Microsoft VS Code\bin;., no tcnative-1 in java.library.path: C:\Users\Isabelle\.jdks\openjdk-21\bin;C:\Windows\Sun\Java\bin;C:\Windows\system32;C:\Windows;C:\Program Files\Common Files\Oracle\Java\javapath;C:\Program Files\Microsoft\jdk-11.0.12.7-hotspot\bin;C:\Program Files\Eclipse Foundation\jdk-8.0.302.8-hotspot\bin;C:\Windows\system32;C:\Windows;C:\Windows\System32\Wbem;C:\Windows\System32\WindowsPowerShell\v1.0\;C:\Windows\System32\OpenSSH\;C:\Program Files\dotnet\;C:\Program Files\Microsoft SQL Server\130\Tools\Binn\;C:\Program Files\Microsoft SQL Server\Client SDK\ODBC\170\Tools\Binn\;C:\Program Files\Microsoft SQL Server\150\Tools\Binn\;C:\Program Files\Microsoft SQL Server\Client SDK\ODBC\130\Tools\Binn\;C:\Program Files (x86)\Microsoft SQL Server\140\Tools\Binn\;C:\Program Files\Microsoft SQL Server\140\Tools\Binn\;C:\Program Files\Microsoft SQL Server\140\DTS\Binn\;C:\Program Files (x86)\Microsoft SQL Server\150\DTS\Binn\;C:\Program Files\Azure Data Studio\bin;C:\Program Files\Git\cmd;C:\Program Files (x86)\dotnet\;C:\Users\Isabelle\AppData\Local\Microsoft\WindowsApps;C:\Users\Isabelle\.dotnet\tools;C:\Program Files\Azure Data Studio\bin;C:\Users\Isabelle\AppData\Local\Programs\Microsoft VS Code\bin;., no libtcnative-1 in java.library.path: C:\Users\Isabelle\.jdks\openjdk-21\bin;C:\Windows\Sun\Java\bin;C:\Windows\system32;C:\Windows;C:\Program Files\Common Files\Oracle\Java\javapath;C:\Program Files\Microsoft\jdk-11.0.12.7-hotspot\bin;C:\Program Files\Eclipse Foundation\jdk-8.0.302.8-hotspot\bin;C:\Windows\system32;C:\Windows;C:\Windows\System32\Wbem;C:\Windows\System32\WindowsPowerShell\v1.0\;C:\Windows\System32\OpenSSH\;C:\Program Files\dotnet\;C:\Program Files\Microsoft SQL Server\130\Tools\Binn\;C:\Program Files\Microsoft SQL Server\Client SDK\ODBC\170\Tools\Binn\;C:\Program Files\Microsoft SQL Server\150\Tools\Binn\;C:\Program Files\Microsoft SQL Server\Client SDK\ODBC\130\Tools\Binn\;C:\Program Files (x86)\Microsoft SQL Server\140\Tools\Binn\;C:\Program Files\Microsoft SQL Server\140\Tools\Binn\;C:\Program Files\Microsoft SQL Server\140\DTS\Binn\;C:\Program Files (x86)\Microsoft SQL Server\150\DTS\Binn\;C:\Program Files\Azure Data Studio\bin;C:\Program Files\Git\cmd;C:\Program Files (x86)\dotnet\;C:\Users\Isabelle\AppData\Local\Microsoft\WindowsApps;C:\Users\Isabelle\.dotnet\tools;C:\Program Files\Azure Data Studio\bin;C:\Users\Isabelle\AppData\Local\Programs\Microsoft VS Code\bin;.]

org.apache.tomcat.jni.LibraryNotFoundError: Can't load library: C:\Users\Isabelle\Desktop\VUA\Semestar6\JWP\JWP-Winary\bin\tcnative-2.dll, Can't load library: C:\Users\Isabelle\Desktop\VUA\Semestar6\JWP\JWP-Winary\bin\libtcnative-2.dll, Can't load library: C:\Users\Isabelle\Desktop\VUA\Semestar6\JWP\JWP-Winary\bin\tcnative-1.dll, Can't load library: C:\Users\Isabelle\Desktop\VUA\Semestar6\JWP\JWP-Winary\bin\libtcnative-1.dll, no tcnative-2 in java.library.path: C:\Users\Isabelle\.jdks\openjdk-21\bin;C:\Windows\Sun\Java\bin;C:\Windows\system32;C:\Windows;C:\Program Files\Common Files\Oracle\Java\javapath;C:\Program Files\Microsoft\jdk-11.0.12.7-hotspot\bin;C:\Program Files\Eclipse Foundation\jdk-8.0.302.8-hotspot\bin;C:\Windows\system32;C:\Windows;C:\Windows\System32\Wbem;C:\Windows\System32\WindowsPowerShell\v1.0\;C:\Windows\System32\OpenSSH\;C:\Program Files\dotnet\;C:\Program Files\Microsoft SQL Server\130\Tools\Binn\;C:\Program Files\Microsoft SQL Server\Client SDK\ODBC\170\Tools\Binn\;C:\Program Files\Microsoft SQL Server\150\Tools\Binn\;C:\Program Files\Microsoft SQL Server\Client SDK\ODBC\130\Tools\Binn\;C:\Program Files (x86)\Microsoft SQL Server\140\Tools\Binn\;C:\Program Files\Microsoft SQL Server\140\Tools\Binn\;C:\Program Files\Microsoft SQL Server\140\DTS\Binn\;C:\Program Files (x86)\Microsoft SQL Server\150\DTS\Binn\;C:\Program Files\Azure Data Studio\bin;C:\Program Files\Git\cmd;C:\Program Files (x86)\dotnet\;C:\Users\Isabelle\AppData\Local\Microsoft\WindowsApps;C:\Users\Isabelle\.dotnet\tools;C:\Program Files\Azure Data Studio\bin;C:\Users\Isabelle\AppData\Local\Programs\Microsoft VS Code\bin;., no libtcnative-2 in java.library.path: C:\Users\Isabelle\.jdks\openjdk-21\bin;C:\Windows\Sun\Java\bin;C:\Windows\system32;C:\Windows;C:\Program Files\Common Files\Oracle\Java\javapath;C:\Program Files\Microsoft\jdk-11.0.12.7-hotspot\bin;C:\Program Files\Eclipse Foundation\jdk-8.0.302.8-hotspot\bin;C:\Windows\system32;C:\Windows;C:\Windows\System32\Wbem;C:\Windows\System32\WindowsPowerShell\v1.0\;C:\Windows\System32\OpenSSH\;C:\Program Files\dotnet\;C:\Program Files\Microsoft SQL Server\130\Tools\Binn\;C:\Program Files\Microsoft SQL Server\Client SDK\ODBC\170\Tools\Binn\;C:\Program Files\Microsoft SQL Server\150\Tools\Binn\;C:\Program Files\Microsoft SQL Server\Client SDK\ODBC\130\Tools\Binn\;C:\Program Files (x86)\Microsoft SQL Server\140\Tools\Binn\;C:\Program Files\Microsoft SQL Server\140\Tools\Binn\;C:\Program Files\Microsoft SQL Server\140\DTS\Binn\;C:\Program Files (x86)\Microsoft SQL Server\150\DTS\Binn\;C:\Program Files\Azure Data Studio\bin;C:\Program Files\Git\cmd;C:\Program Files (x86)\dotnet\;C:\Users\Isabelle\AppData\Local\Microsoft\WindowsApps;C:\Users\Isabelle\.dotnet\tools;C:\Program Files\Azure Data Studio\bin;C:\Users\Isabelle\AppData\Local\Programs\Microsoft VS Code\bin;., no tcnative-1 in java.library.path: C:\Users\Isabelle\.jdks\openjdk-21\bin;C:\Windows\Sun\Java\bin;C:\Windows\system32;C:\Windows;C:\Program Files\Common Files\Oracle\Java\javapath;C:\Program Files\Microsoft\jdk-11.0.12.7-hotspot\bin;C:\Program Files\Eclipse Foundation\jdk-8.0.302.8-hotspot\bin;C:\Windows\system32;C:\Windows;C:\Windows\System32\Wbem;C:\Windows\System32\WindowsPowerShell\v1.0\;C:\Windows\System32\OpenSSH\;C:\Program Files\dotnet\;C:\Program Files\Microsoft SQL Server\130\Tools\Binn\;C:\Program Files\Microsoft SQL Server\Client SDK\ODBC\170\Tools\Binn\;C:\Program Files\Microsoft SQL Server\150\Tools\Binn\;C:\Program Files\Microsoft SQL Server\Client SDK\ODBC\130\Tools\Binn\;C:\Program Files (x86)\Microsoft SQL Server\140\Tools\Binn\;C:\Program Files\Microsoft SQL Server\140\Tools\Binn\;C:\Program Files\Microsoft SQL Server\140\DTS\Binn\;C:\Program Files (x86)\Microsoft SQL Server\150\DTS\Binn\;C:\Program Files\Azure Data Studio\bin;C:\Program Files\Git\cmd;C:\Program Files (x86)\dotnet\;C:\Users\Isabelle\AppData\Local\Microsoft\WindowsApps;C:\Users\Isabelle\.dotnet\tools;C:\Program Files\Azure Data Studio\bin;C:\Users\Isabelle\AppData\Local\Programs\Microsoft VS Code\bin;., no libtcnative-1 in java.library.path: C:\Users\Isabelle\.jdks\openjdk-21\bin;C:\Windows\Sun\Java\bin;C:\Windows\system32;C:\Windows;C:\Program Files\Common Files\Oracle\Java\javapath;C:\Program Files\Microsoft\jdk-11.0.12.7-hotspot\bin;C:\Program Files\Eclipse Foundation\jdk-8.0.302.8-hotspot\bin;C:\Windows\system32;C:\Windows;C:\Windows\System32\Wbem;C:\Windows\System32\WindowsPowerShell\v1.0\;C:\Windows\System32\OpenSSH\;C:\Program Files\dotnet\;C:\Program Files\Microsoft SQL Server\130\Tools\Binn\;C:\Program Files\Microsoft SQL Server\Client SDK\ODBC\170\Tools\Binn\;C:\Program Files\Microsoft SQL Server\150\Tools\Binn\;C:\Program Files\Microsoft SQL Server\Client SDK\ODBC\130\Tools\Binn\;C:\Program Files (x86)\Microsoft SQL Server\140\Tools\Binn\;C:\Program Files\Microsoft SQL Server\140\Tools\Binn\;C:\Program Files\Microsoft SQL Server\140\DTS\Binn\;C:\Program Files (x86)\Microsoft SQL Server\150\DTS\Binn\;C:\Program Files\Azure Data Studio\bin;C:\Program Files\Git\cmd;C:\Program Files (x86)\dotnet\;C:\Users\Isabelle\AppData\Local\Microsoft\WindowsApps;C:\Users\Isabelle\.dotnet\tools;C:\Program Files\Azure Data Studio\bin;C:\Users\Isabelle\AppData\Local\Programs\Microsoft VS Code\bin;.
	at org.apache.tomcat.jni.Library.<init>(Library.java:91) ~[tomcat-embed-core-10.1.20.jar:10.1.20]
	at org.apache.tomcat.jni.Library.initialize(Library.java:147) ~[tomcat-embed-core-10.1.20.jar:10.1.20]
	at org.apache.catalina.core.AprLifecycleListener.init(AprLifecycleListener.java:189) ~[tomcat-embed-core-10.1.20.jar:10.1.20]
	at org.apache.catalina.core.AprLifecycleListener.isAprAvailable(AprLifecycleListener.java:106) ~[tomcat-embed-core-10.1.20.jar:10.1.20]
	at org.springframework.boot.web.embedded.tomcat.TomcatServletWebServerFactory.getDefaultServerLifecycleListeners(TomcatServletWebServerFactory.java:189) ~[spring-boot-3.2.5.jar:3.2.5]
	at org.springframework.boot.web.embedded.tomcat.TomcatServletWebServerFactory.<init>(TomcatServletWebServerFactory.java:136) ~[spring-boot-3.2.5.jar:3.2.5]
	at org.springframework.boot.autoconfigure.web.servlet.ServletWebServerFactoryConfiguration$EmbeddedTomcat.tomcatServletWebServerFactory(ServletWebServerFactoryConfiguration.java:73) ~[spring-boot-autoconfigure-3.2.5.jar:3.2.5]
	at java.base/jdk.internal.reflect.DirectMethodHandleAccessor.invoke(DirectMethodHandleAccessor.java:103) ~[na:na]
	at java.base/java.lang.reflect.Method.invoke(Method.java:580) ~[na:na]
	at org.springframework.beans.factory.support.SimpleInstantiationStrategy.instantiate(SimpleInstantiationStrategy.java:140) ~[spring-beans-6.1.6.jar:6.1.6]
	at org.springframework.beans.factory.support.ConstructorResolver.instantiate(ConstructorResolver.java:644) ~[spring-beans-6.1.6.jar:6.1.6]
	at org.springframework.beans.factory.support.ConstructorResolver.instantiateUsingFactoryMethod(ConstructorResolver.java:636) ~[spring-beans-6.1.6.jar:6.1.6]
	at org.springframework.beans.factory.support.AbstractAutowireCapableBeanFactory.instantiateUsingFactoryMethod(AbstractAutowireCapableBeanFactory.java:1335) ~[spring-beans-6.1.6.jar:6.1.6]
	at org.springframework.beans.factory.support.AbstractAutowireCapableBeanFactory.createBeanInstance(AbstractAutowireCapableBeanFactory.java:1165) ~[spring-beans-6.1.6.jar:6.1.6]
	at org.springframework.beans.factory.support.AbstractAutowireCapableBeanFactory.doCreateBean(AbstractAutowireCapableBeanFactory.java:562) ~[spring-beans-6.1.6.jar:6.1.6]
	at org.springframework.beans.factory.support.AbstractAutowireCapableBeanFactory.createBean(AbstractAutowireCapableBeanFactory.java:522) ~[spring-beans-6.1.6.jar:6.1.6]
	at org.springframework.beans.factory.support.AbstractBeanFactory.lambda$doGetBean$0(AbstractBeanFactory.java:326) ~[spring-beans-6.1.6.jar:6.1.6]
	at org.springframework.beans.factory.support.DefaultSingletonBeanRegistry.getSingleton(DefaultSingletonBeanRegistry.java:234) ~[spring-beans-6.1.6.jar:6.1.6]
	at org.springframework.beans.factory.support.AbstractBeanFactory.doGetBean(AbstractBeanFactory.java:324) ~[spring-beans-6.1.6.jar:6.1.6]
	at org.springframework.beans.factory.support.AbstractBeanFactory.getBean(AbstractBeanFactory.java:200) ~[spring-beans-6.1.6.jar:6.1.6]
	at org.springframework.beans.factory.support.DefaultListableBeanFactory.preInstantiateSingletons(DefaultListableBeanFactory.java:975) ~[spring-beans-6.1.6.jar:6.1.6]
	at org.springframework.context.support.AbstractApplicationContext.finishBeanFactoryInitialization(AbstractApplicationContext.java:962) ~[spring-context-6.1.6.jar:6.1.6]
	at org.springframework.context.support.AbstractApplicationContext.refresh(AbstractApplicationContext.java:624) ~[spring-context-6.1.6.jar:6.1.6]
	at org.springframework.boot.SpringApplication.refresh(SpringApplication.java:754) ~[spring-boot-3.2.5.jar:3.2.5]
	at org.springframework.boot.SpringApplication.refreshContext(SpringApplication.java:456) ~[spring-boot-3.2.5.jar:3.2.5]
	at org.springframework.boot.SpringApplication.run(SpringApplication.java:334) ~[spring-boot-3.2.5.jar:3.2.5]
	at org.springframework.boot.test.context.SpringBootContextLoader.lambda$loadContext$3(SpringBootContextLoader.java:137) ~[spring-boot-test-3.2.5.jar:3.2.5]
	at org.springframework.util.function.ThrowingSupplier.get(ThrowingSupplier.java:58) ~[spring-core-6.1.6.jar:6.1.6]
	at org.springframework.util.function.ThrowingSupplier.get(ThrowingSupplier.java:46) ~[spring-core-6.1.6.jar:6.1.6]
	at org.springframework.boot.SpringApplication.withHook(SpringApplication.java:1454) ~[spring-boot-3.2.5.jar:3.2.5]
	at org.springframework.boot.test.context.SpringBootContextLoader$ContextLoaderHook.run(SpringBootContextLoader.java:553) ~[spring-boot-test-3.2.5.jar:3.2.5]
	at org.springframework.boot.test.context.SpringBootContextLoader.loadContext(SpringBootContextLoader.java:137) ~[spring-boot-test-3.2.5.jar:3.2.5]
	at org.springframework.boot.test.context.SpringBootContextLoader.loadContext(SpringBootContextLoader.java:108) ~[spring-boot-test-3.2.5.jar:3.2.5]
	at org.springframework.test.context.cache.DefaultCacheAwareContextLoaderDelegate.loadContextInternal(DefaultCacheAwareContextLoaderDelegate.java:225) ~[spring-test-6.1.6.jar:6.1.6]
	at org.springframework.test.context.cache.DefaultCacheAwareContextLoaderDelegate.loadContext(DefaultCacheAwareContextLoaderDelegate.java:152) ~[spring-test-6.1.6.jar:6.1.6]
	at org.springframework.test.context.support.DefaultTestContext.getApplicationContext(DefaultTestContext.java:130) ~[spring-test-6.1.6.jar:6.1.6]
	at org.springframework.test.context.web.ServletTestExecutionListener.setUpRequestContextIfNecessary(ServletTestExecutionListener.java:191) ~[spring-test-6.1.6.jar:6.1.6]
	at org.springframework.test.context.web.ServletTestExecutionListener.prepareTestInstance(ServletTestExecutionListener.java:130) ~[spring-test-6.1.6.jar:6.1.6]
	at org.springframework.test.context.TestContextManager.prepareTestInstance(TestContextManager.java:260) ~[spring-test-6.1.6.jar:6.1.6]
	at org.springframework.test.context.junit.jupiter.SpringExtension.postProcessTestInstance(SpringExtension.java:163) ~[spring-test-6.1.6.jar:6.1.6]
	at org.junit.jupiter.engine.descriptor.ClassBasedTestDescriptor.lambda$invokeTestInstancePostProcessors$10(ClassBasedTestDescriptor.java:378) ~[junit-jupiter-engine-5.10.2.jar:5.10.2]
	at org.junit.jupiter.engine.descriptor.ClassBasedTestDescriptor.executeAndMaskThrowable(ClassBasedTestDescriptor.java:383) ~[junit-jupiter-engine-5.10.2.jar:5.10.2]
	at org.junit.jupiter.engine.descriptor.ClassBasedTestDescriptor.lambda$invokeTestInstancePostProcessors$11(ClassBasedTestDescriptor.java:378) ~[junit-jupiter-engine-5.10.2.jar:5.10.2]
	at java.base/java.util.stream.ReferencePipeline$3$1.accept(ReferencePipeline.java:197) ~[na:na]
	at java.base/java.util.stream.ReferencePipeline$2$1.accept(ReferencePipeline.java:179) ~[na:na]
	at java.base/java.util.ArrayList$ArrayListSpliterator.forEachRemaining(ArrayList.java:1708) ~[na:na]
	at java.base/java.util.stream.AbstractPipeline.copyInto(AbstractPipeline.java:509) ~[na:na]
	at java.base/java.util.stream.AbstractPipeline.wrapAndCopyInto(AbstractPipeline.java:499) ~[na:na]
	at java.base/java.util.stream.StreamSpliterators$WrappingSpliterator.forEachRemaining(StreamSpliterators.java:310) ~[na:na]
	at java.base/java.util.stream.Streams$ConcatSpliterator.forEachRemaining(Streams.java:735) ~[na:na]
	at java.base/java.util.stream.Streams$ConcatSpliterator.forEachRemaining(Streams.java:734) ~[na:na]
	at java.base/java.util.stream.ReferencePipeline$Head.forEach(ReferencePipeline.java:762) ~[na:na]
	at org.junit.jupiter.engine.descriptor.ClassBasedTestDescriptor.invokeTestInstancePostProcessors(ClassBasedTestDescriptor.java:377) ~[junit-jupiter-engine-5.10.2.jar:5.10.2]
	at org.junit.jupiter.engine.descriptor.ClassBasedTestDescriptor.lambda$instantiateAndPostProcessTestInstance$6(ClassBasedTestDescriptor.java:290) ~[junit-jupiter-engine-5.10.2.jar:5.10.2]
	at org.junit.platform.engine.support.hierarchical.ThrowableCollector.execute(ThrowableCollector.java:73) ~[junit-platform-engine-1.10.2.jar:1.10.2]
	at org.junit.jupiter.engine.descriptor.ClassBasedTestDescriptor.instantiateAndPostProcessTestInstance(ClassBasedTestDescriptor.java:289) ~[junit-jupiter-engine-5.10.2.jar:5.10.2]
	at org.junit.jupiter.engine.descriptor.ClassBasedTestDescriptor.lambda$testInstancesProvider$4(ClassBasedTestDescriptor.java:279) ~[junit-jupiter-engine-5.10.2.jar:5.10.2]
	at java.base/java.util.Optional.orElseGet(Optional.java:364) ~[na:na]
	at org.junit.jupiter.engine.descriptor.ClassBasedTestDescriptor.lambda$testInstancesProvider$5(ClassBasedTestDescriptor.java:278) ~[junit-jupiter-engine-5.10.2.jar:5.10.2]
	at org.junit.jupiter.engine.execution.TestInstancesProvider.getTestInstances(TestInstancesProvider.java:31) ~[junit-jupiter-engine-5.10.2.jar:5.10.2]
	at org.junit.jupiter.engine.descriptor.TestMethodTestDescriptor.lambda$prepare$0(TestMethodTestDescriptor.java:106) ~[junit-jupiter-engine-5.10.2.jar:5.10.2]
	at org.junit.platform.engine.support.hierarchical.ThrowableCollector.execute(ThrowableCollector.java:73) ~[junit-platform-engine-1.10.2.jar:1.10.2]
	at org.junit.jupiter.engine.descriptor.TestMethodTestDescriptor.prepare(TestMethodTestDescriptor.java:105) ~[junit-jupiter-engine-5.10.2.jar:5.10.2]
	at org.junit.jupiter.engine.descriptor.TestMethodTestDescriptor.prepare(TestMethodTestDescriptor.java:69) ~[junit-jupiter-engine-5.10.2.jar:5.10.2]
	at org.junit.platform.engine.support.hierarchical.NodeTestTask.lambda$prepare$2(NodeTestTask.java:123) ~[junit-platform-engine-1.10.2.jar:1.10.2]
	at org.junit.platform.engine.support.hierarchical.ThrowableCollector.execute(ThrowableCollector.java:73) ~[junit-platform-engine-1.10.2.jar:1.10.2]
	at org.junit.platform.engine.support.hierarchical.NodeTestTask.prepare(NodeTestTask.java:123) ~[junit-platform-engine-1.10.2.jar:1.10.2]
	at org.junit.platform.engine.support.hierarchical.NodeTestTask.execute(NodeTestTask.java:90) ~[junit-platform-engine-1.10.2.jar:1.10.2]
	at java.base/java.util.ArrayList.forEach(ArrayList.java:1596) ~[na:na]
	at org.junit.platform.engine.support.hierarchical.SameThreadHierarchicalTestExecutorService.invokeAll(SameThreadHierarchicalTestExecutorService.java:41) ~[junit-platform-engine-1.10.2.jar:1.10.2]
	at org.junit.platform.engine.support.hierarchical.NodeTestTask.lambda$executeRecursively$6(NodeTestTask.java:155) ~[junit-platform-engine-1.10.2.jar:1.10.2]
	at org.junit.platform.engine.support.hierarchical.ThrowableCollector.execute(ThrowableCollector.java:73) ~[junit-platform-engine-1.10.2.jar:1.10.2]
	at org.junit.platform.engine.support.hierarchical.NodeTestTask.lambda$executeRecursively$8(NodeTestTask.java:141) ~[junit-platform-engine-1.10.2.jar:1.10.2]
	at org.junit.platform.engine.support.hierarchical.Node.around(Node.java:137) ~[junit-platform-engine-1.10.2.jar:1.10.2]
	at org.junit.platform.engine.support.hierarchical.NodeTestTask.lambda$executeRecursively$9(NodeTestTask.java:139) ~[junit-platform-engine-1.10.2.jar:1.10.2]
	at org.junit.platform.engine.support.hierarchical.ThrowableCollector.execute(ThrowableCollector.java:73) ~[junit-platform-engine-1.10.2.jar:1.10.2]
	at org.junit.platform.engine.support.hierarchical.NodeTestTask.executeRecursively(NodeTestTask.java:138) ~[junit-platform-engine-1.10.2.jar:1.10.2]
	at org.junit.platform.engine.support.hierarchical.NodeTestTask.execute(NodeTestTask.java:95) ~[junit-platform-engine-1.10.2.jar:1.10.2]
	at java.base/java.util.ArrayList.forEach(ArrayList.java:1596) ~[na:na]
	at org.junit.platform.engine.support.hierarchical.SameThreadHierarchicalTestExecutorService.invokeAll(SameThreadHierarchicalTestExecutorService.java:41) ~[junit-platform-engine-1.10.2.jar:1.10.2]
	at org.junit.platform.engine.support.hierarchical.NodeTestTask.lambda$executeRecursively$6(NodeTestTask.java:155) ~[junit-platform-engine-1.10.2.jar:1.10.2]
	at org.junit.platform.engine.support.hierarchical.ThrowableCollector.execute(ThrowableCollector.java:73) ~[junit-platform-engine-1.10.2.jar:1.10.2]
	at org.junit.platform.engine.support.hierarchical.NodeTestTask.lambda$executeRecursively$8(NodeTestTask.java:141) ~[junit-platform-engine-1.10.2.jar:1.10.2]
	at org.junit.platform.engine.support.hierarchical.Node.around(Node.java:137) ~[junit-platform-engine-1.10.2.jar:1.10.2]
	at org.junit.platform.engine.support.hierarchical.NodeTestTask.lambda$executeRecursively$9(NodeTestTask.java:139) ~[junit-platform-engine-1.10.2.jar:1.10.2]
	at org.junit.platform.engine.support.hierarchical.ThrowableCollector.execute(ThrowableCollector.java:73) ~[junit-platform-engine-1.10.2.jar:1.10.2]
	at org.junit.platform.engine.support.hierarchical.NodeTestTask.executeRecursively(NodeTestTask.java:138) ~[junit-platform-engine-1.10.2.jar:1.10.2]
	at org.junit.platform.engine.support.hierarchical.NodeTestTask.execute(NodeTestTask.java:95) ~[junit-platform-engine-1.10.2.jar:1.10.2]
	at org.junit.platform.engine.support.hierarchical.SameThreadHierarchicalTestExecutorService.submit(SameThreadHierarchicalTestExecutorService.java:35) ~[junit-platform-engine-1.10.2.jar:1.10.2]
	at org.junit.platform.engine.support.hierarchical.HierarchicalTestExecutor.execute(HierarchicalTestExecutor.java:57) ~[junit-platform-engine-1.10.2.jar:1.10.2]
	at org.junit.platform.engine.support.hierarchical.HierarchicalTestEngine.execute(HierarchicalTestEngine.java:54) ~[junit-platform-engine-1.10.2.jar:1.10.2]
	at org.junit.platform.launcher.core.EngineExecutionOrchestrator.execute(EngineExecutionOrchestrator.java:198) ~[junit-platform-launcher-1.10.2.jar:1.10.2]
	at org.junit.platform.launcher.core.EngineExecutionOrchestrator.execute(EngineExecutionOrchestrator.java:169) ~[junit-platform-launcher-1.10.2.jar:1.10.2]
	at org.junit.platform.launcher.core.EngineExecutionOrchestrator.execute(EngineExecutionOrchestrator.java:93) ~[junit-platform-launcher-1.10.2.jar:1.10.2]
	at org.junit.platform.launcher.core.EngineExecutionOrchestrator.lambda$execute$0(EngineExecutionOrchestrator.java:58) ~[junit-platform-launcher-1.10.2.jar:1.10.2]
	at org.junit.platform.launcher.core.EngineExecutionOrchestrator.withInterceptedStreams(EngineExecutionOrchestrator.java:141) ~[junit-platform-launcher-1.10.2.jar:1.10.2]
	at org.junit.platform.launcher.core.EngineExecutionOrchestrator.execute(EngineExecutionOrchestrator.java:57) ~[junit-platform-launcher-1.10.2.jar:1.10.2]
	at org.junit.platform.launcher.core.DefaultLauncher.execute(DefaultLauncher.java:103) ~[junit-platform-launcher-1.10.2.jar:1.10.2]
	at org.junit.platform.launcher.core.DefaultLauncher.execute(DefaultLauncher.java:85) ~[junit-platform-launcher-1.10.2.jar:1.10.2]
	at org.junit.platform.launcher.core.DelegatingLauncher.execute(DelegatingLauncher.java:47) ~[junit-platform-launcher-1.10.2.jar:1.10.2]
	at org.apache.maven.surefire.junitplatform.LazyLauncher.execute(LazyLauncher.java:56) ~[surefire-junit-platform-3.1.2.jar:3.1.2]
	at org.apache.maven.surefire.junitplatform.JUnitPlatformProvider.execute(JUnitPlatformProvider.java:184) ~[surefire-junit-platform-3.1.2.jar:3.1.2]
	at org.apache.maven.surefire.junitplatform.JUnitPlatformProvider.invokeAllTests(JUnitPlatformProvider.java:148) ~[surefire-junit-platform-3.1.2.jar:3.1.2]
	at org.apache.maven.surefire.junitplatform.JUnitPlatformProvider.invoke(JUnitPlatformProvider.java:122) ~[surefire-junit-platform-3.1.2.jar:3.1.2]
	at org.apache.maven.surefire.booter.ForkedBooter.runSuitesInProcess(ForkedBooter.java:385) ~[surefire-booter-3.1.2.jar:3.1.2]
	at org.apache.maven.surefire.booter.ForkedBooter.execute(ForkedBooter.java:162) ~[surefire-booter-3.1.2.jar:3.1.2]
	at org.apache.maven.surefire.booter.ForkedBooter.run(ForkedBooter.java:507) ~[surefire-booter-3.1.2.jar:3.1.2]
	at org.apache.maven.surefire.booter.ForkedBooter.main(ForkedBooter.java:495) ~[surefire-booter-3.1.2.jar:3.1.2]

2024-05-26T23:53:23.637+02:00 DEBUG 3612 --- [JWP-Winary] [           main] o.s.b.f.s.DefaultListableBeanFactory     : Creating shared instance of singleton bean 'servletWebServerFactoryCustomizer'
2024-05-26T23:53:23.638+02:00 DEBUG 3612 --- [JWP-Winary] [           main] o.s.b.f.s.DefaultListableBeanFactory     : Creating shared instance of singleton bean 'org.springframework.boot.autoconfigure.web.servlet.ServletWebServerFactoryAutoConfiguration'
2024-05-26T23:53:23.640+02:00 DEBUG 3612 --- [JWP-Winary] [           main] o.s.b.f.s.DefaultListableBeanFactory     : Creating shared instance of singleton bean 'server-org.springframework.boot.autoconfigure.web.ServerProperties'
2024-05-26T23:53:23.651+02:00 DEBUG 3612 --- [JWP-Winary] [           main] o.s.b.f.s.DefaultListableBeanFactory     : Autowiring by type from bean name 'servletWebServerFactoryCustomizer' via factory method to bean named 'server-org.springframework.boot.autoconfigure.web.ServerProperties'
2024-05-26T23:53:23.656+02:00 DEBUG 3612 --- [JWP-Winary] [           main] o.s.b.f.s.DefaultListableBeanFactory     : Creating shared instance of singleton bean 'tomcatServletWebServerFactoryCustomizer'
2024-05-26T23:53:23.656+02:00 DEBUG 3612 --- [JWP-Winary] [           main] o.s.b.f.s.DefaultListableBeanFactory     : Autowiring by type from bean name 'tomcatServletWebServerFactoryCustomizer' via factory method to bean named 'server-org.springframework.boot.autoconfigure.web.ServerProperties'
2024-05-26T23:53:23.658+02:00 DEBUG 3612 --- [JWP-Winary] [           main] o.s.b.f.s.DefaultListableBeanFactory     : Creating shared instance of singleton bean 'localeCharsetMappingsCustomizer'
2024-05-26T23:53:23.658+02:00 DEBUG 3612 --- [JWP-Winary] [           main] o.s.b.f.s.DefaultListableBeanFactory     : Creating shared instance of singleton bean 'org.springframework.boot.autoconfigure.web.servlet.HttpEncodingAutoConfiguration'
2024-05-26T23:53:23.658+02:00 DEBUG 3612 --- [JWP-Winary] [           main] o.s.b.f.s.DefaultListableBeanFactory     : Autowiring by type from bean name 'org.springframework.boot.autoconfigure.web.servlet.HttpEncodingAutoConfiguration' via constructor to bean named 'server-org.springframework.boot.autoconfigure.web.ServerProperties'
2024-05-26T23:53:23.672+02:00 DEBUG 3612 --- [JWP-Winary] [           main] o.s.b.f.s.DefaultListableBeanFactory     : Creating shared instance of singleton bean 'errorPageCustomizer'
2024-05-26T23:53:23.672+02:00 DEBUG 3612 --- [JWP-Winary] [           main] o.s.b.f.s.DefaultListableBeanFactory     : Creating shared instance of singleton bean 'org.springframework.boot.autoconfigure.web.servlet.error.ErrorMvcAutoConfiguration'
2024-05-26T23:53:23.673+02:00 DEBUG 3612 --- [JWP-Winary] [           main] o.s.b.f.s.DefaultListableBeanFactory     : Autowiring by type from bean name 'org.springframework.boot.autoconfigure.web.servlet.error.ErrorMvcAutoConfiguration' via constructor to bean named 'server-org.springframework.boot.autoconfigure.web.ServerProperties'
2024-05-26T23:53:23.673+02:00 DEBUG 3612 --- [JWP-Winary] [           main] o.s.b.f.s.DefaultListableBeanFactory     : Creating shared instance of singleton bean 'dispatcherServletRegistration'
2024-05-26T23:53:23.674+02:00 DEBUG 3612 --- [JWP-Winary] [           main] o.s.b.f.s.DefaultListableBeanFactory     : Creating shared instance of singleton bean 'org.springframework.boot.autoconfigure.web.servlet.DispatcherServletAutoConfiguration$DispatcherServletRegistrationConfiguration'
2024-05-26T23:53:23.676+02:00 DEBUG 3612 --- [JWP-Winary] [           main] o.s.b.f.s.DefaultListableBeanFactory     : Creating shared instance of singleton bean 'dispatcherServlet'
2024-05-26T23:53:23.676+02:00 DEBUG 3612 --- [JWP-Winary] [           main] o.s.b.f.s.DefaultListableBeanFactory     : Creating shared instance of singleton bean 'org.springframework.boot.autoconfigure.web.servlet.DispatcherServletAutoConfiguration$DispatcherServletConfiguration'
2024-05-26T23:53:23.677+02:00 DEBUG 3612 --- [JWP-Winary] [           main] o.s.b.f.s.DefaultListableBeanFactory     : Autowiring by type from bean name 'dispatcherServlet' via factory method to bean named 'spring.mvc-org.springframework.boot.autoconfigure.web.servlet.WebMvcProperties'
2024-05-26T23:53:23.691+02:00 DEBUG 3612 --- [JWP-Winary] [           main] o.s.b.f.s.DefaultListableBeanFactory     : Autowiring by type from bean name 'dispatcherServletRegistration' via factory method to bean named 'dispatcherServlet'
2024-05-26T23:53:23.692+02:00 DEBUG 3612 --- [JWP-Winary] [           main] o.s.b.f.s.DefaultListableBeanFactory     : Autowiring by type from bean name 'dispatcherServletRegistration' via factory method to bean named 'spring.mvc-org.springframework.boot.autoconfigure.web.servlet.WebMvcProperties'
2024-05-26T23:53:23.693+02:00 DEBUG 3612 --- [JWP-Winary] [           main] o.s.b.f.s.DefaultListableBeanFactory     : Creating shared instance of singleton bean 'multipartConfigElement'
2024-05-26T23:53:23.693+02:00 DEBUG 3612 --- [JWP-Winary] [           main] o.s.b.f.s.DefaultListableBeanFactory     : Creating shared instance of singleton bean 'org.springframework.boot.autoconfigure.web.servlet.MultipartAutoConfiguration'
2024-05-26T23:53:23.694+02:00 DEBUG 3612 --- [JWP-Winary] [           main] o.s.b.f.s.DefaultListableBeanFactory     : Creating shared instance of singleton bean 'spring.servlet.multipart-org.springframework.boot.autoconfigure.web.servlet.MultipartProperties'
2024-05-26T23:53:23.699+02:00 DEBUG 3612 --- [JWP-Winary] [           main] o.s.b.f.s.DefaultListableBeanFactory     : Autowiring by type from bean name 'org.springframework.boot.autoconfigure.web.servlet.MultipartAutoConfiguration' via constructor to bean named 'spring.servlet.multipart-org.springframework.boot.autoconfigure.web.servlet.MultipartProperties'
2024-05-26T23:53:23.702+02:00 DEBUG 3612 --- [JWP-Winary] [           main] o.s.b.f.s.DefaultListableBeanFactory     : Autowiring by type from bean name 'errorPageCustomizer' via factory method to bean named 'dispatcherServletRegistration'
2024-05-26T23:53:23.704+02:00 DEBUG 3612 --- [JWP-Winary] [           main] o.s.b.f.s.DefaultListableBeanFactory     : Creating shared instance of singleton bean 'org.springframework.boot.autoconfigure.web.servlet.DispatcherServletAutoConfiguration'
2024-05-26T23:53:23.705+02:00 DEBUG 3612 --- [JWP-Winary] [           main] o.s.b.f.s.DefaultListableBeanFactory     : Creating shared instance of singleton bean 'org.springframework.boot.autoconfigure.task.TaskExecutorConfigurations$ThreadPoolTaskExecutorBuilderConfiguration'
2024-05-26T23:53:23.705+02:00 DEBUG 3612 --- [JWP-Winary] [           main] o.s.b.f.s.DefaultListableBeanFactory     : Creating shared instance of singleton bean 'threadPoolTaskExecutorBuilder'
2024-05-26T23:53:23.706+02:00 DEBUG 3612 --- [JWP-Winary] [           main] o.s.b.f.s.DefaultListableBeanFactory     : Creating shared instance of singleton bean 'spring.task.execution-org.springframework.boot.autoconfigure.task.TaskExecutionProperties'
2024-05-26T23:53:23.707+02:00 DEBUG 3612 --- [JWP-Winary] [           main] o.s.b.f.s.DefaultListableBeanFactory     : Autowiring by type from bean name 'threadPoolTaskExecutorBuilder' via factory method to bean named 'spring.task.execution-org.springframework.boot.autoconfigure.task.TaskExecutionProperties'
2024-05-26T23:53:23.710+02:00 DEBUG 3612 --- [JWP-Winary] [           main] o.s.b.f.s.DefaultListableBeanFactory     : Creating shared instance of singleton bean 'org.springframework.boot.autoconfigure.task.TaskExecutorConfigurations$TaskExecutorBuilderConfiguration'
2024-05-26T23:53:23.711+02:00 DEBUG 3612 --- [JWP-Winary] [           main] o.s.b.f.s.DefaultListableBeanFactory     : Creating shared instance of singleton bean 'taskExecutorBuilder'
2024-05-26T23:53:23.711+02:00 DEBUG 3612 --- [JWP-Winary] [           main] o.s.b.f.s.DefaultListableBeanFactory     : Autowiring by type from bean name 'taskExecutorBuilder' via factory method to bean named 'spring.task.execution-org.springframework.boot.autoconfigure.task.TaskExecutionProperties'
2024-05-26T23:53:23.713+02:00 DEBUG 3612 --- [JWP-Winary] [           main] o.s.b.f.s.DefaultListableBeanFactory     : Creating shared instance of singleton bean 'org.springframework.boot.autoconfigure.task.TaskExecutorConfigurations$SimpleAsyncTaskExecutorBuilderConfiguration'
2024-05-26T23:53:23.713+02:00 DEBUG 3612 --- [JWP-Winary] [           main] o.s.b.f.s.DefaultListableBeanFactory     : Autowiring by type from bean name 'org.springframework.boot.autoconfigure.task.TaskExecutorConfigurations$SimpleAsyncTaskExecutorBuilderConfiguration' via constructor to bean named 'spring.task.execution-org.springframework.boot.autoconfigure.task.TaskExecutionProperties'
2024-05-26T23:53:23.714+02:00 DEBUG 3612 --- [JWP-Winary] [           main] o.s.b.f.s.DefaultListableBeanFactory     : Creating shared instance of singleton bean 'simpleAsyncTaskExecutorBuilder'
2024-05-26T23:53:23.716+02:00 DEBUG 3612 --- [JWP-Winary] [           main] o.s.b.f.s.DefaultListableBeanFactory     : Creating shared instance of singleton bean 'org.springframework.boot.autoconfigure.task.TaskExecutorConfigurations$TaskExecutorConfiguration'
2024-05-26T23:53:23.716+02:00 DEBUG 3612 --- [JWP-Winary] [           main] o.s.b.f.s.DefaultListableBeanFactory     : Creating shared instance of singleton bean 'org.springframework.boot.autoconfigure.task.TaskExecutionAutoConfiguration'
2024-05-26T23:53:23.717+02:00 DEBUG 3612 --- [JWP-Winary] [           main] o.s.b.f.s.DefaultListableBeanFactory     : Creating shared instance of singleton bean 'org.springframework.boot.autoconfigure.web.servlet.error.ErrorMvcAutoConfiguration$WhitelabelErrorViewConfiguration'
2024-05-26T23:53:23.717+02:00 DEBUG 3612 --- [JWP-Winary] [           main] o.s.b.f.s.DefaultListableBeanFactory     : Creating shared instance of singleton bean 'error'
2024-05-26T23:53:23.717+02:00 DEBUG 3612 --- [JWP-Winary] [           main] o.s.b.f.s.DefaultListableBeanFactory     : Creating shared instance of singleton bean 'beanNameViewResolver'
2024-05-26T23:53:23.718+02:00 DEBUG 3612 --- [JWP-Winary] [           main] o.s.b.f.s.DefaultListableBeanFactory     : Creating shared instance of singleton bean 'org.springframework.boot.autoconfigure.web.servlet.error.ErrorMvcAutoConfiguration$DefaultErrorViewResolverConfiguration'
2024-05-26T23:53:23.718+02:00 DEBUG 3612 --- [JWP-Winary] [           main] o.s.b.f.s.DefaultListableBeanFactory     : Autowiring by type from bean name 'org.springframework.boot.autoconfigure.web.servlet.error.ErrorMvcAutoConfiguration$DefaultErrorViewResolverConfiguration' via constructor to bean named 'org.springframework.web.context.support.GenericWebApplicationContext@33c2bd'
2024-05-26T23:53:23.718+02:00 DEBUG 3612 --- [JWP-Winary] [           main] o.s.b.f.s.DefaultListableBeanFactory     : Autowiring by type from bean name 'org.springframework.boot.autoconfigure.web.servlet.error.ErrorMvcAutoConfiguration$DefaultErrorViewResolverConfiguration' via constructor to bean named 'spring.web-org.springframework.boot.autoconfigure.web.WebProperties'
2024-05-26T23:53:23.719+02:00 DEBUG 3612 --- [JWP-Winary] [           main] o.s.b.f.s.DefaultListableBeanFactory     : Creating shared instance of singleton bean 'conventionErrorViewResolver'
2024-05-26T23:53:23.719+02:00 DEBUG 3612 --- [JWP-Winary] [           main] o.s.b.f.s.DefaultListableBeanFactory     : Creating shared instance of singleton bean 'errorAttributes'
2024-05-26T23:53:23.720+02:00 DEBUG 3612 --- [JWP-Winary] [           main] o.s.b.f.s.DefaultListableBeanFactory     : Creating shared instance of singleton bean 'basicErrorController'
2024-05-26T23:53:23.721+02:00 DEBUG 3612 --- [JWP-Winary] [           main] o.s.b.f.s.DefaultListableBeanFactory     : Autowiring by type from bean name 'basicErrorController' via factory method to bean named 'errorAttributes'
2024-05-26T23:53:23.722+02:00 DEBUG 3612 --- [JWP-Winary] [           main] o.s.b.f.s.DefaultListableBeanFactory     : Creating shared instance of singleton bean 'localeResolver'
2024-05-26T23:53:23.724+02:00 DEBUG 3612 --- [JWP-Winary] [           main] o.s.b.f.s.DefaultListableBeanFactory     : Creating shared instance of singleton bean 'themeResolver'
2024-05-26T23:53:23.725+02:00 DEBUG 3612 --- [JWP-Winary] [           main] o.s.b.f.s.DefaultListableBeanFactory     : Creating shared instance of singleton bean 'flashMapManager'
2024-05-26T23:53:23.727+02:00 DEBUG 3612 --- [JWP-Winary] [           main] o.s.b.f.s.DefaultListableBeanFactory     : Creating shared instance of singleton bean 'mvcValidator'
2024-05-26T23:53:23.729+02:00 DEBUG 3612 --- [JWP-Winary] [           main] o.s.b.f.s.DefaultListableBeanFactory     : Creating shared instance of singleton bean 'mvcPatternParser'
2024-05-26T23:53:23.729+02:00 DEBUG 3612 --- [JWP-Winary] [           main] o.s.b.f.s.DefaultListableBeanFactory     : Creating shared instance of singleton bean 'mvcUrlPathHelper'
2024-05-26T23:53:23.730+02:00 DEBUG 3612 --- [JWP-Winary] [           main] o.s.b.f.s.DefaultListableBeanFactory     : Creating shared instance of singleton bean 'mvcPathMatcher'
2024-05-26T23:53:23.731+02:00 DEBUG 3612 --- [JWP-Winary] [           main] o.s.b.f.s.DefaultListableBeanFactory     : Creating shared instance of singleton bean 'requestMappingHandlerAdapter'
2024-05-26T23:53:23.732+02:00 DEBUG 3612 --- [JWP-Winary] [           main] o.s.b.f.s.DefaultListableBeanFactory     : Autowiring by type from bean name 'requestMappingHandlerAdapter' via factory method to bean named 'mvcContentNegotiationManager'
2024-05-26T23:53:23.732+02:00 DEBUG 3612 --- [JWP-Winary] [           main] o.s.b.f.s.DefaultListableBeanFactory     : Autowiring by type from bean name 'requestMappingHandlerAdapter' via factory method to bean named 'mvcConversionService'
2024-05-26T23:53:23.732+02:00 DEBUG 3612 --- [JWP-Winary] [           main] o.s.b.f.s.DefaultListableBeanFactory     : Autowiring by type from bean name 'requestMappingHandlerAdapter' via factory method to bean named 'mvcValidator'
2024-05-26T23:53:23.743+02:00 DEBUG 3612 --- [JWP-Winary] [           main] o.s.b.f.s.DefaultListableBeanFactory     : Creating shared instance of singleton bean 'sortResolver'
2024-05-26T23:53:23.744+02:00 DEBUG 3612 --- [JWP-Winary] [           main] o.s.b.f.s.DefaultListableBeanFactory     : Creating shared instance of singleton bean 'sortCustomizer'
2024-05-26T23:53:23.744+02:00 DEBUG 3612 --- [JWP-Winary] [           main] o.s.b.f.s.DefaultListableBeanFactory     : Creating shared instance of singleton bean 'org.springframework.boot.autoconfigure.data.web.SpringDataWebAutoConfiguration'
2024-05-26T23:53:23.745+02:00 DEBUG 3612 --- [JWP-Winary] [           main] o.s.b.f.s.DefaultListableBeanFactory     : Creating shared instance of singleton bean 'spring.data.web-org.springframework.boot.autoconfigure.data.web.SpringDataWebProperties'
2024-05-26T23:53:23.746+02:00 DEBUG 3612 --- [JWP-Winary] [           main] o.s.b.f.s.DefaultListableBeanFactory     : Autowiring by type from bean name 'org.springframework.boot.autoconfigure.data.web.SpringDataWebAutoConfiguration' via constructor to bean named 'spring.data.web-org.springframework.boot.autoconfigure.data.web.SpringDataWebProperties'
2024-05-26T23:53:23.749+02:00 DEBUG 3612 --- [JWP-Winary] [           main] o.s.b.f.s.DefaultListableBeanFactory     : Creating shared instance of singleton bean 'pageableResolver'
2024-05-26T23:53:23.751+02:00 DEBUG 3612 --- [JWP-Winary] [           main] o.s.b.f.s.DefaultListableBeanFactory     : Creating shared instance of singleton bean 'pageableCustomizer'
2024-05-26T23:53:23.754+02:00 DEBUG 3612 --- [JWP-Winary] [           main] o.s.b.f.s.DefaultListableBeanFactory     : Creating shared instance of singleton bean 'applicationTaskExecutor'
2024-05-26T23:53:23.754+02:00 DEBUG 3612 --- [JWP-Winary] [           main] o.s.b.f.s.DefaultListableBeanFactory     : Autowiring by type from bean name 'applicationTaskExecutor' via factory method to bean named 'taskExecutorBuilder'
2024-05-26T23:53:23.759+02:00 DEBUG 3612 --- [JWP-Winary] [           main] o.s.s.concurrent.ThreadPoolTaskExecutor  : Initializing ExecutorService 'applicationTaskExecutor'
2024-05-26T23:53:23.770+02:00 DEBUG 3612 --- [JWP-Winary] [           main] s.w.s.m.m.a.RequestMappingHandlerAdapter : ControllerAdvice beans: 0 @ModelAttribute, 0 @InitBinder, 1 RequestBodyAdvice, 1 ResponseBodyAdvice
2024-05-26T23:53:23.798+02:00 DEBUG 3612 --- [JWP-Winary] [           main] o.s.b.f.s.DefaultListableBeanFactory     : Creating shared instance of singleton bean 'handlerFunctionAdapter'
2024-05-26T23:53:23.800+02:00 DEBUG 3612 --- [JWP-Winary] [           main] o.s.b.f.s.DefaultListableBeanFactory     : Creating shared instance of singleton bean 'mvcUriComponentsContributor'
2024-05-26T23:53:23.800+02:00 DEBUG 3612 --- [JWP-Winary] [           main] o.s.b.f.s.DefaultListableBeanFactory     : Autowiring by type from bean name 'mvcUriComponentsContributor' via factory method to bean named 'mvcConversionService'
2024-05-26T23:53:23.800+02:00 DEBUG 3612 --- [JWP-Winary] [           main] o.s.b.f.s.DefaultListableBeanFactory     : Autowiring by type from bean name 'mvcUriComponentsContributor' via factory method to bean named 'requestMappingHandlerAdapter'
2024-05-26T23:53:23.803+02:00 DEBUG 3612 --- [JWP-Winary] [           main] o.s.b.f.s.DefaultListableBeanFactory     : Creating shared instance of singleton bean 'httpRequestHandlerAdapter'
2024-05-26T23:53:23.804+02:00 DEBUG 3612 --- [JWP-Winary] [           main] o.s.b.f.s.DefaultListableBeanFactory     : Creating shared instance of singleton bean 'simpleControllerHandlerAdapter'
2024-05-26T23:53:23.804+02:00 DEBUG 3612 --- [JWP-Winary] [           main] o.s.b.f.s.DefaultListableBeanFactory     : Creating shared instance of singleton bean 'handlerExceptionResolver'
2024-05-26T23:53:23.804+02:00 DEBUG 3612 --- [JWP-Winary] [           main] o.s.b.f.s.DefaultListableBeanFactory     : Autowiring by type from bean name 'handlerExceptionResolver' via factory method to bean named 'mvcContentNegotiationManager'
2024-05-26T23:53:23.808+02:00 DEBUG 3612 --- [JWP-Winary] [           main] .m.m.a.ExceptionHandlerExceptionResolver : ControllerAdvice beans: 0 @ExceptionHandler, 1 ResponseBodyAdvice
2024-05-26T23:53:23.814+02:00 DEBUG 3612 --- [JWP-Winary] [           main] o.s.b.f.s.DefaultListableBeanFactory     : Creating shared instance of singleton bean 'mvcViewResolver'
2024-05-26T23:53:23.814+02:00 DEBUG 3612 --- [JWP-Winary] [           main] o.s.b.f.s.DefaultListableBeanFactory     : Autowiring by type from bean name 'mvcViewResolver' via factory method to bean named 'mvcContentNegotiationManager'
2024-05-26T23:53:23.818+02:00 DEBUG 3612 --- [JWP-Winary] [           main] o.s.b.f.s.DefaultListableBeanFactory     : Creating shared instance of singleton bean 'viewNameTranslator'
2024-05-26T23:53:23.820+02:00 DEBUG 3612 --- [JWP-Winary] [           main] o.s.b.f.s.DefaultListableBeanFactory     : Creating shared instance of singleton bean 'defaultViewResolver'
2024-05-26T23:53:23.850+02:00 DEBUG 3612 --- [JWP-Winary] [           main] o.s.b.f.s.DefaultListableBeanFactory     : Creating shared instance of singleton bean 'viewResolver'
2024-05-26T23:53:23.851+02:00 DEBUG 3612 --- [JWP-Winary] [           main] o.s.b.f.s.DefaultListableBeanFactory     : Autowiring by type from bean name 'viewResolver' via factory method to bean named 'org.springframework.beans.factory.support.DefaultListableBeanFactory@46baf579'
2024-05-26T23:53:23.852+02:00 DEBUG 3612 --- [JWP-Winary] [           main] o.s.b.f.s.DefaultListableBeanFactory     : Creating shared instance of singleton bean 'viewResolver'
2024-05-26T23:53:23.856+02:00 DEBUG 3612 --- [JWP-Winary] [           main] o.s.b.f.s.DefaultListableBeanFactory     : Creating shared instance of singleton bean 'thymeleafViewResolver'
2024-05-26T23:53:23.856+02:00 DEBUG 3612 --- [JWP-Winary] [           main] o.s.b.f.s.DefaultListableBeanFactory     : Creating shared instance of singleton bean 'org.springframework.boot.autoconfigure.thymeleaf.ThymeleafAutoConfiguration$ThymeleafWebMvcConfiguration$ThymeleafViewResolverConfiguration'
2024-05-26T23:53:23.863+02:00 DEBUG 3612 --- [JWP-Winary] [           main] o.s.b.f.s.DefaultListableBeanFactory     : Creating shared instance of singleton bean 'spring.thymeleaf-org.springframework.boot.autoconfigure.thymeleaf.ThymeleafProperties'
2024-05-26T23:53:23.880+02:00 DEBUG 3612 --- [JWP-Winary] [           main] o.s.b.f.s.DefaultListableBeanFactory     : Creating shared instance of singleton bean 'templateEngine'
2024-05-26T23:53:23.880+02:00 DEBUG 3612 --- [JWP-Winary] [           main] o.s.b.f.s.DefaultListableBeanFactory     : Creating shared instance of singleton bean 'org.springframework.boot.autoconfigure.thymeleaf.TemplateEngineConfigurations$DefaultTemplateEngineConfiguration'
2024-05-26T23:53:23.880+02:00 DEBUG 3612 --- [JWP-Winary] [           main] o.s.b.f.s.DefaultListableBeanFactory     : Autowiring by type from bean name 'templateEngine' via factory method to bean named 'spring.thymeleaf-org.springframework.boot.autoconfigure.thymeleaf.ThymeleafProperties'
2024-05-26T23:53:23.901+02:00 DEBUG 3612 --- [JWP-Winary] [           main] o.s.b.f.s.DefaultListableBeanFactory     : Creating shared instance of singleton bean 'defaultTemplateResolver'
2024-05-26T23:53:23.901+02:00 DEBUG 3612 --- [JWP-Winary] [           main] o.s.b.f.s.DefaultListableBeanFactory     : Creating shared instance of singleton bean 'org.springframework.boot.autoconfigure.thymeleaf.ThymeleafAutoConfiguration$DefaultTemplateResolverConfiguration'
2024-05-26T23:53:23.902+02:00 DEBUG 3612 --- [JWP-Winary] [           main] o.s.b.f.s.DefaultListableBeanFactory     : Autowiring by type from bean name 'org.springframework.boot.autoconfigure.thymeleaf.ThymeleafAutoConfiguration$DefaultTemplateResolverConfiguration' via constructor to bean named 'spring.thymeleaf-org.springframework.boot.autoconfigure.thymeleaf.ThymeleafProperties'
2024-05-26T23:53:23.902+02:00 DEBUG 3612 --- [JWP-Winary] [           main] o.s.b.f.s.DefaultListableBeanFactory     : Autowiring by type from bean name 'org.springframework.boot.autoconfigure.thymeleaf.ThymeleafAutoConfiguration$DefaultTemplateResolverConfiguration' via constructor to bean named 'org.springframework.web.context.support.GenericWebApplicationContext@33c2bd'
2024-05-26T23:53:23.909+02:00 DEBUG 3612 --- [JWP-Winary] [           main] o.s.b.f.s.DefaultListableBeanFactory     : Creating shared instance of singleton bean 'securityDialect'
2024-05-26T23:53:23.909+02:00 DEBUG 3612 --- [JWP-Winary] [           main] o.s.b.f.s.DefaultListableBeanFactory     : Creating shared instance of singleton bean 'org.springframework.boot.autoconfigure.thymeleaf.ThymeleafAutoConfiguration$ThymeleafSecurityDialectConfiguration'
2024-05-26T23:53:23.917+02:00 DEBUG 3612 --- [JWP-Winary] [           main] o.s.b.f.s.DefaultListableBeanFactory     : Autowiring by type from bean name 'thymeleafViewResolver' via factory method to bean named 'spring.thymeleaf-org.springframework.boot.autoconfigure.thymeleaf.ThymeleafProperties'
2024-05-26T23:53:23.917+02:00 DEBUG 3612 --- [JWP-Winary] [           main] o.s.b.f.s.DefaultListableBeanFactory     : Autowiring by type from bean name 'thymeleafViewResolver' via factory method to bean named 'templateEngine'
2024-05-26T23:53:23.920+02:00 DEBUG 3612 --- [JWP-Winary] [           main] o.s.b.f.s.DefaultListableBeanFactory     : Creating shared instance of singleton bean 'requestContextFilter'
2024-05-26T23:53:23.920+02:00 DEBUG 3612 --- [JWP-Winary] [           main] o.s.b.f.s.DefaultListableBeanFactory     : Creating shared instance of singleton bean 'org.springframework.boot.autoconfigure.web.servlet.WebMvcAutoConfiguration'
2024-05-26T23:53:23.921+02:00 DEBUG 3612 --- [JWP-Winary] [           main] o.s.b.f.s.DefaultListableBeanFactory     : Creating shared instance of singleton bean 'formContentFilter'
2024-05-26T23:53:23.922+02:00 DEBUG 3612 --- [JWP-Winary] [           main] o.s.b.f.s.DefaultListableBeanFactory     : Creating shared instance of singleton bean 'org.springframework.boot.autoconfigure.aop.AopAutoConfiguration$AspectJAutoProxyingConfiguration$CglibAutoProxyConfiguration'
2024-05-26T23:53:23.922+02:00 DEBUG 3612 --- [JWP-Winary] [           main] o.s.b.f.s.DefaultListableBeanFactory     : Creating shared instance of singleton bean 'org.springframework.boot.autoconfigure.aop.AopAutoConfiguration$AspectJAutoProxyingConfiguration'
2024-05-26T23:53:23.923+02:00 DEBUG 3612 --- [JWP-Winary] [           main] o.s.b.f.s.DefaultListableBeanFactory     : Creating shared instance of singleton bean 'org.springframework.boot.autoconfigure.aop.AopAutoConfiguration'
2024-05-26T23:53:23.923+02:00 DEBUG 3612 --- [JWP-Winary] [           main] o.s.b.f.s.DefaultListableBeanFactory     : Creating shared instance of singleton bean 'org.springframework.boot.autoconfigure.availability.ApplicationAvailabilityAutoConfiguration'
2024-05-26T23:53:23.923+02:00 DEBUG 3612 --- [JWP-Winary] [           main] o.s.b.f.s.DefaultListableBeanFactory     : Creating shared instance of singleton bean 'applicationAvailability'
2024-05-26T23:53:23.925+02:00 DEBUG 3612 --- [JWP-Winary] [           main] o.s.b.f.s.DefaultListableBeanFactory     : Creating shared instance of singleton bean 'org.springframework.boot.autoconfigure.transaction.jta.JtaAutoConfiguration'
2024-05-26T23:53:23.925+02:00 DEBUG 3612 --- [JWP-Winary] [           main] o.s.b.f.s.DefaultListableBeanFactory     : Creating shared instance of singleton bean 'org.springframework.boot.autoconfigure.jdbc.metadata.DataSourcePoolMetadataProvidersConfiguration'
2024-05-26T23:53:23.925+02:00 DEBUG 3612 --- [JWP-Winary] [           main] o.s.b.f.s.DefaultListableBeanFactory     : Creating shared instance of singleton bean 'org.springframework.boot.autoconfigure.jdbc.DataSourceAutoConfiguration'
2024-05-26T23:53:23.926+02:00 DEBUG 3612 --- [JWP-Winary] [           main] o.s.b.f.s.DefaultListableBeanFactory     : Creating shared instance of singleton bean 'org.springframework.boot.autoconfigure.transaction.TransactionManagerCustomizationAutoConfiguration'
2024-05-26T23:53:23.926+02:00 DEBUG 3612 --- [JWP-Winary] [           main] o.s.b.f.s.DefaultListableBeanFactory     : Creating shared instance of singleton bean 'platformTransactionManagerCustomizers'
2024-05-26T23:53:23.926+02:00 DEBUG 3612 --- [JWP-Winary] [           main] o.s.b.f.s.DefaultListableBeanFactory     : Creating shared instance of singleton bean 'transactionExecutionListeners'
2024-05-26T23:53:23.928+02:00 DEBUG 3612 --- [JWP-Winary] [           main] o.s.b.f.s.DefaultListableBeanFactory     : Creating shared instance of singleton bean 'spring.transaction-org.springframework.boot.autoconfigure.transaction.TransactionProperties'
2024-05-26T23:53:23.931+02:00 DEBUG 3612 --- [JWP-Winary] [           main] o.s.b.f.s.DefaultListableBeanFactory     : Creating shared instance of singleton bean 'org.springframework.boot.autoconfigure.orm.jpa.JpaBaseConfiguration$PersistenceManagedTypesConfiguration'
2024-05-26T23:53:23.931+02:00 DEBUG 3612 --- [JWP-Winary] [           main] o.s.b.f.s.DefaultListableBeanFactory     : Creating shared instance of singleton bean 'transactionManager'
2024-05-26T23:53:23.939+02:00 DEBUG 3612 --- [JWP-Winary] [           main] o.s.b.f.s.DefaultListableBeanFactory     : Creating shared instance of singleton bean 'org.springframework.boot.autoconfigure.orm.jpa.HibernateJpaAutoConfiguration'
2024-05-26T23:53:23.939+02:00 DEBUG 3612 --- [JWP-Winary] [           main] o.s.b.f.s.DefaultListableBeanFactory     : Creating shared instance of singleton bean 'org.springframework.boot.autoconfigure.context.ConfigurationPropertiesAutoConfiguration'
2024-05-26T23:53:23.939+02:00 DEBUG 3612 --- [JWP-Winary] [           main] o.s.b.f.s.DefaultListableBeanFactory     : Creating shared instance of singleton bean 'org.springframework.boot.autoconfigure.context.LifecycleAutoConfiguration'
2024-05-26T23:53:23.940+02:00 DEBUG 3612 --- [JWP-Winary] [           main] o.s.b.f.s.DefaultListableBeanFactory     : Creating shared instance of singleton bean 'lifecycleProcessor'
2024-05-26T23:53:23.940+02:00 DEBUG 3612 --- [JWP-Winary] [           main] o.s.b.f.s.DefaultListableBeanFactory     : Creating shared instance of singleton bean 'spring.lifecycle-org.springframework.boot.autoconfigure.context.LifecycleProperties'
2024-05-26T23:53:23.941+02:00 DEBUG 3612 --- [JWP-Winary] [           main] o.s.b.f.s.DefaultListableBeanFactory     : Autowiring by type from bean name 'lifecycleProcessor' via factory method to bean named 'spring.lifecycle-org.springframework.boot.autoconfigure.context.LifecycleProperties'
2024-05-26T23:53:23.943+02:00 DEBUG 3612 --- [JWP-Winary] [           main] o.s.b.f.s.DefaultListableBeanFactory     : Creating shared instance of singleton bean 'org.springframework.boot.autoconfigure.dao.PersistenceExceptionTranslationAutoConfiguration'
2024-05-26T23:53:23.943+02:00 DEBUG 3612 --- [JWP-Winary] [           main] o.s.b.f.s.DefaultListableBeanFactory     : Creating shared instance of singleton bean 'org.springframework.boot.autoconfigure.data.jpa.JpaRepositoriesAutoConfiguration'
2024-05-26T23:53:23.943+02:00 DEBUG 3612 --- [JWP-Winary] [           main] o.s.b.f.s.DefaultListableBeanFactory     : Creating shared instance of singleton bean 'org.springframework.data.jpa.util.JpaMetamodelCacheCleanup'
2024-05-26T23:53:23.944+02:00 DEBUG 3612 --- [JWP-Winary] [           main] o.s.b.f.s.DefaultListableBeanFactory     : Creating shared instance of singleton bean 'org.springframework.data.jpa.repository.support.JpaEvaluationContextExtension'
2024-05-26T23:53:23.945+02:00 DEBUG 3612 --- [JWP-Winary] [           main] o.s.b.f.s.DefaultListableBeanFactory     : Creating shared instance of singleton bean 'data-jpa.repository-aot-processor#0'
2024-05-26T23:53:23.950+02:00 DEBUG 3612 --- [JWP-Winary] [           main] o.s.b.f.s.DefaultListableBeanFactory     : Creating shared instance of singleton bean 'org.springframework.boot.autoconfigure.gson.GsonAutoConfiguration'
2024-05-26T23:53:23.950+02:00 DEBUG 3612 --- [JWP-Winary] [           main] o.s.b.f.s.DefaultListableBeanFactory     : Creating shared instance of singleton bean 'gsonBuilder'
2024-05-26T23:53:23.951+02:00 DEBUG 3612 --- [JWP-Winary] [           main] o.s.b.f.s.DefaultListableBeanFactory     : Creating shared instance of singleton bean 'standardGsonBuilderCustomizer'
2024-05-26T23:53:23.951+02:00 DEBUG 3612 --- [JWP-Winary] [           main] o.s.b.f.s.DefaultListableBeanFactory     : Creating shared instance of singleton bean 'spring.gson-org.springframework.boot.autoconfigure.gson.GsonProperties'
2024-05-26T23:53:23.953+02:00 DEBUG 3612 --- [JWP-Winary] [           main] o.s.b.f.s.DefaultListableBeanFactory     : Autowiring by type from bean name 'standardGsonBuilderCustomizer' via factory method to bean named 'spring.gson-org.springframework.boot.autoconfigure.gson.GsonProperties'
2024-05-26T23:53:23.954+02:00 DEBUG 3612 --- [JWP-Winary] [           main] o.s.b.f.s.DefaultListableBeanFactory     : Autowiring by type from bean name 'gsonBuilder' via factory method to bean named 'standardGsonBuilderCustomizer'
2024-05-26T23:53:23.973+02:00 DEBUG 3612 --- [JWP-Winary] [           main] o.s.b.f.s.DefaultListableBeanFactory     : Creating shared instance of singleton bean 'gson'
2024-05-26T23:53:23.973+02:00 DEBUG 3612 --- [JWP-Winary] [           main] o.s.b.f.s.DefaultListableBeanFactory     : Autowiring by type from bean name 'gson' via factory method to bean named 'gsonBuilder'
2024-05-26T23:53:23.999+02:00 DEBUG 3612 --- [JWP-Winary] [           main] o.s.b.f.s.DefaultListableBeanFactory     : Creating shared instance of singleton bean 'org.springframework.boot.autoconfigure.http.JacksonHttpMessageConvertersConfiguration'
2024-05-26T23:53:24.000+02:00 DEBUG 3612 --- [JWP-Winary] [           main] o.s.b.f.s.DefaultListableBeanFactory     : Creating shared instance of singleton bean 'org.springframework.boot.autoconfigure.http.GsonHttpMessageConvertersConfiguration'
2024-05-26T23:53:24.000+02:00 DEBUG 3612 --- [JWP-Winary] [           main] o.s.b.f.s.DefaultListableBeanFactory     : Creating shared instance of singleton bean 'org.springframework.data.web.config.ProjectingArgumentResolverRegistrar'
2024-05-26T23:53:24.000+02:00 DEBUG 3612 --- [JWP-Winary] [           main] o.s.b.f.s.DefaultListableBeanFactory     : Creating shared instance of singleton bean 'offsetResolver'
2024-05-26T23:53:24.002+02:00 DEBUG 3612 --- [JWP-Winary] [           main] o.s.b.f.s.DefaultListableBeanFactory     : Creating shared instance of singleton bean 'org.springframework.boot.autoconfigure.h2.H2ConsoleAutoConfiguration'
2024-05-26T23:53:24.002+02:00 DEBUG 3612 --- [JWP-Winary] [           main] o.s.b.f.s.DefaultListableBeanFactory     : Creating shared instance of singleton bean 'h2Console'
2024-05-26T23:53:24.003+02:00 DEBUG 3612 --- [JWP-Winary] [           main] o.s.b.f.s.DefaultListableBeanFactory     : Creating shared instance of singleton bean 'spring.h2.console-org.springframework.boot.autoconfigure.h2.H2ConsoleProperties'
2024-05-26T23:53:24.004+02:00 DEBUG 3612 --- [JWP-Winary] [           main] o.s.b.f.s.DefaultListableBeanFactory     : Autowiring by type from bean name 'h2Console' via factory method to bean named 'spring.h2.console-org.springframework.boot.autoconfigure.h2.H2ConsoleProperties'
2024-05-26T23:53:24.006+02:00  INFO 3612 --- [JWP-Winary] [           main] o.s.b.a.h2.H2ConsoleAutoConfiguration    : H2 console available at '/h2-console'. Database available at 'jdbc:h2:mem:winesdb'
2024-05-26T23:53:24.006+02:00 DEBUG 3612 --- [JWP-Winary] [           main] o.s.b.f.s.DefaultListableBeanFactory     : Creating shared instance of singleton bean 'org.springframework.boot.autoconfigure.info.ProjectInfoAutoConfiguration'
2024-05-26T23:53:24.008+02:00 DEBUG 3612 --- [JWP-Winary] [           main] o.s.b.f.s.DefaultListableBeanFactory     : Creating shared instance of singleton bean 'spring.info-org.springframework.boot.autoconfigure.info.ProjectInfoProperties'
2024-05-26T23:53:24.009+02:00 DEBUG 3612 --- [JWP-Winary] [           main] o.s.b.f.s.DefaultListableBeanFactory     : Autowiring by type from bean name 'org.springframework.boot.autoconfigure.info.ProjectInfoAutoConfiguration' via constructor to bean named 'spring.info-org.springframework.boot.autoconfigure.info.ProjectInfoProperties'
2024-05-26T23:53:24.010+02:00 DEBUG 3612 --- [JWP-Winary] [           main] o.s.b.f.s.DefaultListableBeanFactory     : Creating shared instance of singleton bean 'org.springframework.boot.autoconfigure.jdbc.JdbcTemplateConfiguration'
2024-05-26T23:53:24.010+02:00 DEBUG 3612 --- [JWP-Winary] [           main] o.s.b.f.s.DefaultListableBeanFactory     : Creating shared instance of singleton bean 'dataSourceScriptDatabaseInitializer'
2024-05-26T23:53:24.010+02:00 DEBUG 3612 --- [JWP-Winary] [           main] o.s.b.f.s.DefaultListableBeanFactory     : Creating shared instance of singleton bean 'org.springframework.boot.autoconfigure.sql.init.DataSourceInitializationConfiguration'
2024-05-26T23:53:24.011+02:00 DEBUG 3612 --- [JWP-Winary] [           main] o.s.b.f.s.DefaultListableBeanFactory     : Creating shared instance of singleton bean 'spring.sql.init-org.springframework.boot.autoconfigure.sql.init.SqlInitializationProperties'
2024-05-26T23:53:24.012+02:00 DEBUG 3612 --- [JWP-Winary] [           main] o.s.b.f.s.DefaultListableBeanFactory     : Autowiring by type from bean name 'dataSourceScriptDatabaseInitializer' via factory method to bean named 'dataSource'
2024-05-26T23:53:24.013+02:00 DEBUG 3612 --- [JWP-Winary] [           main] o.s.b.f.s.DefaultListableBeanFactory     : Autowiring by type from bean name 'dataSourceScriptDatabaseInitializer' via factory method to bean named 'spring.sql.init-org.springframework.boot.autoconfigure.sql.init.SqlInitializationProperties'
2024-05-26T23:53:24.021+02:00 DEBUG 3612 --- [JWP-Winary] [           main] o.s.jdbc.datasource.DataSourceUtils      : Fetching JDBC Connection from DataSource
2024-05-26T23:53:24.028+02:00 DEBUG 3612 --- [JWP-Winary] [           main] o.s.jdbc.datasource.DataSourceUtils      : Fetching JDBC Connection from DataSource
2024-05-26T23:53:24.029+02:00 DEBUG 3612 --- [JWP-Winary] [           main] o.s.jdbc.datasource.init.ScriptUtils     : Executing SQL script from file [C:\Users\Isabelle\Desktop\VUA\Semestar6\JWP\JWP-Winary\target\classes\schema.sql]
2024-05-26T23:53:24.045+02:00 DEBUG 3612 --- [JWP-Winary] [           main] o.s.jdbc.datasource.init.ScriptUtils     : 0 returned as update count for SQL: DROP TABLE IF EXISTS ROLE_USER
2024-05-26T23:53:24.053+02:00 DEBUG 3612 --- [JWP-Winary] [           main] o.s.jdbc.datasource.init.ScriptUtils     : 0 returned as update count for SQL: DROP TABLE IF EXISTS ROLES
2024-05-26T23:53:24.057+02:00 DEBUG 3612 --- [JWP-Winary] [           main] o.s.jdbc.datasource.init.ScriptUtils     : 0 returned as update count for SQL: CREATE TABLE ROLES( id INT GENERATED ALWAYS AS IDENTITY, name VARCHAR(15) NOT NULL, PRIMARY KEY (id) )
2024-05-26T23:53:24.060+02:00 DEBUG 3612 --- [JWP-Winary] [           main] o.s.jdbc.datasource.init.ScriptUtils     : 0 returned as update count for SQL: CREATE TABLE ROLE_USER( user_id INT NOT NULL, role_id INT NOT NULL, PRIMARY KEY (user_id, role_id), FOREIGN KEY (user_id) REFERENCES USERS(id), FOREIGN KEY (role_id) REFERENCES ROLES(id) )
2024-05-26T23:53:24.063+02:00 DEBUG 3612 --- [JWP-Winary] [           main] o.s.jdbc.datasource.init.ScriptUtils     : Executed SQL script from file [C:\Users\Isabelle\Desktop\VUA\Semestar6\JWP\JWP-Winary\target\classes\schema.sql] in 31 ms.
2024-05-26T23:53:24.064+02:00 DEBUG 3612 --- [JWP-Winary] [           main] o.s.jdbc.datasource.DataSourceUtils      : Fetching JDBC Connection from DataSource
2024-05-26T23:53:24.064+02:00 DEBUG 3612 --- [JWP-Winary] [           main] o.s.jdbc.datasource.DataSourceUtils      : Fetching JDBC Connection from DataSource
2024-05-26T23:53:24.064+02:00 DEBUG 3612 --- [JWP-Winary] [           main] o.s.jdbc.datasource.init.ScriptUtils     : Executing SQL script from file [C:\Users\Isabelle\Desktop\VUA\Semestar6\JWP\JWP-Winary\target\classes\data.sql]
2024-05-26T23:53:24.075+02:00 DEBUG 3612 --- [JWP-Winary] [           main] o.s.jdbc.datasource.init.ScriptUtils     : 1 returned as update count for SQL: INSERT INTO USERS(username, password) VALUES('user', '$2a$10$xszlj1pbFnz6kKreb3X9pugjNUg0MAcC1ff/NR43oKNthJYYcCRj6')
2024-05-26T23:53:24.076+02:00 DEBUG 3612 --- [JWP-Winary] [           main] o.s.jdbc.datasource.init.ScriptUtils     : 1 returned as update count for SQL: INSERT INTO USERS(username, password) VALUES('admin', '$2a$10$xszlj1pbFnz6kKreb3X9pugjNUg0MAcC1ff/NR43oKNthJYYcCRj6')
2024-05-26T23:53:24.076+02:00 DEBUG 3612 --- [JWP-Winary] [           main] o.s.jdbc.datasource.init.ScriptUtils     : 1 returned as update count for SQL: INSERT INTO USERS(username, password) VALUES('read_only', '$2a$10$xszlj1pbFnz6kKreb3X9pugjNUg0MAcC1ff/NR43oKNthJYYcCRj6')
2024-05-26T23:53:24.077+02:00 DEBUG 3612 --- [JWP-Winary] [           main] o.s.jdbc.datasource.init.ScriptUtils     : 1 returned as update count for SQL: INSERT INTO ROLES(name) VALUES ('USER')
2024-05-26T23:53:24.077+02:00 DEBUG 3612 --- [JWP-Winary] [           main] o.s.jdbc.datasource.init.ScriptUtils     : 1 returned as update count for SQL: INSERT INTO ROLES(name) VALUES ('ADMIN')
2024-05-26T23:53:24.078+02:00 DEBUG 3612 --- [JWP-Winary] [           main] o.s.jdbc.datasource.init.ScriptUtils     : 1 returned as update count for SQL: INSERT INTO ROLES(name) VALUES ('READ_ONLY')
2024-05-26T23:53:24.080+02:00 DEBUG 3612 --- [JWP-Winary] [           main] o.s.jdbc.datasource.init.ScriptUtils     : 1 returned as update count for SQL: INSERT INTO ROLE_USER(user_id, role_id) VALUES (1, 1)
2024-05-26T23:53:24.083+02:00 DEBUG 3612 --- [JWP-Winary] [           main] o.s.jdbc.datasource.init.ScriptUtils     : 1 returned as update count for SQL: INSERT INTO ROLE_USER(user_id, role_id) VALUES (2, 1)
2024-05-26T23:53:24.085+02:00 DEBUG 3612 --- [JWP-Winary] [           main] o.s.jdbc.datasource.init.ScriptUtils     : 1 returned as update count for SQL: INSERT INTO ROLE_USER(user_id, role_id) VALUES (2, 2)
2024-05-26T23:53:24.086+02:00 DEBUG 3612 --- [JWP-Winary] [           main] o.s.jdbc.datasource.init.ScriptUtils     : 1 returned as update count for SQL: INSERT INTO ROLE_USER(user_id, role_id) VALUES (3, 3)
2024-05-26T23:53:24.086+02:00 DEBUG 3612 --- [JWP-Winary] [           main] o.s.jdbc.datasource.init.ScriptUtils     : Executed SQL script from file [C:\Users\Isabelle\Desktop\VUA\Semestar6\JWP\JWP-Winary\target\classes\data.sql] in 22 ms.
2024-05-26T23:53:24.087+02:00 DEBUG 3612 --- [JWP-Winary] [           main] o.s.b.f.s.DefaultListableBeanFactory     : Creating shared instance of singleton bean 'jdbcTemplate'
2024-05-26T23:53:24.087+02:00 DEBUG 3612 --- [JWP-Winary] [           main] o.s.b.f.s.DefaultListableBeanFactory     : Creating shared instance of singleton bean 'spring.jdbc-org.springframework.boot.autoconfigure.jdbc.JdbcProperties'
2024-05-26T23:53:24.089+02:00 DEBUG 3612 --- [JWP-Winary] [           main] o.s.b.f.s.DefaultListableBeanFactory     : Autowiring by type from bean name 'jdbcTemplate' via factory method to bean named 'dataSource'
2024-05-26T23:53:24.089+02:00 DEBUG 3612 --- [JWP-Winary] [           main] o.s.b.f.s.DefaultListableBeanFactory     : Autowiring by type from bean name 'jdbcTemplate' via factory method to bean named 'spring.jdbc-org.springframework.boot.autoconfigure.jdbc.JdbcProperties'
2024-05-26T23:53:24.097+02:00 DEBUG 3612 --- [JWP-Winary] [           main] o.s.b.f.s.DefaultListableBeanFactory     : Creating shared instance of singleton bean 'org.springframework.boot.autoconfigure.jdbc.NamedParameterJdbcTemplateConfiguration'
2024-05-26T23:53:24.097+02:00 DEBUG 3612 --- [JWP-Winary] [           main] o.s.b.f.s.DefaultListableBeanFactory     : Creating shared instance of singleton bean 'namedParameterJdbcTemplate'
2024-05-26T23:53:24.097+02:00 DEBUG 3612 --- [JWP-Winary] [           main] o.s.b.f.s.DefaultListableBeanFactory     : Autowiring by type from bean name 'namedParameterJdbcTemplate' via factory method to bean named 'jdbcTemplate'
2024-05-26T23:53:24.103+02:00 DEBUG 3612 --- [JWP-Winary] [           main] o.s.b.f.s.DefaultListableBeanFactory     : Creating shared instance of singleton bean 'org.springframework.boot.autoconfigure.jdbc.JdbcTemplateAutoConfiguration'
2024-05-26T23:53:24.104+02:00 DEBUG 3612 --- [JWP-Winary] [           main] o.s.b.f.s.DefaultListableBeanFactory     : Creating shared instance of singleton bean 'org.springframework.boot.autoconfigure.jdbc.JdbcClientAutoConfiguration'
2024-05-26T23:53:24.104+02:00 DEBUG 3612 --- [JWP-Winary] [           main] o.s.b.f.s.DefaultListableBeanFactory     : Creating shared instance of singleton bean 'jdbcClient'
2024-05-26T23:53:24.105+02:00 DEBUG 3612 --- [JWP-Winary] [           main] o.s.b.f.s.DefaultListableBeanFactory     : Autowiring by type from bean name 'jdbcClient' via factory method to bean named 'namedParameterJdbcTemplate'
2024-05-26T23:53:24.107+02:00 DEBUG 3612 --- [JWP-Winary] [           main] o.s.b.f.s.DefaultListableBeanFactory     : Creating shared instance of singleton bean 'org.springframework.boot.autoconfigure.security.oauth2.client.servlet.OAuth2ClientAutoConfiguration'
2024-05-26T23:53:24.107+02:00 DEBUG 3612 --- [JWP-Winary] [           main] o.s.b.f.s.DefaultListableBeanFactory     : Creating shared instance of singleton bean 'org.springframework.boot.autoconfigure.security.servlet.SpringBootWebSecurityConfiguration'
2024-05-26T23:53:24.107+02:00 DEBUG 3612 --- [JWP-Winary] [           main] o.s.b.f.s.DefaultListableBeanFactory     : Creating shared instance of singleton bean 'spring.security-org.springframework.boot.autoconfigure.security.SecurityProperties'
2024-05-26T23:53:24.108+02:00 DEBUG 3612 --- [JWP-Winary] [           main] o.s.b.f.s.DefaultListableBeanFactory     : Creating shared instance of singleton bean 'org.springframework.boot.autoconfigure.security.servlet.SecurityFilterAutoConfiguration'
2024-05-26T23:53:24.109+02:00 DEBUG 3612 --- [JWP-Winary] [           main] o.s.b.f.s.DefaultListableBeanFactory     : Creating shared instance of singleton bean 'securityFilterChainRegistration'
2024-05-26T23:53:24.109+02:00 DEBUG 3612 --- [JWP-Winary] [           main] o.s.b.f.s.DefaultListableBeanFactory     : Autowiring by type from bean name 'securityFilterChainRegistration' via factory method to bean named 'spring.security-org.springframework.boot.autoconfigure.security.SecurityProperties'
2024-05-26T23:53:24.116+02:00 DEBUG 3612 --- [JWP-Winary] [           main] o.s.b.f.s.DefaultListableBeanFactory     : Creating shared instance of singleton bean 'org.springframework.boot.autoconfigure.sql.init.SqlInitializationAutoConfiguration'
2024-05-26T23:53:24.117+02:00 DEBUG 3612 --- [JWP-Winary] [           main] o.s.b.f.s.DefaultListableBeanFactory     : Creating shared instance of singleton bean 'org.springframework.boot.autoconfigure.task.TaskSchedulingConfigurations$ThreadPoolTaskSchedulerBuilderConfiguration'
2024-05-26T23:53:24.118+02:00 DEBUG 3612 --- [JWP-Winary] [           main] o.s.b.f.s.DefaultListableBeanFactory     : Creating shared instance of singleton bean 'threadPoolTaskSchedulerBuilder'
2024-05-26T23:53:24.118+02:00 DEBUG 3612 --- [JWP-Winary] [           main] o.s.b.f.s.DefaultListableBeanFactory     : Creating shared instance of singleton bean 'spring.task.scheduling-org.springframework.boot.autoconfigure.task.TaskSchedulingProperties'
2024-05-26T23:53:24.120+02:00 DEBUG 3612 --- [JWP-Winary] [           main] o.s.b.f.s.DefaultListableBeanFactory     : Autowiring by type from bean name 'threadPoolTaskSchedulerBuilder' via factory method to bean named 'spring.task.scheduling-org.springframework.boot.autoconfigure.task.TaskSchedulingProperties'
2024-05-26T23:53:24.123+02:00 DEBUG 3612 --- [JWP-Winary] [           main] o.s.b.f.s.DefaultListableBeanFactory     : Creating shared instance of singleton bean 'org.springframework.boot.autoconfigure.task.TaskSchedulingConfigurations$TaskSchedulerBuilderConfiguration'
2024-05-26T23:53:24.123+02:00 DEBUG 3612 --- [JWP-Winary] [           main] o.s.b.f.s.DefaultListableBeanFactory     : Creating shared instance of singleton bean 'taskSchedulerBuilder'
2024-05-26T23:53:24.127+02:00 DEBUG 3612 --- [JWP-Winary] [           main] o.s.b.f.s.DefaultListableBeanFactory     : Autowiring by type from bean name 'taskSchedulerBuilder' via factory method to bean named 'spring.task.scheduling-org.springframework.boot.autoconfigure.task.TaskSchedulingProperties'
2024-05-26T23:53:24.128+02:00 DEBUG 3612 --- [JWP-Winary] [           main] o.s.b.f.s.DefaultListableBeanFactory     : Creating shared instance of singleton bean 'org.springframework.boot.autoconfigure.task.TaskSchedulingConfigurations$SimpleAsyncTaskSchedulerBuilderConfiguration'
2024-05-26T23:53:24.130+02:00 DEBUG 3612 --- [JWP-Winary] [           main] o.s.b.f.s.DefaultListableBeanFactory     : Autowiring by type from bean name 'org.springframework.boot.autoconfigure.task.TaskSchedulingConfigurations$SimpleAsyncTaskSchedulerBuilderConfiguration' via constructor to bean named 'spring.task.scheduling-org.springframework.boot.autoconfigure.task.TaskSchedulingProperties'
2024-05-26T23:53:24.131+02:00 DEBUG 3612 --- [JWP-Winary] [           main] o.s.b.f.s.DefaultListableBeanFactory     : Creating shared instance of singleton bean 'simpleAsyncTaskSchedulerBuilder'
2024-05-26T23:53:24.135+02:00 DEBUG 3612 --- [JWP-Winary] [           main] o.s.b.f.s.DefaultListableBeanFactory     : Creating shared instance of singleton bean 'org.springframework.boot.autoconfigure.task.TaskSchedulingAutoConfiguration'
2024-05-26T23:53:24.135+02:00 DEBUG 3612 --- [JWP-Winary] [           main] o.s.b.f.s.DefaultListableBeanFactory     : Creating shared instance of singleton bean 'org.springframework.boot.autoconfigure.thymeleaf.ThymeleafAutoConfiguration$ThymeleafWebMvcConfiguration'
2024-05-26T23:53:24.137+02:00 DEBUG 3612 --- [JWP-Winary] [           main] o.s.b.f.s.DefaultListableBeanFactory     : Creating shared instance of singleton bean 'org.springframework.boot.autoconfigure.thymeleaf.ThymeleafAutoConfiguration'
2024-05-26T23:53:24.137+02:00 DEBUG 3612 --- [JWP-Winary] [           main] o.s.b.f.s.DefaultListableBeanFactory     : Creating shared instance of singleton bean 'org.springframework.boot.autoconfigure.jdbc.DataSourceTransactionManagerAutoConfiguration$JdbcTransactionManagerConfiguration'
2024-05-26T23:53:24.137+02:00 DEBUG 3612 --- [JWP-Winary] [           main] o.s.b.f.s.DefaultListableBeanFactory     : Creating shared instance of singleton bean 'org.springframework.boot.autoconfigure.jdbc.DataSourceTransactionManagerAutoConfiguration'
2024-05-26T23:53:24.137+02:00 DEBUG 3612 --- [JWP-Winary] [           main] o.s.b.f.s.DefaultListableBeanFactory     : Creating shared instance of singleton bean 'org.springframework.boot.autoconfigure.transaction.TransactionAutoConfiguration$EnableTransactionManagementConfiguration$CglibAutoProxyConfiguration'
2024-05-26T23:53:24.138+02:00 DEBUG 3612 --- [JWP-Winary] [           main] o.s.b.f.s.DefaultListableBeanFactory     : Creating shared instance of singleton bean 'org.springframework.boot.autoconfigure.transaction.TransactionAutoConfiguration$EnableTransactionManagementConfiguration'
2024-05-26T23:53:24.138+02:00 DEBUG 3612 --- [JWP-Winary] [           main] o.s.b.f.s.DefaultListableBeanFactory     : Creating shared instance of singleton bean 'org.springframework.boot.autoconfigure.transaction.TransactionAutoConfiguration$TransactionTemplateConfiguration'
2024-05-26T23:53:24.138+02:00 DEBUG 3612 --- [JWP-Winary] [           main] o.s.b.f.s.DefaultListableBeanFactory     : Creating shared instance of singleton bean 'transactionTemplate'
2024-05-26T23:53:24.138+02:00 DEBUG 3612 --- [JWP-Winary] [           main] o.s.b.f.s.DefaultListableBeanFactory     : Autowiring by type from bean name 'transactionTemplate' via factory method to bean named 'transactionManager'
2024-05-26T23:53:24.141+02:00 DEBUG 3612 --- [JWP-Winary] [           main] o.s.b.f.s.DefaultListableBeanFactory     : Creating shared instance of singleton bean 'org.springframework.boot.autoconfigure.transaction.TransactionAutoConfiguration'
2024-05-26T23:53:24.142+02:00 DEBUG 3612 --- [JWP-Winary] [           main] o.s.b.f.s.DefaultListableBeanFactory     : Creating shared instance of singleton bean 'org.springframework.boot.autoconfigure.web.client.RestClientAutoConfiguration'
2024-05-26T23:53:24.142+02:00 DEBUG 3612 --- [JWP-Winary] [           main] o.s.b.f.s.DefaultListableBeanFactory     : Creating shared instance of singleton bean 'httpMessageConvertersRestClientCustomizer'
2024-05-26T23:53:24.142+02:00 DEBUG 3612 --- [JWP-Winary] [           main] o.s.b.f.s.DefaultListableBeanFactory     : Creating shared instance of singleton bean 'restClientSsl'
2024-05-26T23:53:24.142+02:00 DEBUG 3612 --- [JWP-Winary] [           main] o.s.b.f.s.DefaultListableBeanFactory     : Autowiring by type from bean name 'restClientSsl' via factory method to bean named 'sslBundleRegistry'
2024-05-26T23:53:24.143+02:00 DEBUG 3612 --- [JWP-Winary] [           main] o.s.b.f.s.DefaultListableBeanFactory     : Creating shared instance of singleton bean 'restClientBuilderConfigurer'
2024-05-26T23:53:24.144+02:00 DEBUG 3612 --- [JWP-Winary] [           main] o.s.b.f.s.DefaultListableBeanFactory     : Creating shared instance of singleton bean 'org.springframework.boot.autoconfigure.web.client.RestTemplateAutoConfiguration'
2024-05-26T23:53:24.144+02:00 DEBUG 3612 --- [JWP-Winary] [           main] o.s.b.f.s.DefaultListableBeanFactory     : Creating shared instance of singleton bean 'characterEncodingFilter'
2024-05-26T23:53:24.145+02:00 DEBUG 3612 --- [JWP-Winary] [           main] o.s.b.f.s.DefaultListableBeanFactory     : Creating shared instance of singleton bean 'multipartResolver'
2024-05-26T23:53:24.156+02:00 DEBUG 3612 --- [JWP-Winary] [           main] o.s.c.support.DefaultLifecycleProcessor  : Starting beans in phase -2147483647
2024-05-26T23:53:24.156+02:00 DEBUG 3612 --- [JWP-Winary] [           main] o.s.c.support.DefaultLifecycleProcessor  : Successfully started bean 'springBootLoggingLifecycle'
2024-05-26T23:53:24.156+02:00 DEBUG 3612 --- [JWP-Winary] [           main] o.s.c.support.DefaultLifecycleProcessor  : Starting beans in phase 2147483647
2024-05-26T23:53:24.171+02:00 DEBUG 3612 --- [JWP-Winary] [           main] .s.b.a.l.ConditionEvaluationReportLogger : 


============================
CONDITIONS EVALUATION REPORT
============================


Positive matches:
-----------------

   AopAutoConfiguration matched:
      - @ConditionalOnProperty (spring.aop.auto=true) matched (OnPropertyCondition)

   AopAutoConfiguration.AspectJAutoProxyingConfiguration matched:
      - @ConditionalOnClass found required class 'org.aspectj.weaver.Advice' (OnClassCondition)

   AopAutoConfiguration.AspectJAutoProxyingConfiguration.CglibAutoProxyConfiguration matched:
      - @ConditionalOnProperty (spring.aop.proxy-target-class=true) matched (OnPropertyCondition)

   ApplicationAvailabilityAutoConfiguration#applicationAvailability matched:
      - @ConditionalOnMissingBean (types: org.springframework.boot.availability.ApplicationAvailability; SearchStrategy: all) did not find any beans (OnBeanCondition)

   DataSourceAutoConfiguration matched:
      - @ConditionalOnClass found required classes 'javax.sql.DataSource', 'org.springframework.jdbc.datasource.embedded.EmbeddedDatabaseType' (OnClassCondition)
      - @ConditionalOnMissingBean (types: io.r2dbc.spi.ConnectionFactory; SearchStrategy: all) did not find any beans (OnBeanCondition)

   DataSourceAutoConfiguration.PooledDataSourceConfiguration matched:
      - AnyNestedCondition 1 matched 1 did not; NestedCondition on DataSourceAutoConfiguration.PooledDataSourceCondition.PooledDataSourceAvailable PooledDataSource found supported DataSource; NestedCondition on DataSourceAutoConfiguration.PooledDataSourceCondition.ExplicitType @ConditionalOnProperty (spring.datasource.type) did not find property 'type' (DataSourceAutoConfiguration.PooledDataSourceCondition)
      - @ConditionalOnMissingBean (types: javax.sql.DataSource,javax.sql.XADataSource; SearchStrategy: all) did not find any beans (OnBeanCondition)

   DataSourceAutoConfiguration.PooledDataSourceConfiguration#jdbcConnectionDetails matched:
      - @ConditionalOnMissingBean (types: org.springframework.boot.autoconfigure.jdbc.JdbcConnectionDetails; SearchStrategy: all) did not find any beans (OnBeanCondition)

   DataSourceConfiguration.Hikari matched:
      - @ConditionalOnClass found required class 'com.zaxxer.hikari.HikariDataSource' (OnClassCondition)
      - @ConditionalOnProperty (spring.datasource.type=com.zaxxer.hikari.HikariDataSource) matched (OnPropertyCondition)
      - @ConditionalOnMissingBean (types: javax.sql.DataSource; SearchStrategy: all) did not find any beans (OnBeanCondition)

   DataSourceInitializationConfiguration matched:
      - @ConditionalOnClass found required class 'org.springframework.jdbc.datasource.init.DatabasePopulator' (OnClassCondition)
      - @ConditionalOnSingleCandidate (types: javax.sql.DataSource; SearchStrategy: all) found a single bean 'dataSource'; @ConditionalOnMissingBean (types: org.springframework.boot.autoconfigure.sql.init.SqlDataSourceScriptDatabaseInitializer,org.springframework.boot.autoconfigure.sql.init.SqlR2dbcScriptDatabaseInitializer; SearchStrategy: all) did not find any beans (OnBeanCondition)

   DataSourcePoolMetadataProvidersConfiguration.HikariPoolDataSourceMetadataProviderConfiguration matched:
      - @ConditionalOnClass found required class 'com.zaxxer.hikari.HikariDataSource' (OnClassCondition)

   DataSourceTransactionManagerAutoConfiguration matched:
      - @ConditionalOnClass found required classes 'org.springframework.jdbc.core.JdbcTemplate', 'org.springframework.transaction.TransactionManager' (OnClassCondition)

   DataSourceTransactionManagerAutoConfiguration.JdbcTransactionManagerConfiguration matched:
      - @ConditionalOnSingleCandidate (types: javax.sql.DataSource; SearchStrategy: all) found a single bean 'dataSource' (OnBeanCondition)

   DispatcherServletAutoConfiguration matched:
      - @ConditionalOnClass found required class 'org.springframework.web.servlet.DispatcherServlet' (OnClassCondition)
      - found 'session' scope (OnWebApplicationCondition)

   DispatcherServletAutoConfiguration.DispatcherServletConfiguration matched:
      - @ConditionalOnClass found required class 'jakarta.servlet.ServletRegistration' (OnClassCondition)
      - Default DispatcherServlet did not find dispatcher servlet beans (DispatcherServletAutoConfiguration.DefaultDispatcherServletCondition)

   DispatcherServletAutoConfiguration.DispatcherServletRegistrationConfiguration matched:
      - @ConditionalOnClass found required class 'jakarta.servlet.ServletRegistration' (OnClassCondition)
      - DispatcherServlet Registration did not find servlet registration bean (DispatcherServletAutoConfiguration.DispatcherServletRegistrationCondition)

   DispatcherServletAutoConfiguration.DispatcherServletRegistrationConfiguration#dispatcherServletRegistration matched:
      - @ConditionalOnBean (names: dispatcherServlet types: org.springframework.web.servlet.DispatcherServlet; SearchStrategy: all) found bean 'dispatcherServlet' (OnBeanCondition)

   ErrorMvcAutoConfiguration matched:
      - @ConditionalOnClass found required classes 'jakarta.servlet.Servlet', 'org.springframework.web.servlet.DispatcherServlet' (OnClassCondition)
      - found 'session' scope (OnWebApplicationCondition)

   ErrorMvcAutoConfiguration#basicErrorController matched:
      - @ConditionalOnMissingBean (types: org.springframework.boot.web.servlet.error.ErrorController; SearchStrategy: current) did not find any beans (OnBeanCondition)

   ErrorMvcAutoConfiguration#errorAttributes matched:
      - @ConditionalOnMissingBean (types: org.springframework.boot.web.servlet.error.ErrorAttributes; SearchStrategy: current) did not find any beans (OnBeanCondition)

   ErrorMvcAutoConfiguration.DefaultErrorViewResolverConfiguration#conventionErrorViewResolver matched:
      - @ConditionalOnBean (types: org.springframework.web.servlet.DispatcherServlet; SearchStrategy: all) found bean 'dispatcherServlet'; @ConditionalOnMissingBean (types: org.springframework.boot.autoconfigure.web.servlet.error.ErrorViewResolver; SearchStrategy: all) did not find any beans (OnBeanCondition)

   ErrorMvcAutoConfiguration.WhitelabelErrorViewConfiguration matched:
      - @ConditionalOnProperty (server.error.whitelabel.enabled) matched (OnPropertyCondition)
      - ErrorTemplate Missing did not find error template view (ErrorMvcAutoConfiguration.ErrorTemplateMissingCondition)

   ErrorMvcAutoConfiguration.WhitelabelErrorViewConfiguration#beanNameViewResolver matched:
      - @ConditionalOnMissingBean (types: org.springframework.web.servlet.view.BeanNameViewResolver; SearchStrategy: all) did not find any beans (OnBeanCondition)

   ErrorMvcAutoConfiguration.WhitelabelErrorViewConfiguration#defaultErrorView matched:
      - @ConditionalOnMissingBean (names: error; SearchStrategy: all) did not find any beans (OnBeanCondition)

   GenericCacheConfiguration matched:
      - Cache org.springframework.boot.autoconfigure.cache.GenericCacheConfiguration automatic cache type (CacheCondition)

   GsonAutoConfiguration matched:
      - @ConditionalOnClass found required class 'com.google.gson.Gson' (OnClassCondition)

   GsonAutoConfiguration#gson matched:
      - @ConditionalOnMissingBean (types: com.google.gson.Gson; SearchStrategy: all) did not find any beans (OnBeanCondition)

   GsonAutoConfiguration#gsonBuilder matched:
      - @ConditionalOnMissingBean (types: com.google.gson.GsonBuilder; SearchStrategy: all) did not find any beans (OnBeanCondition)

   GsonHttpMessageConvertersConfiguration matched:
      - @ConditionalOnClass found required class 'com.google.gson.Gson' (OnClassCondition)

   H2ConsoleAutoConfiguration matched:
      - @ConditionalOnClass found required class 'org.h2.server.web.JakartaWebServlet' (OnClassCondition)
      - found 'session' scope (OnWebApplicationCondition)
      - @ConditionalOnProperty (spring.h2.console.enabled=true) matched (OnPropertyCondition)

   HibernateJpaAutoConfiguration matched:
      - @ConditionalOnClass found required classes 'org.springframework.orm.jpa.LocalContainerEntityManagerFactoryBean', 'jakarta.persistence.EntityManager', 'org.hibernate.engine.spi.SessionImplementor' (OnClassCondition)

   HibernateJpaConfiguration matched:
      - @ConditionalOnSingleCandidate (types: javax.sql.DataSource; SearchStrategy: all) found a single bean 'dataSource' (OnBeanCondition)

   HttpEncodingAutoConfiguration matched:
      - @ConditionalOnClass found required class 'org.springframework.web.filter.CharacterEncodingFilter' (OnClassCondition)
      - found 'session' scope (OnWebApplicationCondition)
      - @ConditionalOnProperty (server.servlet.encoding.enabled) matched (OnPropertyCondition)

   HttpEncodingAutoConfiguration#characterEncodingFilter matched:
      - @ConditionalOnMissingBean (types: org.springframework.web.filter.CharacterEncodingFilter; SearchStrategy: all) did not find any beans (OnBeanCondition)

   HttpMessageConvertersAutoConfiguration matched:
      - @ConditionalOnClass found required class 'org.springframework.http.converter.HttpMessageConverter' (OnClassCondition)
      - NoneNestedConditions 0 matched 1 did not; NestedCondition on HttpMessageConvertersAutoConfiguration.NotReactiveWebApplicationCondition.ReactiveWebApplication did not find reactive web application classes (HttpMessageConvertersAutoConfiguration.NotReactiveWebApplicationCondition)

   HttpMessageConvertersAutoConfiguration#messageConverters matched:
      - @ConditionalOnMissingBean (types: org.springframework.boot.autoconfigure.http.HttpMessageConverters; SearchStrategy: all) did not find any beans (OnBeanCondition)

   HttpMessageConvertersAutoConfiguration.StringHttpMessageConverterConfiguration matched:
      - @ConditionalOnClass found required class 'org.springframework.http.converter.StringHttpMessageConverter' (OnClassCondition)

   HttpMessageConvertersAutoConfiguration.StringHttpMessageConverterConfiguration#stringHttpMessageConverter matched:
      - @ConditionalOnMissingBean (types: org.springframework.http.converter.StringHttpMessageConverter; SearchStrategy: all) did not find any beans (OnBeanCondition)

   JacksonAutoConfiguration matched:
      - @ConditionalOnClass found required class 'com.fasterxml.jackson.databind.ObjectMapper' (OnClassCondition)

   JacksonAutoConfiguration.Jackson2ObjectMapperBuilderCustomizerConfiguration matched:
      - @ConditionalOnClass found required class 'org.springframework.http.converter.json.Jackson2ObjectMapperBuilder' (OnClassCondition)

   JacksonAutoConfiguration.JacksonObjectMapperBuilderConfiguration matched:
      - @ConditionalOnClass found required class 'org.springframework.http.converter.json.Jackson2ObjectMapperBuilder' (OnClassCondition)

   JacksonAutoConfiguration.JacksonObjectMapperBuilderConfiguration#jacksonObjectMapperBuilder matched:
      - @ConditionalOnMissingBean (types: org.springframework.http.converter.json.Jackson2ObjectMapperBuilder; SearchStrategy: all) did not find any beans (OnBeanCondition)

   JacksonAutoConfiguration.JacksonObjectMapperConfiguration matched:
      - @ConditionalOnClass found required class 'org.springframework.http.converter.json.Jackson2ObjectMapperBuilder' (OnClassCondition)

   JacksonAutoConfiguration.JacksonObjectMapperConfiguration#jacksonObjectMapper matched:
      - @ConditionalOnMissingBean (types: com.fasterxml.jackson.databind.ObjectMapper; SearchStrategy: all) did not find any beans (OnBeanCondition)

   JacksonAutoConfiguration.ParameterNamesModuleConfiguration matched:
      - @ConditionalOnClass found required class 'com.fasterxml.jackson.module.paramnames.ParameterNamesModule' (OnClassCondition)

   JacksonAutoConfiguration.ParameterNamesModuleConfiguration#parameterNamesModule matched:
      - @ConditionalOnMissingBean (types: com.fasterxml.jackson.module.paramnames.ParameterNamesModule; SearchStrategy: all) did not find any beans (OnBeanCondition)

   JacksonHttpMessageConvertersConfiguration.MappingJackson2HttpMessageConverterConfiguration matched:
      - @ConditionalOnClass found required class 'com.fasterxml.jackson.databind.ObjectMapper' (OnClassCondition)
      - @ConditionalOnProperty (spring.mvc.converters.preferred-json-mapper=jackson) matched (OnPropertyCondition)
      - @ConditionalOnBean (types: com.fasterxml.jackson.databind.ObjectMapper; SearchStrategy: all) found bean 'jacksonObjectMapper' (OnBeanCondition)

   JacksonHttpMessageConvertersConfiguration.MappingJackson2HttpMessageConverterConfiguration#mappingJackson2HttpMessageConverter matched:
      - @ConditionalOnMissingBean (types: org.springframework.http.converter.json.MappingJackson2HttpMessageConverter ignored: org.springframework.hateoas.server.mvc.TypeConstrainedMappingJackson2HttpMessageConverter,org.springframework.data.rest.webmvc.alps.AlpsJsonHttpMessageConverter; SearchStrategy: all) did not find any beans (OnBeanCondition)

   JdbcClientAutoConfiguration matched:
      - @ConditionalOnSingleCandidate (types: org.springframework.jdbc.core.namedparam.NamedParameterJdbcTemplate; SearchStrategy: all) found a single bean 'namedParameterJdbcTemplate'; @ConditionalOnMissingBean (types: org.springframework.jdbc.core.simple.JdbcClient; SearchStrategy: all) did not find any beans (OnBeanCondition)

   JdbcTemplateAutoConfiguration matched:
      - @ConditionalOnClass found required classes 'javax.sql.DataSource', 'org.springframework.jdbc.core.JdbcTemplate' (OnClassCondition)
      - @ConditionalOnSingleCandidate (types: javax.sql.DataSource; SearchStrategy: all) found a single bean 'dataSource' (OnBeanCondition)

   JdbcTemplateConfiguration matched:
      - @ConditionalOnMissingBean (types: org.springframework.jdbc.core.JdbcOperations; SearchStrategy: all) did not find any beans (OnBeanCondition)

   JpaBaseConfiguration#entityManagerFactory matched:
      - @ConditionalOnMissingBean (types: org.springframework.orm.jpa.LocalContainerEntityManagerFactoryBean,jakarta.persistence.EntityManagerFactory; SearchStrategy: all) did not find any beans (OnBeanCondition)

   JpaBaseConfiguration#entityManagerFactoryBuilder matched:
      - @ConditionalOnMissingBean (types: org.springframework.boot.orm.jpa.EntityManagerFactoryBuilder; SearchStrategy: all) did not find any beans (OnBeanCondition)

   JpaBaseConfiguration#jpaVendorAdapter matched:
      - @ConditionalOnMissingBean (types: org.springframework.orm.jpa.JpaVendorAdapter; SearchStrategy: all) did not find any beans (OnBeanCondition)

   JpaBaseConfiguration#transactionManager matched:
      - @ConditionalOnMissingBean (types: org.springframework.transaction.TransactionManager; SearchStrategy: all) did not find any beans (OnBeanCondition)

   JpaBaseConfiguration.JpaWebConfiguration matched:
      - @ConditionalOnClass found required class 'org.springframework.web.servlet.config.annotation.WebMvcConfigurer' (OnClassCondition)
      - found 'session' scope (OnWebApplicationCondition)
      - @ConditionalOnProperty (spring.jpa.open-in-view=true) matched (OnPropertyCondition)
      - @ConditionalOnMissingBean (types: org.springframework.orm.jpa.support.OpenEntityManagerInViewInterceptor,org.springframework.orm.jpa.support.OpenEntityManagerInViewFilter; SearchStrategy: all) did not find any beans (OnBeanCondition)

   JpaBaseConfiguration.PersistenceManagedTypesConfiguration matched:
      - @ConditionalOnMissingBean (types: org.springframework.orm.jpa.LocalContainerEntityManagerFactoryBean,jakarta.persistence.EntityManagerFactory; SearchStrategy: all) did not find any beans (OnBeanCondition)

   JpaBaseConfiguration.PersistenceManagedTypesConfiguration#persistenceManagedTypes matched:
      - @ConditionalOnMissingBean (types: org.springframework.orm.jpa.persistenceunit.PersistenceManagedTypes; SearchStrategy: all) did not find any beans (OnBeanCondition)

   JpaRepositoriesAutoConfiguration matched:
      - @ConditionalOnClass found required class 'org.springframework.data.jpa.repository.JpaRepository' (OnClassCondition)
      - @ConditionalOnProperty (spring.data.jpa.repositories.enabled=true) matched (OnPropertyCondition)
      - @ConditionalOnBean (types: javax.sql.DataSource; SearchStrategy: all) found bean 'dataSource'; @ConditionalOnMissingBean (types: org.springframework.data.jpa.repository.support.JpaRepositoryFactoryBean,org.springframework.data.jpa.repository.config.JpaRepositoryConfigExtension; SearchStrategy: all) did not find any beans (OnBeanCondition)

   JtaAutoConfiguration matched:
      - @ConditionalOnClass found required class 'jakarta.transaction.Transaction' (OnClassCondition)
      - @ConditionalOnProperty (spring.jta.enabled) matched (OnPropertyCondition)

   LifecycleAutoConfiguration#defaultLifecycleProcessor matched:
      - @ConditionalOnMissingBean (names: lifecycleProcessor; SearchStrategy: current) did not find any beans (OnBeanCondition)

   MultipartAutoConfiguration matched:
      - @ConditionalOnClass found required classes 'jakarta.servlet.Servlet', 'org.springframework.web.multipart.support.StandardServletMultipartResolver', 'jakarta.servlet.MultipartConfigElement' (OnClassCondition)
      - found 'session' scope (OnWebApplicationCondition)
      - @ConditionalOnProperty (spring.servlet.multipart.enabled) matched (OnPropertyCondition)

   MultipartAutoConfiguration#multipartConfigElement matched:
      - @ConditionalOnMissingBean (types: jakarta.servlet.MultipartConfigElement; SearchStrategy: all) did not find any beans (OnBeanCondition)

   MultipartAutoConfiguration#multipartResolver matched:
      - @ConditionalOnMissingBean (types: org.springframework.web.multipart.MultipartResolver; SearchStrategy: all) did not find any beans (OnBeanCondition)

   NamedParameterJdbcTemplateConfiguration matched:
      - @ConditionalOnSingleCandidate (types: org.springframework.jdbc.core.JdbcTemplate; SearchStrategy: all) found a single bean 'jdbcTemplate'; @ConditionalOnMissingBean (types: org.springframework.jdbc.core.namedparam.NamedParameterJdbcOperations; SearchStrategy: all) did not find any beans (OnBeanCondition)

   NoOpCacheConfiguration matched:
      - Cache org.springframework.boot.autoconfigure.cache.NoOpCacheConfiguration automatic cache type (CacheCondition)

   OAuth2ClientAutoConfiguration matched:
      - @ConditionalOnClass found required classes 'org.springframework.security.config.annotation.web.configuration.EnableWebSecurity', 'org.springframework.security.oauth2.client.registration.ClientRegistration' (OnClassCondition)
      - found 'session' scope (OnWebApplicationCondition)

   PersistenceExceptionTranslationAutoConfiguration matched:
      - @ConditionalOnClass found required class 'org.springframework.dao.annotation.PersistenceExceptionTranslationPostProcessor' (OnClassCondition)

   PersistenceExceptionTranslationAutoConfiguration#persistenceExceptionTranslationPostProcessor matched:
      - @ConditionalOnProperty (spring.dao.exceptiontranslation.enabled) matched (OnPropertyCondition)
      - @ConditionalOnMissingBean (types: org.springframework.dao.annotation.PersistenceExceptionTranslationPostProcessor; SearchStrategy: all) did not find any beans (OnBeanCondition)

   PropertyPlaceholderAutoConfiguration#propertySourcesPlaceholderConfigurer matched:
      - @ConditionalOnMissingBean (types: org.springframework.context.support.PropertySourcesPlaceholderConfigurer; SearchStrategy: current) did not find any beans (OnBeanCondition)

   RestClientAutoConfiguration matched:
      - @ConditionalOnClass found required class 'org.springframework.web.client.RestClient' (OnClassCondition)
      - NoneNestedConditions 0 matched 1 did not; NestedCondition on NotReactiveWebApplicationCondition.ReactiveWebApplication did not find reactive web application classes (NotReactiveWebApplicationCondition)

   RestClientAutoConfiguration#httpMessageConvertersRestClientCustomizer matched:
      - @ConditionalOnMissingBean (types: org.springframework.boot.autoconfigure.web.client.HttpMessageConvertersRestClientCustomizer; SearchStrategy: all) did not find any beans (OnBeanCondition)

   RestClientAutoConfiguration#restClientBuilder matched:
      - @ConditionalOnMissingBean (types: org.springframework.web.client.RestClient$Builder; SearchStrategy: all) did not find any beans (OnBeanCondition)

   RestClientAutoConfiguration#restClientBuilderConfigurer matched:
      - @ConditionalOnMissingBean (types: org.springframework.boot.autoconfigure.web.client.RestClientBuilderConfigurer; SearchStrategy: all) did not find any beans (OnBeanCondition)

   RestClientAutoConfiguration#restClientSsl matched:
      - @ConditionalOnBean (types: org.springframework.boot.ssl.SslBundles; SearchStrategy: all) found bean 'sslBundleRegistry'; @ConditionalOnMissingBean (types: org.springframework.boot.autoconfigure.web.client.RestClientSsl; SearchStrategy: all) did not find any beans (OnBeanCondition)

   RestTemplateAutoConfiguration matched:
      - @ConditionalOnClass found required class 'org.springframework.web.client.RestTemplate' (OnClassCondition)
      - NoneNestedConditions 0 matched 1 did not; NestedCondition on NotReactiveWebApplicationCondition.ReactiveWebApplication did not find reactive web application classes (NotReactiveWebApplicationCondition)

   RestTemplateAutoConfiguration#restTemplateBuilder matched:
      - @ConditionalOnMissingBean (types: org.springframework.boot.web.client.RestTemplateBuilder; SearchStrategy: all) did not find any beans (OnBeanCondition)

   SecurityAutoConfiguration matched:
      - @ConditionalOnClass found required class 'org.springframework.security.authentication.DefaultAuthenticationEventPublisher' (OnClassCondition)

   SecurityAutoConfiguration#authenticationEventPublisher matched:
      - @ConditionalOnMissingBean (types: org.springframework.security.authentication.AuthenticationEventPublisher; SearchStrategy: all) did not find any beans (OnBeanCondition)

   SecurityFilterAutoConfiguration matched:
      - @ConditionalOnClass found required classes 'org.springframework.security.web.context.AbstractSecurityWebApplicationInitializer', 'org.springframework.security.config.http.SessionCreationPolicy' (OnClassCondition)
      - found 'session' scope (OnWebApplicationCondition)

   SecurityFilterAutoConfiguration#securityFilterChainRegistration matched:
      - @ConditionalOnBean (names: springSecurityFilterChain; SearchStrategy: all) found bean 'springSecurityFilterChain' (OnBeanCondition)

   ServletWebServerFactoryAutoConfiguration matched:
      - @ConditionalOnClass found required class 'jakarta.servlet.ServletRequest' (OnClassCondition)
      - found 'session' scope (OnWebApplicationCondition)

   ServletWebServerFactoryAutoConfiguration#tomcatServletWebServerFactoryCustomizer matched:
      - @ConditionalOnClass found required class 'org.apache.catalina.startup.Tomcat' (OnClassCondition)

   ServletWebServerFactoryConfiguration.EmbeddedTomcat matched:
      - @ConditionalOnClass found required classes 'jakarta.servlet.Servlet', 'org.apache.catalina.startup.Tomcat', 'org.apache.coyote.UpgradeProtocol' (OnClassCondition)
      - @ConditionalOnMissingBean (types: org.springframework.boot.web.servlet.server.ServletWebServerFactory; SearchStrategy: current) did not find any beans (OnBeanCondition)

   SimpleCacheConfiguration matched:
      - Cache org.springframework.boot.autoconfigure.cache.SimpleCacheConfiguration automatic cache type (CacheCondition)

   SpringBootWebSecurityConfiguration matched:
      - found 'session' scope (OnWebApplicationCondition)

   SpringDataWebAutoConfiguration matched:
      - @ConditionalOnClass found required classes 'org.springframework.data.web.PageableHandlerMethodArgumentResolver', 'org.springframework.web.servlet.config.annotation.WebMvcConfigurer' (OnClassCondition)
      - found 'session' scope (OnWebApplicationCondition)
      - @ConditionalOnMissingBean (types: org.springframework.data.web.PageableHandlerMethodArgumentResolver; SearchStrategy: all) did not find any beans (OnBeanCondition)

   SpringDataWebAutoConfiguration#pageableCustomizer matched:
      - @ConditionalOnMissingBean (types: org.springframework.data.web.config.PageableHandlerMethodArgumentResolverCustomizer; SearchStrategy: all) did not find any beans (OnBeanCondition)

   SpringDataWebAutoConfiguration#sortCustomizer matched:
      - @ConditionalOnMissingBean (types: org.springframework.data.web.config.SortHandlerMethodArgumentResolverCustomizer; SearchStrategy: all) did not find any beans (OnBeanCondition)

   SqlInitializationAutoConfiguration matched:
      - @ConditionalOnProperty (spring.sql.init.enabled) matched (OnPropertyCondition)
      - NoneNestedConditions 0 matched 1 did not; NestedCondition on SqlInitializationAutoConfiguration.SqlInitializationModeCondition.ModeIsNever @ConditionalOnProperty (spring.sql.init.mode=never) did not find property 'mode' (SqlInitializationAutoConfiguration.SqlInitializationModeCondition)

   SslAutoConfiguration#sslBundleRegistry matched:
      - @ConditionalOnMissingBean (types: org.springframework.boot.ssl.SslBundleRegistry,org.springframework.boot.ssl.SslBundles; SearchStrategy: all) did not find any beans (OnBeanCondition)

   TaskExecutionAutoConfiguration matched:
      - @ConditionalOnClass found required class 'org.springframework.scheduling.concurrent.ThreadPoolTaskExecutor' (OnClassCondition)

   TaskExecutorConfigurations.SimpleAsyncTaskExecutorBuilderConfiguration#simpleAsyncTaskExecutorBuilder matched:
      - @ConditionalOnMissingBean (types: org.springframework.boot.task.SimpleAsyncTaskExecutorBuilder; SearchStrategy: all) did not find any beans (OnBeanCondition)
      - @ConditionalOnThreading found PLATFORM (OnThreadingCondition)

   TaskExecutorConfigurations.TaskExecutorBuilderConfiguration#taskExecutorBuilder matched:
      - @ConditionalOnMissingBean (types: org.springframework.boot.task.TaskExecutorBuilder; SearchStrategy: all) did not find any beans (OnBeanCondition)

   TaskExecutorConfigurations.TaskExecutorConfiguration matched:
      - @ConditionalOnMissingBean (types: java.util.concurrent.Executor; SearchStrategy: all) did not find any beans (OnBeanCondition)

   TaskExecutorConfigurations.TaskExecutorConfiguration#applicationTaskExecutor matched:
      - @ConditionalOnThreading found PLATFORM (OnThreadingCondition)

   TaskExecutorConfigurations.ThreadPoolTaskExecutorBuilderConfiguration#threadPoolTaskExecutorBuilder matched:
      - @ConditionalOnMissingBean (types: org.springframework.boot.task.TaskExecutorBuilder,org.springframework.boot.task.ThreadPoolTaskExecutorBuilder; SearchStrategy: all) did not find any beans (OnBeanCondition)

   TaskSchedulingAutoConfiguration matched:
      - @ConditionalOnClass found required class 'org.springframework.scheduling.concurrent.ThreadPoolTaskScheduler' (OnClassCondition)

   TaskSchedulingConfigurations.SimpleAsyncTaskSchedulerBuilderConfiguration#simpleAsyncTaskSchedulerBuilder matched:
      - @ConditionalOnMissingBean (types: org.springframework.boot.task.SimpleAsyncTaskSchedulerBuilder; SearchStrategy: all) did not find any beans (OnBeanCondition)
      - @ConditionalOnThreading found PLATFORM (OnThreadingCondition)

   TaskSchedulingConfigurations.TaskSchedulerBuilderConfiguration#taskSchedulerBuilder matched:
      - @ConditionalOnMissingBean (types: org.springframework.boot.task.TaskSchedulerBuilder; SearchStrategy: all) did not find any beans (OnBeanCondition)

   TaskSchedulingConfigurations.ThreadPoolTaskSchedulerBuilderConfiguration#threadPoolTaskSchedulerBuilder matched:
      - @ConditionalOnMissingBean (types: org.springframework.boot.task.TaskSchedulerBuilder,org.springframework.boot.task.ThreadPoolTaskSchedulerBuilder; SearchStrategy: all) did not find any beans (OnBeanCondition)

   TemplateEngineConfigurations.DefaultTemplateEngineConfiguration#templateEngine matched:
      - @ConditionalOnMissingBean (types: org.thymeleaf.spring6.ISpringTemplateEngine; SearchStrategy: all) did not find any beans (OnBeanCondition)

   ThymeleafAutoConfiguration matched:
      - @ConditionalOnClass found required classes 'org.thymeleaf.templatemode.TemplateMode', 'org.thymeleaf.spring6.SpringTemplateEngine' (OnClassCondition)

   ThymeleafAutoConfiguration.DefaultTemplateResolverConfiguration matched:
      - @ConditionalOnMissingBean (names: defaultTemplateResolver; SearchStrategy: all) did not find any beans (OnBeanCondition)

   ThymeleafAutoConfiguration.ThymeleafSecurityDialectConfiguration matched:
      - @ConditionalOnClass found required classes 'org.thymeleaf.extras.springsecurity6.dialect.SpringSecurityDialect', 'org.springframework.security.web.server.csrf.CsrfToken' (OnClassCondition)

   ThymeleafAutoConfiguration.ThymeleafSecurityDialectConfiguration#securityDialect matched:
      - @ConditionalOnMissingBean (types: org.thymeleaf.extras.springsecurity6.dialect.SpringSecurityDialect; SearchStrategy: all) did not find any beans (OnBeanCondition)

   ThymeleafAutoConfiguration.ThymeleafWebMvcConfiguration matched:
      - found 'session' scope (OnWebApplicationCondition)
      - @ConditionalOnProperty (spring.thymeleaf.enabled) matched (OnPropertyCondition)

   ThymeleafAutoConfiguration.ThymeleafWebMvcConfiguration.ThymeleafViewResolverConfiguration#thymeleafViewResolver matched:
      - @ConditionalOnMissingBean (names: thymeleafViewResolver; SearchStrategy: all) did not find any beans (OnBeanCondition)

   TransactionAutoConfiguration matched:
      - @ConditionalOnClass found required class 'org.springframework.transaction.PlatformTransactionManager' (OnClassCondition)

   TransactionAutoConfiguration.EnableTransactionManagementConfiguration matched:
      - @ConditionalOnBean (types: org.springframework.transaction.TransactionManager; SearchStrategy: all) found bean 'transactionManager'; @ConditionalOnMissingBean (types: org.springframework.transaction.annotation.AbstractTransactionManagementConfiguration; SearchStrategy: all) did not find any beans (OnBeanCondition)

   TransactionAutoConfiguration.EnableTransactionManagementConfiguration.CglibAutoProxyConfiguration matched:
      - @ConditionalOnProperty (spring.aop.proxy-target-class=true) matched (OnPropertyCondition)

   TransactionAutoConfiguration.TransactionTemplateConfiguration matched:
      - @ConditionalOnSingleCandidate (types: org.springframework.transaction.PlatformTransactionManager; SearchStrategy: all) found a single bean 'transactionManager' (OnBeanCondition)

   TransactionAutoConfiguration.TransactionTemplateConfiguration#transactionTemplate matched:
      - @ConditionalOnMissingBean (types: org.springframework.transaction.support.TransactionOperations; SearchStrategy: all) did not find any beans (OnBeanCondition)

   TransactionManagerCustomizationAutoConfiguration matched:
      - @ConditionalOnClass found required class 'org.springframework.transaction.PlatformTransactionManager' (OnClassCondition)

   TransactionManagerCustomizationAutoConfiguration#platformTransactionManagerCustomizers matched:
      - @ConditionalOnMissingBean (types: org.springframework.boot.autoconfigure.transaction.TransactionManagerCustomizers; SearchStrategy: all) did not find any beans (OnBeanCondition)

   WebMvcAutoConfiguration matched:
      - @ConditionalOnClass found required classes 'jakarta.servlet.Servlet', 'org.springframework.web.servlet.DispatcherServlet', 'org.springframework.web.servlet.config.annotation.WebMvcConfigurer' (OnClassCondition)
      - found 'session' scope (OnWebApplicationCondition)
      - @ConditionalOnMissingBean (types: org.springframework.web.servlet.config.annotation.WebMvcConfigurationSupport; SearchStrategy: all) did not find any beans (OnBeanCondition)

   WebMvcAutoConfiguration#formContentFilter matched:
      - @ConditionalOnProperty (spring.mvc.formcontent.filter.enabled) matched (OnPropertyCondition)
      - @ConditionalOnMissingBean (types: org.springframework.web.filter.FormContentFilter; SearchStrategy: all) did not find any beans (OnBeanCondition)

   WebMvcAutoConfiguration.EnableWebMvcConfiguration#flashMapManager matched:
      - @ConditionalOnMissingBean (names: flashMapManager; SearchStrategy: all) did not find any beans (OnBeanCondition)

   WebMvcAutoConfiguration.EnableWebMvcConfiguration#localeResolver matched:
      - @ConditionalOnMissingBean (names: localeResolver; SearchStrategy: all) did not find any beans (OnBeanCondition)

   WebMvcAutoConfiguration.EnableWebMvcConfiguration#themeResolver matched:
      - @ConditionalOnMissingBean (names: themeResolver; SearchStrategy: all) did not find any beans (OnBeanCondition)

   WebMvcAutoConfiguration.WebMvcAutoConfigurationAdapter#defaultViewResolver matched:
      - @ConditionalOnMissingBean (types: org.springframework.web.servlet.view.InternalResourceViewResolver; SearchStrategy: all) did not find any beans (OnBeanCondition)

   WebMvcAutoConfiguration.WebMvcAutoConfigurationAdapter#requestContextFilter matched:
      - @ConditionalOnMissingBean (types: org.springframework.web.context.request.RequestContextListener,org.springframework.web.filter.RequestContextFilter; SearchStrategy: all) did not find any beans (OnBeanCondition)

   WebMvcAutoConfiguration.WebMvcAutoConfigurationAdapter#viewResolver matched:
      - @ConditionalOnBean (types: org.springframework.web.servlet.ViewResolver; SearchStrategy: all) found beans 'defaultViewResolver', 'beanNameViewResolver', 'mvcViewResolver'; @ConditionalOnMissingBean (names: viewResolver types: org.springframework.web.servlet.view.ContentNegotiatingViewResolver; SearchStrategy: all) did not find any beans (OnBeanCondition)

   WebSocketServletAutoConfiguration matched:
      - @ConditionalOnClass found required classes 'jakarta.servlet.Servlet', 'jakarta.websocket.server.ServerContainer' (OnClassCondition)
      - found 'session' scope (OnWebApplicationCondition)

   WebSocketServletAutoConfiguration.TomcatWebSocketConfiguration matched:
      - @ConditionalOnClass found required classes 'org.apache.catalina.startup.Tomcat', 'org.apache.tomcat.websocket.server.WsSci' (OnClassCondition)

   WebSocketServletAutoConfiguration.TomcatWebSocketConfiguration#websocketServletWebServerCustomizer matched:
      - @ConditionalOnMissingBean (names: websocketServletWebServerCustomizer; SearchStrategy: all) did not find any beans (OnBeanCondition)


Negative matches:
-----------------

   ActiveMQAutoConfiguration:
      Did not match:
         - @ConditionalOnClass did not find required class 'jakarta.jms.ConnectionFactory' (OnClassCondition)

   AopAutoConfiguration.AspectJAutoProxyingConfiguration.JdkDynamicAutoProxyConfiguration:
      Did not match:
         - @ConditionalOnProperty (spring.aop.proxy-target-class=false) did not find property 'proxy-target-class' (OnPropertyCondition)

   AopAutoConfiguration.ClassProxyingConfiguration:
      Did not match:
         - @ConditionalOnMissingClass found unwanted class 'org.aspectj.weaver.Advice' (OnClassCondition)

   ArtemisAutoConfiguration:
      Did not match:
         - @ConditionalOnClass did not find required class 'jakarta.jms.ConnectionFactory' (OnClassCondition)

   BatchAutoConfiguration:
      Did not match:
         - @ConditionalOnClass did not find required class 'org.springframework.batch.core.launch.JobLauncher' (OnClassCondition)

   Cache2kCacheConfiguration:
      Did not match:
         - @ConditionalOnClass did not find required class 'org.cache2k.Cache2kBuilder' (OnClassCondition)

   CacheAutoConfiguration:
      Did not match:
         - @ConditionalOnBean (types: org.springframework.cache.interceptor.CacheAspectSupport; SearchStrategy: all) did not find any beans of type org.springframework.cache.interceptor.CacheAspectSupport (OnBeanCondition)
      Matched:
         - @ConditionalOnClass found required class 'org.springframework.cache.CacheManager' (OnClassCondition)

   CacheAutoConfiguration.CacheManagerEntityManagerFactoryDependsOnPostProcessor:
      Did not match:
         - Ancestor org.springframework.boot.autoconfigure.cache.CacheAutoConfiguration did not match (ConditionEvaluationReport.AncestorsMatchedCondition)
      Matched:
         - @ConditionalOnClass found required class 'org.springframework.orm.jpa.LocalContainerEntityManagerFactoryBean' (OnClassCondition)

   CaffeineCacheConfiguration:
      Did not match:
         - @ConditionalOnClass did not find required class 'com.github.benmanes.caffeine.cache.Caffeine' (OnClassCondition)

   CassandraAutoConfiguration:
      Did not match:
         - @ConditionalOnClass did not find required class 'com.datastax.oss.driver.api.core.CqlSession' (OnClassCondition)

   CassandraDataAutoConfiguration:
      Did not match:
         - @ConditionalOnClass did not find required class 'com.datastax.oss.driver.api.core.CqlSession' (OnClassCondition)

   CassandraReactiveDataAutoConfiguration:
      Did not match:
         - @ConditionalOnClass did not find required class 'com.datastax.oss.driver.api.core.CqlSession' (OnClassCondition)

   CassandraReactiveRepositoriesAutoConfiguration:
      Did not match:
         - @ConditionalOnClass did not find required class 'org.springframework.data.cassandra.ReactiveSession' (OnClassCondition)

   CassandraRepositoriesAutoConfiguration:
      Did not match:
         - @ConditionalOnClass did not find required class 'com.datastax.oss.driver.api.core.CqlSession' (OnClassCondition)

   ClientHttpConnectorAutoConfiguration:
      Did not match:
         - @ConditionalOnClass did not find required class 'org.springframework.web.reactive.function.client.WebClient' (OnClassCondition)

   CodecsAutoConfiguration:
      Did not match:
         - @ConditionalOnClass did not find required class 'org.springframework.web.reactive.function.client.WebClient' (OnClassCondition)

   CouchbaseAutoConfiguration:
      Did not match:
         - @ConditionalOnClass did not find required class 'com.couchbase.client.java.Cluster' (OnClassCondition)

   CouchbaseCacheConfiguration:
      Did not match:
         - @ConditionalOnClass did not find required class 'com.couchbase.client.java.Cluster' (OnClassCondition)

   CouchbaseDataAutoConfiguration:
      Did not match:
         - @ConditionalOnClass did not find required class 'com.couchbase.client.java.Bucket' (OnClassCondition)

   CouchbaseReactiveDataAutoConfiguration:
      Did not match:
         - @ConditionalOnClass did not find required class 'com.couchbase.client.java.Cluster' (OnClassCondition)

   CouchbaseReactiveRepositoriesAutoConfiguration:
      Did not match:
         - @ConditionalOnClass did not find required class 'com.couchbase.client.java.Cluster' (OnClassCondition)

   CouchbaseRepositoriesAutoConfiguration:
      Did not match:
         - @ConditionalOnClass did not find required class 'com.couchbase.client.java.Bucket' (OnClassCondition)

   DataSourceAutoConfiguration.EmbeddedDatabaseConfiguration:
      Did not match:
         - EmbeddedDataSource spring.datasource.url is set (DataSourceAutoConfiguration.EmbeddedDatabaseCondition)

   DataSourceCheckpointRestoreConfiguration:
      Did not match:
         - @ConditionalOnClass did not find required class 'org.crac.Resource' (OnClassCondition)

   DataSourceConfiguration.Dbcp2:
      Did not match:
         - @ConditionalOnClass did not find required class 'org.apache.commons.dbcp2.BasicDataSource' (OnClassCondition)

   DataSourceConfiguration.Generic:
      Did not match:
         - @ConditionalOnProperty (spring.datasource.type) did not find property 'spring.datasource.type' (OnPropertyCondition)

   DataSourceConfiguration.OracleUcp:
      Did not match:
         - @ConditionalOnClass did not find required classes 'oracle.ucp.jdbc.PoolDataSourceImpl', 'oracle.jdbc.OracleConnection' (OnClassCondition)

   DataSourceConfiguration.Tomcat:
      Did not match:
         - @ConditionalOnClass did not find required class 'org.apache.tomcat.jdbc.pool.DataSource' (OnClassCondition)

   DataSourceJmxConfiguration:
      Did not match:
         - @ConditionalOnProperty (spring.jmx.enabled=true) found different value in property 'enabled' (OnPropertyCondition)

   DataSourcePoolMetadataProvidersConfiguration.CommonsDbcp2PoolDataSourceMetadataProviderConfiguration:
      Did not match:
         - @ConditionalOnClass did not find required class 'org.apache.commons.dbcp2.BasicDataSource' (OnClassCondition)

   DataSourcePoolMetadataProvidersConfiguration.OracleUcpPoolDataSourceMetadataProviderConfiguration:
      Did not match:
         - @ConditionalOnClass did not find required classes 'oracle.ucp.jdbc.PoolDataSource', 'oracle.jdbc.OracleConnection' (OnClassCondition)

   DataSourcePoolMetadataProvidersConfiguration.TomcatDataSourcePoolMetadataProviderConfiguration:
      Did not match:
         - @ConditionalOnClass did not find required class 'org.apache.tomcat.jdbc.pool.DataSource' (OnClassCondition)

   DataSourceTransactionManagerAutoConfiguration.JdbcTransactionManagerConfiguration#transactionManager:
      Did not match:
         - @ConditionalOnMissingBean (types: org.springframework.transaction.TransactionManager; SearchStrategy: all) found beans of type 'org.springframework.transaction.TransactionManager' transactionManager (OnBeanCondition)

   DevToolsDataSourceAutoConfiguration:
      Did not match:
         - Devtools devtools is disabled for current context. (OnEnabledDevToolsCondition)

   DevToolsR2dbcAutoConfiguration:
      Did not match:
         - @ConditionalOnClass did not find required class 'io.r2dbc.spi.ConnectionFactory' (OnClassCondition)

   DispatcherServletAutoConfiguration.DispatcherServletConfiguration#multipartResolver:
      Did not match:
         - @ConditionalOnBean (types: org.springframework.web.multipart.MultipartResolver; SearchStrategy: all) did not find any beans of type org.springframework.web.multipart.MultipartResolver (OnBeanCondition)

   ElasticsearchClientAutoConfiguration:
      Did not match:
         - @ConditionalOnClass did not find required class 'co.elastic.clients.elasticsearch.ElasticsearchClient' (OnClassCondition)

   ElasticsearchDataAutoConfiguration:
      Did not match:
         - @ConditionalOnClass did not find required class 'org.springframework.data.elasticsearch.client.elc.ElasticsearchTemplate' (OnClassCondition)

   ElasticsearchRepositoriesAutoConfiguration:
      Did not match:
         - @ConditionalOnClass did not find required class 'org.springframework.data.elasticsearch.repository.ElasticsearchRepository' (OnClassCondition)

   ElasticsearchRestClientAutoConfiguration:
      Did not match:
         - @ConditionalOnClass did not find required class 'org.elasticsearch.client.RestClientBuilder' (OnClassCondition)

   EmbeddedLdapAutoConfiguration:
      Did not match:
         - @ConditionalOnClass did not find required class 'com.unboundid.ldap.listener.InMemoryDirectoryServer' (OnClassCondition)

   EmbeddedWebServerFactoryCustomizerAutoConfiguration:
      Did not match:
         - Application is deployed as a WAR file. (OnWarDeploymentCondition)
      Matched:
         - @ConditionalOnWebApplication (required) found 'session' scope (OnWebApplicationCondition)

   ErrorWebFluxAutoConfiguration:
      Did not match:
         - @ConditionalOnClass did not find required class 'org.springframework.web.reactive.config.WebFluxConfigurer' (OnClassCondition)

   FlywayAutoConfiguration:
      Did not match:
         - @ConditionalOnClass did not find required class 'org.flywaydb.core.Flyway' (OnClassCondition)

   FreeMarkerAutoConfiguration:
      Did not match:
         - @ConditionalOnClass did not find required class 'freemarker.template.Configuration' (OnClassCondition)

   GraphQlAutoConfiguration:
      Did not match:
         - @ConditionalOnClass did not find required class 'graphql.GraphQL' (OnClassCondition)

   GraphQlQueryByExampleAutoConfiguration:
      Did not match:
         - @ConditionalOnClass did not find required class 'graphql.GraphQL' (OnClassCondition)

   GraphQlQuerydslAutoConfiguration:
      Did not match:
         - @ConditionalOnClass did not find required class 'com.querydsl.core.Query' (OnClassCondition)

   GraphQlRSocketAutoConfiguration:
      Did not match:
         - @ConditionalOnClass did not find required class 'graphql.GraphQL' (OnClassCondition)

   GraphQlReactiveQueryByExampleAutoConfiguration:
      Did not match:
         - @ConditionalOnClass did not find required class 'graphql.GraphQL' (OnClassCondition)

   GraphQlReactiveQuerydslAutoConfiguration:
      Did not match:
         - @ConditionalOnClass did not find required class 'com.querydsl.core.Query' (OnClassCondition)

   GraphQlWebFluxAutoConfiguration:
      Did not match:
         - @ConditionalOnClass did not find required class 'graphql.GraphQL' (OnClassCondition)

   GraphQlWebFluxSecurityAutoConfiguration:
      Did not match:
         - @ConditionalOnClass did not find required class 'graphql.GraphQL' (OnClassCondition)

   GraphQlWebMvcAutoConfiguration:
      Did not match:
         - @ConditionalOnClass did not find required class 'graphql.GraphQL' (OnClassCondition)

   GraphQlWebMvcSecurityAutoConfiguration:
      Did not match:
         - @ConditionalOnClass did not find required class 'graphql.GraphQL' (OnClassCondition)

   GroovyTemplateAutoConfiguration:
      Did not match:
         - @ConditionalOnClass did not find required class 'groovy.text.markup.MarkupTemplateEngine' (OnClassCondition)

   GsonHttpMessageConvertersConfiguration.GsonHttpMessageConverterConfiguration:
      Did not match:
         - AnyNestedCondition 0 matched 2 did not; NestedCondition on GsonHttpMessageConvertersConfiguration.PreferGsonOrJacksonAndJsonbUnavailableCondition.JacksonJsonbUnavailable NoneNestedConditions 1 matched 1 did not; NestedCondition on GsonHttpMessageConvertersConfiguration.JacksonAndJsonbUnavailableCondition.JsonbPreferred @ConditionalOnProperty (spring.mvc.converters.preferred-json-mapper=jsonb) did not find property 'spring.mvc.converters.preferred-json-mapper'; NestedCondition on GsonHttpMessageConvertersConfiguration.JacksonAndJsonbUnavailableCondition.JacksonAvailable @ConditionalOnBean (types: org.springframework.http.converter.json.MappingJackson2HttpMessageConverter; SearchStrategy: all) found bean 'mappingJackson2HttpMessageConverter'; NestedCondition on GsonHttpMessageConvertersConfiguration.PreferGsonOrJacksonAndJsonbUnavailableCondition.GsonPreferred @ConditionalOnProperty (spring.mvc.converters.preferred-json-mapper=gson) did not find property 'spring.mvc.converters.preferred-json-mapper' (GsonHttpMessageConvertersConfiguration.PreferGsonOrJacksonAndJsonbUnavailableCondition)

   HazelcastAutoConfiguration:
      Did not match:
         - @ConditionalOnClass did not find required class 'com.hazelcast.core.HazelcastInstance' (OnClassCondition)

   HazelcastCacheConfiguration:
      Did not match:
         - @ConditionalOnClass did not find required class 'com.hazelcast.core.HazelcastInstance' (OnClassCondition)

   HazelcastJpaDependencyAutoConfiguration:
      Did not match:
         - @ConditionalOnClass did not find required class 'com.hazelcast.core.HazelcastInstance' (OnClassCondition)

   HttpHandlerAutoConfiguration:
      Did not match:
         - @ConditionalOnClass did not find required class 'org.springframework.web.reactive.DispatcherHandler' (OnClassCondition)

   HypermediaAutoConfiguration:
      Did not match:
         - @ConditionalOnClass did not find required class 'org.springframework.hateoas.EntityModel' (OnClassCondition)

   InfinispanCacheConfiguration:
      Did not match:
         - @ConditionalOnClass did not find required class 'org.infinispan.spring.embedded.provider.SpringEmbeddedCacheManager' (OnClassCondition)

   InfluxDbAutoConfiguration:
      Did not match:
         - @ConditionalOnClass did not find required class 'org.influxdb.InfluxDB' (OnClassCondition)

   IntegrationAutoConfiguration:
      Did not match:
         - @ConditionalOnClass did not find required class 'org.springframework.integration.config.EnableIntegration' (OnClassCondition)

   JCacheCacheConfiguration:
      Did not match:
         - @ConditionalOnClass did not find required class 'javax.cache.Caching' (OnClassCondition)

   JacksonHttpMessageConvertersConfiguration.MappingJackson2XmlHttpMessageConverterConfiguration:
      Did not match:
         - @ConditionalOnClass did not find required class 'com.fasterxml.jackson.dataformat.xml.XmlMapper' (OnClassCondition)

   JdbcRepositoriesAutoConfiguration:
      Did not match:
         - @ConditionalOnClass did not find required class 'org.springframework.data.jdbc.repository.config.AbstractJdbcConfiguration' (OnClassCondition)

   JerseyAutoConfiguration:
      Did not match:
         - @ConditionalOnClass did not find required class 'org.glassfish.jersey.server.spring.SpringComponentProvider' (OnClassCondition)

   JmsAutoConfiguration:
      Did not match:
         - @ConditionalOnClass did not find required class 'jakarta.jms.Message' (OnClassCondition)

   JmxAutoConfiguration:
      Did not match:
         - @ConditionalOnProperty (spring.jmx.enabled=true) found different value in property 'enabled' (OnPropertyCondition)
      Matched:
         - @ConditionalOnClass found required class 'org.springframework.jmx.export.MBeanExporter' (OnClassCondition)

   JndiConnectionFactoryAutoConfiguration:
      Did not match:
         - @ConditionalOnClass did not find required class 'org.springframework.jms.core.JmsTemplate' (OnClassCondition)

   JndiDataSourceAutoConfiguration:
      Did not match:
         - @ConditionalOnProperty (spring.datasource.jndi-name) did not find property 'jndi-name' (OnPropertyCondition)
      Matched:
         - @ConditionalOnClass found required classes 'javax.sql.DataSource', 'org.springframework.jdbc.datasource.embedded.EmbeddedDatabaseType' (OnClassCondition)

   JndiJtaConfiguration:
      Did not match:
         - @ConditionalOnJndi JNDI environment is not available (OnJndiCondition)
      Matched:
         - @ConditionalOnClass found required class 'org.springframework.transaction.jta.JtaTransactionManager' (OnClassCondition)

   JooqAutoConfiguration:
      Did not match:
         - @ConditionalOnClass did not find required class 'org.jooq.DSLContext' (OnClassCondition)

   JpaRepositoriesAutoConfiguration#entityManagerFactoryBootstrapExecutorCustomizer:
      Did not match:
         - AnyNestedCondition 0 matched 2 did not; NestedCondition on JpaRepositoriesAutoConfiguration.BootstrapExecutorCondition.LazyBootstrapMode @ConditionalOnProperty (spring.data.jpa.repositories.bootstrap-mode=lazy) did not find property 'bootstrap-mode'; NestedCondition on JpaRepositoriesAutoConfiguration.BootstrapExecutorCondition.DeferredBootstrapMode @ConditionalOnProperty (spring.data.jpa.repositories.bootstrap-mode=deferred) did not find property 'bootstrap-mode' (JpaRepositoriesAutoConfiguration.BootstrapExecutorCondition)

   JsonbAutoConfiguration:
      Did not match:
         - @ConditionalOnClass did not find required class 'jakarta.json.bind.Jsonb' (OnClassCondition)

   JsonbHttpMessageConvertersConfiguration:
      Did not match:
         - @ConditionalOnClass did not find required class 'jakarta.json.bind.Jsonb' (OnClassCondition)

   KafkaAutoConfiguration:
      Did not match:
         - @ConditionalOnClass did not find required class 'org.springframework.kafka.core.KafkaTemplate' (OnClassCondition)

   LdapAutoConfiguration:
      Did not match:
         - @ConditionalOnClass did not find required class 'org.springframework.ldap.core.ContextSource' (OnClassCondition)

   LdapRepositoriesAutoConfiguration:
      Did not match:
         - @ConditionalOnClass did not find required class 'org.springframework.data.ldap.repository.LdapRepository' (OnClassCondition)

   LiquibaseAutoConfiguration:
      Did not match:
         - @ConditionalOnClass did not find required class 'liquibase.change.DatabaseChange' (OnClassCondition)

   LocalDevToolsAutoConfiguration:
      Did not match:
         - Initialized Restarter Condition initialized without URLs (OnInitializedRestarterCondition)

   MailSenderAutoConfiguration:
      Did not match:
         - @ConditionalOnClass did not find required class 'jakarta.mail.internet.MimeMessage' (OnClassCondition)

   MailSenderValidatorAutoConfiguration:
      Did not match:
         - @ConditionalOnSingleCandidate did not find required type 'org.springframework.mail.javamail.JavaMailSenderImpl' (OnBeanCondition)

   MessageSourceAutoConfiguration:
      Did not match:
         - ResourceBundle did not find bundle with basename messages (MessageSourceAutoConfiguration.ResourceBundleCondition)

   MongoAutoConfiguration:
      Did not match:
         - @ConditionalOnClass did not find required class 'com.mongodb.client.MongoClient' (OnClassCondition)

   MongoDataAutoConfiguration:
      Did not match:
         - @ConditionalOnClass did not find required class 'com.mongodb.client.MongoClient' (OnClassCondition)

   MongoReactiveAutoConfiguration:
      Did not match:
         - @ConditionalOnClass did not find required class 'com.mongodb.reactivestreams.client.MongoClient' (OnClassCondition)

   MongoReactiveDataAutoConfiguration:
      Did not match:
         - @ConditionalOnClass did not find required class 'com.mongodb.reactivestreams.client.MongoClient' (OnClassCondition)

   MongoReactiveRepositoriesAutoConfiguration:
      Did not match:
         - @ConditionalOnClass did not find required class 'com.mongodb.reactivestreams.client.MongoClient' (OnClassCondition)

   MongoRepositoriesAutoConfiguration:
      Did not match:
         - @ConditionalOnClass did not find required class 'com.mongodb.client.MongoClient' (OnClassCondition)

   MustacheAutoConfiguration:
      Did not match:
         - @ConditionalOnClass did not find required class 'com.samskivert.mustache.Mustache' (OnClassCondition)

   Neo4jAutoConfiguration:
      Did not match:
         - @ConditionalOnClass did not find required class 'org.neo4j.driver.Driver' (OnClassCondition)

   Neo4jDataAutoConfiguration:
      Did not match:
         - @ConditionalOnClass did not find required class 'org.neo4j.driver.Driver' (OnClassCondition)

   Neo4jReactiveDataAutoConfiguration:
      Did not match:
         - @ConditionalOnClass did not find required class 'org.neo4j.driver.Driver' (OnClassCondition)

   Neo4jReactiveRepositoriesAutoConfiguration:
      Did not match:
         - @ConditionalOnClass did not find required class 'org.neo4j.driver.Driver' (OnClassCondition)

   Neo4jRepositoriesAutoConfiguration:
      Did not match:
         - @ConditionalOnClass did not find required class 'org.neo4j.driver.Driver' (OnClassCondition)

   NettyAutoConfiguration:
      Did not match:
         - @ConditionalOnClass did not find required class 'io.netty.util.NettyRuntime' (OnClassCondition)

   OAuth2AuthorizationServerAutoConfiguration:
      Did not match:
         - @ConditionalOnClass did not find required class 'org.springframework.security.oauth2.server.authorization.OAuth2Authorization' (OnClassCondition)

   OAuth2AuthorizationServerJwtAutoConfiguration:
      Did not match:
         - @ConditionalOnClass did not find required class 'org.springframework.security.oauth2.server.authorization.OAuth2Authorization' (OnClassCondition)

   OAuth2ClientRegistrationRepositoryConfiguration:
      Did not match:
         - OAuth2 Clients Configured Condition registered clients is not available (ClientsConfiguredCondition)

   OAuth2ResourceServerAutoConfiguration:
      Did not match:
         - @ConditionalOnClass did not find required class 'org.springframework.security.oauth2.server.resource.authentication.BearerTokenAuthenticationToken' (OnClassCondition)

   OAuth2WebSecurityConfiguration:
      Did not match:
         - @ConditionalOnBean (types: org.springframework.security.oauth2.client.registration.ClientRegistrationRepository; SearchStrategy: all) did not find any beans of type org.springframework.security.oauth2.client.registration.ClientRegistrationRepository (OnBeanCondition)

   ProjectInfoAutoConfiguration#buildProperties:
      Did not match:
         - @ConditionalOnResource did not find resource '${spring.info.build.location:classpath:META-INF/build-info.properties}' (OnResourceCondition)

   ProjectInfoAutoConfiguration#gitProperties:
      Did not match:
         - GitResource did not find git info at classpath:git.properties (ProjectInfoAutoConfiguration.GitResourceAvailableCondition)

   PulsarAutoConfiguration:
      Did not match:
         - @ConditionalOnClass did not find required class 'org.apache.pulsar.client.api.PulsarClient' (OnClassCondition)

   PulsarReactiveAutoConfiguration:
      Did not match:
         - @ConditionalOnClass did not find required class 'org.apache.pulsar.client.api.PulsarClient' (OnClassCondition)

   QuartzAutoConfiguration:
      Did not match:
         - @ConditionalOnClass did not find required class 'org.quartz.Scheduler' (OnClassCondition)

   R2dbcAutoConfiguration:
      Did not match:
         - @ConditionalOnClass did not find required class 'io.r2dbc.spi.ConnectionFactory' (OnClassCondition)

   R2dbcDataAutoConfiguration:
      Did not match:
         - @ConditionalOnClass did not find required class 'org.springframework.data.r2dbc.core.R2dbcEntityTemplate' (OnClassCondition)

   R2dbcInitializationConfiguration:
      Did not match:
         - @ConditionalOnClass did not find required classes 'io.r2dbc.spi.ConnectionFactory', 'org.springframework.r2dbc.connection.init.DatabasePopulator' (OnClassCondition)

   R2dbcRepositoriesAutoConfiguration:
      Did not match:
         - @ConditionalOnClass did not find required class 'io.r2dbc.spi.ConnectionFactory' (OnClassCondition)

   R2dbcTransactionManagerAutoConfiguration:
      Did not match:
         - @ConditionalOnClass did not find required class 'org.springframework.r2dbc.connection.R2dbcTransactionManager' (OnClassCondition)

   RSocketGraphQlClientAutoConfiguration:
      Did not match:
         - @ConditionalOnClass did not find required class 'graphql.GraphQL' (OnClassCondition)

   RSocketMessagingAutoConfiguration:
      Did not match:
         - @ConditionalOnClass did not find required class 'io.rsocket.RSocket' (OnClassCondition)

   RSocketRequesterAutoConfiguration:
      Did not match:
         - @ConditionalOnClass did not find required class 'io.rsocket.RSocket' (OnClassCondition)

   RSocketSecurityAutoConfiguration:
      Did not match:
         - @ConditionalOnClass did not find required class 'org.springframework.security.rsocket.core.SecuritySocketAcceptorInterceptor' (OnClassCondition)

   RSocketServerAutoConfiguration:
      Did not match:
         - @ConditionalOnClass did not find required class 'io.rsocket.core.RSocketServer' (OnClassCondition)

   RSocketStrategiesAutoConfiguration:
      Did not match:
         - @ConditionalOnClass did not find required class 'io.netty.buffer.PooledByteBufAllocator' (OnClassCondition)

   RabbitAutoConfiguration:
      Did not match:
         - @ConditionalOnClass did not find required class 'com.rabbitmq.client.Channel' (OnClassCondition)

   ReactiveElasticsearchClientAutoConfiguration:
      Did not match:
         - @ConditionalOnClass did not find required class 'co.elastic.clients.transport.ElasticsearchTransport' (OnClassCondition)

   ReactiveElasticsearchRepositoriesAutoConfiguration:
      Did not match:
         - @ConditionalOnClass did not find required class 'org.springframework.data.elasticsearch.client.elc.ReactiveElasticsearchClient' (OnClassCondition)

   ReactiveMultipartAutoConfiguration:
      Did not match:
         - @ConditionalOnClass did not find required class 'org.springframework.web.reactive.config.WebFluxConfigurer' (OnClassCondition)

   ReactiveOAuth2ClientAutoConfiguration:
      Did not match:
         - @ConditionalOnClass did not find required class 'reactor.core.publisher.Flux' (OnClassCondition)

   ReactiveOAuth2ResourceServerAutoConfiguration:
      Did not match:
         - @ConditionalOnWebApplication did not find reactive web application classes (OnWebApplicationCondition)

   ReactiveSecurityAutoConfiguration:
      Did not match:
         - @ConditionalOnClass did not find required class 'reactor.core.publisher.Flux' (OnClassCondition)

   ReactiveUserDetailsServiceAutoConfiguration:
      Did not match:
         - AnyNestedCondition 0 matched 3 did not; NestedCondition on ReactiveUserDetailsServiceAutoConfiguration.MissingAlternativeOrUserPropertiesConfigured.PasswordConfigured @ConditionalOnProperty (spring.security.user.password) did not find property 'password'; NestedCondition on ReactiveUserDetailsServiceAutoConfiguration.MissingAlternativeOrUserPropertiesConfigured.NameConfigured @ConditionalOnProperty (spring.security.user.name) did not find property 'name'; NestedCondition on ReactiveUserDetailsServiceAutoConfiguration.MissingAlternativeOrUserPropertiesConfigured.MissingAlternative @ConditionalOnMissingClass found unwanted class 'org.springframework.security.oauth2.client.registration.ClientRegistrationRepository' (ReactiveUserDetailsServiceAutoConfiguration.MissingAlternativeOrUserPropertiesConfigured)
      Matched:
         - @ConditionalOnClass found required class 'org.springframework.security.authentication.ReactiveAuthenticationManager' (OnClassCondition)

   ReactiveWebServerFactoryAutoConfiguration:
      Did not match:
         - @ConditionalOnWebApplication did not find reactive web application classes (OnWebApplicationCondition)

   ReactorAutoConfiguration:
      Did not match:
         - @ConditionalOnClass did not find required class 'reactor.core.publisher.Hooks' (OnClassCondition)

   RedisAutoConfiguration:
      Did not match:
         - @ConditionalOnClass did not find required class 'org.springframework.data.redis.core.RedisOperations' (OnClassCondition)

   RedisCacheConfiguration:
      Did not match:
         - @ConditionalOnClass did not find required class 'org.springframework.data.redis.connection.RedisConnectionFactory' (OnClassCondition)

   RedisReactiveAutoConfiguration:
      Did not match:
         - @ConditionalOnClass did not find required class 'reactor.core.publisher.Flux' (OnClassCondition)

   RedisRepositoriesAutoConfiguration:
      Did not match:
         - @ConditionalOnClass did not find required class 'org.springframework.data.redis.repository.configuration.EnableRedisRepositories' (OnClassCondition)

   RemoteDevToolsAutoConfiguration:
      Did not match:
         - @ConditionalOnProperty (spring.devtools.remote.secret) did not find property 'secret' (OnPropertyCondition)
      Matched:
         - @ConditionalOnClass found required classes 'jakarta.servlet.Filter', 'org.springframework.http.server.ServerHttpRequest' (OnClassCondition)

   RepositoryRestMvcAutoConfiguration:
      Did not match:
         - @ConditionalOnClass did not find required class 'org.springframework.data.rest.webmvc.config.RepositoryRestMvcConfiguration' (OnClassCondition)

   Saml2RelyingPartyAutoConfiguration:
      Did not match:
         - @ConditionalOnClass did not find required class 'org.springframework.security.saml2.provider.service.registration.RelyingPartyRegistrationRepository' (OnClassCondition)

   SecurityDataConfiguration:
      Did not match:
         - @ConditionalOnClass did not find required class 'org.springframework.security.data.repository.query.SecurityEvaluationContextExtension' (OnClassCondition)

   SendGridAutoConfiguration:
      Did not match:
         - @ConditionalOnClass did not find required class 'com.sendgrid.SendGrid' (OnClassCondition)

   ServletWebServerFactoryAutoConfiguration.ForwardedHeaderFilterConfiguration:
      Did not match:
         - @ConditionalOnProperty (server.forward-headers-strategy=framework) did not find property 'server.forward-headers-strategy' (OnPropertyCondition)

   ServletWebServerFactoryConfiguration.EmbeddedJetty:
      Did not match:
         - @ConditionalOnClass did not find required classes 'org.eclipse.jetty.server.Server', 'org.eclipse.jetty.util.Loader', 'org.eclipse.jetty.ee10.webapp.WebAppContext' (OnClassCondition)

   ServletWebServerFactoryConfiguration.EmbeddedUndertow:
      Did not match:
         - @ConditionalOnClass did not find required classes 'io.undertow.Undertow', 'org.xnio.SslClientAuthMode' (OnClassCondition)

   SessionAutoConfiguration:
      Did not match:
         - @ConditionalOnClass did not find required class 'org.springframework.session.Session' (OnClassCondition)

   SpringApplicationAdminJmxAutoConfiguration:
      Did not match:
         - @ConditionalOnProperty (spring.application.admin.enabled=true) did not find property 'enabled' (OnPropertyCondition)

   SpringBootWebSecurityConfiguration.SecurityFilterChainConfiguration:
      Did not match:
         - AllNestedConditions 1 matched 1 did not; NestedCondition on DefaultWebSecurityCondition.Beans @ConditionalOnMissingBean (types: org.springframework.security.web.SecurityFilterChain; SearchStrategy: all) found beans of type 'org.springframework.security.web.SecurityFilterChain' filterChain; NestedCondition on DefaultWebSecurityCondition.Classes @ConditionalOnClass found required classes 'org.springframework.security.web.SecurityFilterChain', 'org.springframework.security.config.annotation.web.builders.HttpSecurity' (DefaultWebSecurityCondition)

   SpringBootWebSecurityConfiguration.WebSecurityEnablerConfiguration:
      Did not match:
         - @ConditionalOnMissingBean (names: springSecurityFilterChain; SearchStrategy: all) found beans named springSecurityFilterChain (OnBeanCondition)
      Matched:
         - @ConditionalOnClass found required class 'org.springframework.security.config.annotation.web.configuration.EnableWebSecurity' (OnClassCondition)

   TaskExecutorConfigurations.SimpleAsyncTaskExecutorBuilderConfiguration#simpleAsyncTaskExecutorBuilderVirtualThreads:
      Did not match:
         - @ConditionalOnMissingBean (types: org.springframework.boot.task.SimpleAsyncTaskExecutorBuilder; SearchStrategy: all) found beans of type 'org.springframework.boot.task.SimpleAsyncTaskExecutorBuilder' simpleAsyncTaskExecutorBuilder (OnBeanCondition)

   TaskExecutorConfigurations.TaskExecutorConfiguration#applicationTaskExecutorVirtualThreads:
      Did not match:
         - @ConditionalOnThreading did not find VIRTUAL (OnThreadingCondition)

   TaskSchedulingAutoConfiguration#scheduledBeanLazyInitializationExcludeFilter:
      Did not match:
         - @ConditionalOnBean (names: org.springframework.context.annotation.internalScheduledAnnotationProcessor; SearchStrategy: all) did not find any beans named org.springframework.context.annotation.internalScheduledAnnotationProcessor (OnBeanCondition)

   TaskSchedulingConfigurations.SimpleAsyncTaskSchedulerBuilderConfiguration#simpleAsyncTaskSchedulerBuilderVirtualThreads:
      Did not match:
         - @ConditionalOnMissingBean (types: org.springframework.boot.task.SimpleAsyncTaskSchedulerBuilder; SearchStrategy: all) found beans of type 'org.springframework.boot.task.SimpleAsyncTaskSchedulerBuilder' simpleAsyncTaskSchedulerBuilder (OnBeanCondition)

   TaskSchedulingConfigurations.TaskSchedulerConfiguration:
      Did not match:
         - @ConditionalOnBean (names: org.springframework.context.annotation.internalScheduledAnnotationProcessor; SearchStrategy: all) did not find any beans named org.springframework.context.annotation.internalScheduledAnnotationProcessor (OnBeanCondition)

   TemplateEngineConfigurations.ReactiveTemplateEngineConfiguration:
      Did not match:
         - did not find reactive web application classes (OnWebApplicationCondition)

   ThymeleafAutoConfiguration.DataAttributeDialectConfiguration:
      Did not match:
         - @ConditionalOnClass did not find required class 'com.github.mxab.thymeleaf.extras.dataattribute.dialect.DataAttributeDialect' (OnClassCondition)

   ThymeleafAutoConfiguration.ThymeleafWebFluxConfiguration:
      Did not match:
         - did not find reactive web application classes (OnWebApplicationCondition)

   ThymeleafAutoConfiguration.ThymeleafWebLayoutConfiguration:
      Did not match:
         - @ConditionalOnClass did not find required class 'nz.net.ultraq.thymeleaf.layoutdialect.LayoutDialect' (OnClassCondition)

   ThymeleafAutoConfiguration.ThymeleafWebMvcConfiguration#resourceUrlEncodingFilter:
      Did not match:
         - @ConditionalOnEnabledResourceChain did not find class org.webjars.WebJarAssetLocator (OnEnabledResourceChainCondition)

   TransactionAutoConfiguration#transactionalOperator:
      Did not match:
         - @ConditionalOnSingleCandidate (types: org.springframework.transaction.ReactiveTransactionManager; SearchStrategy: all) did not find any beans (OnBeanCondition)

   TransactionAutoConfiguration.AspectJTransactionManagementConfiguration:
      Did not match:
         - @ConditionalOnBean (types: org.springframework.transaction.aspectj.AbstractTransactionAspect; SearchStrategy: all) did not find any beans of type org.springframework.transaction.aspectj.AbstractTransactionAspect (OnBeanCondition)

   TransactionAutoConfiguration.EnableTransactionManagementConfiguration.JdkDynamicAutoProxyConfiguration:
      Did not match:
         - @ConditionalOnProperty (spring.aop.proxy-target-class=false) did not find property 'proxy-target-class' (OnPropertyCondition)

   UserDetailsServiceAutoConfiguration:
      Did not match:
         - AnyNestedCondition 0 matched 3 did not; NestedCondition on UserDetailsServiceAutoConfiguration.MissingAlternativeOrUserPropertiesConfigured.PasswordConfigured @ConditionalOnProperty (spring.security.user.password) did not find property 'password'; NestedCondition on UserDetailsServiceAutoConfiguration.MissingAlternativeOrUserPropertiesConfigured.NameConfigured @ConditionalOnProperty (spring.security.user.name) did not find property 'name'; NestedCondition on UserDetailsServiceAutoConfiguration.MissingAlternativeOrUserPropertiesConfigured.MissingAlternative @ConditionalOnMissingClass found unwanted class 'org.springframework.security.oauth2.client.registration.ClientRegistrationRepository' (UserDetailsServiceAutoConfiguration.MissingAlternativeOrUserPropertiesConfigured)
      Matched:
         - @ConditionalOnClass found required class 'org.springframework.security.authentication.AuthenticationManager' (OnClassCondition)

   ValidationAutoConfiguration:
      Did not match:
         - @ConditionalOnClass did not find required class 'jakarta.validation.executable.ExecutableValidator' (OnClassCondition)

   WebClientAutoConfiguration:
      Did not match:
         - @ConditionalOnClass did not find required class 'org.springframework.web.reactive.function.client.WebClient' (OnClassCondition)

   WebFluxAutoConfiguration:
      Did not match:
         - @ConditionalOnClass did not find required class 'org.springframework.web.reactive.config.WebFluxConfigurer' (OnClassCondition)

   WebMvcAutoConfiguration#hiddenHttpMethodFilter:
      Did not match:
         - @ConditionalOnProperty (spring.mvc.hiddenmethod.filter.enabled) did not find property 'enabled' (OnPropertyCondition)

   WebMvcAutoConfiguration.ProblemDetailsErrorHandlingConfiguration:
      Did not match:
         - @ConditionalOnProperty (spring.mvc.problemdetails.enabled=true) did not find property 'enabled' (OnPropertyCondition)

   WebMvcAutoConfiguration.ResourceChainCustomizerConfiguration:
      Did not match:
         - @ConditionalOnEnabledResourceChain did not find class org.webjars.WebJarAssetLocator (OnEnabledResourceChainCondition)

   WebMvcAutoConfiguration.WebMvcAutoConfigurationAdapter#beanNameViewResolver:
      Did not match:
         - @ConditionalOnMissingBean (types: org.springframework.web.servlet.view.BeanNameViewResolver; SearchStrategy: all) found beans of type 'org.springframework.web.servlet.view.BeanNameViewResolver' beanNameViewResolver (OnBeanCondition)

   WebServiceTemplateAutoConfiguration:
      Did not match:
         - @ConditionalOnClass did not find required class 'org.springframework.oxm.Marshaller' (OnClassCondition)

   WebServicesAutoConfiguration:
      Did not match:
         - @ConditionalOnClass did not find required class 'org.springframework.ws.transport.http.MessageDispatcherServlet' (OnClassCondition)

   WebSessionIdResolverAutoConfiguration:
      Did not match:
         - @ConditionalOnClass did not find required class 'reactor.core.publisher.Mono' (OnClassCondition)

   WebSocketMessagingAutoConfiguration:
      Did not match:
         - @ConditionalOnClass did not find required class 'org.springframework.web.socket.config.annotation.WebSocketMessageBrokerConfigurer' (OnClassCondition)

   WebSocketReactiveAutoConfiguration:
      Did not match:
         - @ConditionalOnWebApplication did not find reactive web application classes (OnWebApplicationCondition)

   WebSocketServletAutoConfiguration.JettyWebSocketConfiguration:
      Did not match:
         - @ConditionalOnClass did not find required class 'org.eclipse.jetty.ee10.websocket.jakarta.server.config.JakartaWebSocketServletContainerInitializer' (OnClassCondition)

   WebSocketServletAutoConfiguration.UndertowWebSocketConfiguration:
      Did not match:
         - @ConditionalOnClass did not find required class 'io.undertow.websockets.jsr.Bootstrap' (OnClassCondition)

   XADataSourceAutoConfiguration:
      Did not match:
         - @ConditionalOnBean (types: org.springframework.boot.jdbc.XADataSourceWrapper; SearchStrategy: all) did not find any beans of type org.springframework.boot.jdbc.XADataSourceWrapper (OnBeanCondition)
      Matched:
         - @ConditionalOnClass found required classes 'javax.sql.DataSource', 'jakarta.transaction.TransactionManager', 'org.springframework.jdbc.datasource.embedded.EmbeddedDatabaseType' (OnClassCondition)


Exclusions:
-----------

    None


Unconditional classes:
----------------------

    org.springframework.boot.autoconfigure.context.ConfigurationPropertiesAutoConfiguration

    org.springframework.boot.autoconfigure.ssl.SslAutoConfiguration

    org.springframework.boot.autoconfigure.context.PropertyPlaceholderAutoConfiguration

    org.springframework.boot.autoconfigure.context.LifecycleAutoConfiguration

    org.springframework.boot.autoconfigure.availability.ApplicationAvailabilityAutoConfiguration

    org.springframework.boot.autoconfigure.info.ProjectInfoAutoConfiguration



2024-05-26T23:53:24.175+02:00  INFO 3612 --- [JWP-Winary] [           main] h.w.w.j.JwpWinaryApplicationTests        : Started JwpWinaryApplicationTests in 6.451 seconds (process running for 7.944)
2024-05-26T23:53:24.179+02:00 DEBUG 3612 --- [JWP-Winary] [           main] o.s.b.a.ApplicationAvailabilityBean      : Application availability state LivenessState changed to CORRECT
2024-05-26T23:53:24.198+02:00 DEBUG 3612 --- [JWP-Winary] [           main] o.s.boot.devtools.restart.Restarter      : Creating new Restarter for thread Thread[#1,main,5,main]
2024-05-26T23:53:24.199+02:00 DEBUG 3612 --- [JWP-Winary] [           main] o.s.b.a.ApplicationAvailabilityBean      : Application availability state ReadinessState changed to ACCEPTING_TRAFFIC
2024-05-26T23:53:24.201+02:00 DEBUG 3612 --- [JWP-Winary] [           main] org.springframework.test.context.cache   : Spring test ApplicationContext cache statistics: [DefaultContextCache@6345dc06 size = 1, maxSize = 32, parentContextCount = 0, hitCount = 0, missCount = 1, failureCount = 0]
2024-05-26T23:53:24.201+02:00 DEBUG 3612 --- [JWP-Winary] [           main] o.s.t.c.w.ServletTestExecutionListener   : Setting up MockHttpServletRequest, MockHttpServletResponse, ServletWebRequest, and RequestContextHolder for test class hr.winary.webshop.jwpwinary.JwpWinaryApplicationTests
2024-05-26T23:53:24.213+02:00 DEBUG 3612 --- [JWP-Winary] [           main] DependencyInjectionTestExecutionListener : Performing dependency injection for test class hr.winary.webshop.jwpwinary.JwpWinaryApplicationTests
2024-05-26T23:53:24.213+02:00 DEBUG 3612 --- [JWP-Winary] [           main] org.springframework.test.context.cache   : Spring test ApplicationContext cache statistics: [DefaultContextCache@6345dc06 size = 1, maxSize = 32, parentContextCount = 0, hitCount = 1, missCount = 1, failureCount = 0]
2024-05-26T23:53:24.214+02:00 DEBUG 3612 --- [JWP-Winary] [           main] org.springframework.test.context.cache   : Spring test ApplicationContext cache statistics: [DefaultContextCache@6345dc06 size = 1, maxSize = 32, parentContextCount = 0, hitCount = 2, missCount = 1, failureCount = 0]
2024-05-26T23:53:24.228+02:00 DEBUG 3612 --- [JWP-Winary] [           main] sContextBeforeModesTestExecutionListener : Before test method: class [JwpWinaryApplicationTests], method [contextLoads], class annotated with @DirtiesContext [false] with mode [null], method annotated with @DirtiesContext [false] with mode [null]
2024-05-26T23:53:24.230+02:00 DEBUG 3612 --- [JWP-Winary] [           main] org.springframework.test.context.cache   : Spring test ApplicationContext cache statistics: [DefaultContextCache@6345dc06 size = 1, maxSize = 32, parentContextCount = 0, hitCount = 3, missCount = 1, failureCount = 0]
2024-05-26T23:53:24.230+02:00 DEBUG 3612 --- [JWP-Winary] [           main] org.springframework.test.context.cache   : Spring test ApplicationContext cache statistics: [DefaultContextCache@6345dc06 size = 1, maxSize = 32, parentContextCount = 0, hitCount = 4, missCount = 1, failureCount = 0]
2024-05-26T23:53:24.308+02:00 DEBUG 3612 --- [JWP-Winary] [           main] java.lang.ProcessBuilder                 : ProcessBuilder.start(): pid: 18072, dir: null, cmd: "C:\Users\Isabelle\.jdks\openjdk-21\bin\java.exe"

java.lang.RuntimeException: ProcessBuilder.start() debug
	at java.base/java.lang.ProcessBuilder.start(ProcessBuilder.java:1147) ~[na:na]
	at java.base/java.lang.ProcessBuilder.start(ProcessBuilder.java:1089) ~[na:na]
	at net.bytebuddy.agent.ByteBuddyAgent.installExternal(ByteBuddyAgent.java:705) ~[byte-buddy-agent-1.14.13.jar:na]
	at net.bytebuddy.agent.ByteBuddyAgent.install(ByteBuddyAgent.java:636) ~[byte-buddy-agent-1.14.13.jar:na]
	at net.bytebuddy.agent.ByteBuddyAgent.install(ByteBuddyAgent.java:616) ~[byte-buddy-agent-1.14.13.jar:na]
	at net.bytebuddy.agent.ByteBuddyAgent.install(ByteBuddyAgent.java:568) ~[byte-buddy-agent-1.14.13.jar:na]
	at net.bytebuddy.agent.ByteBuddyAgent.install(ByteBuddyAgent.java:545) ~[byte-buddy-agent-1.14.13.jar:na]
	at org.mockito.internal.creation.bytebuddy.InlineDelegateByteBuddyMockMaker.<clinit>(InlineDelegateByteBuddyMockMaker.java:133) ~[mockito-core-5.7.0.jar:na]
	at org.mockito.internal.creation.bytebuddy.InlineByteBuddyMockMaker.<init>(InlineByteBuddyMockMaker.java:23) ~[mockito-core-5.7.0.jar:na]
	at java.base/jdk.internal.reflect.DirectConstructorHandleAccessor.newInstance(DirectConstructorHandleAccessor.java:62) ~[na:na]
	at java.base/java.lang.reflect.Constructor.newInstanceWithCaller(Constructor.java:502) ~[na:na]
	at java.base/java.lang.reflect.Constructor.newInstance(Constructor.java:486) ~[na:na]
	at org.mockito.internal.configuration.plugins.DefaultMockitoPlugins.create(DefaultMockitoPlugins.java:103) ~[mockito-core-5.7.0.jar:na]
	at org.mockito.internal.configuration.plugins.DefaultMockitoPlugins.getDefaultPlugin(DefaultMockitoPlugins.java:79) ~[mockito-core-5.7.0.jar:na]
	at org.mockito.internal.configuration.plugins.PluginLoader.loadPlugin(PluginLoader.java:75) ~[mockito-core-5.7.0.jar:na]
	at org.mockito.internal.configuration.plugins.PluginLoader.loadPlugin(PluginLoader.java:50) ~[mockito-core-5.7.0.jar:na]
	at org.mockito.internal.configuration.plugins.PluginRegistry.<init>(PluginRegistry.java:27) ~[mockito-core-5.7.0.jar:na]
	at org.mockito.internal.configuration.plugins.Plugins.<clinit>(Plugins.java:22) ~[mockito-core-5.7.0.jar:na]
	at org.mockito.internal.MockitoCore.<clinit>(MockitoCore.java:73) ~[mockito-core-5.7.0.jar:na]
	at org.mockito.Mockito.<clinit>(Mockito.java:1683) ~[mockito-core-5.7.0.jar:na]
	at org.springframework.boot.test.mock.mockito.MockReset.get(MockReset.java:105) ~[spring-boot-test-3.2.5.jar:3.2.5]
	at org.springframework.boot.test.mock.mockito.ResetMocksTestExecutionListener.resetMocks(ResetMocksTestExecutionListener.java:85) ~[spring-boot-test-3.2.5.jar:3.2.5]
	at org.springframework.boot.test.mock.mockito.ResetMocksTestExecutionListener.resetMocks(ResetMocksTestExecutionListener.java:73) ~[spring-boot-test-3.2.5.jar:3.2.5]
	at org.springframework.boot.test.mock.mockito.ResetMocksTestExecutionListener.beforeTestMethod(ResetMocksTestExecutionListener.java:60) ~[spring-boot-test-3.2.5.jar:3.2.5]
	at org.springframework.test.context.TestContextManager.beforeTestMethod(TestContextManager.java:320) ~[spring-test-6.1.6.jar:6.1.6]
	at org.springframework.test.context.junit.jupiter.SpringExtension.beforeEach(SpringExtension.java:240) ~[spring-test-6.1.6.jar:6.1.6]
	at org.junit.jupiter.engine.descriptor.TestMethodTestDescriptor.lambda$invokeBeforeEachCallbacks$2(TestMethodTestDescriptor.java:167) ~[junit-jupiter-engine-5.10.2.jar:5.10.2]
	at org.junit.jupiter.engine.descriptor.TestMethodTestDescriptor.lambda$invokeBeforeMethodsOrCallbacksUntilExceptionOccurs$6(TestMethodTestDescriptor.java:203) ~[junit-jupiter-engine-5.10.2.jar:5.10.2]
	at org.junit.platform.engine.support.hierarchical.ThrowableCollector.execute(ThrowableCollector.java:73) ~[junit-platform-engine-1.10.2.jar:1.10.2]
	at org.junit.jupiter.engine.descriptor.TestMethodTestDescriptor.invokeBeforeMethodsOrCallbacksUntilExceptionOccurs(TestMethodTestDescriptor.java:203) ~[junit-jupiter-engine-5.10.2.jar:5.10.2]
	at org.junit.jupiter.engine.descriptor.TestMethodTestDescriptor.invokeBeforeEachCallbacks(TestMethodTestDescriptor.java:166) ~[junit-jupiter-engine-5.10.2.jar:5.10.2]
	at org.junit.jupiter.engine.descriptor.TestMethodTestDescriptor.execute(TestMethodTestDescriptor.java:133) ~[junit-jupiter-engine-5.10.2.jar:5.10.2]
	at org.junit.jupiter.engine.descriptor.TestMethodTestDescriptor.execute(TestMethodTestDescriptor.java:69) ~[junit-jupiter-engine-5.10.2.jar:5.10.2]
	at org.junit.platform.engine.support.hierarchical.NodeTestTask.lambda$executeRecursively$6(NodeTestTask.java:151) ~[junit-platform-engine-1.10.2.jar:1.10.2]
	at org.junit.platform.engine.support.hierarchical.ThrowableCollector.execute(ThrowableCollector.java:73) ~[junit-platform-engine-1.10.2.jar:1.10.2]
	at org.junit.platform.engine.support.hierarchical.NodeTestTask.lambda$executeRecursively$8(NodeTestTask.java:141) ~[junit-platform-engine-1.10.2.jar:1.10.2]
	at org.junit.platform.engine.support.hierarchical.Node.around(Node.java:137) ~[junit-platform-engine-1.10.2.jar:1.10.2]
	at org.junit.platform.engine.support.hierarchical.NodeTestTask.lambda$executeRecursively$9(NodeTestTask.java:139) ~[junit-platform-engine-1.10.2.jar:1.10.2]
	at org.junit.platform.engine.support.hierarchical.ThrowableCollector.execute(ThrowableCollector.java:73) ~[junit-platform-engine-1.10.2.jar:1.10.2]
	at org.junit.platform.engine.support.hierarchical.NodeTestTask.executeRecursively(NodeTestTask.java:138) ~[junit-platform-engine-1.10.2.jar:1.10.2]
	at org.junit.platform.engine.support.hierarchical.NodeTestTask.execute(NodeTestTask.java:95) ~[junit-platform-engine-1.10.2.jar:1.10.2]
	at java.base/java.util.ArrayList.forEach(ArrayList.java:1596) ~[na:na]
	at org.junit.platform.engine.support.hierarchical.SameThreadHierarchicalTestExecutorService.invokeAll(SameThreadHierarchicalTestExecutorService.java:41) ~[junit-platform-engine-1.10.2.jar:1.10.2]
	at org.junit.platform.engine.support.hierarchical.NodeTestTask.lambda$executeRecursively$6(NodeTestTask.java:155) ~[junit-platform-engine-1.10.2.jar:1.10.2]
	at org.junit.platform.engine.support.hierarchical.ThrowableCollector.execute(ThrowableCollector.java:73) ~[junit-platform-engine-1.10.2.jar:1.10.2]
	at org.junit.platform.engine.support.hierarchical.NodeTestTask.lambda$executeRecursively$8(NodeTestTask.java:141) ~[junit-platform-engine-1.10.2.jar:1.10.2]
	at org.junit.platform.engine.support.hierarchical.Node.around(Node.java:137) ~[junit-platform-engine-1.10.2.jar:1.10.2]
	at org.junit.platform.engine.support.hierarchical.NodeTestTask.lambda$executeRecursively$9(NodeTestTask.java:139) ~[junit-platform-engine-1.10.2.jar:1.10.2]
	at org.junit.platform.engine.support.hierarchical.ThrowableCollector.execute(ThrowableCollector.java:73) ~[junit-platform-engine-1.10.2.jar:1.10.2]
	at org.junit.platform.engine.support.hierarchical.NodeTestTask.executeRecursively(NodeTestTask.java:138) ~[junit-platform-engine-1.10.2.jar:1.10.2]
	at org.junit.platform.engine.support.hierarchical.NodeTestTask.execute(NodeTestTask.java:95) ~[junit-platform-engine-1.10.2.jar:1.10.2]
	at java.base/java.util.ArrayList.forEach(ArrayList.java:1596) ~[na:na]
	at org.junit.platform.engine.support.hierarchical.SameThreadHierarchicalTestExecutorService.invokeAll(SameThreadHierarchicalTestExecutorService.java:41) ~[junit-platform-engine-1.10.2.jar:1.10.2]
	at org.junit.platform.engine.support.hierarchical.NodeTestTask.lambda$executeRecursively$6(NodeTestTask.java:155) ~[junit-platform-engine-1.10.2.jar:1.10.2]
	at org.junit.platform.engine.support.hierarchical.ThrowableCollector.execute(ThrowableCollector.java:73) ~[junit-platform-engine-1.10.2.jar:1.10.2]
	at org.junit.platform.engine.support.hierarchical.NodeTestTask.lambda$executeRecursively$8(NodeTestTask.java:141) ~[junit-platform-engine-1.10.2.jar:1.10.2]
	at org.junit.platform.engine.support.hierarchical.Node.around(Node.java:137) ~[junit-platform-engine-1.10.2.jar:1.10.2]
	at org.junit.platform.engine.support.hierarchical.NodeTestTask.lambda$executeRecursively$9(NodeTestTask.java:139) ~[junit-platform-engine-1.10.2.jar:1.10.2]
	at org.junit.platform.engine.support.hierarchical.ThrowableCollector.execute(ThrowableCollector.java:73) ~[junit-platform-engine-1.10.2.jar:1.10.2]
	at org.junit.platform.engine.support.hierarchical.NodeTestTask.executeRecursively(NodeTestTask.java:138) ~[junit-platform-engine-1.10.2.jar:1.10.2]
	at org.junit.platform.engine.support.hierarchical.NodeTestTask.execute(NodeTestTask.java:95) ~[junit-platform-engine-1.10.2.jar:1.10.2]
	at org.junit.platform.engine.support.hierarchical.SameThreadHierarchicalTestExecutorService.submit(SameThreadHierarchicalTestExecutorService.java:35) ~[junit-platform-engine-1.10.2.jar:1.10.2]
	at org.junit.platform.engine.support.hierarchical.HierarchicalTestExecutor.execute(HierarchicalTestExecutor.java:57) ~[junit-platform-engine-1.10.2.jar:1.10.2]
	at org.junit.platform.engine.support.hierarchical.HierarchicalTestEngine.execute(HierarchicalTestEngine.java:54) ~[junit-platform-engine-1.10.2.jar:1.10.2]
	at org.junit.platform.launcher.core.EngineExecutionOrchestrator.execute(EngineExecutionOrchestrator.java:198) ~[junit-platform-launcher-1.10.2.jar:1.10.2]
	at org.junit.platform.launcher.core.EngineExecutionOrchestrator.execute(EngineExecutionOrchestrator.java:169) ~[junit-platform-launcher-1.10.2.jar:1.10.2]
	at org.junit.platform.launcher.core.EngineExecutionOrchestrator.execute(EngineExecutionOrchestrator.java:93) ~[junit-platform-launcher-1.10.2.jar:1.10.2]
	at org.junit.platform.launcher.core.EngineExecutionOrchestrator.lambda$execute$0(EngineExecutionOrchestrator.java:58) ~[junit-platform-launcher-1.10.2.jar:1.10.2]
	at org.junit.platform.launcher.core.EngineExecutionOrchestrator.withInterceptedStreams(EngineExecutionOrchestrator.java:141) ~[junit-platform-launcher-1.10.2.jar:1.10.2]
	at org.junit.platform.launcher.core.EngineExecutionOrchestrator.execute(EngineExecutionOrchestrator.java:57) ~[junit-platform-launcher-1.10.2.jar:1.10.2]
	at org.junit.platform.launcher.core.DefaultLauncher.execute(DefaultLauncher.java:103) ~[junit-platform-launcher-1.10.2.jar:1.10.2]
	at org.junit.platform.launcher.core.DefaultLauncher.execute(DefaultLauncher.java:85) ~[junit-platform-launcher-1.10.2.jar:1.10.2]
	at org.junit.platform.launcher.core.DelegatingLauncher.execute(DelegatingLauncher.java:47) ~[junit-platform-launcher-1.10.2.jar:1.10.2]
	at org.apache.maven.surefire.junitplatform.LazyLauncher.execute(LazyLauncher.java:56) ~[surefire-junit-platform-3.1.2.jar:3.1.2]
	at org.apache.maven.surefire.junitplatform.JUnitPlatformProvider.execute(JUnitPlatformProvider.java:184) ~[surefire-junit-platform-3.1.2.jar:3.1.2]
	at org.apache.maven.surefire.junitplatform.JUnitPlatformProvider.invokeAllTests(JUnitPlatformProvider.java:148) ~[surefire-junit-platform-3.1.2.jar:3.1.2]
	at org.apache.maven.surefire.junitplatform.JUnitPlatformProvider.invoke(JUnitPlatformProvider.java:122) ~[surefire-junit-platform-3.1.2.jar:3.1.2]
	at org.apache.maven.surefire.booter.ForkedBooter.runSuitesInProcess(ForkedBooter.java:385) ~[surefire-booter-3.1.2.jar:3.1.2]
	at org.apache.maven.surefire.booter.ForkedBooter.execute(ForkedBooter.java:162) ~[surefire-booter-3.1.2.jar:3.1.2]
	at org.apache.maven.surefire.booter.ForkedBooter.run(ForkedBooter.java:507) ~[surefire-booter-3.1.2.jar:3.1.2]
	at org.apache.maven.surefire.booter.ForkedBooter.main(ForkedBooter.java:495) ~[surefire-booter-3.1.2.jar:3.1.2]

2024-05-26T23:53:24.876+02:00 DEBUG 3612 --- [JWP-Winary] [           main] org.springframework.test.context.cache   : Spring test ApplicationContext cache statistics: [DefaultContextCache@6345dc06 size = 1, maxSize = 32, parentContextCount = 0, hitCount = 5, missCount = 1, failureCount = 0]
2024-05-26T23:53:24.882+02:00 DEBUG 3612 --- [JWP-Winary] [           main] org.springframework.test.context.cache   : Spring test ApplicationContext cache statistics: [DefaultContextCache@6345dc06 size = 1, maxSize = 32, parentContextCount = 0, hitCount = 6, missCount = 1, failureCount = 0]
2024-05-26T23:53:24.883+02:00 DEBUG 3612 --- [JWP-Winary] [           main] org.springframework.test.context.cache   : Spring test ApplicationContext cache statistics: [DefaultContextCache@6345dc06 size = 1, maxSize = 32, parentContextCount = 0, hitCount = 7, missCount = 1, failureCount = 0]
2024-05-26T23:53:24.883+02:00 DEBUG 3612 --- [JWP-Winary] [           main] org.springframework.test.context.cache   : Spring test ApplicationContext cache statistics: [DefaultContextCache@6345dc06 size = 1, maxSize = 32, parentContextCount = 0, hitCount = 8, missCount = 1, failureCount = 0]
2024-05-26T23:53:24.883+02:00 DEBUG 3612 --- [JWP-Winary] [           main] org.springframework.test.context.cache   : Spring test ApplicationContext cache statistics: [DefaultContextCache@6345dc06 size = 1, maxSize = 32, parentContextCount = 0, hitCount = 9, missCount = 1, failureCount = 0]
2024-05-26T23:53:24.884+02:00 DEBUG 3612 --- [JWP-Winary] [           main] org.springframework.test.context.cache   : Spring test ApplicationContext cache statistics: [DefaultContextCache@6345dc06 size = 1, maxSize = 32, parentContextCount = 0, hitCount = 10, missCount = 1, failureCount = 0]
2024-05-26T23:53:24.886+02:00 DEBUG 3612 --- [JWP-Winary] [           main] org.springframework.test.context.cache   : Spring test ApplicationContext cache statistics: [DefaultContextCache@6345dc06 size = 1, maxSize = 32, parentContextCount = 0, hitCount = 11, missCount = 1, failureCount = 0]
2024-05-26T23:53:24.886+02:00 DEBUG 3612 --- [JWP-Winary] [           main] org.springframework.test.context.cache   : Spring test ApplicationContext cache statistics: [DefaultContextCache@6345dc06 size = 1, maxSize = 32, parentContextCount = 0, hitCount = 12, missCount = 1, failureCount = 0]
2024-05-26T23:53:24.887+02:00 DEBUG 3612 --- [JWP-Winary] [           main] .c.s.DirtiesContextTestExecutionListener : After test method: class [JwpWinaryApplicationTests], method [contextLoads], class annotated with @DirtiesContext [false] with mode [null], method annotated with @DirtiesContext [false] with mode [null]
2024-05-26T23:53:24.887+02:00 DEBUG 3612 --- [JWP-Winary] [           main] o.s.t.c.w.ServletTestExecutionListener   : Resetting RequestContextHolder for test class hr.winary.webshop.jwpwinary.JwpWinaryApplicationTests
]]></system-out>
    <system-err><![CDATA[WARNING: A Java agent has been loaded dynamically (C:\Users\Isabelle\.m2\repository\net\bytebuddy\byte-buddy-agent\1.14.13\byte-buddy-agent-1.14.13.jar)
WARNING: If a serviceability tool is in use, please run with -XX:+EnableDynamicAgentLoading to hide this warning
WARNING: If a serviceability tool is not in use, please run with -Djdk.instrument.traceUsage for more information
WARNING: Dynamic loading of agents will be disallowed by default in a future release
]]></system-err>
  </testcase>
</testsuite>